Log file open, 10/24/18 18:14:27
LogWindows: Failed to load 'aqProf.dll' (GetLastError=126)
LogWindows: File 'aqProf.dll' does not exist
LogWindows: Failed to load 'VtuneApi.dll' (GetLastError=126)
LogWindows: File 'VtuneApi.dll' does not exist
LogWindows: Failed to load 'VtuneApi32e.dll' (GetLastError=126)
LogWindows: File 'VtuneApi32e.dll' does not exist
LogInit: Display: Running engine for game: CoopShooterGame
LogPlatformFile: Not using cached read wrapper
LogInit: Display: RandInit(923711821) SRandInit(923711821).
LogInit: Read version file with build ID '3944462'
LogInit: Overriding engine version to CL 4033788, compatible CL 3944462
LogInit: Registered custom module enumerator with build ID '3944462'
LogTaskGraph: Started task graph with 5 named threads and 35 total threads with 3 sets of task threads.
LogStats: Stats thread started at 0.393187
LogD3D11RHI: Aftermath initialized
LogICUInternationalization: Display: ICU TimeZone Detection - Raw Offset: -6:00, Platform Override: ''
LogPluginManager: Mounting plugin Paper2D
LogPluginManager: Mounting plugin LiveLink
LogPluginManager: Mounting plugin LightPropagationVolume
LogPluginManager: Mounting plugin CLionSourceCodeAccess
LogPluginManager: Mounting plugin CodeLiteSourceCodeAccess
LogPluginManager: Mounting plugin GitSourceControl
LogPluginManager: Mounting plugin KDevelopSourceCodeAccess
LogPluginManager: Mounting plugin NullSourceCodeAccess
LogPluginManager: Mounting plugin PerforceSourceControl
LogPluginManager: Mounting plugin SubversionSourceControl
LogPluginManager: Mounting plugin UObjectPlugin
LogPluginManager: Mounting plugin VisualStudioCodeSourceCodeAccess
LogPluginManager: Mounting plugin VisualStudioSourceCodeAccess
LogPluginManager: Mounting plugin XCodeSourceCodeAccess
LogPluginManager: Mounting plugin AssetManagerEditor
LogPluginManager: Mounting plugin CryptoKeys
LogPluginManager: Mounting plugin DataValidation
LogPluginManager: Mounting plugin FacialAnimation
LogPluginManager: Mounting plugin GameplayTagsEditor
LogPluginManager: Mounting plugin MobileLauncherProfileWizard
LogPluginManager: Mounting plugin PluginBrowser
LogPluginManager: Mounting plugin SpeedTreeImporter
LogPluginManager: Mounting plugin DatasmithContent
LogPluginManager: Mounting plugin AlembicImporter
LogPluginManager: Mounting plugin CharacterAI
LogPluginManager: Mounting plugin HTML5Networking
LogPluginManager: Mounting plugin AndroidMedia
LogPluginManager: Mounting plugin AvfMedia
LogPluginManager: Mounting plugin ImgMedia
LogPluginManager: Mounting plugin LinearTimecode
LogPluginManager: Mounting plugin MediaCompositing
LogPluginManager: Mounting plugin MediaPlayerEditor
LogPluginManager: Mounting plugin WmfMedia
LogPluginManager: Mounting plugin TcpMessaging
LogPluginManager: Mounting plugin UdpMessaging
LogPluginManager: Mounting plugin ActorSequence
LogPluginManager: Mounting plugin LevelSequenceEditor
LogPluginManager: Mounting plugin MatineeToLevelSequence
LogPluginManager: Mounting plugin NetcodeUnitTest
LogPluginManager: Mounting plugin NUTUnrealEngine4
LogPluginManager: Mounting plugin OnlineSubsystemGooglePlay
LogPluginManager: Mounting plugin OnlineSubsystemIOS
LogPluginManager: Mounting plugin OnlineSubsystem
LogPluginManager: Mounting plugin OnlineSubsystemNull
LogPluginManager: Mounting plugin OnlineSubsystemUtils
LogPluginManager: Mounting plugin AndroidDeviceProfileSelector
LogPluginManager: Mounting plugin AndroidMoviePlayer
LogPluginManager: Mounting plugin AndroidPermission
LogPluginManager: Mounting plugin AppleARKit
LogPluginManager: Mounting plugin AppleMoviePlayer
LogPluginManager: Mounting plugin ArchVisCharacter
LogPluginManager: Mounting plugin AudioCapture
LogPluginManager: Mounting plugin CableComponent
LogPluginManager: Mounting plugin CustomMeshComponent
LogPluginManager: Mounting plugin ExampleDeviceProfileSelector
LogPluginManager: Mounting plugin GoogleCloudMessaging
LogPluginManager: Mounting plugin ImmediatePhysics
LogPluginManager: Mounting plugin IOSDeviceProfileSelector
LogPluginManager: Mounting plugin LinuxDeviceProfileSelector
LogPluginManager: Mounting plugin LocationServicesBPLibrary
LogPluginManager: Mounting plugin MobilePatchingUtils
LogPluginManager: Mounting plugin OculusVR
LogPluginManager: Plugin shader directory ../../../Engine/Plugins/Runtime/Oculus/OculusVR/Shaders found
LogPluginManager: Mapping shader source directory ../../../Engine/Plugins/Runtime/Oculus/OculusVR/Shaders to virtual directory /Plugin/OculusVR
LogPluginManager: Mounting plugin PhysXVehicles
LogPluginManager: Mounting plugin ProceduralMeshComponent
LogPluginManager: Mounting plugin RuntimePhysXCooking
LogPluginManager: Mounting plugin SteamVR
LogPluginManager: Mounting plugin WindowsMoviePlayer
LogStreaming: Display: Took  0.103s to configure plugins.
LogModuleManager: Display: Found up-to-date module file ../../../../../../Users/Tyler/Desktop/Repository_Files/UnrealMasteryCourseUdemy/CoopShooterGame/Binaries/Win64/UE4Editor-CoopShooterGame.dll (API version 3944462).
LogModuleManager: Display: Found up-to-date module file ../../../Engine/Plugins/2D/Paper2D/Binaries/Win64/UE4Editor-Paper2D.dll (API version 3944462).
LogModuleManager: Display: Found up-to-date module file ../../../Engine/Plugins/2D/Paper2D/Binaries/Win64/UE4Editor-Paper2DEditor.dll (API version 3944462).
LogModuleManager: Display: Found up-to-date module file ../../../Engine/Plugins/2D/Paper2D/Binaries/Win64/UE4Editor-PaperSpriteSheetImporter.dll (API version 3944462).
LogModuleManager: Display: Found up-to-date module file ../../../Engine/Plugins/2D/Paper2D/Binaries/Win64/UE4Editor-PaperTiledImporter.dll (API version 3944462).
LogModuleManager: Display: Found up-to-date module file ../../../Engine/Plugins/2D/Paper2D/Binaries/Win64/UE4Editor-SmartSnapping.dll (API version 3944462).
LogModuleManager: Display: Found up-to-date module file ../../../Engine/Plugins/Animation/LiveLink/Binaries/Win64/UE4Editor-LiveLink.dll (API version 3944462).
LogModuleManager: Display: Found up-to-date module file ../../../Engine/Plugins/Animation/LiveLink/Binaries/Win64/UE4Editor-LiveLinkEditor.dll (API version 3944462).
LogModuleManager: Display: Found up-to-date module file ../../../Engine/Plugins/Blendables/LightPropagationVolume/Binaries/Win64/UE4Editor-LightPropagationVolumeRuntime.dll (API version 3944462).
LogModuleManager: Display: Found up-to-date module file ../../../Engine/Plugins/Blendables/LightPropagationVolume/Binaries/Win64/UE4Editor-LightPropagationVolumeEditor.dll (API version 3944462).
LogModuleManager: Display: Found up-to-date module file ../../../Engine/Plugins/Developer/CLionSourceCodeAccess/Binaries/Win64/UE4Editor-CLionSourceCodeAccess.dll (API version 3944462).
LogModuleManager: Display: Found up-to-date module file ../../../Engine/Plugins/Developer/GitSourceControl/Binaries/Win64/UE4Editor-GitSourceControl.dll (API version 3944462).
LogModuleManager: Display: Found up-to-date module file ../../../Engine/Plugins/Developer/PerforceSourceControl/Binaries/Win64/UE4Editor-PerforceSourceControl.dll (API version 3944462).
LogModuleManager: Display: Found up-to-date module file ../../../Engine/Plugins/Developer/SubversionSourceControl/Binaries/Win64/UE4Editor-SubversionSourceControl.dll (API version 3944462).
LogModuleManager: Display: Found up-to-date module file ../../../Engine/Plugins/Developer/UObjectPlugin/Binaries/Win64/UE4Editor-UObjectPlugin.dll (API version 3944462).
LogModuleManager: Display: Found up-to-date module file ../../../Engine/Plugins/Developer/VisualStudioCodeSourceCodeAccess/Binaries/Win64/UE4Editor-VisualStudioCodeSourceCodeAccess.dll (API version 3944462).
LogModuleManager: Display: Found up-to-date module file ../../../Engine/Plugins/Developer/VisualStudioSourceCodeAccess/Binaries/Win64/UE4Editor-VisualStudioSourceCodeAccess.dll (API version 3944462).
LogModuleManager: Display: Found up-to-date module file ../../../Engine/Plugins/Editor/AssetManagerEditor/Binaries/Win64/UE4Editor-AssetManagerEditor.dll (API version 3944462).
LogModuleManager: Display: Found up-to-date module file ../../../Engine/Plugins/Editor/CryptoKeys/Binaries/Win64/UE4Editor-CryptoKeys.dll (API version 3944462).
LogModuleManager: Display: Found up-to-date module file ../../../Engine/Plugins/Editor/CryptoKeys/Binaries/Win64/UE4Editor-CryptoKeysOpenSSL.dll (API version 3944462).
LogModuleManager: Display: Found up-to-date module file ../../../Engine/Plugins/Editor/DataValidation/Binaries/Win64/UE4Editor-DataValidation.dll (API version 3944462).
LogModuleManager: Display: Found up-to-date module file ../../../Engine/Plugins/Editor/FacialAnimation/Binaries/Win64/UE4Editor-FacialAnimation.dll (API version 3944462).
LogModuleManager: Display: Found up-to-date module file ../../../Engine/Plugins/Editor/FacialAnimation/Binaries/Win64/UE4Editor-FacialAnimationEditor.dll (API version 3944462).
LogModuleManager: Display: Found up-to-date module file ../../../Engine/Plugins/Editor/GameplayTagsEditor/Binaries/Win64/UE4Editor-GameplayTagsEditor.dll (API version 3944462).
LogModuleManager: Display: Found up-to-date module file ../../../Engine/Plugins/Editor/MobileLauncherProfileWizard/Binaries/Win64/UE4Editor-MobileLauncherProfileWizard.dll (API version 3944462).
LogModuleManager: Display: Found up-to-date module file ../../../Engine/Plugins/Editor/PluginBrowser/Binaries/Win64/UE4Editor-PluginBrowser.dll (API version 3944462).
LogModuleManager: Display: Found up-to-date module file ../../../Engine/Plugins/Editor/SpeedTreeImporter/Binaries/Win64/UE4Editor-SpeedTreeImporter.dll (API version 3944462).
LogModuleManager: Display: Found up-to-date module file ../../../Engine/Plugins/Enterprise/DatasmithContent/Binaries/Win64/UE4Editor-DatasmithContent.dll (API version 3944462).
LogModuleManager: Display: Found up-to-date module file ../../../Engine/Plugins/Experimental/AlembicImporter/Binaries/Win64/UE4Editor-AlembicImporter.dll (API version 3944462).
LogModuleManager: Display: Found up-to-date module file ../../../Engine/Plugins/Experimental/AlembicImporter/Binaries/Win64/UE4Editor-AlembicLibrary.dll (API version 3944462).
LogModuleManager: Display: Found up-to-date module file ../../../Engine/Plugins/Experimental/CharacterAI/Binaries/Win64/UE4Editor-CharacterAI.dll (API version 3944462).
LogModuleManager: Display: Found up-to-date module file ../../../Engine/Plugins/Experimental/HTML5Networking/Binaries/Win64/UE4Editor-HTML5Networking.dll (API version 3944462).
LogModuleManager: Display: Found up-to-date module file ../../../Engine/Plugins/Media/AndroidMedia/Binaries/Win64/UE4Editor-AndroidMediaEditor.dll (API version 3944462).
LogModuleManager: Display: Found up-to-date module file ../../../Engine/Plugins/Media/AndroidMedia/Binaries/Win64/UE4Editor-AndroidMediaFactory.dll (API version 3944462).
LogModuleManager: Display: Found up-to-date module file ../../../Engine/Plugins/Media/AvfMedia/Binaries/Win64/UE4Editor-AvfMediaEditor.dll (API version 3944462).
LogModuleManager: Display: Found up-to-date module file ../../../Engine/Plugins/Media/AvfMedia/Binaries/Win64/UE4Editor-AvfMediaFactory.dll (API version 3944462).
LogModuleManager: Display: Found up-to-date module file ../../../Engine/Plugins/Media/AvfMedia/Binaries/Win64/UE4Editor-AvfMediaFactory.dll (API version 3944462).
LogModuleManager: Display: Found up-to-date module file ../../../Engine/Plugins/Media/ImgMedia/Binaries/Win64/UE4Editor-ImgMedia.dll (API version 3944462).
LogModuleManager: Display: Found up-to-date module file ../../../Engine/Plugins/Media/ImgMedia/Binaries/Win64/UE4Editor-ImgMediaEditor.dll (API version 3944462).
LogModuleManager: Display: Found up-to-date module file ../../../Engine/Plugins/Media/ImgMedia/Binaries/Win64/UE4Editor-ImgMediaFactory.dll (API version 3944462).
LogModuleManager: Display: Found up-to-date module file ../../../Engine/Plugins/Media/ImgMedia/Binaries/Win64/UE4Editor-ImgMediaFactory.dll (API version 3944462).
LogModuleManager: Display: Found up-to-date module file ../../../Engine/Plugins/Media/ImgMedia/Binaries/Win64/UE4Editor-OpenExrWrapper.dll (API version 3944462).
LogModuleManager: Display: Found up-to-date module file ../../../Engine/Plugins/Media/LinearTimecode/Binaries/Win64/UE4Editor-LinearTimecode.dll (API version 3944462).
LogModuleManager: Display: Found up-to-date module file ../../../Engine/Plugins/Media/MediaCompositing/Binaries/Win64/UE4Editor-MediaCompositing.dll (API version 3944462).
LogModuleManager: Display: Found up-to-date module file ../../../Engine/Plugins/Media/MediaCompositing/Binaries/Win64/UE4Editor-MediaCompositingEditor.dll (API version 3944462).
LogModuleManager: Display: Found up-to-date module file ../../../Engine/Plugins/Media/MediaPlayerEditor/Binaries/Win64/UE4Editor-MediaPlayerEditor.dll (API version 3944462).
LogModuleManager: Display: Found up-to-date module file ../../../Engine/Plugins/Media/WmfMedia/Binaries/Win64/UE4Editor-WmfMedia.dll (API version 3944462).
LogModuleManager: Display: Found up-to-date module file ../../../Engine/Plugins/Media/WmfMedia/Binaries/Win64/UE4Editor-WmfMediaEditor.dll (API version 3944462).
LogModuleManager: Display: Found up-to-date module file ../../../Engine/Plugins/Media/WmfMedia/Binaries/Win64/UE4Editor-WmfMediaFactory.dll (API version 3944462).
LogModuleManager: Display: Found up-to-date module file ../../../Engine/Plugins/Media/WmfMedia/Binaries/Win64/UE4Editor-WmfMediaFactory.dll (API version 3944462).
LogModuleManager: Display: Found up-to-date module file ../../../Engine/Plugins/Messaging/TcpMessaging/Binaries/Win64/UE4Editor-TcpMessaging.dll (API version 3944462).
LogModuleManager: Display: Found up-to-date module file ../../../Engine/Plugins/Messaging/UdpMessaging/Binaries/Win64/UE4Editor-UdpMessaging.dll (API version 3944462).
LogModuleManager: Display: Found up-to-date module file ../../../Engine/Plugins/MovieScene/ActorSequence/Binaries/Win64/UE4Editor-ActorSequence.dll (API version 3944462).
LogModuleManager: Display: Found up-to-date module file ../../../Engine/Plugins/MovieScene/LevelSequenceEditor/Binaries/Win64/UE4Editor-LevelSequenceEditor.dll (API version 3944462).
LogModuleManager: Display: Found up-to-date module file ../../../Engine/Plugins/MovieScene/MatineeToLevelSequence/Binaries/Win64/UE4Editor-MatineeToLevelSequence.dll (API version 3944462).
LogModuleManager: Display: Found up-to-date module file ../../../Engine/Plugins/NetcodeUnitTest/NetcodeUnitTest/Binaries/Win64/UE4Editor-NetcodeUnitTest.dll (API version 3944462).
LogModuleManager: Display: Found up-to-date module file ../../../Engine/Plugins/NetcodeUnitTest/NUTUnrealEngine4/Binaries/Win64/UE4Editor-NUTUnrealEngine4.dll (API version 3944462).
LogModuleManager: Display: Found up-to-date module file ../../../Engine/Plugins/Online/OnlineSubsystem/Binaries/Win64/UE4Editor-OnlineSubsystem.dll (API version 3944462).
LogModuleManager: Display: Found up-to-date module file ../../../Engine/Plugins/Online/OnlineSubsystemNull/Binaries/Win64/UE4Editor-OnlineSubsystemNull.dll (API version 3944462).
LogModuleManager: Display: Found up-to-date module file ../../../Engine/Plugins/Online/OnlineSubsystemUtils/Binaries/Win64/UE4Editor-OnlineSubsystemUtils.dll (API version 3944462).
LogModuleManager: Display: Found up-to-date module file ../../../Engine/Plugins/Online/OnlineSubsystemUtils/Binaries/Win64/UE4Editor-OnlineBlueprintSupport.dll (API version 3944462).
LogModuleManager: Display: Found up-to-date module file ../../../Engine/Plugins/Runtime/AndroidDeviceProfileSelector/Binaries/Win64/UE4Editor-AndroidDeviceProfileSelector.dll (API version 3944462).
LogModuleManager: Display: Found up-to-date module file ../../../Engine/Plugins/Runtime/AndroidPermission/Binaries/Win64/UE4Editor-AndroidPermission.dll (API version 3944462).
LogModuleManager: Display: Found up-to-date module file ../../../Engine/Plugins/Runtime/AppleARKit/Binaries/Win64/UE4Editor-AppleARKit.dll (API version 3944462).
LogModuleManager: Display: Found up-to-date module file ../../../Engine/Plugins/Runtime/ArchVisCharacter/Binaries/Win64/UE4Editor-ArchVisCharacter.dll (API version 3944462).
LogModuleManager: Display: Found up-to-date module file ../../../Engine/Plugins/Runtime/AudioCapture/Binaries/Win64/UE4Editor-AudioCapture.dll (API version 3944462).
LogModuleManager: Display: Found up-to-date module file ../../../Engine/Plugins/Runtime/AudioCapture/Binaries/Win64/UE4Editor-AudioCaptureEditor.dll (API version 3944462).
LogModuleManager: Display: Found up-to-date module file ../../../Engine/Plugins/Runtime/CableComponent/Binaries/Win64/UE4Editor-CableComponent.dll (API version 3944462).
LogModuleManager: Display: Found up-to-date module file ../../../Engine/Plugins/Runtime/CustomMeshComponent/Binaries/Win64/UE4Editor-CustomMeshComponent.dll (API version 3944462).
LogModuleManager: Display: Found up-to-date module file ../../../Engine/Plugins/Runtime/ExampleDeviceProfileSelector/Binaries/Win64/UE4Editor-ExampleDeviceProfileSelector.dll (API version 3944462).
LogModuleManager: Display: Found up-to-date module file ../../../Engine/Plugins/Runtime/ImmediatePhysics/Binaries/Win64/UE4Editor-ImmediatePhysics.dll (API version 3944462).
LogModuleManager: Display: Found up-to-date module file ../../../Engine/Plugins/Runtime/ImmediatePhysics/Binaries/Win64/UE4Editor-ImmediatePhysicsEditor.dll (API version 3944462).
LogModuleManager: Display: Found up-to-date module file ../../../Engine/Plugins/Runtime/LocationServicesBPLibrary/Binaries/Win64/UE4Editor-LocationServicesBPLibrary.dll (API version 3944462).
LogModuleManager: Display: Found up-to-date module file ../../../Engine/Plugins/Runtime/MobilePatchingUtils/Binaries/Win64/UE4Editor-MobilePatchingUtils.dll (API version 3944462).
LogModuleManager: Display: Found up-to-date module file ../../../Engine/Plugins/Runtime/Oculus/OculusVR/Binaries/Win64/UE4Editor-OculusHMD.dll (API version 3944462).
LogModuleManager: Display: Found up-to-date module file ../../../Engine/Plugins/Runtime/Oculus/OculusVR/Binaries/Win64/UE4Editor-OculusInput.dll (API version 3944462).
LogModuleManager: Display: Found up-to-date module file ../../../Engine/Plugins/Runtime/Oculus/OculusVR/Binaries/Win64/UE4Editor-OculusEditor.dll (API version 3944462).
LogModuleManager: Display: Found up-to-date module file ../../../Engine/Plugins/Runtime/PhysXVehicles/Binaries/Win64/UE4Editor-PhysXVehicles.dll (API version 3944462).
LogModuleManager: Display: Found up-to-date module file ../../../Engine/Plugins/Runtime/PhysXVehicles/Binaries/Win64/UE4Editor-PhysXVehiclesEditor.dll (API version 3944462).
LogModuleManager: Display: Found up-to-date module file ../../../Engine/Plugins/Runtime/ProceduralMeshComponent/Binaries/Win64/UE4Editor-ProceduralMeshComponent.dll (API version 3944462).
LogModuleManager: Display: Found up-to-date module file ../../../Engine/Plugins/Runtime/ProceduralMeshComponent/Binaries/Win64/UE4Editor-ProceduralMeshComponentEditor.dll (API version 3944462).
LogModuleManager: Display: Found up-to-date module file ../../../Engine/Plugins/Runtime/RuntimePhysXCooking/Binaries/Win64/UE4Editor-RuntimePhysXCooking.dll (API version 3944462).
LogModuleManager: Display: Found up-to-date module file ../../../Engine/Plugins/Runtime/Steam/SteamVR/Binaries/Win64/UE4Editor-SteamVR.dll (API version 3944462).
LogModuleManager: Display: Found up-to-date module file ../../../Engine/Plugins/Runtime/Steam/SteamVR/Binaries/Win64/UE4Editor-SteamVRController.dll (API version 3944462).
LogModuleManager: Display: Found up-to-date module file ../../../Engine/Plugins/Runtime/WindowsMoviePlayer/Binaries/Win64/UE4Editor-WindowsMoviePlayer.dll (API version 3944462).
LogInit: Using libcurl 7.47.1
LogInit:  - built for x86_64-pc-win32
LogInit:  - supports SSL with OpenSSL/1.0.2g
LogInit:  - supports HTTP deflate (compression) using libz 1.2.8
LogInit:  - other features:
LogInit:      CURL_VERSION_SSL
LogInit:      CURL_VERSION_LIBZ
LogInit:      CURL_VERSION_IPV6
LogInit:      CURL_VERSION_ASYNCHDNS
LogInit:      CURL_VERSION_LARGEFILE
LogInit:      CURL_VERSION_IDN
LogInit:  CurlRequestOptions (configurable via config and command line):
LogInit:  - bVerifyPeer = false  - Libcurl will NOT verify peer certificate
LogInit:  - bUseHttpProxy = false  - Libcurl will NOT use HTTP proxy
LogInit:  - bDontReuseConnections = false  - Libcurl will reuse connections
LogInit:  - CertBundlePath = nullptr  - Libcurl will use whatever was configured at build time.
LogInit:  - MaxHostConnections = 16  - Libcurl will limit the number of connections to a host
LogInit:  - LocalHostAddr = Default
LogInit: WinSock: version 1.1 (2.2), MaxSocks=32767, MaxUdp=65467
LogInit: WinSock: I am DESKTOP-4VFF8DG (192.168.1.93:0)
LogInit: Build: ++UE4+Release-4.19-CL-4033788
LogInit: Engine Version: 4.19.2-4033788+++UE4+Release-4.19
LogInit: Compatible Engine Version: 4.19.0-3944462+++UE4+Release-4.19
LogInit: Net CL: 3944462
LogDevObjectVersion: Number of dev versions registered: 18
LogDevObjectVersion:   Dev-Blueprints (B0D832E4-1F89-4F0D-ACCF-7EB736FD4AA2): 10
LogDevObjectVersion:   Dev-Build (E1C64328-A22C-4D53-A36C-8E866417BD8C): 0
LogDevObjectVersion:   Dev-Core (375EC13C-06E4-48FB-B500-84F0262A717E): 2
LogDevObjectVersion:   Dev-Editor (E4B068ED-F494-42E9-A231-DA0B2E46BB41): 23
LogDevObjectVersion:   Dev-Framework (CFFC743F-43B0-4480-9391-14DF171D2073): 33
LogDevObjectVersion:   Dev-Mobile (B02B49B5-BB20-44E9-A304-32B752E40360): 2
LogDevObjectVersion:   Dev-Networking (A4E4105C-59A1-49B5-A7C5-40C4547EDFEE): 0
LogDevObjectVersion:   Dev-Online (39C831C9-5AE6-47DC-9A44-9C173E1C8E7C): 0
LogDevObjectVersion:   Dev-Physics (78F01B33-EBEA-4F98-B9B4-84EACCB95AA2): 0
LogDevObjectVersion:   Dev-Platform (6631380F-2D4D-43E0-8009-CF276956A95A): 0
LogDevObjectVersion:   Dev-Rendering (12F88B9F-8875-4AFC-A67C-D90C383ABD29): 25
LogDevObjectVersion:   Dev-Sequencer (7B5AE74C-D270-4C10-A958-57980B212A5A): 6
LogDevObjectVersion:   Dev-VR (D7296918-1DD6-4BDD-9DE2-64A83CC13884): 1
LogDevObjectVersion:   Dev-LoadTimes (C2A15278-BFE7-4AFE-6C17-90FF531DF755): 1
LogDevObjectVersion:   Private-Geometry (6EACA3D4-40EC-4CC1-B786-8BED09428FC5): 2
LogDevObjectVersion:   Dev-AnimPhys (29E575DD-E0A3-4627-9D10-D276232CDCEA): 16
LogDevObjectVersion:   Dev-ReflectionCapture (6B266CEC-1EC7-4B8F-A30B-E4D90942FC07): 1
LogDevObjectVersion:   Dev-Automation (0DF73D61-A23F-47EA-B727-89E90C41499A): 1
LogInit: Compiled (64-bit): Apr 27 2018 02:06:57
LogInit: Compiled with Visual C++: 19.00.24215.01
LogInit: Build Configuration: Development
LogInit: Branch Name: ++UE4+Release-4.19
LogInit: Command Line: 
LogInit: Base Directory: C:/Program Files/Epic Games/UE_4.19/Engine/Binaries/Win64/
LogInit: Installed Engine Build: 1
LogStreaming: Display: Took  0.001s to delete old logs.
LogInit: Presizing for max 8388607 objects, including 0 objects not considered by GC, pre-allocating 0 bytes for permanent pool.
LogInit: Object subsystem initialized
[2018.10.24-23.14.29:403][  0]LogInit: Selected Device Profile: [Windows]
[2018.10.24-23.14.29:403][  0]LogInit: Applying CVar settings loaded from the selected device profile: [Windows]
[2018.10.24-23.14.29:411][  0]LogInit: Computer: DESKTOP-4VFF8DG
[2018.10.24-23.14.29:411][  0]LogInit: User: Tyler
[2018.10.24-23.14.29:411][  0]LogInit: CPU Page size=4096, Cores=6
[2018.10.24-23.14.29:411][  0]LogInit: High frequency timer resolution =3.609376 MHz
[2018.10.24-23.14.29:411][  0]LogMemory: Memory total: Physical=15.9GB (16GB approx)
[2018.10.24-23.14.29:411][  0]LogMemory: Platform Memory Stats for Windows
[2018.10.24-23.14.29:411][  0]LogMemory: Process Physical Memory: 274.04 MB used, 274.04 MB peak
[2018.10.24-23.14.29:411][  0]LogMemory: Process Virtual Memory: 271.45 MB used, 271.45 MB peak
[2018.10.24-23.14.29:411][  0]LogMemory: Physical Memory: 4379.89 MB used,  11927.45 MB free, 16307.34 MB total
[2018.10.24-23.14.29:411][  0]LogMemory: Virtual Memory: 4815.90 MB used,  11927.45 MB free, 134217728.00 MB total
[2018.10.24-23.14.29:427][  0]LogInit: Using OS detected language (en-US).
[2018.10.24-23.14.29:427][  0]LogInit: Using OS detected locale (en-US).
[2018.10.24-23.14.29:435][  0]LogTextLocalizationManager: No specific localization for 'en-US' exists, so the 'en' localization will be used.
[2018.10.24-23.14.29:765][  0]LogStreaming: Display: Took  0.338s to EndInitTextLocalization.
[2018.10.24-23.14.29:765][  0]LogInit: Setting process to per monitor DPI aware
[2018.10.24-23.14.29:815][  0]LogSlate: New Slate User Created.  User Index 0, Is Virtual User: 0
[2018.10.24-23.14.29:815][  0]LogSlate: Slate User Registered.  User Index 0, Is Virtual User: 0
[2018.10.24-23.14.30:002][  0]LogD3D11RHI: D3D11 adapters:
[2018.10.24-23.14.30:042][  0]LogD3D11RHI:    0. 'NVIDIA GeForce GTX 1080 Ti' (Feature Level 11_0)
[2018.10.24-23.14.30:042][  0]LogD3D11RHI:       11127/0/8153 MB DedicatedVideo/DedicatedSystem/SharedSystem, Outputs:4, VendorId:0x10de
[2018.10.24-23.14.30:044][  0]LogD3D11RHI:    1. 'Microsoft Basic Render Driver' (Feature Level 11_0)
[2018.10.24-23.14.30:044][  0]LogD3D11RHI:       0/0/8153 MB DedicatedVideo/DedicatedSystem/SharedSystem, Outputs:0, VendorId:0x1414
[2018.10.24-23.14.30:044][  0]LogD3D11RHI: Chosen D3D11 Adapter: 0
[2018.10.24-23.14.30:049][  0]LogD3D11RHI: Creating new Direct3DDevice
[2018.10.24-23.14.30:049][  0]LogD3D11RHI:     GPU DeviceId: 0x1b06 (for the marketing name, search the web for "GPU Device Id")
[2018.10.24-23.14.30:049][  0]LogWindows: EnumDisplayDevices:
[2018.10.24-23.14.30:049][  0]LogWindows:    0. 'NVIDIA GeForce GTX 1080 Ti' (P:1 D:1)
[2018.10.24-23.14.30:049][  0]LogWindows:    1. 'NVIDIA GeForce GTX 1080 Ti' (P:0 D:1)
[2018.10.24-23.14.30:049][  0]LogWindows:    2. 'NVIDIA GeForce GTX 1080 Ti' (P:0 D:1)
[2018.10.24-23.14.30:050][  0]LogWindows:    3. 'NVIDIA GeForce GTX 1080 Ti' (P:0 D:1)
[2018.10.24-23.14.30:050][  0]LogWindows: DebugString: GetVideoDriverDetailsInvalid PrimaryIsNotTheChoosenAdapter GetVideoDriverDetailsInvalid PrimaryIsNotTheChoosenAdapter GetVideoDriverDetailsInvalid PrimaryIsNotTheChoosenAdapter GetVideoDriverDetailsInvalid PrimaryIsNotTheChoosenAdapter FoundDriverCount:0 
[2018.10.24-23.14.30:050][  0]LogD3D11RHI:     Adapter Name: NVIDIA GeForce GTX 1080 Ti
[2018.10.24-23.14.30:050][  0]LogD3D11RHI:   Driver Version: Unknown (internal:Unknown, unified:Unknown)
[2018.10.24-23.14.30:050][  0]LogD3D11RHI:      Driver Date: Unknown
[2018.10.24-23.14.30:050][  0]LogRHI: Texture pool is 7788 MB (70% of 11127 MB)
[2018.10.24-23.14.30:076][  0]LogD3D11RHI: [Aftermath] Aftermath enabled and primed
[2018.10.24-23.14.30:076][  0]LogD3D11RHI: [Aftermath] Aftermath enabled and primed
[2018.10.24-23.14.30:076][  0]LogD3D11RHI: Async texture creation enabled
[2018.10.24-23.14.30:091][  0]LogD3D11RHI: GPU Timing Frequency: 1000.000000 (Debug: 2 2)
[2018.10.24-23.14.30:282][  0]LogShaderCompilers: Guid format shader working directory is -49 characters bigger than the processId version (../../../../../../Users/Tyler/Desktop/Repository_Files/UnrealMasteryCourseUdemy/CoopShooterGame/Intermediate/Shaders/WorkingDirectory/4748/).
[2018.10.24-23.14.30:282][  0]LogShaderCompilers: Cleaned the shader compiler working directory 'C:/Users/Tyler/AppData/Local/Temp/UnrealShaderWorkingDir/1CF6DA2E4F9470EB45ACC8AA15C8012C/'.
[2018.10.24-23.14.30:477][  0]LogTemp: Display: Loaded TP AllDesktopTargetPlatform
[2018.10.24-23.14.30:488][  0]LogTemp: Display: Loaded TP MacClientTargetPlatform
[2018.10.24-23.14.30:499][  0]LogTemp: Display: Loaded TP MacNoEditorTargetPlatform
[2018.10.24-23.14.30:509][  0]LogTemp: Display: Loaded TP MacServerTargetPlatform
[2018.10.24-23.14.30:520][  0]LogTemp: Display: Loaded TP MacTargetPlatform
[2018.10.24-23.14.30:531][  0]LogTemp: Display: Loaded TP WindowsClientTargetPlatform
[2018.10.24-23.14.30:541][  0]LogTemp: Display: Loaded TP WindowsNoEditorTargetPlatform
[2018.10.24-23.14.30:552][  0]LogTemp: Display: Loaded TP WindowsServerTargetPlatform
[2018.10.24-23.14.30:558][  0]LogTemp: Display: Loaded TP WindowsTargetPlatform
[2018.10.24-23.14.30:567][  0]LogTemp: Display: Loaded TP Android_ASTCTargetPlatform
[2018.10.24-23.14.30:576][  0]LogTemp: Display: Loaded TP Android_ATCTargetPlatform
[2018.10.24-23.14.30:586][  0]LogTemp: Display: Loaded TP Android_DXTTargetPlatform
[2018.10.24-23.14.30:595][  0]LogTemp: Display: Loaded TP Android_ETC1aTargetPlatform
[2018.10.24-23.14.30:604][  0]LogTemp: Display: Loaded TP Android_ETC1TargetPlatform
[2018.10.24-23.14.30:613][  0]LogTemp: Display: Loaded TP Android_ETC2TargetPlatform
[2018.10.24-23.14.30:631][  0]LogTemp: Display: Loaded TP Android_MultiTargetPlatform
[2018.10.24-23.14.30:631][  0]LogTemp: Display: Loaded TP Android_PVRTCTargetPlatform
[2018.10.24-23.14.30:641][  0]LogTemp: Display: Loaded TP AndroidTargetPlatform
[2018.10.24-23.14.30:642][  0]LogTemp: Display: Loaded TP HTML5TargetPlatform
[2018.10.24-23.14.30:676][  0]LogTemp: Display: Loaded TP IOSTargetPlatform
[2018.10.24-23.14.30:685][  0]LogTemp: Display: Loaded TP TVOSTargetPlatform
[2018.10.24-23.14.30:694][  0]LogTemp: Display: Loaded TP LinuxClientTargetPlatform
[2018.10.24-23.14.30:703][  0]LogTemp: Display: Loaded TP LinuxNoEditorTargetPlatform
[2018.10.24-23.14.30:713][  0]LogTemp: Display: Loaded TP LinuxServerTargetPlatform
[2018.10.24-23.14.30:723][  0]LogTemp: Display: Loaded TP LinuxTargetPlatform
[2018.10.24-23.14.30:723][  0]LogTargetPlatformManager: Display: Building Assets For Windows
[2018.10.24-23.14.30:834][  0]LogXGEController: Cannot use XGE Controller as Incredibuild is not installed on this machine.
[2018.10.24-23.14.30:834][  0]LogShaderCompilers: Cannot use XGE Shader Compiler as Incredibuild is not installed on this machine.
[2018.10.24-23.14.30:834][  0]LogShaderCompilers: Display: Using Local Shader Compiler.
[2018.10.24-23.14.31:390][  0]LogDerivedDataCache: Display: Max Cache Size: 512 MB
[2018.10.24-23.14.31:464][  0]LogDerivedDataCache: Loaded boot cache 0.07s 74MB C:/Users/Tyler/AppData/Local/UnrealEngine/4.19/DerivedDataCache/Boot.ddc.
[2018.10.24-23.14.31:464][  0]LogDerivedDataCache: Display: Loaded Boot cache: C:/Users/Tyler/AppData/Local/UnrealEngine/4.19/DerivedDataCache/Boot.ddc
[2018.10.24-23.14.31:464][  0]LogDerivedDataCache: FDerivedDataBackendGraph:  Pak pak cache file ../../../../../../Users/Tyler/Desktop/Repository_Files/UnrealMasteryCourseUdemy/CoopShooterGame/DerivedDataCache/DDC.ddp not found, will not use a pak cache.
[2018.10.24-23.14.31:464][  0]LogDerivedDataCache: Unable to find inner node Pak for hierarchical cache Hierarchy.
[2018.10.24-23.14.31:464][  0]LogDerivedDataCache: FDerivedDataBackendGraph:  CompressedPak pak cache file ../../../../../../Users/Tyler/Desktop/Repository_Files/UnrealMasteryCourseUdemy/CoopShooterGame/DerivedDataCache/Compressed.ddp not found, will not use a pak cache.
[2018.10.24-23.14.31:464][  0]LogDerivedDataCache: Unable to find inner node CompressedPak for hierarchical cache Hierarchy.
[2018.10.24-23.14.31:476][  0]LogDerivedDataCache: Display: Pak cache opened for reading ../../../Engine/DerivedDataCache/Compressed.ddp.
[2018.10.24-23.14.31:489][  0]LogDerivedDataCache: Using Local data cache path C:/Users/Tyler/AppData/Local/UnrealEngine/Common/DerivedDataCache: Writable
[2018.10.24-23.14.31:489][  0]LogDerivedDataCache: Shared data cache path not found in *engine.ini, will not use an Shared cache.
[2018.10.24-23.14.31:489][  0]LogDerivedDataCache: Unable to find inner node Shared for hierarchical cache Hierarchy.
[2018.10.24-23.14.31:498][  0]LogMaterial: Verifying Global Shaders for PCD3D_SM5
[2018.10.24-23.14.31:498][  0]LogSlate: Using Freetype 2.6.0
[2018.10.24-23.14.31:500][  0]LogSlate: SlateFontCache - WITH_FREETYPE: 1, WITH_HARFBUZZ: 1
[2018.10.24-23.14.31:500][  0]LogSlate: SlateFontCache - WITH_FREETYPE: 1, WITH_HARFBUZZ: 1
[2018.10.24-23.14.31:622][  0]LogAssetRegistry: FAssetRegistry took 0.0253 seconds to start up
[2018.10.24-23.14.31:858][  0]LogInit: Selected Device Profile: [Windows]
[2018.10.24-23.14.31:980][  0]LogSimplygon: Simplygon DLL not present - disabling.
[2018.10.24-23.14.31:982][  0]LogMeshReduction: Using SimplygonSwarm for distributed automatic mesh merging
[2018.10.24-23.14.31:983][  0]LogMeshReduction: Using QuadricMeshReduction for automatic static mesh reduction
[2018.10.24-23.14.31:983][  0]LogMeshReduction: No automatic skeletal mesh reduction module available
[2018.10.24-23.14.31:983][  0]LogMeshReduction: No automatic mesh merging module available
[2018.10.24-23.14.31:983][  0]LogMeshMerging: No automatic mesh merging module available
[2018.10.24-23.14.32:036][  0]LogNetVersion: CoopShooterGame , NetCL: 3944462, EngineNetVer: 2, GameNetVer: 0 (Checksum: 4095294733)
[2018.10.24-23.14.32:393][  0]LogPackageLocalizationCache: Processed 9 localized package path(s) for 2 prioritized culture(s) in 0.065744 seconds
[2018.10.24-23.14.32:397][  0]LogUObjectArray: 36728 objects as part of root set at end of initial load.
[2018.10.24-23.14.32:397][  0]LogUObjectAllocator: 7314304 out of 0 bytes used by permanent object pool.
[2018.10.24-23.14.32:397][  0]LogUObjectArray: CloseDisregardForGC: 0/0 objects in disregard for GC pool
[2018.10.24-23.14.33:759][  0]LogTcpMessaging: Initializing TcpMessaging bridge
[2018.10.24-23.14.33:789][  0]LogUdpMessaging: Initializing bridge on interface 0.0.0.0:0 to multicast group 230.0.0.1:6666.
[2018.10.24-23.14.34:155][  0]SourceControl: Source control is disabled
[2018.10.24-23.14.34:155][  0]SourceControl: Source control is disabled
[2018.10.24-23.14.34:172][  0]SourceControl: Source control is disabled
[2018.10.24-23.14.34:188][  0]SourceControl: Source control is disabled
[2018.10.24-23.14.34:661][  0]LogAndroidPermission: UAndroidPermissionCallbackProxy::GetInstance
[2018.10.24-23.14.34:843][  0]LogOcInput: OculusInput pre-init called
[2018.10.24-23.14.34:946][  0]LogEngine: Initializing Engine...
[2018.10.24-23.14.34:947][  0]LogHMD: Failed to initialize OpenVR with code 110
[2018.10.24-23.14.34:948][  0]LogStats: UGameplayTagsManager::ConstructGameplayTagTree: Construct from data asset -  0.000 s
[2018.10.24-23.14.34:948][  0]LogStats: UGameplayTagsManager::ConstructGameplayTagTree: GameplayTagTreeChangedEvent.Broadcast -  0.000 s
[2018.10.24-23.14.35:136][  0]LogAIModule: Creating AISystem for world Untitled
[2018.10.24-23.14.35:161][  0]LogInit: XAudio2 using 'MStar Demo (NVIDIA High Definition Audio)' : 2 channels at 48 kHz using 16 bits per sample (channel mask 0x3)
[2018.10.24-23.14.35:172][  0]LogInit: FAudioDevice initialized.
[2018.10.24-23.14.35:248][  0]LogDerivedDataCache: Saved boot cache 0.08s 74MB C:/Users/Tyler/AppData/Local/UnrealEngine/4.19/DerivedDataCache/Boot.ddc.
[2018.10.24-23.14.35:262][  0]LogInit: Texture streaming: Enabled
[2018.10.24-23.14.35:277][  0]LogEngineSessionManager: EngineSessionManager initialized
[2018.10.24-23.14.35:288][  0]LogInit: Transaction tracking system initialized
[2018.10.24-23.14.35:308][  0]BlueprintLog: New page: Editor Load
[2018.10.24-23.14.35:378][  0]LocalizationService: Localization service is disabled
[2018.10.24-23.14.35:494][  0]LogConsoleResponse: Display: 
[2018.10.24-23.14.35:614][  0]LogCook: Display: Max memory allowance for cook 16384mb min free memory 0mb
[2018.10.24-23.14.35:614][  0]LogCook: Display: Mobile HDR setting 1
[2018.10.24-23.14.35:614][  0]LogGameplayTags: Display: UGameplayTagsManager::DoneAddingNativeTags. DelegateIsBound: 0
[2018.10.24-23.14.35:614][  0]LogStats: UGameplayTagsManager::ConstructGameplayTagTree: Construct from data asset -  0.000 s
[2018.10.24-23.14.35:614][  0]LogStats: UGameplayTagsManager::ConstructGameplayTagTree: GameplayTagTreeChangedEvent.Broadcast -  0.000 s
[2018.10.24-23.14.35:694][  0]LogFileCache: Scanning file cache for directory 'C:/Users/Tyler/Desktop/Repository_Files/UnrealMasteryCourseUdemy/CoopShooterGame/Content/' took 0.01s
[2018.10.24-23.14.35:956][  0]SourceControl: Source control is disabled
[2018.10.24-23.14.35:958][  0]LightingResults: New page: Lighting Build
[2018.10.24-23.14.35:961][  0]MapCheck: New page: Map Check
[2018.10.24-23.14.35:961][  0]LightingResults: New page: Lighting Build
[2018.10.24-23.14.36:322][  0]LogAIModule: Creating AISystem for world Minimal_Default
[2018.10.24-23.14.36:330][  0]LogEditorServer: Finished looking for orphan Actors (0.000 secs)
[2018.10.24-23.14.36:339][  0]Cmd: MAP CHECKDEP NOCLEARLOG
[2018.10.24-23.14.36:403][  0]MapCheck: Map check complete: 0 Error(s), 0 Warning(s), took 63.171ms to complete.
[2018.10.24-23.14.36:403][  0]LogFileHelpers: Loading map 'Minimal_Default' took 0.446
[2018.10.24-23.14.36:635][  0]LogCollectionManager: Loaded 0 collections in 0.001638 seconds
[2018.10.24-23.14.36:726][  0]LogFileCache: Scanning file cache for directory 'C:/Users/Tyler/Desktop/Repository_Files/UnrealMasteryCourseUdemy/CoopShooterGame/Saved/Collections/' took 0.01s
[2018.10.24-23.14.36:726][  0]LogFileCache: Scanning file cache for directory 'C:/Users/Tyler/Desktop/Repository_Files/UnrealMasteryCourseUdemy/CoopShooterGame/Content/Developers/Tyler/Collections/' took 0.01s
[2018.10.24-23.14.36:726][  0]LogFileCache: Scanning file cache for directory 'C:/Users/Tyler/Desktop/Repository_Files/UnrealMasteryCourseUdemy/CoopShooterGame/Content/Collections/' took 0.01s
[2018.10.24-23.14.36:726][  0]LogCollectionManager: Rebuilt the GUID cache for 0 collections in 0.000000 seconds
[2018.10.24-23.14.36:735][  0]LogContentBrowser: Native class hierarchy populated in 0.0079 seconds. Added 2453 classes and 560 folders.
[2018.10.24-23.14.36:747][  0]LogContentBrowser: Native class hierarchy updated for 'WidgetCarousel' in 0.0006 seconds. Added 0 classes and 0 folders.
[2018.10.24-23.14.36:896][  0]LogContentBrowser: Native class hierarchy updated for 'AddContentDialog' in 0.0007 seconds. Added 0 classes and 0 folders.
[2018.10.24-23.14.36:921][  0]LogContentBrowser: Native class hierarchy updated for 'SceneOutliner' in 0.0007 seconds. Added 1 classes and 2 folders.
[2018.10.24-23.14.37:115][  0]LogSlate: Took 0.000450 seconds to synchronously load lazily loaded font '../../../Engine/Content/Slate/Fonts/Roboto-Regular.ttf' (155K)
[2018.10.24-23.14.37:117][  0]LogSlate: Took 0.000184 seconds to synchronously load lazily loaded font '../../../Engine/Content/Slate/Fonts/Roboto-Bold.ttf' (160K)
[2018.10.24-23.14.37:129][  0]LogSlate: Took 0.004473 seconds to synchronously load lazily loaded font '../../../Engine/Content/Editor/Slate/Fonts/FontAwesome.ttf' (139K)
[2018.10.24-23.14.37:221][  0]LogRenderer: Reallocating scene render targets to support 1232x592 Format 10 NumSamples 1 (Frame:1).
[2018.10.24-23.14.37:351][  0]LogContentBrowser: Native class hierarchy updated for 'HierarchicalLODOutliner' in 0.0007 seconds. Added 0 classes and 0 folders.
[2018.10.24-23.14.37:351][  0]LogLoad: (Engine Initialization) Total time: 11.14 seconds
[2018.10.24-23.14.37:351][  0]LogLoad: (Engine Initialization) Total Blueprint compile time: 0.00 seconds
[2018.10.24-23.14.37:715][  0]LogContentStreaming: Texture pool size now 1000 MB
[2018.10.24-23.14.37:754][  0]LogSlate: Took 0.005511 seconds to synchronously load lazily loaded font '../../../Engine/Content/Slate/Fonts/Roboto-Light.ttf' (167K)
[2018.10.24-23.14.38:033][  1]LogAssetRegistry: Asset discovery search completed in 6.4338 seconds
[2018.10.24-23.14.38:035][  1]LogCollectionManager: Rebuilt the object cache for 0 collections in 0.000001 seconds (found 0 objects)
[2018.10.24-23.14.38:035][  1]LogCollectionManager: Fixed up redirectors for 0 collections in 0.000053 seconds (updated 0 objects)
[2018.10.24-23.14.40:020][  7]LogSlate: FSceneViewport::OnFocusLost() reason 0
[2018.10.24-23.24.01:636][243]LogSlate: Took 0.002213 seconds to synchronously load lazily loaded font '../../../Engine/Content/Slate/Fonts/Roboto-Light.ttf' (167K)
[2018.10.24-23.24.15:228][487]LogVSAccessor: Warning: Couldn't goto line number '1' in 'C:/Users/Tyler/Desktop/Repository_Files/UnrealMasteryCourseUdemy/CoopShooterGame/Source/CoopShooterGame/CoopShooterGameGameModeBase.h'
[2018.10.24-23.24.15:291][487]LogVSAccessor: Warning: Couldn't goto line number '1' in 'C:/Users/Tyler/Desktop/Repository_Files/UnrealMasteryCourseUdemy/CoopShooterGame/Source/CoopShooterGame/CoopShooterGameGameModeBase.cpp'
[2018.10.25-03.22.14:736][662]LogSlate: Took 0.005741 seconds to synchronously load lazily loaded font '../../../Engine/Content/Slate/Fonts/Roboto-BoldCondensed.ttf' (158K)
[2018.10.25-03.22.57:335][623]Running C:/Program Files/Epic Games/UE_4.19/Engine/Binaries/DotNET/UnrealBuildTool.exe CoopShooterGame Win64 Development -editorrecompile "C:/Users/Tyler/Desktop/Repository_Files/UnrealMasteryCourseUdemy/CoopShooterGame/CoopShooterGame.uproject" -invalidatemakefilesonly
[2018.10.25-03.22.58:171][623]Invalidating makefiles only in this run.
[2018.10.25-03.22.58:320][623]Candidate modules for hot reload:
[2018.10.25-03.22.58:320][623]  CoopShooterGame
[2018.10.25-03.22.58:320][623]Launching UnrealBuildTool... [C:/Program Files/Epic Games/UE_4.19/Engine/Binaries/DotNET/UnrealBuildTool.exe CoopShooterGame -ModuleWithSuffix=CoopShooterGame,6937 Win64 Development -editorrecompile -canskiplink "C:/Users/Tyler/Desktop/Repository_Files/UnrealMasteryCourseUdemy/CoopShooterGame/CoopShooterGame.uproject" ]
[2018.10.25-03.23.16:678][623]CompilerResultsLog: New page: Compilation - Oct 24, 2018, 5:23:16 PM
[2018.10.25-03.23.16:678][623]CompilerResultsLog: Performing full C++ include scan (hot reloading a new target)
[2018.10.25-03.23.16:678][623]CompilerResultsLog: Using 'git status' to determine working set for adaptive non-unity build.
[2018.10.25-03.23.16:678][623]CompilerResultsLog: Creating makefile for hot reloading CoopShooterGame (no existing makefile)
[2018.10.25-03.23.16:678][623]CompilerResultsLog: Compiling game modules for hot reload
[2018.10.25-03.23.16:678][623]CompilerResultsLog: Parsing headers for CoopShooterGameEditor
[2018.10.25-03.23.16:678][623]CompilerResultsLog:   Running UnrealHeaderTool "C:\Users\Tyler\Desktop\Repository_Files\UnrealMasteryCourseUdemy\CoopShooterGame\CoopShooterGame.uproject" "C:\Users\Tyler\Desktop\Repository_Files\UnrealMasteryCourseUdemy\CoopShooterGame\Intermediate\Build\Win64\CoopShooterGameEditor\Development\CoopShooterGameEditor.uhtmanifest" -LogCmds="loginit warning, logexit warning, logdatabase error" -Unattended -WarningsAsErrors -installed
[2018.10.25-03.23.16:678][623]CompilerResultsLog: Reflection code generated for CoopShooterGameEditor in 6.7342141 seconds
[2018.10.25-03.23.16:678][623]CompilerResultsLog: Performing 8 actions (9 in parallel)
[2018.10.25-03.23.16:678][623]CompilerResultsLog: CoopShooterGame.cpp
[2018.10.25-03.23.16:678][623]CompilerResultsLog: SCharacter.gen.cpp
[2018.10.25-03.23.16:678][623]CompilerResultsLog: CoopShooterGame.init.gen.cpp
[2018.10.25-03.23.16:678][623]CompilerResultsLog: CoopShooterGameGameModeBase.gen.cpp
[2018.10.25-03.23.16:678][623]CompilerResultsLog: CoopShooterGameGameModeBase.cpp
[2018.10.25-03.23.16:678][623]CompilerResultsLog: SCharacter.cpp
[2018.10.25-03.23.16:678][623]CompilerResultsLog: [7/8] Link UE4Editor-CoopShooterGame-6937.dll
[2018.10.25-03.23.16:679][623]CompilerResultsLog: [8/8] Link UE4Editor-CoopShooterGame-6937.lib
[2018.10.25-03.23.16:679][623]CompilerResultsLog:    Creating library C:\Users\Tyler\Desktop\Repository_Files\UnrealMasteryCourseUdemy\CoopShooterGame\Intermediate\Build\Win64\UE4Editor\Development\UE4Editor-CoopShooterGame-6937.lib and object C:\Users\Tyler\Desktop\Repository_Files\UnrealMasteryCourseUdemy\CoopShooterGame\Intermediate\Build\Win64\UE4Editor\Development\UE4Editor-CoopShooterGame-6937.exp
[2018.10.25-03.23.16:679][623]CompilerResultsLog:    Creating library C:\Users\Tyler\Desktop\Repository_Files\UnrealMasteryCourseUdemy\CoopShooterGame\Intermediate\Build\Win64\UE4Editor\Development\UE4Editor-CoopShooterGame-6937.suppressed.lib and object C:\Users\Tyler\Desktop\Repository_Files\UnrealMasteryCourseUdemy\CoopShooterGame\Intermediate\Build\Win64\UE4Editor\Development\UE4Editor-CoopShooterGame-6937.suppressed.exp
[2018.10.25-03.23.16:679][623]CompilerResultsLog: Total build time: 18.21 seconds (Local executor: 3.84 seconds)
[2018.10.25-03.23.16:679][623]LogMainFrame: MainFrame: Module compiling took 18.395 seconds
[2018.10.25-03.23.16:691][623]LogClass: Could not find existing class SCharacter in package /Script/CoopShooterGame for HotReload, assuming new class
[2018.10.25-03.23.16:693][623]LogContentBrowser: Native class hierarchy updated for 'CoopShooterGame' in 0.0010 seconds. Added 2 classes and 3 folders.
[2018.10.25-03.23.16:695][623]Display: HotReload successful (0 functions remapped  0 scriptstructs remapped)
[2018.10.25-03.23.16:845][623]LogContentBrowser: Native class hierarchy populated in 0.0073 seconds. Added 2455 classes and 563 folders.
[2018.10.25-03.23.16:846][623]Display: HotReload took 18.6s.
[2018.10.25-03.23.16:848][623]Warning: HotReload operation took 18.6s.
[2018.10.25-03.23.17:058][623]LogVSAccessor: Warning: Couldn't open file 'C:/Users/Tyler/Desktop/Repository_Files/UnrealMasteryCourseUdemy/CoopShooterGame/Source/CoopShooterGame/Private/SCharacter.cpp'.
[2018.10.25-03.23.17:067][623]LogSlate: Window 'Add C++ Class' being destroyed
[2018.10.25-03.23.17:077][623]LogHotReload: New module detected: UE4Editor-CoopShooterGame-6937.dll
[2018.10.25-03.23.17:111][624]LogHotReload: Starting Hot-Reload from IDE
[2018.10.25-03.23.17:173][624]LogContentBrowser: Native class hierarchy updated for 'CoopShooterGame' in 0.0009 seconds. Added 2 classes and 3 folders.
[2018.10.25-03.23.17:174][624]Display: HotReload successful (0 functions remapped  0 scriptstructs remapped)
[2018.10.25-03.23.17:191][624]LogContentBrowser: Native class hierarchy populated in 0.0074 seconds. Added 2455 classes and 563 folders.
[2018.10.25-03.23.17:227][624]Display: HotReload took  0.1s.
[2018.10.25-03.23.53:940][734]Candidate modules for hot reload:
[2018.10.25-03.23.53:940][734]  CoopShooterGame
[2018.10.25-03.23.53:940][734]Launching UnrealBuildTool... [C:/Program Files/Epic Games/UE_4.19/Engine/Binaries/DotNET/UnrealBuildTool.exe CoopShooterGame -ModuleWithSuffix=CoopShooterGame,607 Win64 Development -editorrecompile -canskiplink "C:/Users/Tyler/Desktop/Repository_Files/UnrealMasteryCourseUdemy/CoopShooterGame/CoopShooterGame.uproject" ]
[2018.10.25-03.23.53:943][734]Warning: Starting HotReload took  0.0s.
[2018.10.25-03.23.55:023][863]CompilerResultsLog: New page: Compilation - Oct 24, 2018, 5:23:55 PM
[2018.10.25-03.23.55:023][863]CompilerResultsLog: Using 'git status' to determine working set for adaptive non-unity build.
[2018.10.25-03.23.55:023][863]CompilerResultsLog: Compiling game modules for hot reload
[2018.10.25-03.23.55:023][863]CompilerResultsLog: Target is up to date
[2018.10.25-03.23.55:023][863]CompilerResultsLog: Total build time: 0.91 seconds (NoActionsToExecute executor: 0.00 seconds)
[2018.10.25-03.23.55:023][863]LogMainFrame: MainFrame: Module compiling took 1.117 seconds
[2018.10.25-03.23.55:040][863]LogContentBrowser: Native class hierarchy populated in 0.0075 seconds. Added 2455 classes and 563 folders.
[2018.10.25-03.23.55:040][863]Display: HotReload took  1.1s.
[2018.10.25-03.28.38:453][467]Candidate modules for hot reload:
[2018.10.25-03.28.38:453][467]  CoopShooterGame
[2018.10.25-03.28.38:453][467]Launching UnrealBuildTool... [C:/Program Files/Epic Games/UE_4.19/Engine/Binaries/DotNET/UnrealBuildTool.exe CoopShooterGame -ModuleWithSuffix=CoopShooterGame,3053 Win64 Development -editorrecompile -canskiplink "C:/Users/Tyler/Desktop/Repository_Files/UnrealMasteryCourseUdemy/CoopShooterGame/CoopShooterGame.uproject" ]
[2018.10.25-03.28.38:456][467]Warning: Starting HotReload took  0.1s.
[2018.10.25-03.28.48:570][678]CompilerResultsLog: New page: Compilation - Oct 24, 2018, 5:28:48 PM
[2018.10.25-03.28.48:570][678]CompilerResultsLog: Using 'git status' to determine working set for adaptive non-unity build.
[2018.10.25-03.28.48:570][678]CompilerResultsLog: Compiling game modules for hot reload
[2018.10.25-03.28.48:570][678]CompilerResultsLog: Parsing headers for CoopShooterGameEditor
[2018.10.25-03.28.48:571][678]CompilerResultsLog:   Running UnrealHeaderTool "C:\Users\Tyler\Desktop\Repository_Files\UnrealMasteryCourseUdemy\CoopShooterGame\CoopShooterGame.uproject" "C:\Users\Tyler\Desktop\Repository_Files\UnrealMasteryCourseUdemy\CoopShooterGame\Intermediate\Build\Win64\CoopShooterGameEditor\Development\CoopShooterGameEditor.uhtmanifest" -LogCmds="loginit warning, logexit warning, logdatabase error" -Unattended -WarningsAsErrors -installed
[2018.10.25-03.28.48:571][678]CompilerResultsLog: Reflection code generated for CoopShooterGameEditor in 7.2152222 seconds
[2018.10.25-03.28.48:571][678]CompilerResultsLog: Performing 4 actions (9 in parallel)
[2018.10.25-03.28.48:571][678]CompilerResultsLog: SCharacter.gen.cpp
[2018.10.25-03.28.48:571][678]CompilerResultsLog: SCharacter.cpp
[2018.10.25-03.28.48:571][678]CompilerResultsLog: [3/4] Link UE4Editor-CoopShooterGame-3053.dll
[2018.10.25-03.28.48:571][678]CompilerResultsLog: [4/4] Link UE4Editor-CoopShooterGame-3053.lib
[2018.10.25-03.28.48:571][678]CompilerResultsLog:    Creating library C:\Users\Tyler\Desktop\Repository_Files\UnrealMasteryCourseUdemy\CoopShooterGame\Intermediate\Build\Win64\UE4Editor\Development\UE4Editor-CoopShooterGame-3053.lib and object C:\Users\Tyler\Desktop\Repository_Files\UnrealMasteryCourseUdemy\CoopShooterGame\Intermediate\Build\Win64\UE4Editor\Development\UE4Editor-CoopShooterGame-3053.exp
[2018.10.25-03.28.48:571][678]CompilerResultsLog:    Creating library C:\Users\Tyler\Desktop\Repository_Files\UnrealMasteryCourseUdemy\CoopShooterGame\Intermediate\Build\Win64\UE4Editor\Development\UE4Editor-CoopShooterGame-3053.suppressed.lib and object C:\Users\Tyler\Desktop\Repository_Files\UnrealMasteryCourseUdemy\CoopShooterGame\Intermediate\Build\Win64\UE4Editor\Development\UE4Editor-CoopShooterGame-3053.suppressed.exp
[2018.10.25-03.28.48:571][678]CompilerResultsLog: ERROR: UnrealBuildTool Exception: In C:\Users\Tyler\Desktop\Repository_Files\UnrealMasteryCourseUdemy\CoopShooterGame\Source\CoopShooterGame\Private\SCharacter.cpp: #include "..\Public\SCharacter.h" contains backslashes ('\'), please use forward slashes ('/') instead.
[2018.10.25-03.28.48:571][678]LogMainFrame: MainFrame: Module compiling took 10.158 seconds
[2018.10.25-03.28.48:571][678]Warning: HotReload failed, recompile failed
[2018.10.25-03.28.55:117][457]LogSlate: Took 0.006083 seconds to synchronously load lazily loaded font '../../../Engine/Content/Slate/Fonts/DroidSansMono.ttf' (77K)
[2018.10.25-03.29.26:343][788]Candidate modules for hot reload:
[2018.10.25-03.29.26:343][788]  CoopShooterGame
[2018.10.25-03.29.26:343][788]Launching UnrealBuildTool... [C:/Program Files/Epic Games/UE_4.19/Engine/Binaries/DotNET/UnrealBuildTool.exe CoopShooterGame -ModuleWithSuffix=CoopShooterGame,833 Win64 Development -editorrecompile -canskiplink "C:/Users/Tyler/Desktop/Repository_Files/UnrealMasteryCourseUdemy/CoopShooterGame/CoopShooterGame.uproject" ]
[2018.10.25-03.29.26:346][788]Warning: Starting HotReload took  0.0s.
[2018.10.25-03.29.29:537][170]CompilerResultsLog: New page: Compilation - Oct 24, 2018, 5:29:29 PM
[2018.10.25-03.29.29:537][170]CompilerResultsLog: Using 'git status' to determine working set for adaptive non-unity build.
[2018.10.25-03.29.29:537][170]CompilerResultsLog: Compiling game modules for hot reload
[2018.10.25-03.29.29:537][170]CompilerResultsLog: Performing full C++ include scan (no include cache file)
[2018.10.25-03.29.29:537][170]CompilerResultsLog: Performing 3 actions (9 in parallel)
[2018.10.25-03.29.29:538][170]CompilerResultsLog: SCharacter.cpp
[2018.10.25-03.29.29:538][170]CompilerResultsLog: [2/3] Link UE4Editor-CoopShooterGame-833.dll
[2018.10.25-03.29.29:538][170]CompilerResultsLog: [3/3] Link UE4Editor-CoopShooterGame-833.lib
[2018.10.25-03.29.29:538][170]CompilerResultsLog:    Creating library C:\Users\Tyler\Desktop\Repository_Files\UnrealMasteryCourseUdemy\CoopShooterGame\Intermediate\Build\Win64\UE4Editor\Development\UE4Editor-CoopShooterGame-833.lib and object C:\Users\Tyler\Desktop\Repository_Files\UnrealMasteryCourseUdemy\CoopShooterGame\Intermediate\Build\Win64\UE4Editor\Development\UE4Editor-CoopShooterGame-833.exp
[2018.10.25-03.29.29:538][170]CompilerResultsLog:    Creating library C:\Users\Tyler\Desktop\Repository_Files\UnrealMasteryCourseUdemy\CoopShooterGame\Intermediate\Build\Win64\UE4Editor\Development\UE4Editor-CoopShooterGame-833.suppressed.lib and object C:\Users\Tyler\Desktop\Repository_Files\UnrealMasteryCourseUdemy\CoopShooterGame\Intermediate\Build\Win64\UE4Editor\Development\UE4Editor-CoopShooterGame-833.suppressed.exp
[2018.10.25-03.29.29:539][170]CompilerResultsLog: Total build time: 3.03 seconds (Local executor: 1.42 seconds)
[2018.10.25-03.29.29:539][170]LogMainFrame: MainFrame: Module compiling took 3.231 seconds
[2018.10.25-03.29.29:554][170]LogContentBrowser: Native class hierarchy updated for 'CoopShooterGame' in 0.0010 seconds. Added 2 classes and 3 folders.
[2018.10.25-03.29.29:555][170]Display: HotReload successful (0 functions remapped  0 scriptstructs remapped)
[2018.10.25-03.29.29:584][170]LogContentBrowser: Native class hierarchy populated in 0.0076 seconds. Added 2455 classes and 563 folders.
[2018.10.25-03.29.29:584][170]Display: HotReload took  3.3s.
[2018.10.25-03.29.59:780][144]LogSlate: Only BGRA pngs, bmps or icos are supported in by External Image Picker
[2018.10.25-03.29.59:828][144]LogTemp: Executing iPhonePackager certificates Engine -bundlename com.YourCompany.CoopShooterGame
[2018.10.25-03.29.59:828][144]LogTemp: CWD: C:\Program Files\Epic Games\UE_4.19\Engine\Binaries\DotNET\IOS
[2018.10.25-03.29.59:828][144]LogTemp: Initial Dir: C:\Program Files\Epic Games\UE_4.19
[2018.10.25-03.29.59:829][144]LogTemp: Env CWD: C:\Program Files\Epic Games\UE_4.19\Engine\Binaries\DotNET\IOS
[2018.10.25-03.29.59:829][144]LogTemp: BranchPath = DESKTOP-4VFF8DG/C/Program Files/Epic Games/UE_4.19/Engine/Binaries --- GameBranchPath = DESKTOP-4VFF8DG/C/Program Files/Epic Games/UE_4.19/Engine/Binaries
[2018.10.25-03.29.59:898][145]LogTemp: IPP ERROR: Could not find provision directory 'C:\Users\Tyler\AppData\Local/Apple Computer/MobileDevice/Provisioning Profiles/'.
[2018.10.25-03.31.03:505][669]LogSlate: Window 'Project Settings' being destroyed
[2018.10.25-03.31.03:509][669]LogSlate: Window 'Project Settings' being destroyed
[2018.10.25-03.31.06:045][964]Candidate modules for hot reload:
[2018.10.25-03.31.06:045][964]  CoopShooterGame
[2018.10.25-03.31.06:045][964]Launching UnrealBuildTool... [C:/Program Files/Epic Games/UE_4.19/Engine/Binaries/DotNET/UnrealBuildTool.exe CoopShooterGame -ModuleWithSuffix=CoopShooterGame,987 Win64 Development -editorrecompile -canskiplink "C:/Users/Tyler/Desktop/Repository_Files/UnrealMasteryCourseUdemy/CoopShooterGame/CoopShooterGame.uproject" ]
[2018.10.25-03.31.06:049][964]Warning: Starting HotReload took  0.0s.
[2018.10.25-03.31.12:215][702]CompilerResultsLog: New page: Compilation - Oct 24, 2018, 5:31:12 PM
[2018.10.25-03.31.12:215][702]CompilerResultsLog: Using 'git status' to determine working set for adaptive non-unity build.
[2018.10.25-03.31.12:215][702]CompilerResultsLog: Creating makefile for hot reloading CoopShooterGame (ini files are newer than UBTMakefile)
[2018.10.25-03.31.12:216][702]CompilerResultsLog: Compiling game modules for hot reload
[2018.10.25-03.31.12:216][702]CompilerResultsLog: Target is up to date
[2018.10.25-03.31.12:216][702]CompilerResultsLog: Total build time: 6.01 seconds (NoActionsToExecute executor: 0.00 seconds)
[2018.10.25-03.31.12:216][702]LogMainFrame: MainFrame: Module compiling took 6.204 seconds
[2018.10.25-03.31.12:241][702]LogContentBrowser: Native class hierarchy populated in 0.0087 seconds. Added 2455 classes and 563 folders.
[2018.10.25-03.31.12:241][702]Display: HotReload took  6.2s.
[2018.10.25-03.31.37:153][186]LogSlate: Window 'Pick Parent Class' being destroyed
[2018.10.25-03.31.46:199][101]LogContentBrowser: Native class hierarchy updated for 'BlueprintGraph' in 0.0011 seconds. Added 116 classes and 0 folders.
[2018.10.25-03.31.46:405][101]LogUObjectGlobals: Created PersistentFrame Addr=0x000001d69151eca0, Size=4, Default__SKEL_PROTO_BP_AnimBlueprint_0_C Function /Engine/Transient.SKEL_PROTO_BP_AnimBlueprint_0_C:ExecuteUbergraph_PROTO_BP_AnimBlueprint_0
[2018.10.25-03.31.46:405][101]LogUObjectGlobals: Created PersistentFrame Addr=0x000001d69151ec98, Size=4, Default__PROTO_BP_AnimBlueprint_0_C Function /Engine/Transient.PROTO_BP_AnimBlueprint_0_C:ExecuteUbergraph_PROTO_BP_AnimBlueprint_0
[2018.10.25-03.31.46:836][101]LogRenderer: Reallocating scene render targets to support 1232x712 Format 10 NumSamples 1 (Frame:1).
[2018.10.25-03.31.50:190][484]LogSlate: Took 0.005315 seconds to synchronously load lazily loaded font '../../../Engine/Content/Slate/Fonts/Roboto-Italic.ttf' (157K)
[2018.10.25-03.31.54:558][971]LogEditorViewport: Clicking on Actor (LMB): StaticMeshActor (Floor)
[2018.10.25-03.31.57:393][125]LogSlate: FSceneViewport::OnFocusLost() reason 0
[2018.10.25-03.32.00:273][422]LogEditorViewport: Clicking on Actor (LMB): StaticMeshActor (Floor)
[2018.10.25-03.32.11:933][730]LogSlate: FSceneViewport::OnFocusLost() reason 0
[2018.10.25-03.32.25:833][390]LogSlate: FSceneViewport::OnFocusLost() reason 0
[2018.10.25-03.32.26:776][494]LogEditorActor: Deleted Actor: PlayerStart
[2018.10.25-03.32.26:789][494]LogEditorActor: Deleted 1 Actors (0.018 secs)
[2018.10.25-03.34.12:113][402]LogTemp: Repeating last play command: Selected Viewport
[2018.10.25-03.34.12:131][402]LogBlueprintUserMessages: Early PlayInEditor Detection: Level '/Game/StarterContent/Maps/Minimal_Default.Minimal_Default:PersistentLevel' has LevelScriptBlueprint '/Game/StarterContent/Maps/Minimal_Default.Minimal_Default:PersistentLevel.Minimal_Default' with GeneratedClass '/Game/StarterContent/Maps/Minimal_Default.Minimal_Default_C' with ClassGeneratedBy '/Game/StarterContent/Maps/Minimal_Default.Minimal_Default:PersistentLevel.Minimal_Default'
[2018.10.25-03.34.12:132][402]LogPlayLevel: PlayLevel: No blueprints needed recompiling
[2018.10.25-03.34.12:133][402]PIE: New page: PIE session: Minimal_Default (Oct 24, 2018, 5:34:12 PM)
[2018.10.25-03.34.12:133][402]LogPlayLevel: Creating play world package: /Game/StarterContent/Maps/UEDPIE_0_Minimal_Default
[2018.10.25-03.34.12:137][402]LogPlayLevel: PIE: StaticDuplicateObject took: (0.003688s)
[2018.10.25-03.34.12:138][402]LogAIModule: Creating AISystem for world Minimal_Default
[2018.10.25-03.34.12:138][402]LogPlayLevel: PIE: World Init took: (0.001139s)
[2018.10.25-03.34.12:138][402]LogPlayLevel: PIE: Created PIE world by copying editor world from /Game/StarterContent/Maps/Minimal_Default.Minimal_Default to /Game/StarterContent/Maps/UEDPIE_0_Minimal_Default.Minimal_Default (0.005383s)
[2018.10.25-03.34.12:177][402]LogInit: XAudio2 using 'MStar Demo (NVIDIA High Definition Audio)' : 2 channels at 48 kHz using 16 bits per sample (channel mask 0x3)
[2018.10.25-03.34.12:185][402]LogInit: FAudioDevice initialized.
[2018.10.25-03.34.12:228][402]LogUObjectGlobals: Warning: Failed to find object 'Class /Script/CoopShooterGame.CoopShooterGameGameMode'
[2018.10.25-03.34.12:228][402]LogLoad: Game class is 'GameModeBase'
[2018.10.25-03.34.12:231][402]LogWorld: Bringing World /Game/StarterContent/Maps/UEDPIE_0_Minimal_Default.Minimal_Default up for play (max tick rate 0) at 2018.10.24-22.34.12
[2018.10.25-03.34.12:232][402]LogWorld: Bringing up level for play took: 0.001545
[2018.10.25-03.34.12:245][402]LogContentBrowser: Native class hierarchy updated for 'MovieSceneCapture' in 0.0009 seconds. Added 11 classes and 0 folders.
[2018.10.25-03.34.12:246][402]PIE: Play in editor start time for /Game/StarterContent/Maps/UEDPIE_0_Minimal_Default 0.051
[2018.10.25-03.34.12:246][402]LogBlueprintUserMessages: Late PlayInEditor Detection: Level '/Game/StarterContent/Maps/Minimal_Default.Minimal_Default:PersistentLevel' has LevelScriptBlueprint '/Game/StarterContent/Maps/Minimal_Default.Minimal_Default:PersistentLevel.Minimal_Default' with GeneratedClass '/Game/StarterContent/Maps/Minimal_Default.Minimal_Default_C' with ClassGeneratedBy '/Game/StarterContent/Maps/Minimal_Default.Minimal_Default:PersistentLevel.Minimal_Default'
[2018.10.25-03.34.20:271][351]LogBlueprintUserMessages: Early EndPlayMap Detection: Level '/Game/StarterContent/Maps/Minimal_Default.Minimal_Default:PersistentLevel' has LevelScriptBlueprint '/Game/StarterContent/Maps/Minimal_Default.Minimal_Default:PersistentLevel.Minimal_Default' with GeneratedClass '/Game/StarterContent/Maps/Minimal_Default.Minimal_Default_C' with ClassGeneratedBy '/Game/StarterContent/Maps/Minimal_Default.Minimal_Default:PersistentLevel.Minimal_Default'
[2018.10.25-03.34.20:307][351]LogBlueprintUserMessages: Late EndPlayMap Detection: Level '/Game/StarterContent/Maps/Minimal_Default.Minimal_Default:PersistentLevel' has LevelScriptBlueprint '/Game/StarterContent/Maps/Minimal_Default.Minimal_Default:PersistentLevel.Minimal_Default' with GeneratedClass '/Game/StarterContent/Maps/Minimal_Default.Minimal_Default_C' with ClassGeneratedBy '/Game/StarterContent/Maps/Minimal_Default.Minimal_Default:PersistentLevel.Minimal_Default'
[2018.10.25-03.34.25:116][915]LogSlate: FSceneViewport::OnFocusLost() reason 0
[2018.10.25-03.34.25:260][925]LogSavePackage: Save=8.07ms
[2018.10.25-03.34.25:260][925]LogSavePackage: Moving '../../../../../../Users/Tyler/Desktop/Repository_Files/UnrealMasteryCourseUdemy/CoopShooterGame/Saved/PlayerPawn90C15E8444792A09ED26038A7DBD89AE.tmp' to '../../../../../../Users/Tyler/Desktop/Repository_Files/UnrealMasteryCourseUdemy/CoopShooterGame/Content/BluePrints/PlayerPawn.uasset'
[2018.10.25-03.34.25:263][925]LogSavePackage: Display: Finished SavePackage ../../../../../../Users/Tyler/Desktop/Repository_Files/UnrealMasteryCourseUdemy/CoopShooterGame/Content/BluePrints/PlayerPawn.uasset
