Log file open, 11/29/18 20:52:47
LogWindows: Failed to load 'aqProf.dll' (GetLastError=126)
LogWindows: File 'aqProf.dll' does not exist
LogWindows: Failed to load 'VtuneApi.dll' (GetLastError=126)
LogWindows: File 'VtuneApi.dll' does not exist
LogWindows: Failed to load 'VtuneApi32e.dll' (GetLastError=126)
LogWindows: File 'VtuneApi32e.dll' does not exist
LogInit: Display: Running engine for game: CoopShooterGame
LogPlatformFile: Not using cached read wrapper
LogInit: Display: RandInit(1737706788) SRandInit(1737706788).
LogInit: Read version file with build ID '3944462'
LogInit: Overriding engine version to CL 4033788, compatible CL 3944462
LogInit: Registered custom module enumerator with build ID '3944462'
LogTaskGraph: Started task graph with 5 named threads and 35 total threads with 3 sets of task threads.
LogStats: Stats thread started at 0.395386
LogD3D11RHI: Aftermath initialized
LogICUInternationalization: Display: ICU TimeZone Detection - Raw Offset: -6:00, Platform Override: ''
LogPluginManager: Mounting plugin Paper2D
LogPluginManager: Mounting plugin LiveLink
LogPluginManager: Mounting plugin LightPropagationVolume
LogPluginManager: Mounting plugin CLionSourceCodeAccess
LogPluginManager: Mounting plugin CodeLiteSourceCodeAccess
LogPluginManager: Mounting plugin GitSourceControl
LogPluginManager: Mounting plugin KDevelopSourceCodeAccess
LogPluginManager: Mounting plugin NullSourceCodeAccess
LogPluginManager: Mounting plugin PerforceSourceControl
LogPluginManager: Mounting plugin SubversionSourceControl
LogPluginManager: Mounting plugin UObjectPlugin
LogPluginManager: Mounting plugin VisualStudioCodeSourceCodeAccess
LogPluginManager: Mounting plugin VisualStudioSourceCodeAccess
LogPluginManager: Mounting plugin XCodeSourceCodeAccess
LogPluginManager: Mounting plugin AssetManagerEditor
LogPluginManager: Mounting plugin CryptoKeys
LogPluginManager: Mounting plugin DataValidation
LogPluginManager: Mounting plugin FacialAnimation
LogPluginManager: Mounting plugin GameplayTagsEditor
LogPluginManager: Mounting plugin MobileLauncherProfileWizard
LogPluginManager: Mounting plugin PluginBrowser
LogPluginManager: Mounting plugin SpeedTreeImporter
LogPluginManager: Mounting plugin DatasmithContent
LogPluginManager: Mounting plugin AlembicImporter
LogPluginManager: Mounting plugin CharacterAI
LogPluginManager: Mounting plugin HTML5Networking
LogPluginManager: Mounting plugin AndroidMedia
LogPluginManager: Mounting plugin AvfMedia
LogPluginManager: Mounting plugin ImgMedia
LogPluginManager: Mounting plugin LinearTimecode
LogPluginManager: Mounting plugin MediaCompositing
LogPluginManager: Mounting plugin MediaPlayerEditor
LogPluginManager: Mounting plugin WmfMedia
LogPluginManager: Mounting plugin TcpMessaging
LogPluginManager: Mounting plugin UdpMessaging
LogPluginManager: Mounting plugin ActorSequence
LogPluginManager: Mounting plugin LevelSequenceEditor
LogPluginManager: Mounting plugin MatineeToLevelSequence
LogPluginManager: Mounting plugin NetcodeUnitTest
LogPluginManager: Mounting plugin NUTUnrealEngine4
LogPluginManager: Mounting plugin OnlineSubsystemGooglePlay
LogPluginManager: Mounting plugin OnlineSubsystemIOS
LogPluginManager: Mounting plugin OnlineSubsystem
LogPluginManager: Mounting plugin OnlineSubsystemNull
LogPluginManager: Mounting plugin OnlineSubsystemUtils
LogPluginManager: Mounting plugin AndroidDeviceProfileSelector
LogPluginManager: Mounting plugin AndroidMoviePlayer
LogPluginManager: Mounting plugin AndroidPermission
LogPluginManager: Mounting plugin AppleARKit
LogPluginManager: Mounting plugin AppleMoviePlayer
LogPluginManager: Mounting plugin ArchVisCharacter
LogPluginManager: Mounting plugin AudioCapture
LogPluginManager: Mounting plugin CableComponent
LogPluginManager: Mounting plugin CustomMeshComponent
LogPluginManager: Mounting plugin ExampleDeviceProfileSelector
LogPluginManager: Mounting plugin GoogleCloudMessaging
LogPluginManager: Mounting plugin ImmediatePhysics
LogPluginManager: Mounting plugin IOSDeviceProfileSelector
LogPluginManager: Mounting plugin LinuxDeviceProfileSelector
LogPluginManager: Mounting plugin LocationServicesBPLibrary
LogPluginManager: Mounting plugin MobilePatchingUtils
LogPluginManager: Mounting plugin OculusVR
LogPluginManager: Plugin shader directory ../../../Engine/Plugins/Runtime/Oculus/OculusVR/Shaders found
LogPluginManager: Mapping shader source directory ../../../Engine/Plugins/Runtime/Oculus/OculusVR/Shaders to virtual directory /Plugin/OculusVR
LogPluginManager: Mounting plugin PhysXVehicles
LogPluginManager: Mounting plugin ProceduralMeshComponent
LogPluginManager: Mounting plugin RuntimePhysXCooking
LogPluginManager: Mounting plugin SteamVR
LogPluginManager: Mounting plugin WindowsMoviePlayer
LogStreaming: Display: Took  0.097s to configure plugins.
LogModuleManager: Display: Found up-to-date module file ../../../../../../Users/Tyler/Desktop/Repository_Files/UnrealMasteryCourseUdemy/CoopShooterGame/Binaries/Win64/UE4Editor-CoopShooterGame.dll (API version 3944462).
LogModuleManager: Display: Found up-to-date module file ../../../Engine/Plugins/2D/Paper2D/Binaries/Win64/UE4Editor-Paper2D.dll (API version 3944462).
LogModuleManager: Display: Found up-to-date module file ../../../Engine/Plugins/2D/Paper2D/Binaries/Win64/UE4Editor-Paper2DEditor.dll (API version 3944462).
LogModuleManager: Display: Found up-to-date module file ../../../Engine/Plugins/2D/Paper2D/Binaries/Win64/UE4Editor-PaperSpriteSheetImporter.dll (API version 3944462).
LogModuleManager: Display: Found up-to-date module file ../../../Engine/Plugins/2D/Paper2D/Binaries/Win64/UE4Editor-PaperTiledImporter.dll (API version 3944462).
LogModuleManager: Display: Found up-to-date module file ../../../Engine/Plugins/2D/Paper2D/Binaries/Win64/UE4Editor-SmartSnapping.dll (API version 3944462).
LogModuleManager: Display: Found up-to-date module file ../../../Engine/Plugins/Animation/LiveLink/Binaries/Win64/UE4Editor-LiveLink.dll (API version 3944462).
LogModuleManager: Display: Found up-to-date module file ../../../Engine/Plugins/Animation/LiveLink/Binaries/Win64/UE4Editor-LiveLinkEditor.dll (API version 3944462).
LogModuleManager: Display: Found up-to-date module file ../../../Engine/Plugins/Blendables/LightPropagationVolume/Binaries/Win64/UE4Editor-LightPropagationVolumeRuntime.dll (API version 3944462).
LogModuleManager: Display: Found up-to-date module file ../../../Engine/Plugins/Blendables/LightPropagationVolume/Binaries/Win64/UE4Editor-LightPropagationVolumeEditor.dll (API version 3944462).
LogModuleManager: Display: Found up-to-date module file ../../../Engine/Plugins/Developer/CLionSourceCodeAccess/Binaries/Win64/UE4Editor-CLionSourceCodeAccess.dll (API version 3944462).
LogModuleManager: Display: Found up-to-date module file ../../../Engine/Plugins/Developer/GitSourceControl/Binaries/Win64/UE4Editor-GitSourceControl.dll (API version 3944462).
LogModuleManager: Display: Found up-to-date module file ../../../Engine/Plugins/Developer/PerforceSourceControl/Binaries/Win64/UE4Editor-PerforceSourceControl.dll (API version 3944462).
LogModuleManager: Display: Found up-to-date module file ../../../Engine/Plugins/Developer/SubversionSourceControl/Binaries/Win64/UE4Editor-SubversionSourceControl.dll (API version 3944462).
LogModuleManager: Display: Found up-to-date module file ../../../Engine/Plugins/Developer/UObjectPlugin/Binaries/Win64/UE4Editor-UObjectPlugin.dll (API version 3944462).
LogModuleManager: Display: Found up-to-date module file ../../../Engine/Plugins/Developer/VisualStudioCodeSourceCodeAccess/Binaries/Win64/UE4Editor-VisualStudioCodeSourceCodeAccess.dll (API version 3944462).
LogModuleManager: Display: Found up-to-date module file ../../../Engine/Plugins/Developer/VisualStudioSourceCodeAccess/Binaries/Win64/UE4Editor-VisualStudioSourceCodeAccess.dll (API version 3944462).
LogModuleManager: Display: Found up-to-date module file ../../../Engine/Plugins/Editor/AssetManagerEditor/Binaries/Win64/UE4Editor-AssetManagerEditor.dll (API version 3944462).
LogModuleManager: Display: Found up-to-date module file ../../../Engine/Plugins/Editor/CryptoKeys/Binaries/Win64/UE4Editor-CryptoKeys.dll (API version 3944462).
LogModuleManager: Display: Found up-to-date module file ../../../Engine/Plugins/Editor/CryptoKeys/Binaries/Win64/UE4Editor-CryptoKeysOpenSSL.dll (API version 3944462).
LogModuleManager: Display: Found up-to-date module file ../../../Engine/Plugins/Editor/DataValidation/Binaries/Win64/UE4Editor-DataValidation.dll (API version 3944462).
LogModuleManager: Display: Found up-to-date module file ../../../Engine/Plugins/Editor/FacialAnimation/Binaries/Win64/UE4Editor-FacialAnimation.dll (API version 3944462).
LogModuleManager: Display: Found up-to-date module file ../../../Engine/Plugins/Editor/FacialAnimation/Binaries/Win64/UE4Editor-FacialAnimationEditor.dll (API version 3944462).
LogModuleManager: Display: Found up-to-date module file ../../../Engine/Plugins/Editor/GameplayTagsEditor/Binaries/Win64/UE4Editor-GameplayTagsEditor.dll (API version 3944462).
LogModuleManager: Display: Found up-to-date module file ../../../Engine/Plugins/Editor/MobileLauncherProfileWizard/Binaries/Win64/UE4Editor-MobileLauncherProfileWizard.dll (API version 3944462).
LogModuleManager: Display: Found up-to-date module file ../../../Engine/Plugins/Editor/PluginBrowser/Binaries/Win64/UE4Editor-PluginBrowser.dll (API version 3944462).
LogModuleManager: Display: Found up-to-date module file ../../../Engine/Plugins/Editor/SpeedTreeImporter/Binaries/Win64/UE4Editor-SpeedTreeImporter.dll (API version 3944462).
LogModuleManager: Display: Found up-to-date module file ../../../Engine/Plugins/Enterprise/DatasmithContent/Binaries/Win64/UE4Editor-DatasmithContent.dll (API version 3944462).
LogModuleManager: Display: Found up-to-date module file ../../../Engine/Plugins/Experimental/AlembicImporter/Binaries/Win64/UE4Editor-AlembicImporter.dll (API version 3944462).
LogModuleManager: Display: Found up-to-date module file ../../../Engine/Plugins/Experimental/AlembicImporter/Binaries/Win64/UE4Editor-AlembicLibrary.dll (API version 3944462).
LogModuleManager: Display: Found up-to-date module file ../../../Engine/Plugins/Experimental/CharacterAI/Binaries/Win64/UE4Editor-CharacterAI.dll (API version 3944462).
LogModuleManager: Display: Found up-to-date module file ../../../Engine/Plugins/Experimental/HTML5Networking/Binaries/Win64/UE4Editor-HTML5Networking.dll (API version 3944462).
LogModuleManager: Display: Found up-to-date module file ../../../Engine/Plugins/Media/AndroidMedia/Binaries/Win64/UE4Editor-AndroidMediaEditor.dll (API version 3944462).
LogModuleManager: Display: Found up-to-date module file ../../../Engine/Plugins/Media/AndroidMedia/Binaries/Win64/UE4Editor-AndroidMediaFactory.dll (API version 3944462).
LogModuleManager: Display: Found up-to-date module file ../../../Engine/Plugins/Media/AvfMedia/Binaries/Win64/UE4Editor-AvfMediaEditor.dll (API version 3944462).
LogModuleManager: Display: Found up-to-date module file ../../../Engine/Plugins/Media/AvfMedia/Binaries/Win64/UE4Editor-AvfMediaFactory.dll (API version 3944462).
LogModuleManager: Display: Found up-to-date module file ../../../Engine/Plugins/Media/AvfMedia/Binaries/Win64/UE4Editor-AvfMediaFactory.dll (API version 3944462).
LogModuleManager: Display: Found up-to-date module file ../../../Engine/Plugins/Media/ImgMedia/Binaries/Win64/UE4Editor-ImgMedia.dll (API version 3944462).
LogModuleManager: Display: Found up-to-date module file ../../../Engine/Plugins/Media/ImgMedia/Binaries/Win64/UE4Editor-ImgMediaEditor.dll (API version 3944462).
LogModuleManager: Display: Found up-to-date module file ../../../Engine/Plugins/Media/ImgMedia/Binaries/Win64/UE4Editor-ImgMediaFactory.dll (API version 3944462).
LogModuleManager: Display: Found up-to-date module file ../../../Engine/Plugins/Media/ImgMedia/Binaries/Win64/UE4Editor-ImgMediaFactory.dll (API version 3944462).
LogModuleManager: Display: Found up-to-date module file ../../../Engine/Plugins/Media/ImgMedia/Binaries/Win64/UE4Editor-OpenExrWrapper.dll (API version 3944462).
LogModuleManager: Display: Found up-to-date module file ../../../Engine/Plugins/Media/LinearTimecode/Binaries/Win64/UE4Editor-LinearTimecode.dll (API version 3944462).
LogModuleManager: Display: Found up-to-date module file ../../../Engine/Plugins/Media/MediaCompositing/Binaries/Win64/UE4Editor-MediaCompositing.dll (API version 3944462).
LogModuleManager: Display: Found up-to-date module file ../../../Engine/Plugins/Media/MediaCompositing/Binaries/Win64/UE4Editor-MediaCompositingEditor.dll (API version 3944462).
LogModuleManager: Display: Found up-to-date module file ../../../Engine/Plugins/Media/MediaPlayerEditor/Binaries/Win64/UE4Editor-MediaPlayerEditor.dll (API version 3944462).
LogModuleManager: Display: Found up-to-date module file ../../../Engine/Plugins/Media/WmfMedia/Binaries/Win64/UE4Editor-WmfMedia.dll (API version 3944462).
LogModuleManager: Display: Found up-to-date module file ../../../Engine/Plugins/Media/WmfMedia/Binaries/Win64/UE4Editor-WmfMediaEditor.dll (API version 3944462).
LogModuleManager: Display: Found up-to-date module file ../../../Engine/Plugins/Media/WmfMedia/Binaries/Win64/UE4Editor-WmfMediaFactory.dll (API version 3944462).
LogModuleManager: Display: Found up-to-date module file ../../../Engine/Plugins/Media/WmfMedia/Binaries/Win64/UE4Editor-WmfMediaFactory.dll (API version 3944462).
LogModuleManager: Display: Found up-to-date module file ../../../Engine/Plugins/Messaging/TcpMessaging/Binaries/Win64/UE4Editor-TcpMessaging.dll (API version 3944462).
LogModuleManager: Display: Found up-to-date module file ../../../Engine/Plugins/Messaging/UdpMessaging/Binaries/Win64/UE4Editor-UdpMessaging.dll (API version 3944462).
LogModuleManager: Display: Found up-to-date module file ../../../Engine/Plugins/MovieScene/ActorSequence/Binaries/Win64/UE4Editor-ActorSequence.dll (API version 3944462).
LogModuleManager: Display: Found up-to-date module file ../../../Engine/Plugins/MovieScene/LevelSequenceEditor/Binaries/Win64/UE4Editor-LevelSequenceEditor.dll (API version 3944462).
LogModuleManager: Display: Found up-to-date module file ../../../Engine/Plugins/MovieScene/MatineeToLevelSequence/Binaries/Win64/UE4Editor-MatineeToLevelSequence.dll (API version 3944462).
LogModuleManager: Display: Found up-to-date module file ../../../Engine/Plugins/NetcodeUnitTest/NetcodeUnitTest/Binaries/Win64/UE4Editor-NetcodeUnitTest.dll (API version 3944462).
LogModuleManager: Display: Found up-to-date module file ../../../Engine/Plugins/NetcodeUnitTest/NUTUnrealEngine4/Binaries/Win64/UE4Editor-NUTUnrealEngine4.dll (API version 3944462).
LogModuleManager: Display: Found up-to-date module file ../../../Engine/Plugins/Online/OnlineSubsystem/Binaries/Win64/UE4Editor-OnlineSubsystem.dll (API version 3944462).
LogModuleManager: Display: Found up-to-date module file ../../../Engine/Plugins/Online/OnlineSubsystemNull/Binaries/Win64/UE4Editor-OnlineSubsystemNull.dll (API version 3944462).
LogModuleManager: Display: Found up-to-date module file ../../../Engine/Plugins/Online/OnlineSubsystemUtils/Binaries/Win64/UE4Editor-OnlineSubsystemUtils.dll (API version 3944462).
LogModuleManager: Display: Found up-to-date module file ../../../Engine/Plugins/Online/OnlineSubsystemUtils/Binaries/Win64/UE4Editor-OnlineBlueprintSupport.dll (API version 3944462).
LogModuleManager: Display: Found up-to-date module file ../../../Engine/Plugins/Runtime/AndroidDeviceProfileSelector/Binaries/Win64/UE4Editor-AndroidDeviceProfileSelector.dll (API version 3944462).
LogModuleManager: Display: Found up-to-date module file ../../../Engine/Plugins/Runtime/AndroidPermission/Binaries/Win64/UE4Editor-AndroidPermission.dll (API version 3944462).
LogModuleManager: Display: Found up-to-date module file ../../../Engine/Plugins/Runtime/AppleARKit/Binaries/Win64/UE4Editor-AppleARKit.dll (API version 3944462).
LogModuleManager: Display: Found up-to-date module file ../../../Engine/Plugins/Runtime/ArchVisCharacter/Binaries/Win64/UE4Editor-ArchVisCharacter.dll (API version 3944462).
LogModuleManager: Display: Found up-to-date module file ../../../Engine/Plugins/Runtime/AudioCapture/Binaries/Win64/UE4Editor-AudioCapture.dll (API version 3944462).
LogModuleManager: Display: Found up-to-date module file ../../../Engine/Plugins/Runtime/AudioCapture/Binaries/Win64/UE4Editor-AudioCaptureEditor.dll (API version 3944462).
LogModuleManager: Display: Found up-to-date module file ../../../Engine/Plugins/Runtime/CableComponent/Binaries/Win64/UE4Editor-CableComponent.dll (API version 3944462).
LogModuleManager: Display: Found up-to-date module file ../../../Engine/Plugins/Runtime/CustomMeshComponent/Binaries/Win64/UE4Editor-CustomMeshComponent.dll (API version 3944462).
LogModuleManager: Display: Found up-to-date module file ../../../Engine/Plugins/Runtime/ExampleDeviceProfileSelector/Binaries/Win64/UE4Editor-ExampleDeviceProfileSelector.dll (API version 3944462).
LogModuleManager: Display: Found up-to-date module file ../../../Engine/Plugins/Runtime/ImmediatePhysics/Binaries/Win64/UE4Editor-ImmediatePhysics.dll (API version 3944462).
LogModuleManager: Display: Found up-to-date module file ../../../Engine/Plugins/Runtime/ImmediatePhysics/Binaries/Win64/UE4Editor-ImmediatePhysicsEditor.dll (API version 3944462).
LogModuleManager: Display: Found up-to-date module file ../../../Engine/Plugins/Runtime/LocationServicesBPLibrary/Binaries/Win64/UE4Editor-LocationServicesBPLibrary.dll (API version 3944462).
LogModuleManager: Display: Found up-to-date module file ../../../Engine/Plugins/Runtime/MobilePatchingUtils/Binaries/Win64/UE4Editor-MobilePatchingUtils.dll (API version 3944462).
LogModuleManager: Display: Found up-to-date module file ../../../Engine/Plugins/Runtime/Oculus/OculusVR/Binaries/Win64/UE4Editor-OculusHMD.dll (API version 3944462).
LogModuleManager: Display: Found up-to-date module file ../../../Engine/Plugins/Runtime/Oculus/OculusVR/Binaries/Win64/UE4Editor-OculusInput.dll (API version 3944462).
LogModuleManager: Display: Found up-to-date module file ../../../Engine/Plugins/Runtime/Oculus/OculusVR/Binaries/Win64/UE4Editor-OculusEditor.dll (API version 3944462).
LogModuleManager: Display: Found up-to-date module file ../../../Engine/Plugins/Runtime/PhysXVehicles/Binaries/Win64/UE4Editor-PhysXVehicles.dll (API version 3944462).
LogModuleManager: Display: Found up-to-date module file ../../../Engine/Plugins/Runtime/PhysXVehicles/Binaries/Win64/UE4Editor-PhysXVehiclesEditor.dll (API version 3944462).
LogModuleManager: Display: Found up-to-date module file ../../../Engine/Plugins/Runtime/ProceduralMeshComponent/Binaries/Win64/UE4Editor-ProceduralMeshComponent.dll (API version 3944462).
LogModuleManager: Display: Found up-to-date module file ../../../Engine/Plugins/Runtime/ProceduralMeshComponent/Binaries/Win64/UE4Editor-ProceduralMeshComponentEditor.dll (API version 3944462).
LogModuleManager: Display: Found up-to-date module file ../../../Engine/Plugins/Runtime/RuntimePhysXCooking/Binaries/Win64/UE4Editor-RuntimePhysXCooking.dll (API version 3944462).
LogModuleManager: Display: Found up-to-date module file ../../../Engine/Plugins/Runtime/Steam/SteamVR/Binaries/Win64/UE4Editor-SteamVR.dll (API version 3944462).
LogModuleManager: Display: Found up-to-date module file ../../../Engine/Plugins/Runtime/Steam/SteamVR/Binaries/Win64/UE4Editor-SteamVRController.dll (API version 3944462).
LogModuleManager: Display: Found up-to-date module file ../../../Engine/Plugins/Runtime/WindowsMoviePlayer/Binaries/Win64/UE4Editor-WindowsMoviePlayer.dll (API version 3944462).
LogInit: Using libcurl 7.47.1
LogInit:  - built for x86_64-pc-win32
LogInit:  - supports SSL with OpenSSL/1.0.2g
LogInit:  - supports HTTP deflate (compression) using libz 1.2.8
LogInit:  - other features:
LogInit:      CURL_VERSION_SSL
LogInit:      CURL_VERSION_LIBZ
LogInit:      CURL_VERSION_IPV6
LogInit:      CURL_VERSION_ASYNCHDNS
LogInit:      CURL_VERSION_LARGEFILE
LogInit:      CURL_VERSION_IDN
LogInit:  CurlRequestOptions (configurable via config and command line):
LogInit:  - bVerifyPeer = false  - Libcurl will NOT verify peer certificate
LogInit:  - bUseHttpProxy = false  - Libcurl will NOT use HTTP proxy
LogInit:  - bDontReuseConnections = false  - Libcurl will reuse connections
LogInit:  - CertBundlePath = nullptr  - Libcurl will use whatever was configured at build time.
LogInit:  - MaxHostConnections = 16  - Libcurl will limit the number of connections to a host
LogInit:  - LocalHostAddr = Default
LogInit: WinSock: version 1.1 (2.2), MaxSocks=32767, MaxUdp=65467
LogInit: WinSock: I am DESKTOP-4VFF8DG (192.168.99.1:0)
LogInit: Build: ++UE4+Release-4.19-CL-4033788
LogInit: Engine Version: 4.19.2-4033788+++UE4+Release-4.19
LogInit: Compatible Engine Version: 4.19.0-3944462+++UE4+Release-4.19
LogInit: Net CL: 3944462
LogDevObjectVersion: Number of dev versions registered: 18
LogDevObjectVersion:   Dev-Blueprints (B0D832E4-1F89-4F0D-ACCF-7EB736FD4AA2): 10
LogDevObjectVersion:   Dev-Build (E1C64328-A22C-4D53-A36C-8E866417BD8C): 0
LogDevObjectVersion:   Dev-Core (375EC13C-06E4-48FB-B500-84F0262A717E): 2
LogDevObjectVersion:   Dev-Editor (E4B068ED-F494-42E9-A231-DA0B2E46BB41): 23
LogDevObjectVersion:   Dev-Framework (CFFC743F-43B0-4480-9391-14DF171D2073): 33
LogDevObjectVersion:   Dev-Mobile (B02B49B5-BB20-44E9-A304-32B752E40360): 2
LogDevObjectVersion:   Dev-Networking (A4E4105C-59A1-49B5-A7C5-40C4547EDFEE): 0
LogDevObjectVersion:   Dev-Online (39C831C9-5AE6-47DC-9A44-9C173E1C8E7C): 0
LogDevObjectVersion:   Dev-Physics (78F01B33-EBEA-4F98-B9B4-84EACCB95AA2): 0
LogDevObjectVersion:   Dev-Platform (6631380F-2D4D-43E0-8009-CF276956A95A): 0
LogDevObjectVersion:   Dev-Rendering (12F88B9F-8875-4AFC-A67C-D90C383ABD29): 25
LogDevObjectVersion:   Dev-Sequencer (7B5AE74C-D270-4C10-A958-57980B212A5A): 6
LogDevObjectVersion:   Dev-VR (D7296918-1DD6-4BDD-9DE2-64A83CC13884): 1
LogDevObjectVersion:   Dev-LoadTimes (C2A15278-BFE7-4AFE-6C17-90FF531DF755): 1
LogDevObjectVersion:   Private-Geometry (6EACA3D4-40EC-4CC1-B786-8BED09428FC5): 2
LogDevObjectVersion:   Dev-AnimPhys (29E575DD-E0A3-4627-9D10-D276232CDCEA): 16
LogDevObjectVersion:   Dev-ReflectionCapture (6B266CEC-1EC7-4B8F-A30B-E4D90942FC07): 1
LogDevObjectVersion:   Dev-Automation (0DF73D61-A23F-47EA-B727-89E90C41499A): 1
LogInit: Compiled (64-bit): Apr 27 2018 02:06:57
LogInit: Compiled with Visual C++: 19.00.24215.01
LogInit: Build Configuration: Development
LogInit: Branch Name: ++UE4+Release-4.19
LogInit: Command Line: 
LogInit: Base Directory: C:/Program Files/Epic Games/UE_4.19/Engine/Binaries/Win64/
LogInit: Installed Engine Build: 1
LogStreaming: Display: Took  0.003s to delete old logs.
LogInit: Presizing for max 8388607 objects, including 0 objects not considered by GC, pre-allocating 0 bytes for permanent pool.
LogInit: Object subsystem initialized
[2018.11.30-02.52.49:297][  0]LogInit: Selected Device Profile: [Windows]
[2018.11.30-02.52.49:297][  0]LogInit: Applying CVar settings loaded from the selected device profile: [Windows]
[2018.11.30-02.52.49:304][  0]LogInit: Computer: DESKTOP-4VFF8DG
[2018.11.30-02.52.49:304][  0]LogInit: User: Tyler
[2018.11.30-02.52.49:304][  0]LogInit: CPU Page size=4096, Cores=6
[2018.11.30-02.52.49:304][  0]LogInit: High frequency timer resolution =3.609380 MHz
[2018.11.30-02.52.49:305][  0]LogMemory: Memory total: Physical=15.9GB (16GB approx)
[2018.11.30-02.52.49:305][  0]LogMemory: Platform Memory Stats for Windows
[2018.11.30-02.52.49:305][  0]LogMemory: Process Physical Memory: 275.23 MB used, 275.23 MB peak
[2018.11.30-02.52.49:305][  0]LogMemory: Process Virtual Memory: 279.63 MB used, 279.63 MB peak
[2018.11.30-02.52.49:305][  0]LogMemory: Physical Memory: 5427.19 MB used,  10880.16 MB free, 16307.34 MB total
[2018.11.30-02.52.49:305][  0]LogMemory: Virtual Memory: 4823.90 MB used,  10880.16 MB free, 134217728.00 MB total
[2018.11.30-02.52.49:322][  0]LogInit: Using OS detected language (en-US).
[2018.11.30-02.52.49:322][  0]LogInit: Using OS detected locale (en-US).
[2018.11.30-02.52.49:325][  0]LogTextLocalizationManager: No specific localization for 'en-US' exists, so the 'en' localization will be used.
[2018.11.30-02.52.49:637][  0]LogStreaming: Display: Took  0.315s to EndInitTextLocalization.
[2018.11.30-02.52.49:637][  0]LogInit: Setting process to per monitor DPI aware
[2018.11.30-02.52.49:700][  0]LogSlate: New Slate User Created.  User Index 0, Is Virtual User: 0
[2018.11.30-02.52.49:700][  0]LogSlate: Slate User Registered.  User Index 0, Is Virtual User: 0
[2018.11.30-02.52.49:878][  0]LogD3D11RHI: D3D11 adapters:
[2018.11.30-02.52.49:917][  0]LogD3D11RHI:    0. 'NVIDIA GeForce GTX 1080 Ti' (Feature Level 11_0)
[2018.11.30-02.52.49:917][  0]LogD3D11RHI:       11127/0/8153 MB DedicatedVideo/DedicatedSystem/SharedSystem, Outputs:4, VendorId:0x10de
[2018.11.30-02.52.49:919][  0]LogD3D11RHI:    1. 'Microsoft Basic Render Driver' (Feature Level 11_0)
[2018.11.30-02.52.49:919][  0]LogD3D11RHI:       0/0/8153 MB DedicatedVideo/DedicatedSystem/SharedSystem, Outputs:0, VendorId:0x1414
[2018.11.30-02.52.49:919][  0]LogD3D11RHI: Chosen D3D11 Adapter: 0
[2018.11.30-02.52.49:925][  0]LogD3D11RHI: Creating new Direct3DDevice
[2018.11.30-02.52.49:925][  0]LogD3D11RHI:     GPU DeviceId: 0x1b06 (for the marketing name, search the web for "GPU Device Id")
[2018.11.30-02.52.49:925][  0]LogWindows: EnumDisplayDevices:
[2018.11.30-02.52.49:925][  0]LogWindows:    0. 'NVIDIA GeForce GTX 1080 Ti' (P:1 D:1)
[2018.11.30-02.52.49:925][  0]LogWindows:    1. 'NVIDIA GeForce GTX 1080 Ti' (P:0 D:1)
[2018.11.30-02.52.49:925][  0]LogWindows:    2. 'NVIDIA GeForce GTX 1080 Ti' (P:0 D:1)
[2018.11.30-02.52.49:925][  0]LogWindows:    3. 'NVIDIA GeForce GTX 1080 Ti' (P:0 D:1)
[2018.11.30-02.52.49:925][  0]LogWindows: DebugString: GetVideoDriverDetailsInvalid PrimaryIsNotTheChoosenAdapter GetVideoDriverDetailsInvalid PrimaryIsNotTheChoosenAdapter GetVideoDriverDetailsInvalid PrimaryIsNotTheChoosenAdapter GetVideoDriverDetailsInvalid PrimaryIsNotTheChoosenAdapter FoundDriverCount:0 
[2018.11.30-02.52.49:925][  0]LogD3D11RHI:     Adapter Name: NVIDIA GeForce GTX 1080 Ti
[2018.11.30-02.52.49:925][  0]LogD3D11RHI:   Driver Version: Unknown (internal:Unknown, unified:Unknown)
[2018.11.30-02.52.49:925][  0]LogD3D11RHI:      Driver Date: Unknown
[2018.11.30-02.52.49:925][  0]LogRHI: Texture pool is 7788 MB (70% of 11127 MB)
[2018.11.30-02.52.49:953][  0]LogD3D11RHI: [Aftermath] Aftermath enabled and primed
[2018.11.30-02.52.49:953][  0]LogD3D11RHI: [Aftermath] Aftermath enabled and primed
[2018.11.30-02.52.49:953][  0]LogD3D11RHI: Async texture creation enabled
[2018.11.30-02.52.49:969][  0]LogD3D11RHI: GPU Timing Frequency: 1000.000000 (Debug: 2 2)
[2018.11.30-02.52.50:165][  0]LogShaderCompilers: Guid format shader working directory is -50 characters bigger than the processId version (../../../../../../Users/Tyler/Desktop/Repository_Files/UnrealMasteryCourseUdemy/CoopShooterGame/Intermediate/Shaders/WorkingDirectory/23848/).
[2018.11.30-02.52.50:165][  0]LogShaderCompilers: Cleaned the shader compiler working directory 'C:/Users/Tyler/AppData/Local/Temp/UnrealShaderWorkingDir/CF8B31D54E05A9B236E78EB12528E663/'.
[2018.11.30-02.52.50:355][  0]LogTemp: Display: Loaded TP AllDesktopTargetPlatform
[2018.11.30-02.52.50:367][  0]LogTemp: Display: Loaded TP MacClientTargetPlatform
[2018.11.30-02.52.50:378][  0]LogTemp: Display: Loaded TP MacNoEditorTargetPlatform
[2018.11.30-02.52.50:389][  0]LogTemp: Display: Loaded TP MacServerTargetPlatform
[2018.11.30-02.52.50:401][  0]LogTemp: Display: Loaded TP MacTargetPlatform
[2018.11.30-02.52.50:411][  0]LogTemp: Display: Loaded TP WindowsClientTargetPlatform
[2018.11.30-02.52.50:422][  0]LogTemp: Display: Loaded TP WindowsNoEditorTargetPlatform
[2018.11.30-02.52.50:434][  0]LogTemp: Display: Loaded TP WindowsServerTargetPlatform
[2018.11.30-02.52.50:439][  0]LogTemp: Display: Loaded TP WindowsTargetPlatform
[2018.11.30-02.52.50:449][  0]LogTemp: Display: Loaded TP Android_ASTCTargetPlatform
[2018.11.30-02.52.50:459][  0]LogTemp: Display: Loaded TP Android_ATCTargetPlatform
[2018.11.30-02.52.50:468][  0]LogTemp: Display: Loaded TP Android_DXTTargetPlatform
[2018.11.30-02.52.50:478][  0]LogTemp: Display: Loaded TP Android_ETC1aTargetPlatform
[2018.11.30-02.52.50:488][  0]LogTemp: Display: Loaded TP Android_ETC1TargetPlatform
[2018.11.30-02.52.50:497][  0]LogTemp: Display: Loaded TP Android_ETC2TargetPlatform
[2018.11.30-02.52.50:517][  0]LogTemp: Display: Loaded TP Android_MultiTargetPlatform
[2018.11.30-02.52.50:517][  0]LogTemp: Display: Loaded TP Android_PVRTCTargetPlatform
[2018.11.30-02.52.50:527][  0]LogTemp: Display: Loaded TP AndroidTargetPlatform
[2018.11.30-02.52.50:528][  0]LogTemp: Display: Loaded TP HTML5TargetPlatform
[2018.11.30-02.52.50:565][  0]LogTemp: Display: Loaded TP IOSTargetPlatform
[2018.11.30-02.52.50:573][  0]LogTemp: Display: Loaded TP TVOSTargetPlatform
[2018.11.30-02.52.50:583][  0]LogTemp: Display: Loaded TP LinuxClientTargetPlatform
[2018.11.30-02.52.50:593][  0]LogTemp: Display: Loaded TP LinuxNoEditorTargetPlatform
[2018.11.30-02.52.50:602][  0]LogTemp: Display: Loaded TP LinuxServerTargetPlatform
[2018.11.30-02.52.50:612][  0]LogTemp: Display: Loaded TP LinuxTargetPlatform
[2018.11.30-02.52.50:612][  0]LogTargetPlatformManager: Display: Building Assets For Windows
[2018.11.30-02.52.50:718][  0]LogXGEController: Cleaning working directory: C:/Users/Tyler/AppData/Local/Temp/UnrealXGEWorkingDir/
[2018.11.30-02.52.50:718][  0]LogXGEController: Cannot use XGE Controller as Incredibuild is not installed on this machine.
[2018.11.30-02.52.50:718][  0]LogShaderCompilers: Cannot use XGE Shader Compiler as Incredibuild is not installed on this machine.
[2018.11.30-02.52.50:718][  0]LogShaderCompilers: Display: Using Local Shader Compiler.
[2018.11.30-02.52.51:266][  0]LogDerivedDataCache: Display: Max Cache Size: 512 MB
[2018.11.30-02.52.51:329][  0]LogDerivedDataCache: Loaded boot cache 0.06s 74MB C:/Users/Tyler/AppData/Local/UnrealEngine/4.19/DerivedDataCache/Boot.ddc.
[2018.11.30-02.52.51:329][  0]LogDerivedDataCache: Display: Loaded Boot cache: C:/Users/Tyler/AppData/Local/UnrealEngine/4.19/DerivedDataCache/Boot.ddc
[2018.11.30-02.52.51:329][  0]LogDerivedDataCache: FDerivedDataBackendGraph:  Pak pak cache file ../../../../../../Users/Tyler/Desktop/Repository_Files/UnrealMasteryCourseUdemy/CoopShooterGame/DerivedDataCache/DDC.ddp not found, will not use a pak cache.
[2018.11.30-02.52.51:329][  0]LogDerivedDataCache: Unable to find inner node Pak for hierarchical cache Hierarchy.
[2018.11.30-02.52.51:329][  0]LogDerivedDataCache: FDerivedDataBackendGraph:  CompressedPak pak cache file ../../../../../../Users/Tyler/Desktop/Repository_Files/UnrealMasteryCourseUdemy/CoopShooterGame/DerivedDataCache/Compressed.ddp not found, will not use a pak cache.
[2018.11.30-02.52.51:329][  0]LogDerivedDataCache: Unable to find inner node CompressedPak for hierarchical cache Hierarchy.
[2018.11.30-02.52.51:340][  0]LogDerivedDataCache: Display: Pak cache opened for reading ../../../Engine/DerivedDataCache/Compressed.ddp.
[2018.11.30-02.52.51:353][  0]LogDerivedDataCache: Using Local data cache path C:/Users/Tyler/AppData/Local/UnrealEngine/Common/DerivedDataCache: Writable
[2018.11.30-02.52.51:353][  0]LogDerivedDataCache: Shared data cache path not found in *engine.ini, will not use an Shared cache.
[2018.11.30-02.52.51:353][  0]LogDerivedDataCache: Unable to find inner node Shared for hierarchical cache Hierarchy.
[2018.11.30-02.52.51:361][  0]LogMaterial: Verifying Global Shaders for PCD3D_SM5
[2018.11.30-02.52.51:362][  0]LogSlate: Using Freetype 2.6.0
[2018.11.30-02.52.51:362][  0]LogSlate: SlateFontCache - WITH_FREETYPE: 1, WITH_HARFBUZZ: 1
[2018.11.30-02.52.51:362][  0]LogSlate: SlateFontCache - WITH_FREETYPE: 1, WITH_HARFBUZZ: 1
[2018.11.30-02.52.51:476][  0]LogAssetRegistry: FAssetRegistry took 0.0252 seconds to start up
[2018.11.30-02.52.51:710][  0]LogInit: Selected Device Profile: [Windows]
[2018.11.30-02.52.51:840][  0]LogSimplygon: Simplygon DLL not present - disabling.
[2018.11.30-02.52.51:843][  0]LogMeshReduction: Using SimplygonSwarm for distributed automatic mesh merging
[2018.11.30-02.52.51:843][  0]LogMeshReduction: Using QuadricMeshReduction for automatic static mesh reduction
[2018.11.30-02.52.51:843][  0]LogMeshReduction: No automatic skeletal mesh reduction module available
[2018.11.30-02.52.51:843][  0]LogMeshReduction: No automatic mesh merging module available
[2018.11.30-02.52.51:843][  0]LogMeshMerging: No automatic mesh merging module available
[2018.11.30-02.52.51:893][  0]LogNetVersion: CoopShooterGame , NetCL: 3944462, EngineNetVer: 2, GameNetVer: 0 (Checksum: 4095294733)
[2018.11.30-02.52.52:240][  0]LogPackageLocalizationCache: Processed 9 localized package path(s) for 2 prioritized culture(s) in 0.056958 seconds
[2018.11.30-02.52.52:245][  0]LogUObjectArray: 36728 objects as part of root set at end of initial load.
[2018.11.30-02.52.52:245][  0]LogUObjectAllocator: 7314312 out of 0 bytes used by permanent object pool.
[2018.11.30-02.52.52:245][  0]LogUObjectArray: CloseDisregardForGC: 0/0 objects in disregard for GC pool
[2018.11.30-02.52.53:582][  0]LogTcpMessaging: Initializing TcpMessaging bridge
[2018.11.30-02.52.53:610][  0]LogUdpMessaging: Initializing bridge on interface 0.0.0.0:0 to multicast group 230.0.0.1:6666.
[2018.11.30-02.52.53:983][  0]SourceControl: Source control is disabled
[2018.11.30-02.52.53:983][  0]SourceControl: Source control is disabled
[2018.11.30-02.52.54:001][  0]SourceControl: Source control is disabled
[2018.11.30-02.52.54:018][  0]SourceControl: Source control is disabled
[2018.11.30-02.52.54:503][  0]LogAndroidPermission: UAndroidPermissionCallbackProxy::GetInstance
[2018.11.30-02.52.54:683][  0]LogOcInput: OculusInput pre-init called
[2018.11.30-02.52.54:779][  0]LogEngine: Initializing Engine...
[2018.11.30-02.52.54:780][  0]LogHMD: Failed to initialize OpenVR with code 110
[2018.11.30-02.52.54:781][  0]LogStats: UGameplayTagsManager::ConstructGameplayTagTree: Construct from data asset -  0.000 s
[2018.11.30-02.52.54:781][  0]LogStats: UGameplayTagsManager::ConstructGameplayTagTree: GameplayTagTreeChangedEvent.Broadcast -  0.000 s
[2018.11.30-02.52.54:969][  0]LogAIModule: Creating AISystem for world Untitled
[2018.11.30-02.52.54:994][  0]LogInit: XAudio2 using 'MStar Demo (NVIDIA High Definition Audio)' : 2 channels at 48 kHz using 16 bits per sample (channel mask 0x3)
[2018.11.30-02.52.55:005][  0]LogInit: FAudioDevice initialized.
[2018.11.30-02.52.55:081][  0]LogDerivedDataCache: Saved boot cache 0.08s 74MB C:/Users/Tyler/AppData/Local/UnrealEngine/4.19/DerivedDataCache/Boot.ddc.
[2018.11.30-02.52.55:094][  0]LogInit: Texture streaming: Enabled
[2018.11.30-02.52.55:111][  0]LogEngineSessionManager: EngineSessionManager initialized
[2018.11.30-02.52.55:111][  0]LogEngineSessionManager: EngineSessionManager sent abnormal shutdown report. Type=Crashed, SessionId={52A8020E-4917-6035-AADD-62B3ADF01A2A}
[2018.11.30-02.52.55:123][  0]LogInit: Transaction tracking system initialized
[2018.11.30-02.52.55:144][  0]BlueprintLog: New page: Editor Load
[2018.11.30-02.52.55:220][  0]LocalizationService: Localization service is disabled
[2018.11.30-02.52.55:327][  0]LogConsoleResponse: Display: 
[2018.11.30-02.52.55:450][  0]LogCook: Display: Max memory allowance for cook 16384mb min free memory 0mb
[2018.11.30-02.52.55:450][  0]LogCook: Display: Mobile HDR setting 1
[2018.11.30-02.52.55:450][  0]LogGameplayTags: Display: UGameplayTagsManager::DoneAddingNativeTags. DelegateIsBound: 0
[2018.11.30-02.52.55:450][  0]LogStats: UGameplayTagsManager::ConstructGameplayTagTree: Construct from data asset -  0.000 s
[2018.11.30-02.52.55:450][  0]LogStats: UGameplayTagsManager::ConstructGameplayTagTree: GameplayTagTreeChangedEvent.Broadcast -  0.000 s
[2018.11.30-02.52.55:528][  0]LogFileCache: Scanning file cache for directory 'C:/Users/Tyler/Desktop/Repository_Files/UnrealMasteryCourseUdemy/CoopShooterGame/Content/' took 0.02s
[2018.11.30-02.52.55:813][  0]SourceControl: Source control is disabled
[2018.11.30-02.52.55:813][  0]LightingResults: New page: Lighting Build
[2018.11.30-02.52.55:816][  0]MapCheck: New page: Map Check
[2018.11.30-02.52.55:816][  0]LightingResults: New page: Lighting Build
[2018.11.30-02.52.55:925][  0]LogUObjectGlobals: Created PersistentFrame Addr=0x000001e911350400, Size=608, Default__BP_TargetDummy_C Function /Game/BluePrints/BP_TargetDummy.BP_TargetDummy_C:ExecuteUbergraph_BP_TargetDummy
[2018.11.30-02.52.55:928][  0]LogUObjectGlobals: Destroyed PersistentFrame Addr=0x000001e911350400, Size=608
[2018.11.30-02.52.55:928][  0]LogUObjectGlobals: Created PersistentFrame Addr=0x000001e90788f600, Size=608, Default__BP_TargetDummy_C Function /Engine/Transient.REINST_BP_TargetDummy_C_5:ExecuteUbergraph_BP_TargetDummy
[2018.11.30-02.52.55:930][  0]LogUObjectGlobals: Created PersistentFrame Addr=0x000001e90788df80, Size=608, Default__BP_TargetDummy_C Function /Game/BluePrints/BP_TargetDummy.BP_TargetDummy_C:ExecuteUbergraph_BP_TargetDummy
[2018.11.30-02.52.55:955][  0]LogUObjectGlobals: Created PersistentFrame Addr=0x000001e9259d1d00, Size=104, Default__UE4ASP_HeroTPP_AnimBlueprint_C Function /Game/AnimStarterPack/UE4ASP_HeroTPP_AnimBlueprint.UE4ASP_HeroTPP_AnimBlueprint_C:ExecuteUbergraph_UE4ASP_HeroTPP_AnimBlueprint
[2018.11.30-02.52.55:965][  0]LogUObjectGlobals: Destroyed PersistentFrame Addr=0x000001e9259d1d00, Size=104
[2018.11.30-02.52.55:965][  0]LogUObjectGlobals: Created PersistentFrame Addr=0x000001e907c67270, Size=104, Default__UE4ASP_HeroTPP_AnimBlueprint_C Function /Engine/Transient.REINST_UE4ASP_HeroTPP_AnimBlueprint_C_0:ExecuteUbergraph_UE4ASP_HeroTPP_AnimBlueprint
[2018.11.30-02.52.55:975][  0]LogUObjectGlobals: Created PersistentFrame Addr=0x000001e90b7085d0, Size=104, Default__UE4ASP_HeroTPP_AnimBlueprint_C Function /Game/AnimStarterPack/UE4ASP_HeroTPP_AnimBlueprint.UE4ASP_HeroTPP_AnimBlueprint_C:ExecuteUbergraph_UE4ASP_HeroTPP_AnimBlueprint
[2018.11.30-02.52.56:027][  0]LogUObjectGlobals: Created PersistentFrame Addr=0x000001e90b70a470, Size=112, Default__WBP_HealthIndicator_C Function /Game/UI/WBP_HealthIndicator.WBP_HealthIndicator_C:ExecuteUbergraph_WBP_HealthIndicator
[2018.11.30-02.52.56:029][  0]LogUObjectGlobals: Destroyed PersistentFrame Addr=0x000001e90b70a470, Size=112
[2018.11.30-02.52.56:029][  0]LogUObjectGlobals: Created PersistentFrame Addr=0x000001e90b70a470, Size=112, Default__WBP_HealthIndicator_C Function /Engine/Transient.REINST_WBP_HealthIndicator_C_1:ExecuteUbergraph_WBP_HealthIndicator
[2018.11.30-02.52.56:031][  0]LogUObjectGlobals: Created PersistentFrame Addr=0x000001e90c29ba50, Size=112, Default__WBP_HealthIndicator_C Function /Game/UI/WBP_HealthIndicator.WBP_HealthIndicator_C:ExecuteUbergraph_WBP_HealthIndicator
[2018.11.30-02.52.56:032][  0]LogUObjectGlobals: Created PersistentFrame Addr=0x000001e90786fa38, Size=40, Default__PlayerPawn_C Function /Game/BluePrints/PlayerPawn.PlayerPawn_C:ExecuteUbergraph_PlayerPawn
[2018.11.30-02.52.56:035][  0]LogUObjectGlobals: Destroyed PersistentFrame Addr=0x000001e90786fa38, Size=40
[2018.11.30-02.52.56:035][  0]LogUObjectGlobals: Created PersistentFrame Addr=0x000001e90786fa38, Size=40, Default__PlayerPawn_C Function /Engine/Transient.REINST_PlayerPawn_C_10:ExecuteUbergraph_PlayerPawn
[2018.11.30-02.52.56:037][  0]LogUObjectGlobals: Created PersistentFrame Addr=0x000001e90786de18, Size=40, Default__PlayerPawn_C Function /Game/BluePrints/PlayerPawn.PlayerPawn_C:ExecuteUbergraph_PlayerPawn
[2018.11.30-02.52.56:188][  0]LogSkeletalMesh: Skeletal Mesh found in DDC [3.028775ms] /Game/AnimStarterPack/UE4_Mannequin/Mesh/SK_Mannequin.SK_Mannequin
[2018.11.30-02.52.56:283][  0]LogSkeletalMesh: Skeletal Mesh found in DDC [1.485297ms] /Game/Weapons/SK_Rifle.SK_Rifle
[2018.11.30-02.52.56:339][  0]LogAIModule: Creating AISystem for world Minimal_Default
[2018.11.30-02.52.56:348][  0]LogEditorServer: Finished looking for orphan Actors (0.000 secs)
[2018.11.30-02.52.56:358][  0]LogUObjectGlobals: Destroyed PersistentFrame Addr=0x000001e90788f600, Size=608
[2018.11.30-02.52.56:358][  0]LogUObjectGlobals: Destroyed PersistentFrame Addr=0x000001e907c67270, Size=104
[2018.11.30-02.52.56:358][  0]LogUObjectGlobals: Destroyed PersistentFrame Addr=0x000001e90b70a470, Size=112
[2018.11.30-02.52.56:359][  0]LogUObjectGlobals: Destroyed PersistentFrame Addr=0x000001e90786fa38, Size=40
[2018.11.30-02.52.56:359][  0]Cmd: MAP CHECKDEP NOCLEARLOG
[2018.11.30-02.52.56:431][  0]MapCheck: Map check complete: 0 Error(s), 0 Warning(s), took 72.083ms to complete.
[2018.11.30-02.52.56:431][  0]LogFileHelpers: Loading map 'Minimal_Default' took 0.618
[2018.11.30-02.52.56:638][  0]LogCollectionManager: Loaded 0 collections in 0.001781 seconds
[2018.11.30-02.52.56:703][  0]LogFileCache: Scanning file cache for directory 'C:/Users/Tyler/Desktop/Repository_Files/UnrealMasteryCourseUdemy/CoopShooterGame/Saved/Collections/' took 0.01s
[2018.11.30-02.52.56:703][  0]LogFileCache: Scanning file cache for directory 'C:/Users/Tyler/Desktop/Repository_Files/UnrealMasteryCourseUdemy/CoopShooterGame/Content/Developers/Tyler/Collections/' took 0.01s
[2018.11.30-02.52.56:703][  0]LogFileCache: Scanning file cache for directory 'C:/Users/Tyler/Desktop/Repository_Files/UnrealMasteryCourseUdemy/CoopShooterGame/Content/Collections/' took 0.01s
[2018.11.30-02.52.56:703][  0]LogCollectionManager: Rebuilt the GUID cache for 0 collections in 0.000000 seconds
[2018.11.30-02.52.56:711][  0]LogContentBrowser: Native class hierarchy populated in 0.0079 seconds. Added 2460 classes and 562 folders.
[2018.11.30-02.52.56:721][  0]LogContentBrowser: Native class hierarchy updated for 'WidgetCarousel' in 0.0016 seconds. Added 0 classes and 0 folders.
[2018.11.30-02.52.56:765][  0]LogContentBrowser: Native class hierarchy updated for 'AddContentDialog' in 0.0012 seconds. Added 0 classes and 0 folders.
[2018.11.30-02.52.56:772][  0]LogContentBrowser: Native class hierarchy updated for 'SceneOutliner' in 0.0012 seconds. Added 1 classes and 2 folders.
[2018.11.30-02.52.56:829][  0]LogSlate: Took 0.000206 seconds to synchronously load lazily loaded font '../../../Engine/Content/Slate/Fonts/Roboto-Regular.ttf' (155K)
[2018.11.30-02.52.56:831][  0]LogSlate: Took 0.000155 seconds to synchronously load lazily loaded font '../../../Engine/Content/Slate/Fonts/Roboto-Bold.ttf' (160K)
[2018.11.30-02.52.56:835][  0]LogSlate: Took 0.000125 seconds to synchronously load lazily loaded font '../../../Engine/Content/Editor/Slate/Fonts/FontAwesome.ttf' (139K)
[2018.11.30-02.52.56:907][  0]LogRenderer: Reallocating scene render targets to support 1240x592 Format 10 NumSamples 1 (Frame:1).
[2018.11.30-02.52.56:964][  0]LogSlate: Took 0.000178 seconds to synchronously load lazily loaded font '../../../Engine/Content/Slate/Fonts/Roboto-Light.ttf' (167K)
[2018.11.30-02.52.57:030][  0]LogContentBrowser: Native class hierarchy updated for 'HierarchicalLODOutliner' in 0.0012 seconds. Added 0 classes and 0 folders.
[2018.11.30-02.52.57:030][  0]LogLoad: (Engine Initialization) Total time: 10.80 seconds
[2018.11.30-02.52.57:030][  0]LogLoad: (Engine Initialization) Total Blueprint compile time: 0.00 seconds
[2018.11.30-02.52.57:039][  0]LogWindowsTextInputMethodSystem: Display: IME system now deactivated.
[2018.11.30-02.52.57:059][  0]LogContentStreaming: Texture pool size now 1000 MB
[2018.11.30-02.52.57:102][  1]LogAssetRegistry: Asset discovery search completed in 5.6474 seconds
[2018.11.30-02.52.57:103][  1]LogCollectionManager: Rebuilt the object cache for 0 collections in 0.000000 seconds (found 0 objects)
[2018.11.30-02.52.57:103][  1]LogCollectionManager: Fixed up redirectors for 0 collections in 0.000043 seconds (updated 0 objects)
[2018.11.30-02.52.58:794][190]LogSlate: FSceneViewport::OnFocusLost() reason 0
[2018.11.30-02.52.58:972][208]LogSlate: Took 0.000175 seconds to synchronously load lazily loaded font '../../../Engine/Content/Slate/Fonts/Roboto-Light.ttf' (167K)
[2018.11.30-02.53.03:864][320]LogVSAccessor: Warning: Couldn't goto line number '1' in 'C:/Users/Tyler/Desktop/Repository_Files/UnrealMasteryCourseUdemy/CoopShooterGame/Source/CoopShooterGame/Private/STrackerBot.cpp'
[2018.11.30-02.53.52:714][478]Candidate modules for hot reload:
[2018.11.30-02.53.52:714][478]  CoopShooterGame
[2018.11.30-02.53.52:714][478]Launching UnrealBuildTool... [C:/Program Files/Epic Games/UE_4.19/Engine/Binaries/DotNET/UnrealBuildTool.exe CoopShooterGame -ModuleWithSuffix=CoopShooterGame,1839 Win64 Development -editorrecompile -canskiplink "C:/Users/Tyler/Desktop/Repository_Files/UnrealMasteryCourseUdemy/CoopShooterGame/CoopShooterGame.uproject" ]
[2018.11.30-02.53.52:717][478]Warning: Starting HotReload took  0.0s.
[2018.11.30-02.54.02:721][667]CompilerResultsLog: New page: Compilation - Nov 29, 2018, 2:54:02 PM
[2018.11.30-02.54.02:721][667]CompilerResultsLog: Using 'git status' to determine working set for adaptive non-unity build.
[2018.11.30-02.54.02:721][667]CompilerResultsLog: Compiling game modules for hot reload
[2018.11.30-02.54.02:721][667]CompilerResultsLog: Performing 3 actions (9 in parallel)
[2018.11.30-02.54.02:721][667]CompilerResultsLog: STrackerBot.cpp
[2018.11.30-02.54.02:721][667]CompilerResultsLog: Error: C:\Users\Tyler\Desktop\Repository_Files\UnrealMasteryCourseUdemy\CoopShooterGame\Source\CoopShooterGame\Private\STrackerBot.cpp(217) : error C2451: conditional expression of type 'TArray<AActor *,FDefaultAllocator>' is illegal
[2018.11.30-02.54.02:721][667]CompilerResultsLog: Error: C:\Users\Tyler\Desktop\Repository_Files\UnrealMasteryCourseUdemy\CoopShooterGame\Source\CoopShooterGame\Private\STrackerBot.cpp(217) : note: No user-defined-conversion operator available that can perform this conversion, or the operator cannot be called
[2018.11.30-02.54.02:721][667]CompilerResultsLog: ERROR: UBT ERROR: Failed to produce item: C:\Users\Tyler\Desktop\Repository_Files\UnrealMasteryCourseUdemy\CoopShooterGame\Binaries\Win64\UE4Editor-CoopShooterGame-1839.dll
[2018.11.30-02.54.02:721][667]CompilerResultsLog: Total build time: 9.84 seconds (Local executor: 0.00 seconds)
[2018.11.30-02.54.02:721][667]LogMainFrame: MainFrame: Module compiling took 10.033 seconds
[2018.11.30-02.54.02:722][667]Warning: HotReload failed, recompile failed
[2018.11.30-02.55.09:209][475]LogEditor: Attempting to add actor of class 'STrackerBot' to level at -2630.00,934.00,417.00
[2018.11.30-02.55.10:131][584]LogEditor: Attempting to add actor of class 'STrackerBot' to level at -914.00,334.00,32.00
[2018.11.30-02.55.11:799][779]LogSlate: FSceneViewport::OnFocusLost() reason 0
[2018.11.30-02.55.11:933][791]LogEditor: Attempting to add actor of class 'STrackerBot' to level at -2637.00,992.00,417.00
[2018.11.30-02.55.13:102][930]LogEditor: Attempting to add actor of class 'STrackerBot' to level at -913.00,405.00,32.00
[2018.11.30-02.55.17:388][423]LogSlate: FSceneViewport::OnFocusLost() reason 0
[2018.11.30-02.55.17:642][439]LogVSAccessor: Warning: Couldn't goto line number '1' in 'C:/Users/Tyler/Desktop/Repository_Files/UnrealMasteryCourseUdemy/CoopShooterGame/Source/CoopShooterGame/Public/STrackerBot.h'
[2018.11.30-02.55.17:686][439]LogVSAccessor: Warning: Couldn't goto line number '1' in 'C:/Users/Tyler/Desktop/Repository_Files/UnrealMasteryCourseUdemy/CoopShooterGame/Source/CoopShooterGame/Private/STrackerBot.cpp'
[2018.11.30-02.55.28:869][ 32]LogEditorActor: Deleted Actor: STrackerBot
[2018.11.30-02.55.28:869][ 32]LogEditorActor: Deleted Actor: STrackerBot
[2018.11.30-02.55.28:877][ 32]LogEditorActor: Deleted 2 Actors (0.010 secs)
[2018.11.30-02.55.37:460][ 48]LogUObjectGlobals: Created PersistentFrame Addr=0x000001e9184992e0, Size=28, Default__TrackerBot_C Function /Game/TrackerBot/TrackerBot.TrackerBot_C:ExecuteUbergraph_TrackerBot
[2018.11.30-02.55.37:461][ 48]LogUObjectGlobals: Destroyed PersistentFrame Addr=0x000001e9184992e0, Size=28
[2018.11.30-02.55.37:461][ 48]LogUObjectGlobals: Created PersistentFrame Addr=0x000001e9184992e0, Size=28, Default__TrackerBot_C Function /Engine/Transient.REINST_TrackerBot_C_14:ExecuteUbergraph_TrackerBot
[2018.11.30-02.55.37:463][ 48]LogUObjectGlobals: Created PersistentFrame Addr=0x000001e9188f5800, Size=28, Default__TrackerBot_C Function /Game/TrackerBot/TrackerBot.TrackerBot_C:ExecuteUbergraph_TrackerBot
[2018.11.30-02.55.49:258][434]LogSlate: FSceneViewport::OnFocusLost() reason 0
[2018.11.30-02.55.49:358][446]LogTemp: Repeating last play command: New Editor Window (PIE)
[2018.11.30-02.55.49:376][446]LogBlueprintUserMessages: Early PlayInEditor Detection: Level '/Game/StarterContent/Maps/Minimal_Default.Minimal_Default:PersistentLevel' has LevelScriptBlueprint '/Game/StarterContent/Maps/Minimal_Default.Minimal_Default:PersistentLevel.Minimal_Default' with GeneratedClass '/Game/StarterContent/Maps/Minimal_Default.Minimal_Default_C' with ClassGeneratedBy '/Game/StarterContent/Maps/Minimal_Default.Minimal_Default:PersistentLevel.Minimal_Default'
[2018.11.30-02.55.49:377][446]LogPlayLevel: PlayLevel: No blueprints needed recompiling
[2018.11.30-02.55.49:377][446]PIE: New page: PIE session: Minimal_Default (Nov 29, 2018, 2:55:49 PM)
[2018.11.30-02.55.49:377][446]LogPlayLevel: Creating play world package: /Game/StarterContent/Maps/UEDPIE_1_Minimal_Default
[2018.11.30-02.55.49:384][446]LogPlayLevel: PIE: StaticDuplicateObject took: (0.007519s)
[2018.11.30-02.55.49:385][446]LogAIModule: Creating AISystem for world Minimal_Default
[2018.11.30-02.55.49:385][446]LogPlayLevel: PIE: World Init took: (0.000559s)
[2018.11.30-02.55.49:385][446]LogPlayLevel: PIE: Created PIE world by copying editor world from /Game/StarterContent/Maps/Minimal_Default.Minimal_Default to /Game/StarterContent/Maps/UEDPIE_1_Minimal_Default.Minimal_Default (0.008225s)
[2018.11.30-02.55.49:393][446]LogUObjectGlobals: Destroyed PersistentFrame Addr=0x000001e9184992e0, Size=28
[2018.11.30-02.55.49:406][446]LogLoad: Game class is 'BP_TestGameMode_C'
[2018.11.30-02.55.49:408][446]LogWorld: Bringing World /Game/StarterContent/Maps/UEDPIE_1_Minimal_Default.Minimal_Default up for play (max tick rate 0) at 2018.11.29-20.55.49
[2018.11.30-02.55.49:409][446]LogWorld: Bringing up level for play took: 0.001943
[2018.11.30-02.55.49:409][446]LogTemp: Display: ParseSettings for GameNetDriver
[2018.11.30-02.55.49:409][446]LogTemp: Display: ParseSettings for IpNetDriver_0
[2018.11.30-02.55.49:409][446]LogTemp: Display: ParseSettings for GameNetDriver
[2018.11.30-02.55.49:409][446]LogInit: WinSock: Socket queue 131072 / 131072
[2018.11.30-02.55.49:410][446]PacketHandlerLog: Loaded PacketHandler component: Engine.EngineHandlerComponentFactory (StatelessConnectHandlerComponent)
[2018.11.30-02.55.49:410][446]LogNet: GameNetDriver IpNetDriver_0 IpNetDriver listening on port 17777
[2018.11.30-02.55.49:410][446]LogTemp: POWER: 0.0
[2018.11.30-02.55.49:410][446]LogTemp: POWER: 0.0
[2018.11.30-02.55.49:410][446]PIE: Play in editor start time for /Game/StarterContent/Maps/UEDPIE_1_Minimal_Default -0.136
[2018.11.30-02.55.49:437][446]PIE: New page: PIE session: Minimal_Default (Nov 29, 2018, 2:55:49 PM)
[2018.11.30-02.55.49:460][446]LogInit: XAudio2 using 'MStar Demo (NVIDIA High Definition Audio)' : 2 channels at 48 kHz using 16 bits per sample (channel mask 0x3)
[2018.11.30-02.55.49:468][446]LogInit: FAudioDevice initialized.
[2018.11.30-02.55.49:615][446]LogNet: Browse: 127.0.0.1:17777//Game/StarterContent/Maps/Minimal_Default
[2018.11.30-02.55.49:616][446]LogTemp: Display: ParseSettings for GameNetDriver
[2018.11.30-02.55.49:616][446]LogTemp: Display: ParseSettings for IpNetDriver_1
[2018.11.30-02.55.49:616][446]LogTemp: Display: ParseSettings for PendingNetDriver
[2018.11.30-02.55.49:616][446]LogInit: WinSock: Socket queue 32768 / 32768
[2018.11.30-02.55.49:616][446]PacketHandlerLog: Loaded PacketHandler component: Engine.EngineHandlerComponentFactory (StatelessConnectHandlerComponent)
[2018.11.30-02.55.49:616][446]LogNet: Game client on port 17777, rate 10000
[2018.11.30-02.55.49:620][446]PIE: Play in editor start time for /Game/StarterContent/Maps/Minimal_Default 0.074
[2018.11.30-02.55.49:644][446]PIE: New page: PIE session: Minimal_Default (Nov 29, 2018, 2:55:49 PM)
[2018.11.30-02.55.49:676][446]LogSlate: FSceneViewport::OnFocusLost() reason 2
[2018.11.30-02.55.49:760][446]LogNet: Browse: 127.0.0.1:17777//Game/StarterContent/Maps/Minimal_Default
[2018.11.30-02.55.49:760][446]LogTemp: Display: ParseSettings for GameNetDriver
[2018.11.30-02.55.49:760][446]LogTemp: Display: ParseSettings for IpNetDriver_2
[2018.11.30-02.55.49:760][446]LogTemp: Display: ParseSettings for PendingNetDriver
[2018.11.30-02.55.49:761][446]LogInit: WinSock: Socket queue 32768 / 32768
[2018.11.30-02.55.49:761][446]PacketHandlerLog: Loaded PacketHandler component: Engine.EngineHandlerComponentFactory (StatelessConnectHandlerComponent)
[2018.11.30-02.55.49:761][446]LogNet: Game client on port 17777, rate 10000
[2018.11.30-02.55.49:765][446]PIE: Play in editor start time for /Game/StarterContent/Maps/Minimal_Default 0.219
[2018.11.30-02.55.49:796][446]LogBlueprintUserMessages: Late PlayInEditor Detection: Level '/Game/StarterContent/Maps/Minimal_Default.Minimal_Default:PersistentLevel' has LevelScriptBlueprint '/Game/StarterContent/Maps/Minimal_Default.Minimal_Default:PersistentLevel.Minimal_Default' with GeneratedClass '/Game/StarterContent/Maps/Minimal_Default.Minimal_Default_C' with ClassGeneratedBy '/Game/StarterContent/Maps/Minimal_Default.Minimal_Default:PersistentLevel.Minimal_Default'
[2018.11.30-02.55.49:796][446]LogNet: NotifyAcceptingConnection accepted from: 127.0.0.1:58965
[2018.11.30-02.55.49:796][446]LogHandshake: SendConnectChallenge. Timestamp: 0.008334, Cookie: 200013126161037180085207185176197037007100009183157051183016
[2018.11.30-02.55.49:796][446]LogNet: NotifyAcceptingConnection accepted from: 127.0.0.1:58966
[2018.11.30-02.55.49:796][446]LogHandshake: SendConnectChallenge. Timestamp: 0.008334, Cookie: 146218004159059164028251202088254110130106127057207133214135
[2018.11.30-02.55.49:819][446]LogHandshake: SendChallengeResponse. Timestamp: 0.008334, Cookie: 200013126161037180085207185176197037007100009183157051183016
[2018.11.30-02.55.49:820][446]LogHandshake: SendChallengeResponse. Timestamp: 0.008334, Cookie: 146218004159059164028251202088254110130106127057207133214135
[2018.11.30-02.55.49:894][447]LogNet: NotifyAcceptingConnection accepted from: 127.0.0.1:58965
[2018.11.30-02.55.49:894][447]LogHandshake: SendChallengeAck. InCookie: 200013126161037180085207185176197037007100009183157051183016
[2018.11.30-02.55.49:895][447]LogNet: Server accepting post-challenge connection from: 127.0.0.1:58965
[2018.11.30-02.55.49:895][447]PacketHandlerLog: Loaded PacketHandler component: Engine.EngineHandlerComponentFactory (StatelessConnectHandlerComponent)
[2018.11.30-02.55.49:895][447]LogNet: NotifyAcceptedConnection: Name: Minimal_Default, TimeStamp: 11/29/18 20:55:49, [UNetConnection] RemoteAddr: 127.0.0.1:58965, Name: IpConnection_2, Driver: GameNetDriver IpNetDriver_0, IsServer: YES, PC: NULL, Owner: NULL, UniqueId: INVALID
[2018.11.30-02.55.49:895][447]LogNet: AddClientConnection: Added client connection: [UNetConnection] RemoteAddr: 127.0.0.1:58965, Name: IpConnection_2, Driver: GameNetDriver IpNetDriver_0, IsServer: YES, PC: NULL, Owner: NULL, UniqueId: INVALID
[2018.11.30-02.55.49:895][447]LogNet: NotifyAcceptingConnection accepted from: 127.0.0.1:58966
[2018.11.30-02.55.49:895][447]LogHandshake: SendChallengeAck. InCookie: 146218004159059164028251202088254110130106127057207133214135
[2018.11.30-02.55.49:895][447]LogNet: Server accepting post-challenge connection from: 127.0.0.1:58966
[2018.11.30-02.55.49:895][447]PacketHandlerLog: Loaded PacketHandler component: Engine.EngineHandlerComponentFactory (StatelessConnectHandlerComponent)
[2018.11.30-02.55.49:895][447]LogNet: NotifyAcceptedConnection: Name: Minimal_Default, TimeStamp: 11/29/18 20:55:49, [UNetConnection] RemoteAddr: 127.0.0.1:58966, Name: IpConnection_3, Driver: GameNetDriver IpNetDriver_0, IsServer: YES, PC: NULL, Owner: NULL, UniqueId: INVALID
[2018.11.30-02.55.49:895][447]LogNet: AddClientConnection: Added client connection: [UNetConnection] RemoteAddr: 127.0.0.1:58966, Name: IpConnection_3, Driver: GameNetDriver IpNetDriver_0, IsServer: YES, PC: NULL, Owner: NULL, UniqueId: INVALID
[2018.11.30-02.55.49:895][447]LogTemp: POWER: 0.0
[2018.11.30-02.55.49:896][447]LogTemp: POWER: 0.0
[2018.11.30-02.55.49:896][447]LogTemp: POWER: 0.0
[2018.11.30-02.55.49:896][447]LogTemp: POWER: 0.0
[2018.11.30-02.55.49:896][447]LogTemp: POWER: 0.0
[2018.11.30-02.55.49:896][447]LogTemp: POWER: 0.0
[2018.11.30-02.55.49:896][447]LogTemp: POWER: 0.0
[2018.11.30-02.55.49:896][447]LogTemp: POWER: 0.0
[2018.11.30-02.55.49:896][447]LogTemp: POWER: 0.0
[2018.11.30-02.55.49:896][447]LogTemp: POWER: 0.0
[2018.11.30-02.55.49:896][447]LogTemp: POWER: 0.0
[2018.11.30-02.55.49:896][447]LogTemp: POWER: 0.0
[2018.11.30-02.55.49:896][447]LogTemp: POWER: 0.0
[2018.11.30-02.55.49:896][447]LogTemp: POWER: 0.0
[2018.11.30-02.55.49:896][447]LogTemp: POWER: 0.0
[2018.11.30-02.55.49:896][447]LogTemp: POWER: 0.0
[2018.11.30-02.55.49:896][447]LogTemp: POWER: 0.0
[2018.11.30-02.55.49:896][447]LogTemp: POWER: 0.0
[2018.11.30-02.55.49:896][447]LogNetVersion: CoopShooterGame 1.0.0.0, NetCL: 3944462, EngineNetVer: 2, GameNetVer: 0 (Checksum: 2967099854)
[2018.11.30-02.55.49:896][447]LogNet: UPendingNetGame::SendInitialJoin: Sending hello. [UNetConnection] RemoteAddr: 127.0.0.1:17777, Name: IpConnection_0, Driver: PendingNetDriver IpNetDriver_1, IsServer: NO, PC: NULL, Owner: NULL, UniqueId: INVALID
[2018.11.30-02.55.49:896][447]LogNet: UPendingNetGame::SendInitialJoin: Sending hello. [UNetConnection] RemoteAddr: 127.0.0.1:17777, Name: IpConnection_1, Driver: PendingNetDriver IpNetDriver_2, IsServer: NO, PC: NULL, Owner: NULL, UniqueId: INVALID
[2018.11.30-02.55.49:908][448]LogNet: NotifyAcceptingChannel Control 0 server World /Game/StarterContent/Maps/UEDPIE_1_Minimal_Default.Minimal_Default: Accepted
[2018.11.30-02.55.49:908][448]LogNet: Remote platform little endian=1
[2018.11.30-02.55.49:908][448]LogNet: This platform little endian=1
[2018.11.30-02.55.49:908][448]LogNet: NotifyAcceptingChannel Control 0 server World /Game/StarterContent/Maps/UEDPIE_1_Minimal_Default.Minimal_Default: Accepted
[2018.11.30-02.55.49:908][448]LogNet: Remote platform little endian=1
[2018.11.30-02.55.49:908][448]LogNet: This platform little endian=1
[2018.11.30-02.55.49:916][449]LogNet: Login request: /Game/StarterContent/Maps/Minimal_Default userId: Invalid
[2018.11.30-02.55.49:916][449]LogNet: Login request: /Game/StarterContent/Maps/Minimal_Default userId: Invalid
[2018.11.30-02.55.49:917][449]LogNet: Welcomed by server (Level: /Game/StarterContent/Maps/UEDPIE_1_Minimal_Default, Game: /Game/BluePrints/BP_TestGameMode.BP_TestGameMode_C)
[2018.11.30-02.55.49:917][449]LogLoad: LoadMap: 127.0.0.1:17777//Game/StarterContent/Maps/UEDPIE_1_Minimal_Default?game=/Game/BluePrints/BP_TestGameMode.BP_TestGameMode_C
[2018.11.30-02.55.49:933][449]LogAIModule: Creating AISystem for world Minimal_Default
[2018.11.30-02.55.49:933][449]LogTemp: Display: ParseSettings for GameNetDriver
[2018.11.30-02.55.49:935][449]LogWorld: Bringing World /Game/StarterContent/Maps/UEDPIE_2_Minimal_Default.Minimal_Default up for play (max tick rate 0) at 2018.11.29-20.55.49
[2018.11.30-02.55.49:935][449]LogWorld: Bringing up level for play took: 0.001666
[2018.11.30-02.55.49:936][449]LogLoad: Took 0.018148 seconds to LoadMap(/Game/StarterContent/Maps/UEDPIE_1_Minimal_Default)
[2018.11.30-02.55.49:936][449]LogNet: Welcomed by server (Level: /Game/StarterContent/Maps/UEDPIE_1_Minimal_Default, Game: /Game/BluePrints/BP_TestGameMode.BP_TestGameMode_C)
[2018.11.30-02.55.49:945][449]LogLoad: LoadMap: 127.0.0.1:17777//Game/StarterContent/Maps/UEDPIE_1_Minimal_Default?game=/Game/BluePrints/BP_TestGameMode.BP_TestGameMode_C
[2018.11.30-02.55.49:959][449]LogAIModule: Creating AISystem for world Minimal_Default
[2018.11.30-02.55.49:959][449]LogTemp: Display: ParseSettings for GameNetDriver
[2018.11.30-02.55.49:962][449]LogWorld: Bringing World /Game/StarterContent/Maps/UEDPIE_3_Minimal_Default.Minimal_Default up for play (max tick rate 0) at 2018.11.29-20.55.49
[2018.11.30-02.55.49:962][449]LogWorld: Bringing up level for play took: 0.001670
[2018.11.30-02.55.49:962][449]LogLoad: Took 0.017546 seconds to LoadMap(/Game/StarterContent/Maps/UEDPIE_1_Minimal_Default)
[2018.11.30-02.55.49:978][450]LogRenderer: Reallocating scene render targets to support 1280x720 Format 10 NumSamples 1 (Frame:1).
[2018.11.30-02.55.49:993][450]LogNet: Client netspeed is 10000
[2018.11.30-02.55.49:993][450]LogNet: Join request: /Game/StarterContent/Maps/Minimal_Default?SplitscreenCount=1
[2018.11.30-02.55.49:995][450]LogNet: Join succeeded: 256
[2018.11.30-02.55.49:995][450]LogNet: Client netspeed is 10000
[2018.11.30-02.55.49:995][450]LogNet: Join request: /Game/StarterContent/Maps/Minimal_Default?SplitscreenCount=1
[2018.11.30-02.55.49:996][450]LogNet: Join succeeded: 257
[2018.11.30-02.55.49:997][450]LogTemp: POWER: 0.0
[2018.11.30-02.55.49:997][450]LogTemp: POWER: 0.0
[2018.11.30-02.55.50:009][451]LogTemp: POWER: 0.0
[2018.11.30-02.55.50:009][451]LogTemp: POWER: 0.0
[2018.11.30-02.55.50:011][451]LogTemp: Trackerbot Hit: Health 100.0 for pawn: TrackerBot_94
[2018.11.30-02.55.50:012][451]LogTemp: Trackerbot Hit: Health 100.0 for pawn: TrackerBot2
[2018.11.30-02.55.50:012][451]LogTemp: Trackerbot Hit: Health 100.0 for pawn: TrackerBot_94
[2018.11.30-02.55.50:031][453]LogTemp: Trackerbot Hit: Health 100.0 for pawn: TrackerBot2
[2018.11.30-02.55.50:052][455]LogTemp: POWER: 0.0
[2018.11.30-02.55.50:052][455]LogTemp: POWER: 0.0
[2018.11.30-02.55.50:098][460]LogTemp: POWER: 0.0
[2018.11.30-02.55.50:098][460]LogTemp: POWER: 0.0
[2018.11.30-02.55.50:148][466]LogTemp: POWER: 0.0
[2018.11.30-02.55.50:148][466]LogTemp: POWER: 0.0
[2018.11.30-02.55.50:198][472]LogTemp: POWER: 0.0
[2018.11.30-02.55.50:198][472]LogTemp: POWER: 0.0
[2018.11.30-02.55.50:200][472]LogTemp: POWER: 0.0
[2018.11.30-02.55.50:200][472]LogTemp: POWER: 0.0
[2018.11.30-02.55.50:209][473]LogTemp: POWER: 0.0
[2018.11.30-02.55.50:911][473]LogWindows: Error: === Critical error: ===
[2018.11.30-02.55.50:911][473]LogWindows: Error: 
[2018.11.30-02.55.50:911][473]LogWindows: Error: Fatal error!
[2018.11.30-02.55.50:911][473]LogWindows: Error: 
[2018.11.30-02.55.50:911][473]LogWindows: Error: Unhandled Exception: EXCEPTION_ACCESS_VIOLATION reading address 0x00000050
[2018.11.30-02.55.50:911][473]LogWindows: Error: 
[2018.11.30-02.55.50:911][473]LogWindows: Error: [Callstack] 0x00000000FF25B402 UE4Editor-CoopShooterGame.dll!ASTrackerBot::getNextPathPoint() [c:\users\tyler\desktop\repository_files\unrealmasterycourseudemy\coopshootergame\source\coopshootergame\private\strackerbot.cpp:85]
[2018.11.30-02.55.50:911][473]LogWindows: Error: [Callstack] 0x00000000FF25B333 UE4Editor-CoopShooterGame.dll!ASTrackerBot::findNextPathPoint() [c:\users\tyler\desktop\repository_files\unrealmasterycourseudemy\coopshootergame\source\coopshootergame\private\strackerbot.cpp:73]
[2018.11.30-02.55.50:911][473]LogWindows: Error: [Callstack] 0x0000000014CD911F UE4Editor-Engine.dll!UnknownFunction []
[2018.11.30-02.55.50:911][473]LogWindows: Error: [Callstack] 0x0000000014D0E9EC UE4Editor-Engine.dll!UnknownFunction []
[2018.11.30-02.55.50:911][473]LogWindows: Error: [Callstack] 0x0000000014568363 UE4Editor-Engine.dll!UnknownFunction []
[2018.11.30-02.55.50:911][473]LogWindows: Error: [Callstack] 0x000000001270D781 UE4Editor-UnrealEd.dll!UnknownFunction []
[2018.11.30-02.55.50:911][473]LogWindows: Error: [Callstack] 0x0000000012FA9626 UE4Editor-UnrealEd.dll!UnknownFunction []
[2018.11.30-02.55.50:911][473]LogWindows: Error: [Callstack] 0x00000000A7DE5EAC UE4Editor.exe!UnknownFunction []
[2018.11.30-02.55.50:911][473]LogWindows: Error: [Callstack] 0x00000000A7DF6BD0 UE4Editor.exe!UnknownFunction []
[2018.11.30-02.55.50:911][473]LogWindows: Error: [Callstack] 0x00000000A7DF6C4A UE4Editor.exe!UnknownFunction []
[2018.11.30-02.55.50:911][473]LogWindows: Error: [Callstack] 0x00000000A7E04177 UE4Editor.exe!UnknownFunction []
[2018.11.30-02.55.50:911][473]LogWindows: Error: [Callstack] 0x00000000A7E05B87 UE4Editor.exe!UnknownFunction []
[2018.11.30-02.55.50:911][473]LogWindows: Error: [Callstack] 0x0000000063643034 KERNEL32.DLL!UnknownFunction []
[2018.11.30-02.55.50:911][473]LogWindows: Error: [Callstack] 0x0000000065CA1471 ntdll.dll!UnknownFunction []
[2018.11.30-02.55.50:911][473]LogWindows: Error: [Callstack] 0x0000000065CA1471 ntdll.dll!UnknownFunction []
[2018.11.30-02.55.50:911][473]LogWindows: Error: 
[2018.11.30-02.55.50:923][473]LogExit: Executing StaticShutdownAfterError
[2018.11.30-02.55.50:926][473]LogWindows: FPlatformMisc::RequestExit(1)
[2018.11.30-02.55.50:926][473]Log file closed, 11/29/18 20:55:50
