Log file open, 11/28/18 01:11:07
LogWindows: Failed to load 'aqProf.dll' (GetLastError=126)
LogWindows: File 'aqProf.dll' does not exist
LogWindows: Failed to load 'VtuneApi.dll' (GetLastError=126)
LogWindows: File 'VtuneApi.dll' does not exist
LogWindows: Failed to load 'VtuneApi32e.dll' (GetLastError=126)
LogWindows: File 'VtuneApi32e.dll' does not exist
LogInit: Display: Running engine for game: CoopShooterGame
LogPlatformFile: Not using cached read wrapper
LogInit: Display: RandInit(904664467) SRandInit(904664468).
LogInit: Read version file with build ID '3944462'
LogInit: Overriding engine version to CL 4033788, compatible CL 3944462
LogInit: Registered custom module enumerator with build ID '3944462'
LogTaskGraph: Started task graph with 5 named threads and 35 total threads with 3 sets of task threads.
LogStats: Stats thread started at 0.412226
LogD3D11RHI: Aftermath initialized
LogICUInternationalization: Display: ICU TimeZone Detection - Raw Offset: -6:00, Platform Override: ''
LogPluginManager: Mounting plugin Paper2D
LogPluginManager: Mounting plugin LiveLink
LogPluginManager: Mounting plugin LightPropagationVolume
LogPluginManager: Mounting plugin CLionSourceCodeAccess
LogPluginManager: Mounting plugin CodeLiteSourceCodeAccess
LogPluginManager: Mounting plugin GitSourceControl
LogPluginManager: Mounting plugin KDevelopSourceCodeAccess
LogPluginManager: Mounting plugin NullSourceCodeAccess
LogPluginManager: Mounting plugin PerforceSourceControl
LogPluginManager: Mounting plugin SubversionSourceControl
LogPluginManager: Mounting plugin UObjectPlugin
LogPluginManager: Mounting plugin VisualStudioCodeSourceCodeAccess
LogPluginManager: Mounting plugin VisualStudioSourceCodeAccess
LogPluginManager: Mounting plugin XCodeSourceCodeAccess
LogPluginManager: Mounting plugin AssetManagerEditor
LogPluginManager: Mounting plugin CryptoKeys
LogPluginManager: Mounting plugin DataValidation
LogPluginManager: Mounting plugin FacialAnimation
LogPluginManager: Mounting plugin GameplayTagsEditor
LogPluginManager: Mounting plugin MobileLauncherProfileWizard
LogPluginManager: Mounting plugin PluginBrowser
LogPluginManager: Mounting plugin SpeedTreeImporter
LogPluginManager: Mounting plugin DatasmithContent
LogPluginManager: Mounting plugin AlembicImporter
LogPluginManager: Mounting plugin CharacterAI
LogPluginManager: Mounting plugin HTML5Networking
LogPluginManager: Mounting plugin AndroidMedia
LogPluginManager: Mounting plugin AvfMedia
LogPluginManager: Mounting plugin ImgMedia
LogPluginManager: Mounting plugin LinearTimecode
LogPluginManager: Mounting plugin MediaCompositing
LogPluginManager: Mounting plugin MediaPlayerEditor
LogPluginManager: Mounting plugin WmfMedia
LogPluginManager: Mounting plugin TcpMessaging
LogPluginManager: Mounting plugin UdpMessaging
LogPluginManager: Mounting plugin ActorSequence
LogPluginManager: Mounting plugin LevelSequenceEditor
LogPluginManager: Mounting plugin MatineeToLevelSequence
LogPluginManager: Mounting plugin NetcodeUnitTest
LogPluginManager: Mounting plugin NUTUnrealEngine4
LogPluginManager: Mounting plugin OnlineSubsystemGooglePlay
LogPluginManager: Mounting plugin OnlineSubsystemIOS
LogPluginManager: Mounting plugin OnlineSubsystem
LogPluginManager: Mounting plugin OnlineSubsystemNull
LogPluginManager: Mounting plugin OnlineSubsystemUtils
LogPluginManager: Mounting plugin AndroidDeviceProfileSelector
LogPluginManager: Mounting plugin AndroidMoviePlayer
LogPluginManager: Mounting plugin AndroidPermission
LogPluginManager: Mounting plugin AppleARKit
LogPluginManager: Mounting plugin AppleMoviePlayer
LogPluginManager: Mounting plugin ArchVisCharacter
LogPluginManager: Mounting plugin AudioCapture
LogPluginManager: Mounting plugin CableComponent
LogPluginManager: Mounting plugin CustomMeshComponent
LogPluginManager: Mounting plugin ExampleDeviceProfileSelector
LogPluginManager: Mounting plugin GoogleCloudMessaging
LogPluginManager: Mounting plugin ImmediatePhysics
LogPluginManager: Mounting plugin IOSDeviceProfileSelector
LogPluginManager: Mounting plugin LinuxDeviceProfileSelector
LogPluginManager: Mounting plugin LocationServicesBPLibrary
LogPluginManager: Mounting plugin MobilePatchingUtils
LogPluginManager: Mounting plugin OculusVR
LogPluginManager: Plugin shader directory ../../../Engine/Plugins/Runtime/Oculus/OculusVR/Shaders found
LogPluginManager: Mapping shader source directory ../../../Engine/Plugins/Runtime/Oculus/OculusVR/Shaders to virtual directory /Plugin/OculusVR
LogPluginManager: Mounting plugin PhysXVehicles
LogPluginManager: Mounting plugin ProceduralMeshComponent
LogPluginManager: Mounting plugin RuntimePhysXCooking
LogPluginManager: Mounting plugin SteamVR
LogPluginManager: Mounting plugin WindowsMoviePlayer
LogStreaming: Display: Took  0.094s to configure plugins.
LogModuleManager: Display: Found up-to-date module file ../../../../../../Users/Tyler/Desktop/Repository_Files/UnrealMasteryCourseUdemy/CoopShooterGame/Binaries/Win64/UE4Editor-CoopShooterGame-9129.dll (API version 3944462).
LogModuleManager: Display: Found up-to-date module file ../../../Engine/Plugins/2D/Paper2D/Binaries/Win64/UE4Editor-Paper2D.dll (API version 3944462).
LogModuleManager: Display: Found up-to-date module file ../../../Engine/Plugins/2D/Paper2D/Binaries/Win64/UE4Editor-Paper2DEditor.dll (API version 3944462).
LogModuleManager: Display: Found up-to-date module file ../../../Engine/Plugins/2D/Paper2D/Binaries/Win64/UE4Editor-PaperSpriteSheetImporter.dll (API version 3944462).
LogModuleManager: Display: Found up-to-date module file ../../../Engine/Plugins/2D/Paper2D/Binaries/Win64/UE4Editor-PaperTiledImporter.dll (API version 3944462).
LogModuleManager: Display: Found up-to-date module file ../../../Engine/Plugins/2D/Paper2D/Binaries/Win64/UE4Editor-SmartSnapping.dll (API version 3944462).
LogModuleManager: Display: Found up-to-date module file ../../../Engine/Plugins/Animation/LiveLink/Binaries/Win64/UE4Editor-LiveLink.dll (API version 3944462).
LogModuleManager: Display: Found up-to-date module file ../../../Engine/Plugins/Animation/LiveLink/Binaries/Win64/UE4Editor-LiveLinkEditor.dll (API version 3944462).
LogModuleManager: Display: Found up-to-date module file ../../../Engine/Plugins/Blendables/LightPropagationVolume/Binaries/Win64/UE4Editor-LightPropagationVolumeRuntime.dll (API version 3944462).
LogModuleManager: Display: Found up-to-date module file ../../../Engine/Plugins/Blendables/LightPropagationVolume/Binaries/Win64/UE4Editor-LightPropagationVolumeEditor.dll (API version 3944462).
LogModuleManager: Display: Found up-to-date module file ../../../Engine/Plugins/Developer/CLionSourceCodeAccess/Binaries/Win64/UE4Editor-CLionSourceCodeAccess.dll (API version 3944462).
LogModuleManager: Display: Found up-to-date module file ../../../Engine/Plugins/Developer/GitSourceControl/Binaries/Win64/UE4Editor-GitSourceControl.dll (API version 3944462).
LogModuleManager: Display: Found up-to-date module file ../../../Engine/Plugins/Developer/PerforceSourceControl/Binaries/Win64/UE4Editor-PerforceSourceControl.dll (API version 3944462).
LogModuleManager: Display: Found up-to-date module file ../../../Engine/Plugins/Developer/SubversionSourceControl/Binaries/Win64/UE4Editor-SubversionSourceControl.dll (API version 3944462).
LogModuleManager: Display: Found up-to-date module file ../../../Engine/Plugins/Developer/UObjectPlugin/Binaries/Win64/UE4Editor-UObjectPlugin.dll (API version 3944462).
LogModuleManager: Display: Found up-to-date module file ../../../Engine/Plugins/Developer/VisualStudioCodeSourceCodeAccess/Binaries/Win64/UE4Editor-VisualStudioCodeSourceCodeAccess.dll (API version 3944462).
LogModuleManager: Display: Found up-to-date module file ../../../Engine/Plugins/Developer/VisualStudioSourceCodeAccess/Binaries/Win64/UE4Editor-VisualStudioSourceCodeAccess.dll (API version 3944462).
LogModuleManager: Display: Found up-to-date module file ../../../Engine/Plugins/Editor/AssetManagerEditor/Binaries/Win64/UE4Editor-AssetManagerEditor.dll (API version 3944462).
LogModuleManager: Display: Found up-to-date module file ../../../Engine/Plugins/Editor/CryptoKeys/Binaries/Win64/UE4Editor-CryptoKeys.dll (API version 3944462).
LogModuleManager: Display: Found up-to-date module file ../../../Engine/Plugins/Editor/CryptoKeys/Binaries/Win64/UE4Editor-CryptoKeysOpenSSL.dll (API version 3944462).
LogModuleManager: Display: Found up-to-date module file ../../../Engine/Plugins/Editor/DataValidation/Binaries/Win64/UE4Editor-DataValidation.dll (API version 3944462).
LogModuleManager: Display: Found up-to-date module file ../../../Engine/Plugins/Editor/FacialAnimation/Binaries/Win64/UE4Editor-FacialAnimation.dll (API version 3944462).
LogModuleManager: Display: Found up-to-date module file ../../../Engine/Plugins/Editor/FacialAnimation/Binaries/Win64/UE4Editor-FacialAnimationEditor.dll (API version 3944462).
LogModuleManager: Display: Found up-to-date module file ../../../Engine/Plugins/Editor/GameplayTagsEditor/Binaries/Win64/UE4Editor-GameplayTagsEditor.dll (API version 3944462).
LogModuleManager: Display: Found up-to-date module file ../../../Engine/Plugins/Editor/MobileLauncherProfileWizard/Binaries/Win64/UE4Editor-MobileLauncherProfileWizard.dll (API version 3944462).
LogModuleManager: Display: Found up-to-date module file ../../../Engine/Plugins/Editor/PluginBrowser/Binaries/Win64/UE4Editor-PluginBrowser.dll (API version 3944462).
LogModuleManager: Display: Found up-to-date module file ../../../Engine/Plugins/Editor/SpeedTreeImporter/Binaries/Win64/UE4Editor-SpeedTreeImporter.dll (API version 3944462).
LogModuleManager: Display: Found up-to-date module file ../../../Engine/Plugins/Enterprise/DatasmithContent/Binaries/Win64/UE4Editor-DatasmithContent.dll (API version 3944462).
LogModuleManager: Display: Found up-to-date module file ../../../Engine/Plugins/Experimental/AlembicImporter/Binaries/Win64/UE4Editor-AlembicImporter.dll (API version 3944462).
LogModuleManager: Display: Found up-to-date module file ../../../Engine/Plugins/Experimental/AlembicImporter/Binaries/Win64/UE4Editor-AlembicLibrary.dll (API version 3944462).
LogModuleManager: Display: Found up-to-date module file ../../../Engine/Plugins/Experimental/CharacterAI/Binaries/Win64/UE4Editor-CharacterAI.dll (API version 3944462).
LogModuleManager: Display: Found up-to-date module file ../../../Engine/Plugins/Experimental/HTML5Networking/Binaries/Win64/UE4Editor-HTML5Networking.dll (API version 3944462).
LogModuleManager: Display: Found up-to-date module file ../../../Engine/Plugins/Media/AndroidMedia/Binaries/Win64/UE4Editor-AndroidMediaEditor.dll (API version 3944462).
LogModuleManager: Display: Found up-to-date module file ../../../Engine/Plugins/Media/AndroidMedia/Binaries/Win64/UE4Editor-AndroidMediaFactory.dll (API version 3944462).
LogModuleManager: Display: Found up-to-date module file ../../../Engine/Plugins/Media/AvfMedia/Binaries/Win64/UE4Editor-AvfMediaEditor.dll (API version 3944462).
LogModuleManager: Display: Found up-to-date module file ../../../Engine/Plugins/Media/AvfMedia/Binaries/Win64/UE4Editor-AvfMediaFactory.dll (API version 3944462).
LogModuleManager: Display: Found up-to-date module file ../../../Engine/Plugins/Media/AvfMedia/Binaries/Win64/UE4Editor-AvfMediaFactory.dll (API version 3944462).
LogModuleManager: Display: Found up-to-date module file ../../../Engine/Plugins/Media/ImgMedia/Binaries/Win64/UE4Editor-ImgMedia.dll (API version 3944462).
LogModuleManager: Display: Found up-to-date module file ../../../Engine/Plugins/Media/ImgMedia/Binaries/Win64/UE4Editor-ImgMediaEditor.dll (API version 3944462).
LogModuleManager: Display: Found up-to-date module file ../../../Engine/Plugins/Media/ImgMedia/Binaries/Win64/UE4Editor-ImgMediaFactory.dll (API version 3944462).
LogModuleManager: Display: Found up-to-date module file ../../../Engine/Plugins/Media/ImgMedia/Binaries/Win64/UE4Editor-ImgMediaFactory.dll (API version 3944462).
LogModuleManager: Display: Found up-to-date module file ../../../Engine/Plugins/Media/ImgMedia/Binaries/Win64/UE4Editor-OpenExrWrapper.dll (API version 3944462).
LogModuleManager: Display: Found up-to-date module file ../../../Engine/Plugins/Media/LinearTimecode/Binaries/Win64/UE4Editor-LinearTimecode.dll (API version 3944462).
LogModuleManager: Display: Found up-to-date module file ../../../Engine/Plugins/Media/MediaCompositing/Binaries/Win64/UE4Editor-MediaCompositing.dll (API version 3944462).
LogModuleManager: Display: Found up-to-date module file ../../../Engine/Plugins/Media/MediaCompositing/Binaries/Win64/UE4Editor-MediaCompositingEditor.dll (API version 3944462).
LogModuleManager: Display: Found up-to-date module file ../../../Engine/Plugins/Media/MediaPlayerEditor/Binaries/Win64/UE4Editor-MediaPlayerEditor.dll (API version 3944462).
LogModuleManager: Display: Found up-to-date module file ../../../Engine/Plugins/Media/WmfMedia/Binaries/Win64/UE4Editor-WmfMedia.dll (API version 3944462).
LogModuleManager: Display: Found up-to-date module file ../../../Engine/Plugins/Media/WmfMedia/Binaries/Win64/UE4Editor-WmfMediaEditor.dll (API version 3944462).
LogModuleManager: Display: Found up-to-date module file ../../../Engine/Plugins/Media/WmfMedia/Binaries/Win64/UE4Editor-WmfMediaFactory.dll (API version 3944462).
LogModuleManager: Display: Found up-to-date module file ../../../Engine/Plugins/Media/WmfMedia/Binaries/Win64/UE4Editor-WmfMediaFactory.dll (API version 3944462).
LogModuleManager: Display: Found up-to-date module file ../../../Engine/Plugins/Messaging/TcpMessaging/Binaries/Win64/UE4Editor-TcpMessaging.dll (API version 3944462).
LogModuleManager: Display: Found up-to-date module file ../../../Engine/Plugins/Messaging/UdpMessaging/Binaries/Win64/UE4Editor-UdpMessaging.dll (API version 3944462).
LogModuleManager: Display: Found up-to-date module file ../../../Engine/Plugins/MovieScene/ActorSequence/Binaries/Win64/UE4Editor-ActorSequence.dll (API version 3944462).
LogModuleManager: Display: Found up-to-date module file ../../../Engine/Plugins/MovieScene/LevelSequenceEditor/Binaries/Win64/UE4Editor-LevelSequenceEditor.dll (API version 3944462).
LogModuleManager: Display: Found up-to-date module file ../../../Engine/Plugins/MovieScene/MatineeToLevelSequence/Binaries/Win64/UE4Editor-MatineeToLevelSequence.dll (API version 3944462).
LogModuleManager: Display: Found up-to-date module file ../../../Engine/Plugins/NetcodeUnitTest/NetcodeUnitTest/Binaries/Win64/UE4Editor-NetcodeUnitTest.dll (API version 3944462).
LogModuleManager: Display: Found up-to-date module file ../../../Engine/Plugins/NetcodeUnitTest/NUTUnrealEngine4/Binaries/Win64/UE4Editor-NUTUnrealEngine4.dll (API version 3944462).
LogModuleManager: Display: Found up-to-date module file ../../../Engine/Plugins/Online/OnlineSubsystem/Binaries/Win64/UE4Editor-OnlineSubsystem.dll (API version 3944462).
LogModuleManager: Display: Found up-to-date module file ../../../Engine/Plugins/Online/OnlineSubsystemNull/Binaries/Win64/UE4Editor-OnlineSubsystemNull.dll (API version 3944462).
LogModuleManager: Display: Found up-to-date module file ../../../Engine/Plugins/Online/OnlineSubsystemUtils/Binaries/Win64/UE4Editor-OnlineSubsystemUtils.dll (API version 3944462).
LogModuleManager: Display: Found up-to-date module file ../../../Engine/Plugins/Online/OnlineSubsystemUtils/Binaries/Win64/UE4Editor-OnlineBlueprintSupport.dll (API version 3944462).
LogModuleManager: Display: Found up-to-date module file ../../../Engine/Plugins/Runtime/AndroidDeviceProfileSelector/Binaries/Win64/UE4Editor-AndroidDeviceProfileSelector.dll (API version 3944462).
LogModuleManager: Display: Found up-to-date module file ../../../Engine/Plugins/Runtime/AndroidPermission/Binaries/Win64/UE4Editor-AndroidPermission.dll (API version 3944462).
LogModuleManager: Display: Found up-to-date module file ../../../Engine/Plugins/Runtime/AppleARKit/Binaries/Win64/UE4Editor-AppleARKit.dll (API version 3944462).
LogModuleManager: Display: Found up-to-date module file ../../../Engine/Plugins/Runtime/ArchVisCharacter/Binaries/Win64/UE4Editor-ArchVisCharacter.dll (API version 3944462).
LogModuleManager: Display: Found up-to-date module file ../../../Engine/Plugins/Runtime/AudioCapture/Binaries/Win64/UE4Editor-AudioCapture.dll (API version 3944462).
LogModuleManager: Display: Found up-to-date module file ../../../Engine/Plugins/Runtime/AudioCapture/Binaries/Win64/UE4Editor-AudioCaptureEditor.dll (API version 3944462).
LogModuleManager: Display: Found up-to-date module file ../../../Engine/Plugins/Runtime/CableComponent/Binaries/Win64/UE4Editor-CableComponent.dll (API version 3944462).
LogModuleManager: Display: Found up-to-date module file ../../../Engine/Plugins/Runtime/CustomMeshComponent/Binaries/Win64/UE4Editor-CustomMeshComponent.dll (API version 3944462).
LogModuleManager: Display: Found up-to-date module file ../../../Engine/Plugins/Runtime/ExampleDeviceProfileSelector/Binaries/Win64/UE4Editor-ExampleDeviceProfileSelector.dll (API version 3944462).
LogModuleManager: Display: Found up-to-date module file ../../../Engine/Plugins/Runtime/ImmediatePhysics/Binaries/Win64/UE4Editor-ImmediatePhysics.dll (API version 3944462).
LogModuleManager: Display: Found up-to-date module file ../../../Engine/Plugins/Runtime/ImmediatePhysics/Binaries/Win64/UE4Editor-ImmediatePhysicsEditor.dll (API version 3944462).
LogModuleManager: Display: Found up-to-date module file ../../../Engine/Plugins/Runtime/LocationServicesBPLibrary/Binaries/Win64/UE4Editor-LocationServicesBPLibrary.dll (API version 3944462).
LogModuleManager: Display: Found up-to-date module file ../../../Engine/Plugins/Runtime/MobilePatchingUtils/Binaries/Win64/UE4Editor-MobilePatchingUtils.dll (API version 3944462).
LogModuleManager: Display: Found up-to-date module file ../../../Engine/Plugins/Runtime/Oculus/OculusVR/Binaries/Win64/UE4Editor-OculusHMD.dll (API version 3944462).
LogModuleManager: Display: Found up-to-date module file ../../../Engine/Plugins/Runtime/Oculus/OculusVR/Binaries/Win64/UE4Editor-OculusInput.dll (API version 3944462).
LogModuleManager: Display: Found up-to-date module file ../../../Engine/Plugins/Runtime/Oculus/OculusVR/Binaries/Win64/UE4Editor-OculusEditor.dll (API version 3944462).
LogModuleManager: Display: Found up-to-date module file ../../../Engine/Plugins/Runtime/PhysXVehicles/Binaries/Win64/UE4Editor-PhysXVehicles.dll (API version 3944462).
LogModuleManager: Display: Found up-to-date module file ../../../Engine/Plugins/Runtime/PhysXVehicles/Binaries/Win64/UE4Editor-PhysXVehiclesEditor.dll (API version 3944462).
LogModuleManager: Display: Found up-to-date module file ../../../Engine/Plugins/Runtime/ProceduralMeshComponent/Binaries/Win64/UE4Editor-ProceduralMeshComponent.dll (API version 3944462).
LogModuleManager: Display: Found up-to-date module file ../../../Engine/Plugins/Runtime/ProceduralMeshComponent/Binaries/Win64/UE4Editor-ProceduralMeshComponentEditor.dll (API version 3944462).
LogModuleManager: Display: Found up-to-date module file ../../../Engine/Plugins/Runtime/RuntimePhysXCooking/Binaries/Win64/UE4Editor-RuntimePhysXCooking.dll (API version 3944462).
LogModuleManager: Display: Found up-to-date module file ../../../Engine/Plugins/Runtime/Steam/SteamVR/Binaries/Win64/UE4Editor-SteamVR.dll (API version 3944462).
LogModuleManager: Display: Found up-to-date module file ../../../Engine/Plugins/Runtime/Steam/SteamVR/Binaries/Win64/UE4Editor-SteamVRController.dll (API version 3944462).
LogModuleManager: Display: Found up-to-date module file ../../../Engine/Plugins/Runtime/WindowsMoviePlayer/Binaries/Win64/UE4Editor-WindowsMoviePlayer.dll (API version 3944462).
LogInit: Using libcurl 7.47.1
LogInit:  - built for x86_64-pc-win32
LogInit:  - supports SSL with OpenSSL/1.0.2g
LogInit:  - supports HTTP deflate (compression) using libz 1.2.8
LogInit:  - other features:
LogInit:      CURL_VERSION_SSL
LogInit:      CURL_VERSION_LIBZ
LogInit:      CURL_VERSION_IPV6
LogInit:      CURL_VERSION_ASYNCHDNS
LogInit:      CURL_VERSION_LARGEFILE
LogInit:      CURL_VERSION_IDN
LogInit:  CurlRequestOptions (configurable via config and command line):
LogInit:  - bVerifyPeer = false  - Libcurl will NOT verify peer certificate
LogInit:  - bUseHttpProxy = false  - Libcurl will NOT use HTTP proxy
LogInit:  - bDontReuseConnections = false  - Libcurl will reuse connections
LogInit:  - CertBundlePath = nullptr  - Libcurl will use whatever was configured at build time.
LogInit:  - MaxHostConnections = 16  - Libcurl will limit the number of connections to a host
LogInit:  - LocalHostAddr = Default
LogInit: WinSock: version 1.1 (2.2), MaxSocks=32767, MaxUdp=65467
LogInit: WinSock: I am DESKTOP-4VFF8DG (192.168.99.1:0)
LogInit: Build: ++UE4+Release-4.19-CL-4033788
LogInit: Engine Version: 4.19.2-4033788+++UE4+Release-4.19
LogInit: Compatible Engine Version: 4.19.0-3944462+++UE4+Release-4.19
LogInit: Net CL: 3944462
LogDevObjectVersion: Number of dev versions registered: 18
LogDevObjectVersion:   Dev-Blueprints (B0D832E4-1F89-4F0D-ACCF-7EB736FD4AA2): 10
LogDevObjectVersion:   Dev-Build (E1C64328-A22C-4D53-A36C-8E866417BD8C): 0
LogDevObjectVersion:   Dev-Core (375EC13C-06E4-48FB-B500-84F0262A717E): 2
LogDevObjectVersion:   Dev-Editor (E4B068ED-F494-42E9-A231-DA0B2E46BB41): 23
LogDevObjectVersion:   Dev-Framework (CFFC743F-43B0-4480-9391-14DF171D2073): 33
LogDevObjectVersion:   Dev-Mobile (B02B49B5-BB20-44E9-A304-32B752E40360): 2
LogDevObjectVersion:   Dev-Networking (A4E4105C-59A1-49B5-A7C5-40C4547EDFEE): 0
LogDevObjectVersion:   Dev-Online (39C831C9-5AE6-47DC-9A44-9C173E1C8E7C): 0
LogDevObjectVersion:   Dev-Physics (78F01B33-EBEA-4F98-B9B4-84EACCB95AA2): 0
LogDevObjectVersion:   Dev-Platform (6631380F-2D4D-43E0-8009-CF276956A95A): 0
LogDevObjectVersion:   Dev-Rendering (12F88B9F-8875-4AFC-A67C-D90C383ABD29): 25
LogDevObjectVersion:   Dev-Sequencer (7B5AE74C-D270-4C10-A958-57980B212A5A): 6
LogDevObjectVersion:   Dev-VR (D7296918-1DD6-4BDD-9DE2-64A83CC13884): 1
LogDevObjectVersion:   Dev-LoadTimes (C2A15278-BFE7-4AFE-6C17-90FF531DF755): 1
LogDevObjectVersion:   Private-Geometry (6EACA3D4-40EC-4CC1-B786-8BED09428FC5): 2
LogDevObjectVersion:   Dev-AnimPhys (29E575DD-E0A3-4627-9D10-D276232CDCEA): 16
LogDevObjectVersion:   Dev-ReflectionCapture (6B266CEC-1EC7-4B8F-A30B-E4D90942FC07): 1
LogDevObjectVersion:   Dev-Automation (0DF73D61-A23F-47EA-B727-89E90C41499A): 1
LogInit: Compiled (64-bit): Apr 27 2018 02:06:57
LogInit: Compiled with Visual C++: 19.00.24215.01
LogInit: Build Configuration: Development
LogInit: Branch Name: ++UE4+Release-4.19
LogInit: Command Line: 
LogInit: Base Directory: C:/Program Files/Epic Games/UE_4.19/Engine/Binaries/Win64/
LogInit: Installed Engine Build: 1
LogStreaming: Display: Took  0.003s to delete old logs.
LogInit: Presizing for max 8388607 objects, including 0 objects not considered by GC, pre-allocating 0 bytes for permanent pool.
LogInit: Object subsystem initialized
[2018.11.28-07.11.09:699][  0]LogInit: Selected Device Profile: [Windows]
[2018.11.28-07.11.09:699][  0]LogInit: Applying CVar settings loaded from the selected device profile: [Windows]
[2018.11.28-07.11.09:706][  0]LogInit: Computer: DESKTOP-4VFF8DG
[2018.11.28-07.11.09:706][  0]LogInit: User: Tyler
[2018.11.28-07.11.09:706][  0]LogInit: CPU Page size=4096, Cores=6
[2018.11.28-07.11.09:706][  0]LogInit: High frequency timer resolution =3.609380 MHz
[2018.11.28-07.11.09:707][  0]LogMemory: Memory total: Physical=15.9GB (16GB approx)
[2018.11.28-07.11.09:707][  0]LogMemory: Platform Memory Stats for Windows
[2018.11.28-07.11.09:707][  0]LogMemory: Process Physical Memory: 275.34 MB used, 275.34 MB peak
[2018.11.28-07.11.09:707][  0]LogMemory: Process Virtual Memory: 279.94 MB used, 279.94 MB peak
[2018.11.28-07.11.09:707][  0]LogMemory: Physical Memory: 6363.56 MB used,  9943.79 MB free, 16307.34 MB total
[2018.11.28-07.11.09:707][  0]LogMemory: Virtual Memory: 4823.90 MB used,  9943.79 MB free, 134217728.00 MB total
[2018.11.28-07.11.09:723][  0]LogInit: Using OS detected language (en-US).
[2018.11.28-07.11.09:723][  0]LogInit: Using OS detected locale (en-US).
[2018.11.28-07.11.09:726][  0]LogTextLocalizationManager: No specific localization for 'en-US' exists, so the 'en' localization will be used.
[2018.11.28-07.11.10:048][  0]LogStreaming: Display: Took  0.325s to EndInitTextLocalization.
[2018.11.28-07.11.10:048][  0]LogInit: Setting process to per monitor DPI aware
[2018.11.28-07.11.10:121][  0]LogSlate: New Slate User Created.  User Index 0, Is Virtual User: 0
[2018.11.28-07.11.10:121][  0]LogSlate: Slate User Registered.  User Index 0, Is Virtual User: 0
[2018.11.28-07.11.10:297][  0]LogD3D11RHI: D3D11 adapters:
[2018.11.28-07.11.10:346][  0]LogD3D11RHI:    0. 'NVIDIA GeForce GTX 1080 Ti' (Feature Level 11_0)
[2018.11.28-07.11.10:346][  0]LogD3D11RHI:       11127/0/8153 MB DedicatedVideo/DedicatedSystem/SharedSystem, Outputs:4, VendorId:0x10de
[2018.11.28-07.11.10:348][  0]LogD3D11RHI:    1. 'Microsoft Basic Render Driver' (Feature Level 11_0)
[2018.11.28-07.11.10:348][  0]LogD3D11RHI:       0/0/8153 MB DedicatedVideo/DedicatedSystem/SharedSystem, Outputs:0, VendorId:0x1414
[2018.11.28-07.11.10:348][  0]LogD3D11RHI: Chosen D3D11 Adapter: 0
[2018.11.28-07.11.10:354][  0]LogD3D11RHI: Creating new Direct3DDevice
[2018.11.28-07.11.10:354][  0]LogD3D11RHI:     GPU DeviceId: 0x1b06 (for the marketing name, search the web for "GPU Device Id")
[2018.11.28-07.11.10:354][  0]LogWindows: EnumDisplayDevices:
[2018.11.28-07.11.10:354][  0]LogWindows:    0. 'NVIDIA GeForce GTX 1080 Ti' (P:1 D:1)
[2018.11.28-07.11.10:354][  0]LogWindows:    1. 'NVIDIA GeForce GTX 1080 Ti' (P:0 D:1)
[2018.11.28-07.11.10:355][  0]LogWindows:    2. 'NVIDIA GeForce GTX 1080 Ti' (P:0 D:1)
[2018.11.28-07.11.10:355][  0]LogWindows:    3. 'NVIDIA GeForce GTX 1080 Ti' (P:0 D:1)
[2018.11.28-07.11.10:355][  0]LogWindows: DebugString: GetVideoDriverDetailsInvalid PrimaryIsNotTheChoosenAdapter GetVideoDriverDetailsInvalid PrimaryIsNotTheChoosenAdapter GetVideoDriverDetailsInvalid PrimaryIsNotTheChoosenAdapter GetVideoDriverDetailsInvalid PrimaryIsNotTheChoosenAdapter FoundDriverCount:0 
[2018.11.28-07.11.10:355][  0]LogD3D11RHI:     Adapter Name: NVIDIA GeForce GTX 1080 Ti
[2018.11.28-07.11.10:355][  0]LogD3D11RHI:   Driver Version: Unknown (internal:Unknown, unified:Unknown)
[2018.11.28-07.11.10:355][  0]LogD3D11RHI:      Driver Date: Unknown
[2018.11.28-07.11.10:355][  0]LogRHI: Texture pool is 7788 MB (70% of 11127 MB)
[2018.11.28-07.11.10:387][  0]LogD3D11RHI: [Aftermath] Aftermath enabled and primed
[2018.11.28-07.11.10:387][  0]LogD3D11RHI: [Aftermath] Aftermath enabled and primed
[2018.11.28-07.11.10:387][  0]LogD3D11RHI: Async texture creation enabled
[2018.11.28-07.11.10:403][  0]LogD3D11RHI: GPU Timing Frequency: 1000.000000 (Debug: 2 2)
[2018.11.28-07.11.10:597][  0]LogShaderCompilers: Guid format shader working directory is -50 characters bigger than the processId version (../../../../../../Users/Tyler/Desktop/Repository_Files/UnrealMasteryCourseUdemy/CoopShooterGame/Intermediate/Shaders/WorkingDirectory/16316/).
[2018.11.28-07.11.10:597][  0]LogShaderCompilers: Cleaned the shader compiler working directory 'C:/Users/Tyler/AppData/Local/Temp/UnrealShaderWorkingDir/66DABA8B4FFAFB5F327BAE99020345A4/'.
[2018.11.28-07.11.10:791][  0]LogTemp: Display: Loaded TP AllDesktopTargetPlatform
[2018.11.28-07.11.10:802][  0]LogTemp: Display: Loaded TP MacClientTargetPlatform
[2018.11.28-07.11.10:813][  0]LogTemp: Display: Loaded TP MacNoEditorTargetPlatform
[2018.11.28-07.11.10:825][  0]LogTemp: Display: Loaded TP MacServerTargetPlatform
[2018.11.28-07.11.10:836][  0]LogTemp: Display: Loaded TP MacTargetPlatform
[2018.11.28-07.11.10:848][  0]LogTemp: Display: Loaded TP WindowsClientTargetPlatform
[2018.11.28-07.11.10:858][  0]LogTemp: Display: Loaded TP WindowsNoEditorTargetPlatform
[2018.11.28-07.11.10:870][  0]LogTemp: Display: Loaded TP WindowsServerTargetPlatform
[2018.11.28-07.11.10:876][  0]LogTemp: Display: Loaded TP WindowsTargetPlatform
[2018.11.28-07.11.10:885][  0]LogTemp: Display: Loaded TP Android_ASTCTargetPlatform
[2018.11.28-07.11.10:895][  0]LogTemp: Display: Loaded TP Android_ATCTargetPlatform
[2018.11.28-07.11.10:905][  0]LogTemp: Display: Loaded TP Android_DXTTargetPlatform
[2018.11.28-07.11.10:915][  0]LogTemp: Display: Loaded TP Android_ETC1aTargetPlatform
[2018.11.28-07.11.10:925][  0]LogTemp: Display: Loaded TP Android_ETC1TargetPlatform
[2018.11.28-07.11.10:935][  0]LogTemp: Display: Loaded TP Android_ETC2TargetPlatform
[2018.11.28-07.11.10:955][  0]LogTemp: Display: Loaded TP Android_MultiTargetPlatform
[2018.11.28-07.11.10:955][  0]LogTemp: Display: Loaded TP Android_PVRTCTargetPlatform
[2018.11.28-07.11.10:965][  0]LogTemp: Display: Loaded TP AndroidTargetPlatform
[2018.11.28-07.11.10:966][  0]LogTemp: Display: Loaded TP HTML5TargetPlatform
[2018.11.28-07.11.11:001][  0]LogTemp: Display: Loaded TP IOSTargetPlatform
[2018.11.28-07.11.11:011][  0]LogTemp: Display: Loaded TP TVOSTargetPlatform
[2018.11.28-07.11.11:023][  0]LogTemp: Display: Loaded TP LinuxClientTargetPlatform
[2018.11.28-07.11.11:036][  0]LogTemp: Display: Loaded TP LinuxNoEditorTargetPlatform
[2018.11.28-07.11.11:046][  0]LogTemp: Display: Loaded TP LinuxServerTargetPlatform
[2018.11.28-07.11.11:056][  0]LogTemp: Display: Loaded TP LinuxTargetPlatform
[2018.11.28-07.11.11:056][  0]LogTargetPlatformManager: Display: Building Assets For Windows
[2018.11.28-07.11.11:171][  0]LogXGEController: Cleaning working directory: C:/Users/Tyler/AppData/Local/Temp/UnrealXGEWorkingDir/
[2018.11.28-07.11.11:171][  0]LogXGEController: Cannot use XGE Controller as Incredibuild is not installed on this machine.
[2018.11.28-07.11.11:171][  0]LogShaderCompilers: Cannot use XGE Shader Compiler as Incredibuild is not installed on this machine.
[2018.11.28-07.11.11:171][  0]LogShaderCompilers: Display: Using Local Shader Compiler.
[2018.11.28-07.11.11:719][  0]LogDerivedDataCache: Display: Max Cache Size: 512 MB
[2018.11.28-07.11.11:780][  0]LogDerivedDataCache: Loaded boot cache 0.06s 74MB C:/Users/Tyler/AppData/Local/UnrealEngine/4.19/DerivedDataCache/Boot.ddc.
[2018.11.28-07.11.11:780][  0]LogDerivedDataCache: Display: Loaded Boot cache: C:/Users/Tyler/AppData/Local/UnrealEngine/4.19/DerivedDataCache/Boot.ddc
[2018.11.28-07.11.11:781][  0]LogDerivedDataCache: FDerivedDataBackendGraph:  Pak pak cache file ../../../../../../Users/Tyler/Desktop/Repository_Files/UnrealMasteryCourseUdemy/CoopShooterGame/DerivedDataCache/DDC.ddp not found, will not use a pak cache.
[2018.11.28-07.11.11:781][  0]LogDerivedDataCache: Unable to find inner node Pak for hierarchical cache Hierarchy.
[2018.11.28-07.11.11:781][  0]LogDerivedDataCache: FDerivedDataBackendGraph:  CompressedPak pak cache file ../../../../../../Users/Tyler/Desktop/Repository_Files/UnrealMasteryCourseUdemy/CoopShooterGame/DerivedDataCache/Compressed.ddp not found, will not use a pak cache.
[2018.11.28-07.11.11:781][  0]LogDerivedDataCache: Unable to find inner node CompressedPak for hierarchical cache Hierarchy.
[2018.11.28-07.11.11:792][  0]LogDerivedDataCache: Display: Pak cache opened for reading ../../../Engine/DerivedDataCache/Compressed.ddp.
[2018.11.28-07.11.11:805][  0]LogDerivedDataCache: Using Local data cache path C:/Users/Tyler/AppData/Local/UnrealEngine/Common/DerivedDataCache: Writable
[2018.11.28-07.11.11:805][  0]LogDerivedDataCache: Shared data cache path not found in *engine.ini, will not use an Shared cache.
[2018.11.28-07.11.11:805][  0]LogDerivedDataCache: Unable to find inner node Shared for hierarchical cache Hierarchy.
[2018.11.28-07.11.11:813][  0]LogMaterial: Verifying Global Shaders for PCD3D_SM5
[2018.11.28-07.11.11:813][  0]LogSlate: Using Freetype 2.6.0
[2018.11.28-07.11.11:814][  0]LogSlate: SlateFontCache - WITH_FREETYPE: 1, WITH_HARFBUZZ: 1
[2018.11.28-07.11.11:814][  0]LogSlate: SlateFontCache - WITH_FREETYPE: 1, WITH_HARFBUZZ: 1
[2018.11.28-07.11.11:931][  0]LogAssetRegistry: FAssetRegistry took 0.0269 seconds to start up
[2018.11.28-07.11.12:176][  0]LogInit: Selected Device Profile: [Windows]
[2018.11.28-07.11.12:299][  0]LogSimplygon: Simplygon DLL not present - disabling.
[2018.11.28-07.11.12:301][  0]LogMeshReduction: Using SimplygonSwarm for distributed automatic mesh merging
[2018.11.28-07.11.12:301][  0]LogMeshReduction: Using QuadricMeshReduction for automatic static mesh reduction
[2018.11.28-07.11.12:301][  0]LogMeshReduction: No automatic skeletal mesh reduction module available
[2018.11.28-07.11.12:301][  0]LogMeshReduction: No automatic mesh merging module available
[2018.11.28-07.11.12:301][  0]LogMeshMerging: No automatic mesh merging module available
[2018.11.28-07.11.12:353][  0]LogNetVersion: CoopShooterGame , NetCL: 3944462, EngineNetVer: 2, GameNetVer: 0 (Checksum: 4095294733)
[2018.11.28-07.11.12:707][  0]LogPackageLocalizationCache: Processed 9 localized package path(s) for 2 prioritized culture(s) in 0.066652 seconds
[2018.11.28-07.11.12:711][  0]LogUObjectArray: 36728 objects as part of root set at end of initial load.
[2018.11.28-07.11.12:711][  0]LogUObjectAllocator: 7314312 out of 0 bytes used by permanent object pool.
[2018.11.28-07.11.12:711][  0]LogUObjectArray: CloseDisregardForGC: 0/0 objects in disregard for GC pool
[2018.11.28-07.11.14:035][  0]LogTcpMessaging: Initializing TcpMessaging bridge
[2018.11.28-07.11.14:064][  0]LogUdpMessaging: Initializing bridge on interface 0.0.0.0:0 to multicast group 230.0.0.1:6666.
[2018.11.28-07.11.14:431][  0]SourceControl: Source control is disabled
[2018.11.28-07.11.14:431][  0]SourceControl: Source control is disabled
[2018.11.28-07.11.14:451][  0]SourceControl: Source control is disabled
[2018.11.28-07.11.14:469][  0]SourceControl: Source control is disabled
[2018.11.28-07.11.14:941][  0]LogAndroidPermission: UAndroidPermissionCallbackProxy::GetInstance
[2018.11.28-07.11.15:118][  0]LogOcInput: OculusInput pre-init called
[2018.11.28-07.11.15:215][  0]LogEngine: Initializing Engine...
[2018.11.28-07.11.15:216][  0]LogHMD: Failed to initialize OpenVR with code 110
[2018.11.28-07.11.15:217][  0]LogStats: UGameplayTagsManager::ConstructGameplayTagTree: Construct from data asset -  0.000 s
[2018.11.28-07.11.15:217][  0]LogStats: UGameplayTagsManager::ConstructGameplayTagTree: GameplayTagTreeChangedEvent.Broadcast -  0.000 s
[2018.11.28-07.11.15:403][  0]LogAIModule: Creating AISystem for world Untitled
[2018.11.28-07.11.15:429][  0]LogInit: XAudio2 using 'MStar Demo (NVIDIA High Definition Audio)' : 2 channels at 48 kHz using 16 bits per sample (channel mask 0x3)
[2018.11.28-07.11.15:439][  0]LogInit: FAudioDevice initialized.
[2018.11.28-07.11.15:518][  0]LogDerivedDataCache: Saved boot cache 0.08s 74MB C:/Users/Tyler/AppData/Local/UnrealEngine/4.19/DerivedDataCache/Boot.ddc.
[2018.11.28-07.11.15:531][  0]LogInit: Texture streaming: Enabled
[2018.11.28-07.11.15:549][  0]LogEngineSessionManager: EngineSessionManager initialized
[2018.11.28-07.11.15:549][  0]LogEngineSessionManager: EngineSessionManager sent abnormal shutdown report. Type=Crashed, SessionId={47DD9DAA-41EA-9E57-C5DA-31A5EF31577A}
[2018.11.28-07.11.15:562][  0]LogInit: Transaction tracking system initialized
[2018.11.28-07.11.15:584][  0]BlueprintLog: New page: Editor Load
[2018.11.28-07.11.15:651][  0]LocalizationService: Localization service is disabled
[2018.11.28-07.11.15:762][  0]LogConsoleResponse: Display: 
[2018.11.28-07.11.15:882][  0]LogCook: Display: Max memory allowance for cook 16384mb min free memory 0mb
[2018.11.28-07.11.15:882][  0]LogCook: Display: Mobile HDR setting 1
[2018.11.28-07.11.15:882][  0]LogGameplayTags: Display: UGameplayTagsManager::DoneAddingNativeTags. DelegateIsBound: 0
[2018.11.28-07.11.15:882][  0]LogStats: UGameplayTagsManager::ConstructGameplayTagTree: Construct from data asset -  0.000 s
[2018.11.28-07.11.15:882][  0]LogStats: UGameplayTagsManager::ConstructGameplayTagTree: GameplayTagTreeChangedEvent.Broadcast -  0.000 s
[2018.11.28-07.11.15:965][  0]LogFileCache: Scanning file cache for directory 'C:/Users/Tyler/Desktop/Repository_Files/UnrealMasteryCourseUdemy/CoopShooterGame/Content/' took 0.02s
[2018.11.28-07.11.16:249][  0]SourceControl: Source control is disabled
[2018.11.28-07.11.16:250][  0]LightingResults: New page: Lighting Build
[2018.11.28-07.11.16:253][  0]MapCheck: New page: Map Check
[2018.11.28-07.11.16:253][  0]LightingResults: New page: Lighting Build
[2018.11.28-07.11.16:291][  0]LogUObjectGlobals: Created PersistentFrame Addr=0x000001b90aeb45e0, Size=28, Default__TrackerBot_C Function /Game/TrackerBot/TrackerBot.TrackerBot_C:ExecuteUbergraph_TrackerBot
[2018.11.28-07.11.16:293][  0]LogUObjectGlobals: Destroyed PersistentFrame Addr=0x000001b90aeb45e0, Size=28
[2018.11.28-07.11.16:293][  0]LogUObjectGlobals: Created PersistentFrame Addr=0x000001b90aeb45e0, Size=28, Default__TrackerBot_C Function /Engine/Transient.REINST_TrackerBot_C_1:ExecuteUbergraph_TrackerBot
[2018.11.28-07.11.16:294][  0]LogUObjectGlobals: Created PersistentFrame Addr=0x000001b90aeb57e0, Size=28, Default__TrackerBot_C Function /Game/TrackerBot/TrackerBot.TrackerBot_C:ExecuteUbergraph_TrackerBot
[2018.11.28-07.11.16:397][  0]LogUObjectGlobals: Created PersistentFrame Addr=0x000001b90bef3d80, Size=608, Default__BP_TargetDummy_C Function /Game/BluePrints/BP_TargetDummy.BP_TargetDummy_C:ExecuteUbergraph_BP_TargetDummy
[2018.11.28-07.11.16:400][  0]LogUObjectGlobals: Destroyed PersistentFrame Addr=0x000001b90bef3d80, Size=608
[2018.11.28-07.11.16:400][  0]LogUObjectGlobals: Created PersistentFrame Addr=0x000001b90bef3d80, Size=608, Default__BP_TargetDummy_C Function /Engine/Transient.REINST_BP_TargetDummy_C_7:ExecuteUbergraph_BP_TargetDummy
[2018.11.28-07.11.16:402][  0]LogUObjectGlobals: Created PersistentFrame Addr=0x000001b90bef1a80, Size=608, Default__BP_TargetDummy_C Function /Game/BluePrints/BP_TargetDummy.BP_TargetDummy_C:ExecuteUbergraph_BP_TargetDummy
[2018.11.28-07.11.16:428][  0]LogUObjectGlobals: Created PersistentFrame Addr=0x000001b90b1ef740, Size=104, Default__UE4ASP_HeroTPP_AnimBlueprint_C Function /Game/AnimStarterPack/UE4ASP_HeroTPP_AnimBlueprint.UE4ASP_HeroTPP_AnimBlueprint_C:ExecuteUbergraph_UE4ASP_HeroTPP_AnimBlueprint
[2018.11.28-07.11.16:438][  0]LogUObjectGlobals: Destroyed PersistentFrame Addr=0x000001b90b1ef740, Size=104
[2018.11.28-07.11.16:438][  0]LogUObjectGlobals: Created PersistentFrame Addr=0x000001b90eddf740, Size=104, Default__UE4ASP_HeroTPP_AnimBlueprint_C Function /Engine/Transient.REINST_UE4ASP_HeroTPP_AnimBlueprint_C_0:ExecuteUbergraph_UE4ASP_HeroTPP_AnimBlueprint
[2018.11.28-07.11.16:448][  0]LogUObjectGlobals: Created PersistentFrame Addr=0x000001b90ecee010, Size=104, Default__UE4ASP_HeroTPP_AnimBlueprint_C Function /Game/AnimStarterPack/UE4ASP_HeroTPP_AnimBlueprint.UE4ASP_HeroTPP_AnimBlueprint_C:ExecuteUbergraph_UE4ASP_HeroTPP_AnimBlueprint
[2018.11.28-07.11.16:501][  0]LogUObjectGlobals: Created PersistentFrame Addr=0x000001b90eceff20, Size=112, Default__WBP_HealthIndicator_C Function /Game/UI/WBP_HealthIndicator.WBP_HealthIndicator_C:ExecuteUbergraph_WBP_HealthIndicator
[2018.11.28-07.11.16:504][  0]LogUObjectGlobals: Destroyed PersistentFrame Addr=0x000001b90eceff20, Size=112
[2018.11.28-07.11.16:504][  0]LogUObjectGlobals: Created PersistentFrame Addr=0x000001b90eceff20, Size=112, Default__WBP_HealthIndicator_C Function /Engine/Transient.REINST_WBP_HealthIndicator_C_1:ExecuteUbergraph_WBP_HealthIndicator
[2018.11.28-07.11.16:505][  0]LogUObjectGlobals: Created PersistentFrame Addr=0x000001b90ed3aa90, Size=112, Default__WBP_HealthIndicator_C Function /Game/UI/WBP_HealthIndicator.WBP_HealthIndicator_C:ExecuteUbergraph_WBP_HealthIndicator
[2018.11.28-07.11.16:507][  0]LogUObjectGlobals: Created PersistentFrame Addr=0x000001b90befeb88, Size=40, Default__PlayerPawn_C Function /Game/BluePrints/PlayerPawn.PlayerPawn_C:ExecuteUbergraph_PlayerPawn
[2018.11.28-07.11.16:510][  0]LogUObjectGlobals: Destroyed PersistentFrame Addr=0x000001b90befeb88, Size=40
[2018.11.28-07.11.16:510][  0]LogUObjectGlobals: Created PersistentFrame Addr=0x000001b90befeb88, Size=40, Default__PlayerPawn_C Function /Engine/Transient.REINST_PlayerPawn_C_12:ExecuteUbergraph_PlayerPawn
[2018.11.28-07.11.16:511][  0]LogUObjectGlobals: Created PersistentFrame Addr=0x000001b90befd4b8, Size=40, Default__PlayerPawn_C Function /Game/BluePrints/PlayerPawn.PlayerPawn_C:ExecuteUbergraph_PlayerPawn
[2018.11.28-07.11.16:689][  0]LogSkeletalMesh: Skeletal Mesh found in DDC [2.900221ms] /Game/AnimStarterPack/UE4_Mannequin/Mesh/SK_Mannequin.SK_Mannequin
[2018.11.28-07.11.16:810][  0]LogSkeletalMesh: Skeletal Mesh found in DDC [1.606093ms] /Game/Weapons/SK_Rifle.SK_Rifle
[2018.11.28-07.11.16:847][  0]LogAIModule: Creating AISystem for world Minimal_Default
[2018.11.28-07.11.16:857][  0]LogEditorServer: Finished looking for orphan Actors (0.000 secs)
[2018.11.28-07.11.16:866][  0]LogUObjectGlobals: Destroyed PersistentFrame Addr=0x000001b90aeb45e0, Size=28
[2018.11.28-07.11.16:866][  0]LogUObjectGlobals: Destroyed PersistentFrame Addr=0x000001b90bef3d80, Size=608
[2018.11.28-07.11.16:867][  0]LogUObjectGlobals: Destroyed PersistentFrame Addr=0x000001b90eddf740, Size=104
[2018.11.28-07.11.16:867][  0]LogUObjectGlobals: Destroyed PersistentFrame Addr=0x000001b90eceff20, Size=112
[2018.11.28-07.11.16:867][  0]LogUObjectGlobals: Destroyed PersistentFrame Addr=0x000001b90befeb88, Size=40
[2018.11.28-07.11.16:867][  0]Cmd: MAP CHECKDEP NOCLEARLOG
[2018.11.28-07.11.16:941][  0]MapCheck: Map check complete: 0 Error(s), 0 Warning(s), took 73.385ms to complete.
[2018.11.28-07.11.16:941][  0]LogFileHelpers: Loading map 'Minimal_Default' took 0.691
[2018.11.28-07.11.17:140][  0]LogCollectionManager: Loaded 0 collections in 0.001717 seconds
[2018.11.28-07.11.17:204][  0]LogFileCache: Scanning file cache for directory 'C:/Users/Tyler/Desktop/Repository_Files/UnrealMasteryCourseUdemy/CoopShooterGame/Saved/Collections/' took 0.01s
[2018.11.28-07.11.17:204][  0]LogFileCache: Scanning file cache for directory 'C:/Users/Tyler/Desktop/Repository_Files/UnrealMasteryCourseUdemy/CoopShooterGame/Content/Developers/Tyler/Collections/' took 0.01s
[2018.11.28-07.11.17:204][  0]LogFileCache: Scanning file cache for directory 'C:/Users/Tyler/Desktop/Repository_Files/UnrealMasteryCourseUdemy/CoopShooterGame/Content/Collections/' took 0.01s
[2018.11.28-07.11.17:204][  0]LogCollectionManager: Rebuilt the GUID cache for 0 collections in 0.000001 seconds
[2018.11.28-07.11.17:212][  0]LogContentBrowser: Native class hierarchy populated in 0.0079 seconds. Added 2460 classes and 562 folders.
[2018.11.28-07.11.17:220][  0]LogContentBrowser: Native class hierarchy updated for 'WidgetCarousel' in 0.0011 seconds. Added 0 classes and 0 folders.
[2018.11.28-07.11.17:265][  0]LogContentBrowser: Native class hierarchy updated for 'AddContentDialog' in 0.0012 seconds. Added 0 classes and 0 folders.
[2018.11.28-07.11.17:272][  0]LogContentBrowser: Native class hierarchy updated for 'SceneOutliner' in 0.0012 seconds. Added 1 classes and 2 folders.
[2018.11.28-07.11.17:331][  0]LogSlate: Took 0.000259 seconds to synchronously load lazily loaded font '../../../Engine/Content/Slate/Fonts/Roboto-Regular.ttf' (155K)
[2018.11.28-07.11.17:333][  0]LogSlate: Took 0.000240 seconds to synchronously load lazily loaded font '../../../Engine/Content/Slate/Fonts/Roboto-Bold.ttf' (160K)
[2018.11.28-07.11.17:340][  0]LogSlate: Took 0.000163 seconds to synchronously load lazily loaded font '../../../Engine/Content/Editor/Slate/Fonts/FontAwesome.ttf' (139K)
[2018.11.28-07.11.17:414][  0]LogRenderer: Reallocating scene render targets to support 1240x592 Format 10 NumSamples 1 (Frame:1).
[2018.11.28-07.11.17:468][  0]LogSlate: Took 0.000302 seconds to synchronously load lazily loaded font '../../../Engine/Content/Slate/Fonts/Roboto-Light.ttf' (167K)
[2018.11.28-07.11.17:543][  0]LogContentBrowser: Native class hierarchy updated for 'HierarchicalLODOutliner' in 0.0012 seconds. Added 0 classes and 0 folders.
[2018.11.28-07.11.17:543][  0]LogLoad: (Engine Initialization) Total time: 10.95 seconds
[2018.11.28-07.11.17:543][  0]LogLoad: (Engine Initialization) Total Blueprint compile time: 0.00 seconds
[2018.11.28-07.11.17:554][  0]LogWindowsTextInputMethodSystem: Display: IME system now deactivated.
[2018.11.28-07.11.17:570][  0]LogAssetRegistry: Asset discovery search completed in 5.6621 seconds
[2018.11.28-07.11.17:571][  0]LogCollectionManager: Rebuilt the object cache for 0 collections in 0.000000 seconds (found 0 objects)
[2018.11.28-07.11.17:571][  0]LogCollectionManager: Fixed up redirectors for 0 collections in 0.000047 seconds (updated 0 objects)
[2018.11.28-07.11.17:574][  0]LogContentStreaming: Texture pool size now 1000 MB
[2018.11.28-07.12.37:993][306]LogSlate: FSceneViewport::OnFocusLost() reason 0
[2018.11.28-07.12.38:133][318]Candidate modules for hot reload:
[2018.11.28-07.12.38:133][318]  CoopShooterGame
[2018.11.28-07.12.38:133][318]Launching UnrealBuildTool... [C:/Program Files/Epic Games/UE_4.19/Engine/Binaries/DotNET/UnrealBuildTool.exe CoopShooterGame -ModuleWithSuffix=CoopShooterGame,9536 Win64 Development -editorrecompile -canskiplink "C:/Users/Tyler/Desktop/Repository_Files/UnrealMasteryCourseUdemy/CoopShooterGame/CoopShooterGame.uproject" ]
[2018.11.28-07.12.38:136][318]Warning: Starting HotReload took  0.0s.
[2018.11.28-07.12.47:679][428]LogSlate: Took 0.000416 seconds to synchronously load lazily loaded font '../../../Engine/Content/Slate/Fonts/Roboto-Light.ttf' (167K)
[2018.11.28-07.12.48:228][428]LogRenderer: Reallocating scene render targets to support 1432x924 Format 10 NumSamples 1 (Frame:1).
[2018.11.28-07.12.48:785][483]CompilerResultsLog: New page: Compilation - Nov 27, 2018, 7:12:48 PM
[2018.11.28-07.12.48:786][483]CompilerResultsLog: Using 'git status' to determine working set for adaptive non-unity build.
[2018.11.28-07.12.48:786][483]CompilerResultsLog: Compiling game modules for hot reload
[2018.11.28-07.12.48:786][483]CompilerResultsLog: Parsing headers for CoopShooterGameEditor
[2018.11.28-07.12.48:786][483]CompilerResultsLog:   Running UnrealHeaderTool "C:\Users\Tyler\Desktop\Repository_Files\UnrealMasteryCourseUdemy\CoopShooterGame\CoopShooterGame.uproject" "C:\Users\Tyler\Desktop\Repository_Files\UnrealMasteryCourseUdemy\CoopShooterGame\Intermediate\Build\Win64\CoopShooterGameEditor\Development\CoopShooterGameEditor.uhtmanifest" -LogCmds="loginit warning, logexit warning, logdatabase error" -Unattended -WarningsAsErrors -installed
[2018.11.28-07.12.48:786][483]CompilerResultsLog: Reflection code generated for CoopShooterGameEditor in 7.4739013 seconds
[2018.11.28-07.12.48:786][483]CompilerResultsLog: Performing 4 actions (9 in parallel)
[2018.11.28-07.12.48:786][483]CompilerResultsLog: STrackerBot.gen.cpp
[2018.11.28-07.12.48:786][483]CompilerResultsLog: STrackerBot.cpp
[2018.11.28-07.12.48:786][483]CompilerResultsLog: Error: c:\users\tyler\desktop\repository_files\unrealmasterycourseudemy\coopshootergame\source\coopshootergame\private\../Public/STrackerBot.h(36) : error C3646: 'FVector': unknown override specifier
[2018.11.28-07.12.48:786][483]CompilerResultsLog: Error: c:\users\tyler\desktop\repository_files\unrealmasterycourseudemy\coopshootergame\source\coopshootergame\private\../Public/STrackerBot.h(36) : error C3646: 'getNextPathPoint': unknown override specifier
[2018.11.28-07.12.48:786][483]CompilerResultsLog: Error: c:\users\tyler\desktop\repository_files\unrealmasterycourseudemy\coopshootergame\source\coopshootergame\private\../Public/STrackerBot.h(36) : error C2059: syntax error: '('
[2018.11.28-07.12.48:786][483]CompilerResultsLog: Error: c:\users\tyler\desktop\repository_files\unrealmasterycourseudemy\coopshootergame\source\coopshootergame\private\../Public/STrackerBot.h(36) : error C2238: unexpected token(s) preceding ';'
[2018.11.28-07.12.48:786][483]CompilerResultsLog: Error: C:\Users\Tyler\Desktop\Repository_Files\UnrealMasteryCourseUdemy\CoopShooterGame\Source\CoopShooterGame\Public/STrackerBot.h(36) : error C3646: 'FVector': unknown override specifier
[2018.11.28-07.12.48:786][483]CompilerResultsLog: Error: C:\Users\Tyler\Desktop\Repository_Files\UnrealMasteryCourseUdemy\CoopShooterGame\Source\CoopShooterGame\Public/STrackerBot.h(36) : error C3646: 'getNextPathPoint': unknown override specifier
[2018.11.28-07.12.48:786][483]CompilerResultsLog: Error: C:\Users\Tyler\Desktop\Repository_Files\UnrealMasteryCourseUdemy\CoopShooterGame\Source\CoopShooterGame\Public/STrackerBot.h(36) : error C2059: syntax error: '('
[2018.11.28-07.12.48:786][483]CompilerResultsLog: Error: C:\Users\Tyler\Desktop\Repository_Files\UnrealMasteryCourseUdemy\CoopShooterGame\Source\CoopShooterGame\Public/STrackerBot.h(36) : error C2238: unexpected token(s) preceding ';'
[2018.11.28-07.12.48:786][483]CompilerResultsLog: Error: C:\Users\Tyler\Desktop\Repository_Files\UnrealMasteryCourseUdemy\CoopShooterGame\Source\CoopShooterGame\Private\STrackerBot.cpp(60) : error C3861: 'getNextPathPoint': identifier not found
[2018.11.28-07.12.48:786][483]CompilerResultsLog: Error: C:\Users\Tyler\Desktop\Repository_Files\UnrealMasteryCourseUdemy\CoopShooterGame\Source\CoopShooterGame\Private\STrackerBot.cpp(73) : error C3861: 'getNextPathPoint': identifier not found
[2018.11.28-07.12.48:786][483]CompilerResultsLog: Error: C:\Users\Tyler\Desktop\Repository_Files\UnrealMasteryCourseUdemy\CoopShooterGame\Source\CoopShooterGame\Private\STrackerBot.cpp(78) : error C2039: 'getNextPathPoint': is not a member of 'ASTrackerBot'
[2018.11.28-07.12.48:786][483]CompilerResultsLog: Error: c:\users\tyler\desktop\repository_files\unrealmasterycourseudemy\coopshootergame\source\coopshootergame\private\../Public/STrackerBot.h(15) : note: see declaration of 'ASTrackerBot'
[2018.11.28-07.12.48:786][483]CompilerResultsLog: Error: C:\Users\Tyler\Desktop\Repository_Files\UnrealMasteryCourseUdemy\CoopShooterGame\Source\CoopShooterGame\Private\STrackerBot.cpp(80) : error C2355: 'this': can only be referenced inside non-static member functions or non-static data member initializers
[2018.11.28-07.12.48:786][483]CompilerResultsLog: Error: C:\Users\Tyler\Desktop\Repository_Files\UnrealMasteryCourseUdemy\CoopShooterGame\Source\CoopShooterGame\Private\STrackerBot.cpp(82) : error C2355: 'this': can only be referenced inside non-static member functions or non-static data member initializers
[2018.11.28-07.12.48:786][483]CompilerResultsLog: Error: C:\Users\Tyler\Desktop\Repository_Files\UnrealMasteryCourseUdemy\CoopShooterGame\Source\CoopShooterGame\Private\STrackerBot.cpp(82) : error C3861: 'GetActorLocation': identifier not found
[2018.11.28-07.12.48:786][483]CompilerResultsLog: ERROR: UBT ERROR: Failed to produce item: C:\Users\Tyler\Desktop\Repository_Files\UnrealMasteryCourseUdemy\CoopShooterGame\Binaries\Win64\UE4Editor-CoopShooterGame-9536.dll
[2018.11.28-07.12.48:786][483]CompilerResultsLog: Total build time: 10.47 seconds (Local executor: 0.00 seconds)
[2018.11.28-07.12.48:786][483]LogMainFrame: MainFrame: Module compiling took 10.685 seconds
[2018.11.28-07.12.48:786][483]Warning: HotReload failed, recompile failed
[2018.11.28-07.12.50:452][678]LogSlate: Window 'TrackerModel' being destroyed
[2018.11.28-07.12.50:459][678]LogSlate: Window 'TrackerModel' being destroyed
[2018.11.28-07.13.16:984][813]Candidate modules for hot reload:
[2018.11.28-07.13.16:984][813]  CoopShooterGame
[2018.11.28-07.13.16:984][813]Launching UnrealBuildTool... [C:/Program Files/Epic Games/UE_4.19/Engine/Binaries/DotNET/UnrealBuildTool.exe CoopShooterGame -ModuleWithSuffix=CoopShooterGame,9954 Win64 Development -editorrecompile -canskiplink "C:/Users/Tyler/Desktop/Repository_Files/UnrealMasteryCourseUdemy/CoopShooterGame/CoopShooterGame.uproject" ]
[2018.11.28-07.13.16:989][813]Warning: Starting HotReload took  0.0s.
[2018.11.28-07.13.28:732][217]CompilerResultsLog: New page: Compilation - Nov 27, 2018, 7:13:28 PM
[2018.11.28-07.13.28:732][217]CompilerResultsLog: Using 'git status' to determine working set for adaptive non-unity build.
[2018.11.28-07.13.28:732][217]CompilerResultsLog: Compiling game modules for hot reload
[2018.11.28-07.13.28:732][217]CompilerResultsLog: Parsing headers for CoopShooterGameEditor
[2018.11.28-07.13.28:732][217]CompilerResultsLog:   Running UnrealHeaderTool "C:\Users\Tyler\Desktop\Repository_Files\UnrealMasteryCourseUdemy\CoopShooterGame\CoopShooterGame.uproject" "C:\Users\Tyler\Desktop\Repository_Files\UnrealMasteryCourseUdemy\CoopShooterGame\Intermediate\Build\Win64\CoopShooterGameEditor\Development\CoopShooterGameEditor.uhtmanifest" -LogCmds="loginit warning, logexit warning, logdatabase error" -Unattended -WarningsAsErrors -installed
[2018.11.28-07.13.28:732][217]CompilerResultsLog: Reflection code generated for CoopShooterGameEditor in 7.4418689 seconds
[2018.11.28-07.13.28:732][217]CompilerResultsLog: Performing 4 actions (9 in parallel)
[2018.11.28-07.13.28:732][217]CompilerResultsLog: STrackerBot.cpp
[2018.11.28-07.13.28:732][217]CompilerResultsLog: STrackerBot.gen.cpp
[2018.11.28-07.13.28:732][217]CompilerResultsLog: [3/4] Link UE4Editor-CoopShooterGame-9954.dll
[2018.11.28-07.13.28:732][217]CompilerResultsLog: [4/4] Link UE4Editor-CoopShooterGame-9954.lib
[2018.11.28-07.13.28:732][217]CompilerResultsLog:    Creating library C:\Users\Tyler\Desktop\Repository_Files\UnrealMasteryCourseUdemy\CoopShooterGame\Intermediate\Build\Win64\UE4Editor\Development\UE4Editor-CoopShooterGame-9954.lib and object C:\Users\Tyler\Desktop\Repository_Files\UnrealMasteryCourseUdemy\CoopShooterGame\Intermediate\Build\Win64\UE4Editor\Development\UE4Editor-CoopShooterGame-9954.exp
[2018.11.28-07.13.28:732][217]CompilerResultsLog:    Creating library C:\Users\Tyler\Desktop\Repository_Files\UnrealMasteryCourseUdemy\CoopShooterGame\Intermediate\Build\Win64\UE4Editor\Development\UE4Editor-CoopShooterGame-9954.suppressed.lib and object C:\Users\Tyler\Desktop\Repository_Files\UnrealMasteryCourseUdemy\CoopShooterGame\Intermediate\Build\Win64\UE4Editor\Development\UE4Editor-CoopShooterGame-9954.suppressed.exp
[2018.11.28-07.13.28:732][217]CompilerResultsLog: Total build time: 11.59 seconds (Local executor: 2.83 seconds)
[2018.11.28-07.13.28:732][217]LogMainFrame: MainFrame: Module compiling took 11.782 seconds
[2018.11.28-07.13.28:748][217]LogClass: HitScanTrace HotReload.
[2018.11.28-07.13.28:751][217]LogHotReload: Re-instancing STrackerBot after hot-reload.
[2018.11.28-07.13.28:755][217]LogUObjectGlobals: Destroyed PersistentFrame Addr=0x000001b90aeb57e0, Size=28
[2018.11.28-07.13.28:755][217]LogUObjectGlobals: Created PersistentFrame Addr=0x000001b921202560, Size=28, Default__TrackerBot_C Function /Engine/Transient.REINST_TrackerBot_C_18:ExecuteUbergraph_TrackerBot
[2018.11.28-07.13.28:756][217]LogUObjectGlobals: Created PersistentFrame Addr=0x000001b921202ba0, Size=28, Default__TrackerBot_C Function /Game/TrackerBot/TrackerBot.TrackerBot_C:ExecuteUbergraph_TrackerBot
[2018.11.28-07.13.29:007][217]LogContentBrowser: Native class hierarchy updated for 'CoopShooterGame' in 0.0012 seconds. Added 8 classes and 4 folders.
[2018.11.28-07.13.29:010][217]Display: HotReload successful (12 functions remapped  1 scriptstructs remapped)
[2018.11.28-07.13.29:151][217]LogContentBrowser: Native class hierarchy populated in 0.0078 seconds. Added 2461 classes and 564 folders.
[2018.11.28-07.13.29:151][217]Display: HotReload took 12.2s.
[2018.11.28-07.13.30:664][398]LogTemp: Repeating last play command: Selected Viewport
[2018.11.28-07.13.30:684][398]LogBlueprintUserMessages: Early PlayInEditor Detection: Level '/Game/StarterContent/Maps/Minimal_Default.Minimal_Default:PersistentLevel' has LevelScriptBlueprint '/Game/StarterContent/Maps/Minimal_Default.Minimal_Default:PersistentLevel.Minimal_Default' with GeneratedClass '/Game/StarterContent/Maps/Minimal_Default.Minimal_Default_C' with ClassGeneratedBy '/Game/StarterContent/Maps/Minimal_Default.Minimal_Default:PersistentLevel.Minimal_Default'
[2018.11.28-07.13.30:684][398]LogPlayLevel: PlayLevel: No blueprints needed recompiling
[2018.11.28-07.13.30:684][398]PIE: New page: PIE session: Minimal_Default (Nov 27, 2018, 7:13:30 PM)
[2018.11.28-07.13.30:684][398]LogPlayLevel: Creating play world package: /Game/StarterContent/Maps/UEDPIE_0_Minimal_Default
[2018.11.28-07.13.30:692][398]LogPlayLevel: PIE: StaticDuplicateObject took: (0.007196s)
[2018.11.28-07.13.30:692][398]LogAIModule: Creating AISystem for world Minimal_Default
[2018.11.28-07.13.30:692][398]LogPlayLevel: PIE: World Init took: (0.000630s)
[2018.11.28-07.13.30:693][398]LogPlayLevel: PIE: Created PIE world by copying editor world from /Game/StarterContent/Maps/Minimal_Default.Minimal_Default to /Game/StarterContent/Maps/UEDPIE_0_Minimal_Default.Minimal_Default (0.008029s)
[2018.11.28-07.13.30:723][398]LogInit: XAudio2 using 'MStar Demo (NVIDIA High Definition Audio)' : 2 channels at 48 kHz using 16 bits per sample (channel mask 0x3)
[2018.11.28-07.13.30:731][398]LogInit: FAudioDevice initialized.
[2018.11.28-07.13.30:772][398]LogLoad: Game class is 'BP_TestGameMode_C'
[2018.11.28-07.13.30:775][398]LogWorld: Bringing World /Game/StarterContent/Maps/UEDPIE_0_Minimal_Default.Minimal_Default up for play (max tick rate 0) at 2018.11.28-01.13.30
[2018.11.28-07.13.30:775][398]LogWorld: Bringing up level for play took: 0.002037
[2018.11.28-07.13.30:796][398]LogContentBrowser: Native class hierarchy updated for 'MovieSceneCapture' in 0.0012 seconds. Added 11 classes and 0 folders.
[2018.11.28-07.13.30:797][398]LogTemp: POWER: 1.0
[2018.11.28-07.13.30:798][398]LogTemp: POWER: 1.0
[2018.11.28-07.13.30:798][398]LogTemp: POWER: 1.0
[2018.11.28-07.13.30:798][398]LogTemp: POWER: 1.0
[2018.11.28-07.13.30:798][398]PIE: Play in editor start time for /Game/StarterContent/Maps/UEDPIE_0_Minimal_Default -0.799
[2018.11.28-07.13.30:798][398]LogBlueprintUserMessages: Late PlayInEditor Detection: Level '/Game/StarterContent/Maps/Minimal_Default.Minimal_Default:PersistentLevel' has LevelScriptBlueprint '/Game/StarterContent/Maps/Minimal_Default.Minimal_Default:PersistentLevel.Minimal_Default' with GeneratedClass '/Game/StarterContent/Maps/Minimal_Default.Minimal_Default_C' with ClassGeneratedBy '/Game/StarterContent/Maps/Minimal_Default.Minimal_Default:PersistentLevel.Minimal_Default'
[2018.11.28-07.13.30:861][399]LogTemp: POWER: 1.0
[2018.11.28-07.13.30:861][399]LogTemp: POWER: 1.0
[2018.11.28-07.13.30:861][399]LogTemp: POWER: 1.0
[2018.11.28-07.13.30:861][399]LogTemp: POWER: 1.0
[2018.11.28-07.13.30:861][399]LogTemp: POWER: 1.0
[2018.11.28-07.13.30:861][399]LogTemp: POWER: 1.0
[2018.11.28-07.13.30:861][399]LogTemp: POWER: 1.0
[2018.11.28-07.13.30:861][399]LogTemp: POWER: 1.0
[2018.11.28-07.13.30:861][399]LogTemp: POWER: 1.0
[2018.11.28-07.13.30:861][399]LogTemp: POWER: 1.0
[2018.11.28-07.13.30:861][399]LogTemp: POWER: 1.0
[2018.11.28-07.13.30:861][399]LogTemp: POWER: 1.0
[2018.11.28-07.13.30:861][399]LogTemp: POWER: 1.0
[2018.11.28-07.13.30:861][399]LogTemp: POWER: 1.0
[2018.11.28-07.13.30:861][399]LogTemp: POWER: 1.0
[2018.11.28-07.13.30:861][399]LogTemp: POWER: 1.0
[2018.11.28-07.13.30:870][400]LogTemp: POWER: 1.0
[2018.11.28-07.13.30:870][400]LogTemp: POWER: 1.0
[2018.11.28-07.13.30:870][400]LogTemp: POWER: 1.0
[2018.11.28-07.13.30:870][400]LogTemp: POWER: 1.0
[2018.11.28-07.13.30:920][406]LogTemp: POWER: 1.0
[2018.11.28-07.13.30:920][406]LogTemp: POWER: 1.0
[2018.11.28-07.13.30:920][406]LogTemp: POWER: 1.0
[2018.11.28-07.13.30:920][406]LogTemp: POWER: 1.0
[2018.11.28-07.13.30:970][412]LogTemp: POWER: 1.0
[2018.11.28-07.13.30:970][412]LogTemp: POWER: 1.0
[2018.11.28-07.13.30:970][412]LogTemp: POWER: 1.0
[2018.11.28-07.13.30:970][412]LogTemp: POWER: 1.0
[2018.11.28-07.13.31:020][418]LogTemp: POWER: 1.0
[2018.11.28-07.13.31:020][418]LogTemp: POWER: 1.0
[2018.11.28-07.13.31:020][418]LogTemp: POWER: 1.0
[2018.11.28-07.13.31:020][418]LogTemp: POWER: 1.0
[2018.11.28-07.13.31:069][424]LogTemp: POWER: 1.0
[2018.11.28-07.13.31:069][424]LogTemp: POWER: 1.0
[2018.11.28-07.13.31:069][424]LogTemp: POWER: 1.0
[2018.11.28-07.13.31:069][424]LogTemp: POWER: 1.0
[2018.11.28-07.13.31:119][430]LogTemp: POWER: 1.0
[2018.11.28-07.13.31:120][430]LogTemp: POWER: 1.0
[2018.11.28-07.13.31:120][430]LogTemp: POWER: 1.0
[2018.11.28-07.13.31:120][430]LogTemp: POWER: 1.0
[2018.11.28-07.13.31:170][436]LogTemp: POWER: 1.0
[2018.11.28-07.13.31:170][436]LogTemp: POWER: 1.0
[2018.11.28-07.13.31:170][436]LogTemp: POWER: 1.0
[2018.11.28-07.13.31:170][436]LogTemp: POWER: 1.0
[2018.11.28-07.13.31:220][442]LogTemp: POWER: 1.0
[2018.11.28-07.13.31:220][442]LogTemp: POWER: 1.0
[2018.11.28-07.13.31:220][442]LogTemp: POWER: 1.0
[2018.11.28-07.13.31:220][442]LogTemp: POWER: 1.0
[2018.11.28-07.13.31:271][448]LogTemp: POWER: 1.0
[2018.11.28-07.13.31:271][448]LogTemp: POWER: 1.0
[2018.11.28-07.13.31:271][448]LogTemp: POWER: 1.0
[2018.11.28-07.13.31:271][448]LogTemp: POWER: 1.0
[2018.11.28-07.13.31:320][454]LogTemp: POWER: 1.0
[2018.11.28-07.13.31:320][454]LogTemp: POWER: 1.0
[2018.11.28-07.13.31:320][454]LogTemp: POWER: 1.0
[2018.11.28-07.13.31:320][454]LogTemp: POWER: 1.0
[2018.11.28-07.13.31:369][460]LogTemp: POWER: 1.0
[2018.11.28-07.13.31:369][460]LogTemp: POWER: 1.0
[2018.11.28-07.13.31:369][460]LogTemp: POWER: 1.0
[2018.11.28-07.13.31:369][460]LogTemp: POWER: 1.0
[2018.11.28-07.13.31:419][466]LogTemp: POWER: 1.0
[2018.11.28-07.13.31:419][466]LogTemp: POWER: 1.0
[2018.11.28-07.13.31:419][466]LogTemp: POWER: 1.0
[2018.11.28-07.13.31:419][466]LogTemp: POWER: 1.0
[2018.11.28-07.13.31:472][472]LogTemp: POWER: 1.0
[2018.11.28-07.13.31:472][472]LogTemp: POWER: 1.0
[2018.11.28-07.13.31:472][472]LogTemp: POWER: 1.0
[2018.11.28-07.13.31:472][472]LogTemp: POWER: 1.0
[2018.11.28-07.13.31:523][478]LogTemp: POWER: 1.0
[2018.11.28-07.13.31:523][478]LogTemp: POWER: 1.0
[2018.11.28-07.13.31:523][478]LogTemp: POWER: 1.0
[2018.11.28-07.13.31:523][478]LogTemp: POWER: 1.0
[2018.11.28-07.13.31:572][484]LogTemp: POWER: 1.0
[2018.11.28-07.13.31:573][484]LogTemp: POWER: 1.0
[2018.11.28-07.13.31:573][484]LogTemp: POWER: 1.0
[2018.11.28-07.13.31:573][484]LogTemp: POWER: 1.0
[2018.11.28-07.13.31:622][490]LogTemp: POWER: 1.0
[2018.11.28-07.13.31:622][490]LogTemp: POWER: 1.0
[2018.11.28-07.13.31:622][490]LogTemp: POWER: 1.0
[2018.11.28-07.13.31:622][490]LogTemp: POWER: 1.0
[2018.11.28-07.13.31:672][496]LogTemp: POWER: 1.0
[2018.11.28-07.13.31:672][496]LogTemp: POWER: 1.0
[2018.11.28-07.13.31:672][496]LogTemp: POWER: 1.0
[2018.11.28-07.13.31:672][496]LogTemp: POWER: 1.0
[2018.11.28-07.13.31:722][502]LogTemp: POWER: 1.0
[2018.11.28-07.13.31:723][502]LogTemp: POWER: 1.0
[2018.11.28-07.13.31:723][502]LogTemp: POWER: 1.0
[2018.11.28-07.13.31:723][502]LogTemp: POWER: 1.0
[2018.11.28-07.13.31:772][508]LogTemp: POWER: 1.0
[2018.11.28-07.13.31:772][508]LogTemp: POWER: 1.0
[2018.11.28-07.13.31:772][508]LogTemp: POWER: 1.0
[2018.11.28-07.13.31:772][508]LogTemp: POWER: 1.0
[2018.11.28-07.13.31:822][514]LogTemp: POWER: 1.0
[2018.11.28-07.13.31:822][514]LogTemp: POWER: 1.0
[2018.11.28-07.13.31:823][514]LogTemp: POWER: 1.0
[2018.11.28-07.13.31:823][514]LogTemp: POWER: 1.0
[2018.11.28-07.13.31:873][520]LogTemp: POWER: 1.0
[2018.11.28-07.13.31:873][520]LogTemp: POWER: 1.0
[2018.11.28-07.13.31:873][520]LogTemp: POWER: 1.0
[2018.11.28-07.13.31:873][520]LogTemp: POWER: 1.0
[2018.11.28-07.13.31:923][526]LogTemp: POWER: 1.0
[2018.11.28-07.13.31:923][526]LogTemp: POWER: 1.0
[2018.11.28-07.13.31:923][526]LogTemp: POWER: 1.0
[2018.11.28-07.13.31:923][526]LogTemp: POWER: 1.0
[2018.11.28-07.13.31:973][532]LogTemp: POWER: 1.0
[2018.11.28-07.13.31:973][532]LogTemp: POWER: 1.0
[2018.11.28-07.13.31:973][532]LogTemp: POWER: 1.0
[2018.11.28-07.13.31:973][532]LogTemp: POWER: 1.0
[2018.11.28-07.13.32:023][538]LogTemp: POWER: 1.0
[2018.11.28-07.13.32:023][538]LogTemp: POWER: 1.0
[2018.11.28-07.13.32:023][538]LogTemp: POWER: 1.0
[2018.11.28-07.13.32:023][538]LogTemp: POWER: 1.0
[2018.11.28-07.13.32:072][544]LogTemp: POWER: 1.0
[2018.11.28-07.13.32:072][544]LogTemp: POWER: 1.0
[2018.11.28-07.13.32:072][544]LogTemp: POWER: 1.0
[2018.11.28-07.13.32:072][544]LogTemp: POWER: 1.0
[2018.11.28-07.13.32:122][550]LogTemp: POWER: 1.0
[2018.11.28-07.13.32:122][550]LogTemp: POWER: 1.0
[2018.11.28-07.13.32:122][550]LogTemp: POWER: 1.0
[2018.11.28-07.13.32:122][550]LogTemp: POWER: 1.0
[2018.11.28-07.13.32:172][556]LogTemp: POWER: 1.0
[2018.11.28-07.13.32:172][556]LogTemp: POWER: 1.0
[2018.11.28-07.13.32:172][556]LogTemp: POWER: 1.0
[2018.11.28-07.13.32:172][556]LogTemp: POWER: 1.0
[2018.11.28-07.13.32:223][562]LogTemp: POWER: 1.0
[2018.11.28-07.13.32:223][562]LogTemp: POWER: 1.0
[2018.11.28-07.13.32:223][562]LogTemp: POWER: 1.0
[2018.11.28-07.13.32:223][562]LogTemp: POWER: 1.0
[2018.11.28-07.13.32:272][568]LogTemp: POWER: 1.0
[2018.11.28-07.13.32:273][568]LogTemp: POWER: 1.0
[2018.11.28-07.13.32:273][568]LogTemp: POWER: 1.0
[2018.11.28-07.13.32:273][568]LogTemp: POWER: 1.0
[2018.11.28-07.13.32:323][574]LogTemp: POWER: 1.0
[2018.11.28-07.13.32:323][574]LogTemp: POWER: 1.0
[2018.11.28-07.13.32:323][574]LogTemp: POWER: 1.0
[2018.11.28-07.13.32:323][574]LogTemp: POWER: 1.0
[2018.11.28-07.13.32:373][580]LogTemp: POWER: 1.0
[2018.11.28-07.13.32:373][580]LogTemp: POWER: 1.0
[2018.11.28-07.13.32:373][580]LogTemp: POWER: 1.0
[2018.11.28-07.13.32:373][580]LogTemp: POWER: 1.0
[2018.11.28-07.13.32:422][586]LogTemp: POWER: 1.0
[2018.11.28-07.13.32:422][586]LogTemp: POWER: 1.0
[2018.11.28-07.13.32:422][586]LogTemp: POWER: 1.0
[2018.11.28-07.13.32:422][586]LogTemp: POWER: 1.0
[2018.11.28-07.13.32:473][592]LogTemp: POWER: 1.0
[2018.11.28-07.13.32:473][592]LogTemp: POWER: 1.0
[2018.11.28-07.13.32:473][592]LogTemp: POWER: 1.0
[2018.11.28-07.13.32:473][592]LogTemp: POWER: 1.0
[2018.11.28-07.13.32:522][598]LogTemp: POWER: 1.0
[2018.11.28-07.13.32:522][598]LogTemp: POWER: 1.0
[2018.11.28-07.13.32:523][598]LogTemp: POWER: 1.0
[2018.11.28-07.13.32:523][598]LogTemp: POWER: 1.0
[2018.11.28-07.13.32:572][604]LogTemp: POWER: 1.0
[2018.11.28-07.13.32:572][604]LogTemp: POWER: 1.0
[2018.11.28-07.13.32:572][604]LogTemp: POWER: 1.0
[2018.11.28-07.13.32:572][604]LogTemp: POWER: 1.0
[2018.11.28-07.13.32:607][608]LogBlueprintUserMessages: Early EndPlayMap Detection: Level '/Game/StarterContent/Maps/Minimal_Default.Minimal_Default:PersistentLevel' has LevelScriptBlueprint '/Game/StarterContent/Maps/Minimal_Default.Minimal_Default:PersistentLevel.Minimal_Default' with GeneratedClass '/Game/StarterContent/Maps/Minimal_Default.Minimal_Default_C' with ClassGeneratedBy '/Game/StarterContent/Maps/Minimal_Default.Minimal_Default:PersistentLevel.Minimal_Default'
[2018.11.28-07.13.32:643][608]LogBlueprintUserMessages: Late EndPlayMap Detection: Level '/Game/StarterContent/Maps/Minimal_Default.Minimal_Default:PersistentLevel' has LevelScriptBlueprint '/Game/StarterContent/Maps/Minimal_Default.Minimal_Default:PersistentLevel.Minimal_Default' with GeneratedClass '/Game/StarterContent/Maps/Minimal_Default.Minimal_Default_C' with ClassGeneratedBy '/Game/StarterContent/Maps/Minimal_Default.Minimal_Default:PersistentLevel.Minimal_Default'
[2018.11.28-07.13.33:901][756]LogSlate: FSceneViewport::OnFocusLost() reason 0
[2018.11.28-07.13.34:176][767]LogSavePackage: Save=93.91ms
[2018.11.28-07.13.34:176][767]LogSavePackage: Moving '../../../../../../Users/Tyler/Desktop/Repository_Files/UnrealMasteryCourseUdemy/CoopShooterGame/Saved/Minimal_Default06A425524DEB89E98164ED9FF8283556.tmp' to '../../../../../../Users/Tyler/Desktop/Repository_Files/UnrealMasteryCourseUdemy/CoopShooterGame/Content/StarterContent/Maps/Minimal_Default.umap'
[2018.11.28-07.13.34:179][767]LogSavePackage: Display: Finished SavePackage ../../../../../../Users/Tyler/Desktop/Repository_Files/UnrealMasteryCourseUdemy/CoopShooterGame/Content/StarterContent/Maps/Minimal_Default.umap
[2018.11.28-07.13.34:277][767]LogSavePackage: Save=28.75ms
[2018.11.28-07.13.34:277][767]LogSavePackage: Moving '../../../../../../Users/Tyler/Desktop/Repository_Files/UnrealMasteryCourseUdemy/CoopShooterGame/Saved/Minimal_Default_BuiltData0C681E02420297C6CBC20191E01F2929.tmp' to '../../../../../../Users/Tyler/Desktop/Repository_Files/UnrealMasteryCourseUdemy/CoopShooterGame/Content/StarterContent/Maps/Minimal_Default_BuiltData.uasset'
[2018.11.28-07.13.34:279][767]LogSavePackage: Display: Finished SavePackage ../../../../../../Users/Tyler/Desktop/Repository_Files/UnrealMasteryCourseUdemy/CoopShooterGame/Content/StarterContent/Maps/Minimal_Default_BuiltData.uasset
[2018.11.28-07.13.34:894][839]LogTemp: Repeating last play command: Selected Viewport
[2018.11.28-07.13.34:913][839]LogBlueprintUserMessages: Early PlayInEditor Detection: Level '/Game/StarterContent/Maps/Minimal_Default.Minimal_Default:PersistentLevel' has LevelScriptBlueprint '/Game/StarterContent/Maps/Minimal_Default.Minimal_Default:PersistentLevel.Minimal_Default' with GeneratedClass '/Game/StarterContent/Maps/Minimal_Default.Minimal_Default_C' with ClassGeneratedBy '/Game/StarterContent/Maps/Minimal_Default.Minimal_Default:PersistentLevel.Minimal_Default'
[2018.11.28-07.13.34:913][839]LogPlayLevel: PlayLevel: No blueprints needed recompiling
[2018.11.28-07.13.34:914][839]PIE: New page: PIE session: Minimal_Default (Nov 27, 2018, 7:13:34 PM)
[2018.11.28-07.13.34:914][839]LogPlayLevel: Creating play world package: /Game/StarterContent/Maps/UEDPIE_0_Minimal_Default
[2018.11.28-07.13.34:919][839]LogPlayLevel: PIE: StaticDuplicateObject took: (0.005451s)
[2018.11.28-07.13.34:919][839]LogAIModule: Creating AISystem for world Minimal_Default
[2018.11.28-07.13.34:920][839]LogPlayLevel: PIE: World Init took: (0.000476s)
[2018.11.28-07.13.34:920][839]LogPlayLevel: PIE: Created PIE world by copying editor world from /Game/StarterContent/Maps/Minimal_Default.Minimal_Default to /Game/StarterContent/Maps/UEDPIE_0_Minimal_Default.Minimal_Default (0.006050s)
[2018.11.28-07.13.34:950][839]LogInit: XAudio2 using 'MStar Demo (NVIDIA High Definition Audio)' : 2 channels at 48 kHz using 16 bits per sample (channel mask 0x3)
[2018.11.28-07.13.34:957][839]LogInit: FAudioDevice initialized.
[2018.11.28-07.13.34:987][839]LogLoad: Game class is 'BP_TestGameMode_C'
[2018.11.28-07.13.34:989][839]LogWorld: Bringing World /Game/StarterContent/Maps/UEDPIE_0_Minimal_Default.Minimal_Default up for play (max tick rate 0) at 2018.11.28-01.13.34
[2018.11.28-07.13.34:989][839]LogWorld: Bringing up level for play took: 0.001862
[2018.11.28-07.13.34:991][839]LogTemp: POWER: 1.0
[2018.11.28-07.13.34:991][839]LogTemp: POWER: 1.0
[2018.11.28-07.13.34:991][839]LogTemp: POWER: 1.0
[2018.11.28-07.13.34:991][839]LogTemp: POWER: 1.0
[2018.11.28-07.13.34:991][839]PIE: Play in editor start time for /Game/StarterContent/Maps/UEDPIE_0_Minimal_Default -0.606
[2018.11.28-07.13.34:991][839]LogBlueprintUserMessages: Late PlayInEditor Detection: Level '/Game/StarterContent/Maps/Minimal_Default.Minimal_Default:PersistentLevel' has LevelScriptBlueprint '/Game/StarterContent/Maps/Minimal_Default.Minimal_Default:PersistentLevel.Minimal_Default' with GeneratedClass '/Game/StarterContent/Maps/Minimal_Default.Minimal_Default_C' with ClassGeneratedBy '/Game/StarterContent/Maps/Minimal_Default.Minimal_Default:PersistentLevel.Minimal_Default'
[2018.11.28-07.13.35:024][840]LogTemp: POWER: 1.0
[2018.11.28-07.13.35:024][840]LogTemp: POWER: 1.0
[2018.11.28-07.13.35:024][840]LogTemp: POWER: 1.0
[2018.11.28-07.13.35:024][840]LogTemp: POWER: 1.0
[2018.11.28-07.13.35:024][840]LogTemp: POWER: 1.0
[2018.11.28-07.13.35:024][840]LogTemp: POWER: 1.0
[2018.11.28-07.13.35:024][840]LogTemp: POWER: 1.0
[2018.11.28-07.13.35:024][840]LogTemp: POWER: 1.0
[2018.11.28-07.13.35:024][840]LogTemp: POWER: 1.0
[2018.11.28-07.13.35:024][840]LogTemp: POWER: 1.0
[2018.11.28-07.13.35:024][840]LogTemp: POWER: 1.0
[2018.11.28-07.13.35:024][840]LogTemp: POWER: 1.0
[2018.11.28-07.13.35:048][843]LogTemp: POWER: 1.0
[2018.11.28-07.13.35:048][843]LogTemp: POWER: 1.0
[2018.11.28-07.13.35:048][843]LogTemp: POWER: 1.0
[2018.11.28-07.13.35:048][843]LogTemp: POWER: 1.0
[2018.11.28-07.13.35:099][849]LogTemp: POWER: 1.0
[2018.11.28-07.13.35:099][849]LogTemp: POWER: 1.0
[2018.11.28-07.13.35:099][849]LogTemp: POWER: 1.0
[2018.11.28-07.13.35:099][849]LogTemp: POWER: 1.0
[2018.11.28-07.13.35:150][855]LogTemp: POWER: 1.0
[2018.11.28-07.13.35:150][855]LogTemp: POWER: 1.0
[2018.11.28-07.13.35:150][855]LogTemp: POWER: 1.0
[2018.11.28-07.13.35:150][855]LogTemp: POWER: 1.0
[2018.11.28-07.13.35:203][860]LogTemp: POWER: 1.0
[2018.11.28-07.13.35:203][860]LogTemp: POWER: 1.0
[2018.11.28-07.13.35:203][860]LogTemp: POWER: 1.0
[2018.11.28-07.13.35:203][860]LogTemp: POWER: 1.0
[2018.11.28-07.13.35:251][866]LogTemp: POWER: 1.0
[2018.11.28-07.13.35:251][866]LogTemp: POWER: 1.0
[2018.11.28-07.13.35:251][866]LogTemp: POWER: 1.0
[2018.11.28-07.13.35:251][866]LogTemp: POWER: 1.0
[2018.11.28-07.13.35:301][872]LogTemp: POWER: 1.0
[2018.11.28-07.13.35:301][872]LogTemp: POWER: 1.0
[2018.11.28-07.13.35:301][872]LogTemp: POWER: 1.0
[2018.11.28-07.13.35:302][872]LogTemp: POWER: 1.0
[2018.11.28-07.13.35:351][878]LogTemp: POWER: 1.0
[2018.11.28-07.13.35:352][878]LogTemp: POWER: 1.0
[2018.11.28-07.13.35:352][878]LogTemp: POWER: 1.0
[2018.11.28-07.13.35:352][878]LogTemp: POWER: 1.0
[2018.11.28-07.13.35:403][884]LogTemp: POWER: 1.0
[2018.11.28-07.13.35:403][884]LogTemp: POWER: 1.0
[2018.11.28-07.13.35:403][884]LogTemp: POWER: 1.0
[2018.11.28-07.13.35:403][884]LogTemp: POWER: 1.0
[2018.11.28-07.13.35:452][890]LogTemp: POWER: 1.0
[2018.11.28-07.13.35:452][890]LogTemp: POWER: 1.0
[2018.11.28-07.13.35:452][890]LogTemp: POWER: 1.0
[2018.11.28-07.13.35:452][890]LogTemp: POWER: 1.0
[2018.11.28-07.13.35:501][896]LogTemp: POWER: 1.0
[2018.11.28-07.13.35:501][896]LogTemp: POWER: 1.0
[2018.11.28-07.13.35:501][896]LogTemp: POWER: 1.0
[2018.11.28-07.13.35:501][896]LogTemp: POWER: 1.0
[2018.11.28-07.13.35:551][902]LogTemp: POWER: 1.0
[2018.11.28-07.13.35:552][902]LogTemp: POWER: 1.0
[2018.11.28-07.13.35:552][902]LogTemp: POWER: 1.0
[2018.11.28-07.13.35:552][902]LogTemp: POWER: 1.0
[2018.11.28-07.13.35:602][908]LogTemp: POWER: 1.0
[2018.11.28-07.13.35:602][908]LogTemp: POWER: 1.0
[2018.11.28-07.13.35:602][908]LogTemp: POWER: 1.0
[2018.11.28-07.13.35:602][908]LogTemp: POWER: 1.0
[2018.11.28-07.13.35:651][914]LogTemp: POWER: 1.0
[2018.11.28-07.13.35:651][914]LogTemp: POWER: 1.0
[2018.11.28-07.13.35:651][914]LogTemp: POWER: 1.0
[2018.11.28-07.13.35:652][914]LogTemp: POWER: 1.0
[2018.11.28-07.13.35:701][920]LogTemp: POWER: 1.0
[2018.11.28-07.13.35:702][920]LogTemp: POWER: 1.0
[2018.11.28-07.13.35:702][920]LogTemp: POWER: 1.0
[2018.11.28-07.13.35:702][920]LogTemp: POWER: 1.0
[2018.11.28-07.13.35:751][926]LogTemp: POWER: 1.0
[2018.11.28-07.13.35:752][926]LogTemp: POWER: 1.0
[2018.11.28-07.13.35:752][926]LogTemp: POWER: 1.0
[2018.11.28-07.13.35:752][926]LogTemp: POWER: 1.0
[2018.11.28-07.13.35:802][932]LogTemp: POWER: 1.0
[2018.11.28-07.13.35:802][932]LogTemp: POWER: 1.0
[2018.11.28-07.13.35:802][932]LogTemp: POWER: 1.0
[2018.11.28-07.13.35:802][932]LogTemp: POWER: 1.0
[2018.11.28-07.13.35:852][938]LogTemp: POWER: 1.0
[2018.11.28-07.13.35:852][938]LogTemp: POWER: 1.0
[2018.11.28-07.13.35:852][938]LogTemp: POWER: 1.0
[2018.11.28-07.13.35:852][938]LogTemp: POWER: 1.0
[2018.11.28-07.13.35:902][944]LogTemp: POWER: 1.0
[2018.11.28-07.13.35:902][944]LogTemp: POWER: 1.0
[2018.11.28-07.13.35:902][944]LogTemp: POWER: 1.0
[2018.11.28-07.13.35:902][944]LogTemp: POWER: 1.0
[2018.11.28-07.13.35:952][950]LogTemp: POWER: 1.0
[2018.11.28-07.13.35:952][950]LogTemp: POWER: 1.0
[2018.11.28-07.13.35:952][950]LogTemp: POWER: 1.0
[2018.11.28-07.13.35:952][950]LogTemp: POWER: 1.0
[2018.11.28-07.13.36:002][956]LogTemp: POWER: 1.0
[2018.11.28-07.13.36:002][956]LogTemp: POWER: 1.0
[2018.11.28-07.13.36:002][956]LogTemp: POWER: 1.0
[2018.11.28-07.13.36:002][956]LogTemp: POWER: 1.0
[2018.11.28-07.13.36:052][962]LogTemp: POWER: 1.0
[2018.11.28-07.13.36:052][962]LogTemp: POWER: 1.0
[2018.11.28-07.13.36:052][962]LogTemp: POWER: 1.0
[2018.11.28-07.13.36:052][962]LogTemp: POWER: 1.0
[2018.11.28-07.13.36:102][968]LogTemp: POWER: 1.0
[2018.11.28-07.13.36:102][968]LogTemp: POWER: 1.0
[2018.11.28-07.13.36:102][968]LogTemp: POWER: 1.0
[2018.11.28-07.13.36:102][968]LogTemp: POWER: 1.0
[2018.11.28-07.13.36:152][974]LogTemp: POWER: 1.0
[2018.11.28-07.13.36:152][974]LogTemp: POWER: 1.0
[2018.11.28-07.13.36:152][974]LogTemp: POWER: 1.0
[2018.11.28-07.13.36:152][974]LogTemp: POWER: 1.0
[2018.11.28-07.13.36:201][980]LogTemp: POWER: 1.0
[2018.11.28-07.13.36:202][980]LogTemp: POWER: 1.0
[2018.11.28-07.13.36:202][980]LogTemp: POWER: 1.0
[2018.11.28-07.13.36:202][980]LogTemp: POWER: 1.0
[2018.11.28-07.13.36:251][986]LogTemp: POWER: 1.0
[2018.11.28-07.13.36:252][986]LogTemp: POWER: 1.0
[2018.11.28-07.13.36:252][986]LogTemp: POWER: 1.0
[2018.11.28-07.13.36:252][986]LogTemp: POWER: 1.0
[2018.11.28-07.13.36:302][992]LogTemp: POWER: 1.0
[2018.11.28-07.13.36:302][992]LogTemp: POWER: 1.0
[2018.11.28-07.13.36:302][992]LogTemp: POWER: 1.0
[2018.11.28-07.13.36:302][992]LogTemp: POWER: 1.0
[2018.11.28-07.13.36:352][998]LogTemp: POWER: 1.0
[2018.11.28-07.13.36:352][998]LogTemp: POWER: 1.0
[2018.11.28-07.13.36:352][998]LogTemp: POWER: 1.0
[2018.11.28-07.13.36:352][998]LogTemp: POWER: 1.0
[2018.11.28-07.13.36:402][  4]LogTemp: POWER: 1.0
[2018.11.28-07.13.36:402][  4]LogTemp: POWER: 1.0
[2018.11.28-07.13.36:402][  4]LogTemp: POWER: 1.0
[2018.11.28-07.13.36:402][  4]LogTemp: POWER: 1.0
[2018.11.28-07.13.36:452][ 10]LogTemp: POWER: 1.0
[2018.11.28-07.13.36:452][ 10]LogTemp: POWER: 1.0
[2018.11.28-07.13.36:452][ 10]LogTemp: POWER: 1.0
[2018.11.28-07.13.36:452][ 10]LogTemp: POWER: 1.0
[2018.11.28-07.13.36:502][ 16]LogTemp: POWER: 1.0
[2018.11.28-07.13.36:502][ 16]LogTemp: POWER: 1.0
[2018.11.28-07.13.36:502][ 16]LogTemp: POWER: 1.0
[2018.11.28-07.13.36:502][ 16]LogTemp: POWER: 1.0
[2018.11.28-07.13.36:552][ 22]LogTemp: POWER: 1.0
[2018.11.28-07.13.36:552][ 22]LogTemp: POWER: 1.0
[2018.11.28-07.13.36:552][ 22]LogTemp: POWER: 1.0
[2018.11.28-07.13.36:552][ 22]LogTemp: POWER: 1.0
[2018.11.28-07.13.36:602][ 28]LogTemp: POWER: 1.0
[2018.11.28-07.13.36:602][ 28]LogTemp: POWER: 1.0
[2018.11.28-07.13.36:602][ 28]LogTemp: POWER: 1.0
[2018.11.28-07.13.36:602][ 28]LogTemp: POWER: 1.0
[2018.11.28-07.13.36:651][ 34]LogTemp: POWER: 1.0
[2018.11.28-07.13.36:651][ 34]LogTemp: POWER: 1.0
[2018.11.28-07.13.36:651][ 34]LogTemp: POWER: 1.0
[2018.11.28-07.13.36:651][ 34]LogTemp: POWER: 1.0
[2018.11.28-07.13.36:701][ 40]LogTemp: POWER: 1.0
[2018.11.28-07.13.36:702][ 40]LogTemp: POWER: 1.0
[2018.11.28-07.13.36:702][ 40]LogTemp: POWER: 1.0
[2018.11.28-07.13.36:702][ 40]LogTemp: POWER: 1.0
[2018.11.28-07.13.36:752][ 46]LogTemp: POWER: 1.0
[2018.11.28-07.13.36:752][ 46]LogTemp: POWER: 1.0
[2018.11.28-07.13.36:752][ 46]LogTemp: POWER: 1.0
[2018.11.28-07.13.36:752][ 46]LogTemp: POWER: 1.0
[2018.11.28-07.13.36:802][ 52]LogTemp: POWER: 1.0
[2018.11.28-07.13.36:802][ 52]LogTemp: POWER: 1.0
[2018.11.28-07.13.36:802][ 52]LogTemp: POWER: 1.0
[2018.11.28-07.13.36:802][ 52]LogTemp: POWER: 1.0
[2018.11.28-07.13.36:852][ 58]LogTemp: POWER: 1.0
[2018.11.28-07.13.36:852][ 58]LogTemp: POWER: 1.0
[2018.11.28-07.13.36:852][ 58]LogTemp: POWER: 1.0
[2018.11.28-07.13.36:852][ 58]LogTemp: POWER: 1.0
[2018.11.28-07.13.36:902][ 64]LogTemp: POWER: 1.0
[2018.11.28-07.13.36:902][ 64]LogTemp: POWER: 1.0
[2018.11.28-07.13.36:902][ 64]LogTemp: POWER: 1.0
[2018.11.28-07.13.36:902][ 64]LogTemp: POWER: 1.0
[2018.11.28-07.13.36:952][ 70]LogTemp: POWER: 1.0
[2018.11.28-07.13.36:952][ 70]LogTemp: POWER: 1.0
[2018.11.28-07.13.36:952][ 70]LogTemp: POWER: 1.0
[2018.11.28-07.13.36:952][ 70]LogTemp: POWER: 1.0
[2018.11.28-07.13.37:002][ 76]LogTemp: actor overlapped
[2018.11.28-07.13.37:002][ 76]LogTemp: POWER: 1.0
[2018.11.28-07.13.37:002][ 76]LogTemp: POWER: 1.0
[2018.11.28-07.13.37:002][ 76]LogTemp: POWER: 1.0
[2018.11.28-07.13.37:002][ 76]LogTemp: POWER: 1.0
[2018.11.28-07.13.37:052][ 82]LogTemp: POWER: 1.0
[2018.11.28-07.13.37:052][ 82]LogTemp: POWER: 1.0
[2018.11.28-07.13.37:052][ 82]LogTemp: POWER: 1.0
[2018.11.28-07.13.37:052][ 82]LogTemp: POWER: 1.0
[2018.11.28-07.13.37:102][ 88]LogTemp: POWER: 1.0
[2018.11.28-07.13.37:102][ 88]LogTemp: POWER: 1.0
[2018.11.28-07.13.37:102][ 88]LogTemp: POWER: 1.0
[2018.11.28-07.13.37:102][ 88]LogTemp: POWER: 1.0
[2018.11.28-07.13.37:152][ 94]LogTemp: POWER: 1.0
[2018.11.28-07.13.37:152][ 94]LogTemp: POWER: 1.0
[2018.11.28-07.13.37:152][ 94]LogTemp: POWER: 1.0
[2018.11.28-07.13.37:152][ 94]LogTemp: POWER: 1.0
[2018.11.28-07.13.37:202][100]LogTemp: POWER: 1.0
[2018.11.28-07.13.37:202][100]LogTemp: POWER: 1.0
[2018.11.28-07.13.37:202][100]LogTemp: POWER: 1.0
[2018.11.28-07.13.37:203][100]LogTemp: POWER: 1.0
[2018.11.28-07.13.37:252][106]LogTemp: actor overlapped
[2018.11.28-07.13.37:252][106]LogTemp: POWER: 1.0
[2018.11.28-07.13.37:252][106]LogTemp: POWER: 1.0
[2018.11.28-07.13.37:252][106]LogTemp: POWER: 1.0
[2018.11.28-07.13.37:252][106]LogTemp: POWER: 1.0
[2018.11.28-07.13.37:302][112]LogTemp: POWER: 1.0
[2018.11.28-07.13.37:302][112]LogTemp: POWER: 1.0
[2018.11.28-07.13.37:302][112]LogTemp: POWER: 1.0
[2018.11.28-07.13.37:302][112]LogTemp: POWER: 1.0
[2018.11.28-07.13.37:352][118]LogTemp: POWER: 1.0
[2018.11.28-07.13.37:352][118]LogTemp: POWER: 1.0
[2018.11.28-07.13.37:352][118]LogTemp: POWER: 1.0
[2018.11.28-07.13.37:352][118]LogTemp: POWER: 1.0
[2018.11.28-07.13.37:402][124]LogTemp: POWER: 1.0
[2018.11.28-07.13.37:403][124]LogTemp: POWER: 1.0
[2018.11.28-07.13.37:403][124]LogTemp: POWER: 1.0
[2018.11.28-07.13.37:403][124]LogTemp: POWER: 1.0
[2018.11.28-07.13.37:452][130]LogTemp: POWER: 1.0
[2018.11.28-07.13.37:452][130]LogTemp: POWER: 1.0
[2018.11.28-07.13.37:452][130]LogTemp: POWER: 1.0
[2018.11.28-07.13.37:452][130]LogTemp: POWER: 1.0
[2018.11.28-07.13.37:502][136]LogTemp: POWER: 1.0
[2018.11.28-07.13.37:502][136]LogTemp: POWER: 1.0
[2018.11.28-07.13.37:502][136]LogTemp: POWER: 1.0
[2018.11.28-07.13.37:502][136]LogTemp: POWER: 1.0
[2018.11.28-07.13.37:551][142]LogTemp: POWER: 1.0
[2018.11.28-07.13.37:551][142]LogTemp: POWER: 1.0
[2018.11.28-07.13.37:551][142]LogTemp: POWER: 1.0
[2018.11.28-07.13.37:551][142]LogTemp: POWER: 1.0
[2018.11.28-07.13.37:602][148]LogTemp: POWER: 1.0
[2018.11.28-07.13.37:602][148]LogTemp: POWER: 1.0
[2018.11.28-07.13.37:602][148]LogTemp: POWER: 1.0
[2018.11.28-07.13.37:602][148]LogTemp: POWER: 1.0
[2018.11.28-07.13.37:651][154]LogTemp: POWER: 1.0
[2018.11.28-07.13.37:652][154]LogTemp: POWER: 1.0
[2018.11.28-07.13.37:652][154]LogTemp: POWER: 1.0
[2018.11.28-07.13.37:652][154]LogTemp: POWER: 1.0
[2018.11.28-07.13.37:693][159]LogTemp: actor overlapped
[2018.11.28-07.13.37:702][160]LogTemp: POWER: 1.0
[2018.11.28-07.13.37:702][160]LogTemp: POWER: 1.0
[2018.11.28-07.13.37:702][160]LogTemp: POWER: 1.0
[2018.11.28-07.13.37:702][160]LogTemp: POWER: 1.0
[2018.11.28-07.13.37:752][166]LogTemp: POWER: 1.0
[2018.11.28-07.13.37:752][166]LogTemp: POWER: 1.0
[2018.11.28-07.13.37:752][166]LogTemp: POWER: 1.0
[2018.11.28-07.13.37:752][166]LogTemp: POWER: 1.0
[2018.11.28-07.13.37:802][172]LogTemp: POWER: 1.0
[2018.11.28-07.13.37:802][172]LogTemp: POWER: 1.0
[2018.11.28-07.13.37:802][172]LogTemp: POWER: 1.0
[2018.11.28-07.13.37:802][172]LogTemp: POWER: 1.0
[2018.11.28-07.13.37:852][178]LogTemp: POWER: 1.0
[2018.11.28-07.13.37:852][178]LogTemp: POWER: 1.0
[2018.11.28-07.13.37:852][178]LogTemp: POWER: 1.0
[2018.11.28-07.13.37:852][178]LogTemp: POWER: 1.0
[2018.11.28-07.13.37:902][184]LogTemp: POWER: 1.0
[2018.11.28-07.13.37:902][184]LogTemp: POWER: 1.0
[2018.11.28-07.13.37:902][184]LogTemp: POWER: 1.0
[2018.11.28-07.13.37:902][184]LogTemp: POWER: 1.0
[2018.11.28-07.13.37:951][190]LogTemp: POWER: 1.0
[2018.11.28-07.13.37:951][190]LogTemp: POWER: 1.0
[2018.11.28-07.13.37:951][190]LogTemp: POWER: 1.0
[2018.11.28-07.13.37:951][190]LogTemp: POWER: 1.0
[2018.11.28-07.13.38:001][196]LogTemp: POWER: 1.0
[2018.11.28-07.13.38:002][196]LogTemp: POWER: 1.0
[2018.11.28-07.13.38:002][196]LogTemp: POWER: 1.0
[2018.11.28-07.13.38:002][196]LogTemp: POWER: 1.0
[2018.11.28-07.13.38:052][202]LogTemp: POWER: 1.0
[2018.11.28-07.13.38:052][202]LogTemp: POWER: 1.0
[2018.11.28-07.13.38:052][202]LogTemp: POWER: 1.0
[2018.11.28-07.13.38:052][202]LogTemp: POWER: 1.0
[2018.11.28-07.13.38:103][208]LogTemp: POWER: 1.0
[2018.11.28-07.13.38:103][208]LogTemp: POWER: 1.0
[2018.11.28-07.13.38:103][208]LogTemp: POWER: 1.0
[2018.11.28-07.13.38:103][208]LogTemp: POWER: 1.0
[2018.11.28-07.13.38:152][214]LogTemp: POWER: 1.0
[2018.11.28-07.13.38:152][214]LogTemp: POWER: 1.0
[2018.11.28-07.13.38:152][214]LogTemp: POWER: 1.0
[2018.11.28-07.13.38:152][214]LogTemp: POWER: 1.0
[2018.11.28-07.13.38:202][220]LogTemp: POWER: 1.0
[2018.11.28-07.13.38:203][220]LogTemp: POWER: 1.0
[2018.11.28-07.13.38:203][220]LogTemp: POWER: 1.0
[2018.11.28-07.13.38:203][220]LogTemp: POWER: 0.666667
[2018.11.28-07.13.38:253][226]LogTemp: POWER: 0.666667
[2018.11.28-07.13.38:253][226]LogTemp: POWER: 1.0
[2018.11.28-07.13.38:253][226]LogTemp: POWER: 1.0
[2018.11.28-07.13.38:253][226]LogTemp: POWER: 1.0
[2018.11.28-07.13.38:302][232]LogTemp: POWER: 0.666667
[2018.11.28-07.13.38:302][232]LogTemp: POWER: 0.666667
[2018.11.28-07.13.38:302][232]LogTemp: POWER: 1.0
[2018.11.28-07.13.38:302][232]LogTemp: POWER: 1.0
[2018.11.28-07.13.38:352][238]LogTemp: POWER: 1.0
[2018.11.28-07.13.38:352][238]LogTemp: POWER: 0.666667
[2018.11.28-07.13.38:352][238]LogTemp: POWER: 1.0
[2018.11.28-07.13.38:352][238]LogTemp: POWER: 0.666667
[2018.11.28-07.13.38:402][244]LogTemp: POWER: 1.0
[2018.11.28-07.13.38:402][244]LogTemp: POWER: 0.666667
[2018.11.28-07.13.38:402][244]LogTemp: POWER: 0.666667
[2018.11.28-07.13.38:402][244]LogTemp: POWER: 1.0
[2018.11.28-07.13.38:452][250]LogTemp: POWER: 1.0
[2018.11.28-07.13.38:453][250]LogTemp: POWER: 0.666667
[2018.11.28-07.13.38:453][250]LogTemp: POWER: 0.666667
[2018.11.28-07.13.38:453][250]LogTemp: POWER: 1.0
[2018.11.28-07.13.38:502][256]LogTemp: POWER: 0.666667
[2018.11.28-07.13.38:502][256]LogTemp: POWER: 1.0
[2018.11.28-07.13.38:502][256]LogTemp: POWER: 1.0
[2018.11.28-07.13.38:502][256]LogWindows: Windows GetLastError: The operation completed successfully. (0)
[2018.11.28-07.13.39:201][256]LogWindows: Error: === Critical error: ===
[2018.11.28-07.13.39:201][256]LogWindows: Error: 
[2018.11.28-07.13.39:201][256]LogWindows: Error: Assertion failed: (Index >= 0) & (Index < ArrayNum) [File:C:\Program Files\Epic Games\UE_4.19\Engine\Source\Runtime\Core\Public\Containers/Array.h] [Line: 610] 
[2018.11.28-07.13.39:201][256]LogWindows: Error: Array index out of bounds: 1 from an array of size 0
[2018.11.28-07.13.39:201][256]LogWindows: Error: 
[2018.11.28-07.13.39:201][256]LogWindows: Error: 
[2018.11.28-07.13.39:201][256]LogWindows: Error: [Callstack] 0x000000006244A388 KERNELBASE.dll!UnknownFunction []
[2018.11.28-07.13.39:201][256]LogWindows: Error: [Callstack] 0x0000000047B97884 UE4Editor-ApplicationCore.dll!UnknownFunction []
[2018.11.28-07.13.39:201][256]LogWindows: Error: [Callstack] 0x000000002A3F6D9B UE4Editor-Core.dll!UnknownFunction []
[2018.11.28-07.13.39:201][256]LogWindows: Error: [Callstack] 0x000000002A331949 UE4Editor-Core.dll!UnknownFunction []
[2018.11.28-07.13.39:202][256]LogWindows: Error: [Callstack] 0x00000000F311B511 UE4Editor-CoopShooterGame-9954.dll!ASTrackerBot::getNextPathPoint() [c:\users\tyler\desktop\repository_files\unrealmasterycourseudemy\coopshootergame\source\coopshootergame\private\strackerbot.cpp:88]
[2018.11.28-07.13.39:202][256]LogWindows: Error: [Callstack] 0x00000000F311B333 UE4Editor-CoopShooterGame-9954.dll!ASTrackerBot::findNextPathPoint() [c:\users\tyler\desktop\repository_files\unrealmasterycourseudemy\coopshootergame\source\coopshootergame\private\strackerbot.cpp:73]
[2018.11.28-07.13.39:202][256]LogWindows: Error: [Callstack] 0x000000001307911F UE4Editor-Engine.dll!UnknownFunction []
[2018.11.28-07.13.39:202][256]LogWindows: Error: [Callstack] 0x00000000130AE9EC UE4Editor-Engine.dll!UnknownFunction []
[2018.11.28-07.13.39:202][256]LogWindows: Error: [Callstack] 0x0000000012908363 UE4Editor-Engine.dll!UnknownFunction []
[2018.11.28-07.13.39:202][256]LogWindows: Error: [Callstack] 0x0000000010AAD781 UE4Editor-UnrealEd.dll!UnknownFunction []
[2018.11.28-07.13.39:202][256]LogWindows: Error: [Callstack] 0x0000000011349626 UE4Editor-UnrealEd.dll!UnknownFunction []
[2018.11.28-07.13.39:202][256]LogWindows: Error: [Callstack] 0x000000000A7D5EAC UE4Editor.exe!UnknownFunction []
[2018.11.28-07.13.39:202][256]LogWindows: Error: [Callstack] 0x000000000A7E6BD0 UE4Editor.exe!UnknownFunction []
[2018.11.28-07.13.39:202][256]LogWindows: Error: [Callstack] 0x000000000A7E6C4A UE4Editor.exe!UnknownFunction []
[2018.11.28-07.13.39:202][256]LogWindows: Error: [Callstack] 0x000000000A7F4177 UE4Editor.exe!UnknownFunction []
[2018.11.28-07.13.39:202][256]LogWindows: Error: [Callstack] 0x000000000A7F5B87 UE4Editor.exe!UnknownFunction []
[2018.11.28-07.13.39:202][256]LogWindows: Error: [Callstack] 0x0000000063643034 KERNEL32.DLL!UnknownFunction []
[2018.11.28-07.13.39:202][256]LogWindows: Error: [Callstack] 0x0000000065CA1471 ntdll.dll!UnknownFunction []
[2018.11.28-07.13.39:202][256]LogWindows: Error: [Callstack] 0x0000000065CA1471 ntdll.dll!UnknownFunction []
[2018.11.28-07.13.39:202][256]LogWindows: Error: 
[2018.11.28-07.13.39:212][256]LogExit: Executing StaticShutdownAfterError
[2018.11.28-07.13.39:214][256]LogWindows: FPlatformMisc::RequestExit(1)
[2018.11.28-07.13.39:214][256]Log file closed, 11/28/18 01:13:39
