Log file open, 12/10/18 02:41:39
LogWindows: Failed to load 'aqProf.dll' (GetLastError=126)
LogWindows: File 'aqProf.dll' does not exist
LogWindows: Failed to load 'VtuneApi.dll' (GetLastError=126)
LogWindows: File 'VtuneApi.dll' does not exist
LogWindows: Failed to load 'VtuneApi32e.dll' (GetLastError=126)
LogWindows: File 'VtuneApi32e.dll' does not exist
LogInit: Display: Running engine for game: CoopShooterGame
LogPlatformFile: Not using cached read wrapper
LogInit: Display: RandInit(1913079296) SRandInit(1913079296).
LogInit: Read version file with build ID '3944462'
LogInit: Overriding engine version to CL 4033788, compatible CL 3944462
LogInit: Registered custom module enumerator with build ID '3944462'
LogTaskGraph: Started task graph with 5 named threads and 35 total threads with 3 sets of task threads.
LogStats: Stats thread started at 0.393572
LogD3D11RHI: Aftermath initialized
LogICUInternationalization: Display: ICU TimeZone Detection - Raw Offset: -6:00, Platform Override: ''
LogPluginManager: Mounting plugin Paper2D
LogPluginManager: Mounting plugin LiveLink
LogPluginManager: Mounting plugin LightPropagationVolume
LogPluginManager: Mounting plugin CLionSourceCodeAccess
LogPluginManager: Mounting plugin CodeLiteSourceCodeAccess
LogPluginManager: Mounting plugin GitSourceControl
LogPluginManager: Mounting plugin KDevelopSourceCodeAccess
LogPluginManager: Mounting plugin NullSourceCodeAccess
LogPluginManager: Mounting plugin PerforceSourceControl
LogPluginManager: Mounting plugin SubversionSourceControl
LogPluginManager: Mounting plugin UObjectPlugin
LogPluginManager: Mounting plugin VisualStudioCodeSourceCodeAccess
LogPluginManager: Mounting plugin VisualStudioSourceCodeAccess
LogPluginManager: Mounting plugin XCodeSourceCodeAccess
LogPluginManager: Mounting plugin AssetManagerEditor
LogPluginManager: Mounting plugin CryptoKeys
LogPluginManager: Mounting plugin DataValidation
LogPluginManager: Mounting plugin FacialAnimation
LogPluginManager: Mounting plugin GameplayTagsEditor
LogPluginManager: Mounting plugin MobileLauncherProfileWizard
LogPluginManager: Mounting plugin PluginBrowser
LogPluginManager: Mounting plugin SpeedTreeImporter
LogPluginManager: Mounting plugin DatasmithContent
LogPluginManager: Mounting plugin AlembicImporter
LogPluginManager: Mounting plugin CharacterAI
LogPluginManager: Mounting plugin HTML5Networking
LogPluginManager: Mounting plugin AndroidMedia
LogPluginManager: Mounting plugin AvfMedia
LogPluginManager: Mounting plugin ImgMedia
LogPluginManager: Mounting plugin LinearTimecode
LogPluginManager: Mounting plugin MediaCompositing
LogPluginManager: Mounting plugin MediaPlayerEditor
LogPluginManager: Mounting plugin WmfMedia
LogPluginManager: Mounting plugin TcpMessaging
LogPluginManager: Mounting plugin UdpMessaging
LogPluginManager: Mounting plugin ActorSequence
LogPluginManager: Mounting plugin LevelSequenceEditor
LogPluginManager: Mounting plugin MatineeToLevelSequence
LogPluginManager: Mounting plugin NetcodeUnitTest
LogPluginManager: Mounting plugin NUTUnrealEngine4
LogPluginManager: Mounting plugin OnlineSubsystemGooglePlay
LogPluginManager: Mounting plugin OnlineSubsystemIOS
LogPluginManager: Mounting plugin OnlineSubsystem
LogPluginManager: Mounting plugin OnlineSubsystemNull
LogPluginManager: Mounting plugin OnlineSubsystemUtils
LogPluginManager: Mounting plugin AndroidDeviceProfileSelector
LogPluginManager: Mounting plugin AndroidMoviePlayer
LogPluginManager: Mounting plugin AndroidPermission
LogPluginManager: Mounting plugin AppleARKit
LogPluginManager: Mounting plugin AppleMoviePlayer
LogPluginManager: Mounting plugin ArchVisCharacter
LogPluginManager: Mounting plugin AudioCapture
LogPluginManager: Mounting plugin CableComponent
LogPluginManager: Mounting plugin CustomMeshComponent
LogPluginManager: Mounting plugin ExampleDeviceProfileSelector
LogPluginManager: Mounting plugin GoogleCloudMessaging
LogPluginManager: Mounting plugin ImmediatePhysics
LogPluginManager: Mounting plugin IOSDeviceProfileSelector
LogPluginManager: Mounting plugin LinuxDeviceProfileSelector
LogPluginManager: Mounting plugin LocationServicesBPLibrary
LogPluginManager: Mounting plugin MobilePatchingUtils
LogPluginManager: Mounting plugin OculusVR
LogPluginManager: Plugin shader directory ../../../Engine/Plugins/Runtime/Oculus/OculusVR/Shaders found
LogPluginManager: Mapping shader source directory ../../../Engine/Plugins/Runtime/Oculus/OculusVR/Shaders to virtual directory /Plugin/OculusVR
LogPluginManager: Mounting plugin PhysXVehicles
LogPluginManager: Mounting plugin ProceduralMeshComponent
LogPluginManager: Mounting plugin RuntimePhysXCooking
LogPluginManager: Mounting plugin SteamVR
LogPluginManager: Mounting plugin WindowsMoviePlayer
LogStreaming: Display: Took  0.100s to configure plugins.
LogModuleManager: Display: Found up-to-date module file ../../../../../../Users/Tyler/Desktop/Repository_Files/UnrealMasteryCourseUdemy/CoopShooterGame/Binaries/Win64/UE4Editor-CoopShooterGame.dll (API version 3944462).
LogModuleManager: Display: Found up-to-date module file ../../../Engine/Plugins/2D/Paper2D/Binaries/Win64/UE4Editor-Paper2D.dll (API version 3944462).
LogModuleManager: Display: Found up-to-date module file ../../../Engine/Plugins/2D/Paper2D/Binaries/Win64/UE4Editor-Paper2DEditor.dll (API version 3944462).
LogModuleManager: Display: Found up-to-date module file ../../../Engine/Plugins/2D/Paper2D/Binaries/Win64/UE4Editor-PaperSpriteSheetImporter.dll (API version 3944462).
LogModuleManager: Display: Found up-to-date module file ../../../Engine/Plugins/2D/Paper2D/Binaries/Win64/UE4Editor-PaperTiledImporter.dll (API version 3944462).
LogModuleManager: Display: Found up-to-date module file ../../../Engine/Plugins/2D/Paper2D/Binaries/Win64/UE4Editor-SmartSnapping.dll (API version 3944462).
LogModuleManager: Display: Found up-to-date module file ../../../Engine/Plugins/Animation/LiveLink/Binaries/Win64/UE4Editor-LiveLink.dll (API version 3944462).
LogModuleManager: Display: Found up-to-date module file ../../../Engine/Plugins/Animation/LiveLink/Binaries/Win64/UE4Editor-LiveLinkEditor.dll (API version 3944462).
LogModuleManager: Display: Found up-to-date module file ../../../Engine/Plugins/Blendables/LightPropagationVolume/Binaries/Win64/UE4Editor-LightPropagationVolumeRuntime.dll (API version 3944462).
LogModuleManager: Display: Found up-to-date module file ../../../Engine/Plugins/Blendables/LightPropagationVolume/Binaries/Win64/UE4Editor-LightPropagationVolumeEditor.dll (API version 3944462).
LogModuleManager: Display: Found up-to-date module file ../../../Engine/Plugins/Developer/CLionSourceCodeAccess/Binaries/Win64/UE4Editor-CLionSourceCodeAccess.dll (API version 3944462).
LogModuleManager: Display: Found up-to-date module file ../../../Engine/Plugins/Developer/GitSourceControl/Binaries/Win64/UE4Editor-GitSourceControl.dll (API version 3944462).
LogModuleManager: Display: Found up-to-date module file ../../../Engine/Plugins/Developer/PerforceSourceControl/Binaries/Win64/UE4Editor-PerforceSourceControl.dll (API version 3944462).
LogModuleManager: Display: Found up-to-date module file ../../../Engine/Plugins/Developer/SubversionSourceControl/Binaries/Win64/UE4Editor-SubversionSourceControl.dll (API version 3944462).
LogModuleManager: Display: Found up-to-date module file ../../../Engine/Plugins/Developer/UObjectPlugin/Binaries/Win64/UE4Editor-UObjectPlugin.dll (API version 3944462).
LogModuleManager: Display: Found up-to-date module file ../../../Engine/Plugins/Developer/VisualStudioCodeSourceCodeAccess/Binaries/Win64/UE4Editor-VisualStudioCodeSourceCodeAccess.dll (API version 3944462).
LogModuleManager: Display: Found up-to-date module file ../../../Engine/Plugins/Developer/VisualStudioSourceCodeAccess/Binaries/Win64/UE4Editor-VisualStudioSourceCodeAccess.dll (API version 3944462).
LogModuleManager: Display: Found up-to-date module file ../../../Engine/Plugins/Editor/AssetManagerEditor/Binaries/Win64/UE4Editor-AssetManagerEditor.dll (API version 3944462).
LogModuleManager: Display: Found up-to-date module file ../../../Engine/Plugins/Editor/CryptoKeys/Binaries/Win64/UE4Editor-CryptoKeys.dll (API version 3944462).
LogModuleManager: Display: Found up-to-date module file ../../../Engine/Plugins/Editor/CryptoKeys/Binaries/Win64/UE4Editor-CryptoKeysOpenSSL.dll (API version 3944462).
LogModuleManager: Display: Found up-to-date module file ../../../Engine/Plugins/Editor/DataValidation/Binaries/Win64/UE4Editor-DataValidation.dll (API version 3944462).
LogModuleManager: Display: Found up-to-date module file ../../../Engine/Plugins/Editor/FacialAnimation/Binaries/Win64/UE4Editor-FacialAnimation.dll (API version 3944462).
LogModuleManager: Display: Found up-to-date module file ../../../Engine/Plugins/Editor/FacialAnimation/Binaries/Win64/UE4Editor-FacialAnimationEditor.dll (API version 3944462).
LogModuleManager: Display: Found up-to-date module file ../../../Engine/Plugins/Editor/GameplayTagsEditor/Binaries/Win64/UE4Editor-GameplayTagsEditor.dll (API version 3944462).
LogModuleManager: Display: Found up-to-date module file ../../../Engine/Plugins/Editor/MobileLauncherProfileWizard/Binaries/Win64/UE4Editor-MobileLauncherProfileWizard.dll (API version 3944462).
LogModuleManager: Display: Found up-to-date module file ../../../Engine/Plugins/Editor/PluginBrowser/Binaries/Win64/UE4Editor-PluginBrowser.dll (API version 3944462).
LogModuleManager: Display: Found up-to-date module file ../../../Engine/Plugins/Editor/SpeedTreeImporter/Binaries/Win64/UE4Editor-SpeedTreeImporter.dll (API version 3944462).
LogModuleManager: Display: Found up-to-date module file ../../../Engine/Plugins/Enterprise/DatasmithContent/Binaries/Win64/UE4Editor-DatasmithContent.dll (API version 3944462).
LogModuleManager: Display: Found up-to-date module file ../../../Engine/Plugins/Experimental/AlembicImporter/Binaries/Win64/UE4Editor-AlembicImporter.dll (API version 3944462).
LogModuleManager: Display: Found up-to-date module file ../../../Engine/Plugins/Experimental/AlembicImporter/Binaries/Win64/UE4Editor-AlembicLibrary.dll (API version 3944462).
LogModuleManager: Display: Found up-to-date module file ../../../Engine/Plugins/Experimental/CharacterAI/Binaries/Win64/UE4Editor-CharacterAI.dll (API version 3944462).
LogModuleManager: Display: Found up-to-date module file ../../../Engine/Plugins/Experimental/HTML5Networking/Binaries/Win64/UE4Editor-HTML5Networking.dll (API version 3944462).
LogModuleManager: Display: Found up-to-date module file ../../../Engine/Plugins/Media/AndroidMedia/Binaries/Win64/UE4Editor-AndroidMediaEditor.dll (API version 3944462).
LogModuleManager: Display: Found up-to-date module file ../../../Engine/Plugins/Media/AndroidMedia/Binaries/Win64/UE4Editor-AndroidMediaFactory.dll (API version 3944462).
LogModuleManager: Display: Found up-to-date module file ../../../Engine/Plugins/Media/AvfMedia/Binaries/Win64/UE4Editor-AvfMediaEditor.dll (API version 3944462).
LogModuleManager: Display: Found up-to-date module file ../../../Engine/Plugins/Media/AvfMedia/Binaries/Win64/UE4Editor-AvfMediaFactory.dll (API version 3944462).
LogModuleManager: Display: Found up-to-date module file ../../../Engine/Plugins/Media/AvfMedia/Binaries/Win64/UE4Editor-AvfMediaFactory.dll (API version 3944462).
LogModuleManager: Display: Found up-to-date module file ../../../Engine/Plugins/Media/ImgMedia/Binaries/Win64/UE4Editor-ImgMedia.dll (API version 3944462).
LogModuleManager: Display: Found up-to-date module file ../../../Engine/Plugins/Media/ImgMedia/Binaries/Win64/UE4Editor-ImgMediaEditor.dll (API version 3944462).
LogModuleManager: Display: Found up-to-date module file ../../../Engine/Plugins/Media/ImgMedia/Binaries/Win64/UE4Editor-ImgMediaFactory.dll (API version 3944462).
LogModuleManager: Display: Found up-to-date module file ../../../Engine/Plugins/Media/ImgMedia/Binaries/Win64/UE4Editor-ImgMediaFactory.dll (API version 3944462).
LogModuleManager: Display: Found up-to-date module file ../../../Engine/Plugins/Media/ImgMedia/Binaries/Win64/UE4Editor-OpenExrWrapper.dll (API version 3944462).
LogModuleManager: Display: Found up-to-date module file ../../../Engine/Plugins/Media/LinearTimecode/Binaries/Win64/UE4Editor-LinearTimecode.dll (API version 3944462).
LogModuleManager: Display: Found up-to-date module file ../../../Engine/Plugins/Media/MediaCompositing/Binaries/Win64/UE4Editor-MediaCompositing.dll (API version 3944462).
LogModuleManager: Display: Found up-to-date module file ../../../Engine/Plugins/Media/MediaCompositing/Binaries/Win64/UE4Editor-MediaCompositingEditor.dll (API version 3944462).
LogModuleManager: Display: Found up-to-date module file ../../../Engine/Plugins/Media/MediaPlayerEditor/Binaries/Win64/UE4Editor-MediaPlayerEditor.dll (API version 3944462).
LogModuleManager: Display: Found up-to-date module file ../../../Engine/Plugins/Media/WmfMedia/Binaries/Win64/UE4Editor-WmfMedia.dll (API version 3944462).
LogModuleManager: Display: Found up-to-date module file ../../../Engine/Plugins/Media/WmfMedia/Binaries/Win64/UE4Editor-WmfMediaEditor.dll (API version 3944462).
LogModuleManager: Display: Found up-to-date module file ../../../Engine/Plugins/Media/WmfMedia/Binaries/Win64/UE4Editor-WmfMediaFactory.dll (API version 3944462).
LogModuleManager: Display: Found up-to-date module file ../../../Engine/Plugins/Media/WmfMedia/Binaries/Win64/UE4Editor-WmfMediaFactory.dll (API version 3944462).
LogModuleManager: Display: Found up-to-date module file ../../../Engine/Plugins/Messaging/TcpMessaging/Binaries/Win64/UE4Editor-TcpMessaging.dll (API version 3944462).
LogModuleManager: Display: Found up-to-date module file ../../../Engine/Plugins/Messaging/UdpMessaging/Binaries/Win64/UE4Editor-UdpMessaging.dll (API version 3944462).
LogModuleManager: Display: Found up-to-date module file ../../../Engine/Plugins/MovieScene/ActorSequence/Binaries/Win64/UE4Editor-ActorSequence.dll (API version 3944462).
LogModuleManager: Display: Found up-to-date module file ../../../Engine/Plugins/MovieScene/LevelSequenceEditor/Binaries/Win64/UE4Editor-LevelSequenceEditor.dll (API version 3944462).
LogModuleManager: Display: Found up-to-date module file ../../../Engine/Plugins/MovieScene/MatineeToLevelSequence/Binaries/Win64/UE4Editor-MatineeToLevelSequence.dll (API version 3944462).
LogModuleManager: Display: Found up-to-date module file ../../../Engine/Plugins/NetcodeUnitTest/NetcodeUnitTest/Binaries/Win64/UE4Editor-NetcodeUnitTest.dll (API version 3944462).
LogModuleManager: Display: Found up-to-date module file ../../../Engine/Plugins/NetcodeUnitTest/NUTUnrealEngine4/Binaries/Win64/UE4Editor-NUTUnrealEngine4.dll (API version 3944462).
LogModuleManager: Display: Found up-to-date module file ../../../Engine/Plugins/Online/OnlineSubsystem/Binaries/Win64/UE4Editor-OnlineSubsystem.dll (API version 3944462).
LogModuleManager: Display: Found up-to-date module file ../../../Engine/Plugins/Online/OnlineSubsystemNull/Binaries/Win64/UE4Editor-OnlineSubsystemNull.dll (API version 3944462).
LogModuleManager: Display: Found up-to-date module file ../../../Engine/Plugins/Online/OnlineSubsystemUtils/Binaries/Win64/UE4Editor-OnlineSubsystemUtils.dll (API version 3944462).
LogModuleManager: Display: Found up-to-date module file ../../../Engine/Plugins/Online/OnlineSubsystemUtils/Binaries/Win64/UE4Editor-OnlineBlueprintSupport.dll (API version 3944462).
LogModuleManager: Display: Found up-to-date module file ../../../Engine/Plugins/Runtime/AndroidDeviceProfileSelector/Binaries/Win64/UE4Editor-AndroidDeviceProfileSelector.dll (API version 3944462).
LogModuleManager: Display: Found up-to-date module file ../../../Engine/Plugins/Runtime/AndroidPermission/Binaries/Win64/UE4Editor-AndroidPermission.dll (API version 3944462).
LogModuleManager: Display: Found up-to-date module file ../../../Engine/Plugins/Runtime/AppleARKit/Binaries/Win64/UE4Editor-AppleARKit.dll (API version 3944462).
LogModuleManager: Display: Found up-to-date module file ../../../Engine/Plugins/Runtime/ArchVisCharacter/Binaries/Win64/UE4Editor-ArchVisCharacter.dll (API version 3944462).
LogModuleManager: Display: Found up-to-date module file ../../../Engine/Plugins/Runtime/AudioCapture/Binaries/Win64/UE4Editor-AudioCapture.dll (API version 3944462).
LogModuleManager: Display: Found up-to-date module file ../../../Engine/Plugins/Runtime/AudioCapture/Binaries/Win64/UE4Editor-AudioCaptureEditor.dll (API version 3944462).
LogModuleManager: Display: Found up-to-date module file ../../../Engine/Plugins/Runtime/CableComponent/Binaries/Win64/UE4Editor-CableComponent.dll (API version 3944462).
LogModuleManager: Display: Found up-to-date module file ../../../Engine/Plugins/Runtime/CustomMeshComponent/Binaries/Win64/UE4Editor-CustomMeshComponent.dll (API version 3944462).
LogModuleManager: Display: Found up-to-date module file ../../../Engine/Plugins/Runtime/ExampleDeviceProfileSelector/Binaries/Win64/UE4Editor-ExampleDeviceProfileSelector.dll (API version 3944462).
LogModuleManager: Display: Found up-to-date module file ../../../Engine/Plugins/Runtime/ImmediatePhysics/Binaries/Win64/UE4Editor-ImmediatePhysics.dll (API version 3944462).
LogModuleManager: Display: Found up-to-date module file ../../../Engine/Plugins/Runtime/ImmediatePhysics/Binaries/Win64/UE4Editor-ImmediatePhysicsEditor.dll (API version 3944462).
LogModuleManager: Display: Found up-to-date module file ../../../Engine/Plugins/Runtime/LocationServicesBPLibrary/Binaries/Win64/UE4Editor-LocationServicesBPLibrary.dll (API version 3944462).
LogModuleManager: Display: Found up-to-date module file ../../../Engine/Plugins/Runtime/MobilePatchingUtils/Binaries/Win64/UE4Editor-MobilePatchingUtils.dll (API version 3944462).
LogModuleManager: Display: Found up-to-date module file ../../../Engine/Plugins/Runtime/Oculus/OculusVR/Binaries/Win64/UE4Editor-OculusHMD.dll (API version 3944462).
LogModuleManager: Display: Found up-to-date module file ../../../Engine/Plugins/Runtime/Oculus/OculusVR/Binaries/Win64/UE4Editor-OculusInput.dll (API version 3944462).
LogModuleManager: Display: Found up-to-date module file ../../../Engine/Plugins/Runtime/Oculus/OculusVR/Binaries/Win64/UE4Editor-OculusEditor.dll (API version 3944462).
LogModuleManager: Display: Found up-to-date module file ../../../Engine/Plugins/Runtime/PhysXVehicles/Binaries/Win64/UE4Editor-PhysXVehicles.dll (API version 3944462).
LogModuleManager: Display: Found up-to-date module file ../../../Engine/Plugins/Runtime/PhysXVehicles/Binaries/Win64/UE4Editor-PhysXVehiclesEditor.dll (API version 3944462).
LogModuleManager: Display: Found up-to-date module file ../../../Engine/Plugins/Runtime/ProceduralMeshComponent/Binaries/Win64/UE4Editor-ProceduralMeshComponent.dll (API version 3944462).
LogModuleManager: Display: Found up-to-date module file ../../../Engine/Plugins/Runtime/ProceduralMeshComponent/Binaries/Win64/UE4Editor-ProceduralMeshComponentEditor.dll (API version 3944462).
LogModuleManager: Display: Found up-to-date module file ../../../Engine/Plugins/Runtime/RuntimePhysXCooking/Binaries/Win64/UE4Editor-RuntimePhysXCooking.dll (API version 3944462).
LogModuleManager: Display: Found up-to-date module file ../../../Engine/Plugins/Runtime/Steam/SteamVR/Binaries/Win64/UE4Editor-SteamVR.dll (API version 3944462).
LogModuleManager: Display: Found up-to-date module file ../../../Engine/Plugins/Runtime/Steam/SteamVR/Binaries/Win64/UE4Editor-SteamVRController.dll (API version 3944462).
LogModuleManager: Display: Found up-to-date module file ../../../Engine/Plugins/Runtime/WindowsMoviePlayer/Binaries/Win64/UE4Editor-WindowsMoviePlayer.dll (API version 3944462).
LogInit: Using libcurl 7.47.1
LogInit:  - built for x86_64-pc-win32
LogInit:  - supports SSL with OpenSSL/1.0.2g
LogInit:  - supports HTTP deflate (compression) using libz 1.2.8
LogInit:  - other features:
LogInit:      CURL_VERSION_SSL
LogInit:      CURL_VERSION_LIBZ
LogInit:      CURL_VERSION_IPV6
LogInit:      CURL_VERSION_ASYNCHDNS
LogInit:      CURL_VERSION_LARGEFILE
LogInit:      CURL_VERSION_IDN
LogInit:  CurlRequestOptions (configurable via config and command line):
LogInit:  - bVerifyPeer = false  - Libcurl will NOT verify peer certificate
LogInit:  - bUseHttpProxy = false  - Libcurl will NOT use HTTP proxy
LogInit:  - bDontReuseConnections = false  - Libcurl will reuse connections
LogInit:  - CertBundlePath = nullptr  - Libcurl will use whatever was configured at build time.
LogInit:  - MaxHostConnections = 16  - Libcurl will limit the number of connections to a host
LogInit:  - LocalHostAddr = Default
LogInit: WinSock: version 1.1 (2.2), MaxSocks=32767, MaxUdp=65467
LogInit: WinSock: I am DESKTOP-4VFF8DG (192.168.99.1:0)
LogInit: Build: ++UE4+Release-4.19-CL-4033788
LogInit: Engine Version: 4.19.2-4033788+++UE4+Release-4.19
LogInit: Compatible Engine Version: 4.19.0-3944462+++UE4+Release-4.19
LogInit: Net CL: 3944462
LogDevObjectVersion: Number of dev versions registered: 18
LogDevObjectVersion:   Dev-Blueprints (B0D832E4-1F89-4F0D-ACCF-7EB736FD4AA2): 10
LogDevObjectVersion:   Dev-Build (E1C64328-A22C-4D53-A36C-8E866417BD8C): 0
LogDevObjectVersion:   Dev-Core (375EC13C-06E4-48FB-B500-84F0262A717E): 2
LogDevObjectVersion:   Dev-Editor (E4B068ED-F494-42E9-A231-DA0B2E46BB41): 23
LogDevObjectVersion:   Dev-Framework (CFFC743F-43B0-4480-9391-14DF171D2073): 33
LogDevObjectVersion:   Dev-Mobile (B02B49B5-BB20-44E9-A304-32B752E40360): 2
LogDevObjectVersion:   Dev-Networking (A4E4105C-59A1-49B5-A7C5-40C4547EDFEE): 0
LogDevObjectVersion:   Dev-Online (39C831C9-5AE6-47DC-9A44-9C173E1C8E7C): 0
LogDevObjectVersion:   Dev-Physics (78F01B33-EBEA-4F98-B9B4-84EACCB95AA2): 0
LogDevObjectVersion:   Dev-Platform (6631380F-2D4D-43E0-8009-CF276956A95A): 0
LogDevObjectVersion:   Dev-Rendering (12F88B9F-8875-4AFC-A67C-D90C383ABD29): 25
LogDevObjectVersion:   Dev-Sequencer (7B5AE74C-D270-4C10-A958-57980B212A5A): 6
LogDevObjectVersion:   Dev-VR (D7296918-1DD6-4BDD-9DE2-64A83CC13884): 1
LogDevObjectVersion:   Dev-LoadTimes (C2A15278-BFE7-4AFE-6C17-90FF531DF755): 1
LogDevObjectVersion:   Private-Geometry (6EACA3D4-40EC-4CC1-B786-8BED09428FC5): 2
LogDevObjectVersion:   Dev-AnimPhys (29E575DD-E0A3-4627-9D10-D276232CDCEA): 16
LogDevObjectVersion:   Dev-ReflectionCapture (6B266CEC-1EC7-4B8F-A30B-E4D90942FC07): 1
LogDevObjectVersion:   Dev-Automation (0DF73D61-A23F-47EA-B727-89E90C41499A): 1
LogInit: Compiled (64-bit): Apr 27 2018 02:06:57
LogInit: Compiled with Visual C++: 19.00.24215.01
LogInit: Build Configuration: Development
LogInit: Branch Name: ++UE4+Release-4.19
LogInit: Command Line: 
LogInit: Base Directory: C:/Program Files/Epic Games/UE_4.19/Engine/Binaries/Win64/
LogInit: Installed Engine Build: 1
LogStreaming: Display: Took  0.003s to delete old logs.
LogInit: Presizing for max 8388607 objects, including 0 objects not considered by GC, pre-allocating 0 bytes for permanent pool.
LogInit: Object subsystem initialized
[2018.12.10-08.41.41:284][  0]LogInit: Selected Device Profile: [Windows]
[2018.12.10-08.41.41:284][  0]LogInit: Applying CVar settings loaded from the selected device profile: [Windows]
[2018.12.10-08.41.41:291][  0]LogInit: Computer: DESKTOP-4VFF8DG
[2018.12.10-08.41.41:291][  0]LogInit: User: Tyler
[2018.12.10-08.41.41:291][  0]LogInit: CPU Page size=4096, Cores=6
[2018.12.10-08.41.41:291][  0]LogInit: High frequency timer resolution =3.609373 MHz
[2018.12.10-08.41.41:292][  0]LogMemory: Memory total: Physical=15.9GB (16GB approx)
[2018.12.10-08.41.41:292][  0]LogMemory: Platform Memory Stats for Windows
[2018.12.10-08.41.41:292][  0]LogMemory: Process Physical Memory: 276.93 MB used, 276.93 MB peak
[2018.12.10-08.41.41:292][  0]LogMemory: Process Virtual Memory: 267.76 MB used, 267.76 MB peak
[2018.12.10-08.41.41:292][  0]LogMemory: Physical Memory: 6226.79 MB used,  10080.55 MB free, 16307.34 MB total
[2018.12.10-08.41.41:292][  0]LogMemory: Virtual Memory: 4811.96 MB used,  10080.55 MB free, 134217728.00 MB total
[2018.12.10-08.41.41:309][  0]LogInit: Using OS detected language (en-US).
[2018.12.10-08.41.41:309][  0]LogInit: Using OS detected locale (en-US).
[2018.12.10-08.41.41:311][  0]LogTextLocalizationManager: No specific localization for 'en-US' exists, so the 'en' localization will be used.
[2018.12.10-08.41.41:626][  0]LogStreaming: Display: Took  0.317s to EndInitTextLocalization.
[2018.12.10-08.41.41:626][  0]LogInit: Setting process to per monitor DPI aware
[2018.12.10-08.41.41:692][  0]LogSlate: New Slate User Created.  User Index 0, Is Virtual User: 0
[2018.12.10-08.41.41:692][  0]LogSlate: Slate User Registered.  User Index 0, Is Virtual User: 0
[2018.12.10-08.41.41:869][  0]LogD3D11RHI: D3D11 adapters:
[2018.12.10-08.41.41:929][  0]LogD3D11RHI:    0. 'NVIDIA GeForce GTX 1080 Ti' (Feature Level 11_0)
[2018.12.10-08.41.41:929][  0]LogD3D11RHI:       11127/0/8153 MB DedicatedVideo/DedicatedSystem/SharedSystem, Outputs:4, VendorId:0x10de
[2018.12.10-08.41.41:930][  0]LogD3D11RHI:    1. 'Microsoft Basic Render Driver' (Feature Level 11_0)
[2018.12.10-08.41.41:930][  0]LogD3D11RHI:       0/0/8153 MB DedicatedVideo/DedicatedSystem/SharedSystem, Outputs:0, VendorId:0x1414
[2018.12.10-08.41.41:930][  0]LogD3D11RHI: Chosen D3D11 Adapter: 0
[2018.12.10-08.41.41:936][  0]LogD3D11RHI: Creating new Direct3DDevice
[2018.12.10-08.41.41:936][  0]LogD3D11RHI:     GPU DeviceId: 0x1b06 (for the marketing name, search the web for "GPU Device Id")
[2018.12.10-08.41.41:936][  0]LogWindows: EnumDisplayDevices:
[2018.12.10-08.41.41:936][  0]LogWindows:    0. 'NVIDIA GeForce GTX 1080 Ti' (P:1 D:1)
[2018.12.10-08.41.41:936][  0]LogWindows:    1. 'NVIDIA GeForce GTX 1080 Ti' (P:0 D:1)
[2018.12.10-08.41.41:936][  0]LogWindows:    2. 'NVIDIA GeForce GTX 1080 Ti' (P:0 D:1)
[2018.12.10-08.41.41:937][  0]LogWindows:    3. 'NVIDIA GeForce GTX 1080 Ti' (P:0 D:1)
[2018.12.10-08.41.41:937][  0]LogWindows: DebugString: GetVideoDriverDetailsInvalid PrimaryIsNotTheChoosenAdapter GetVideoDriverDetailsInvalid PrimaryIsNotTheChoosenAdapter GetVideoDriverDetailsInvalid PrimaryIsNotTheChoosenAdapter GetVideoDriverDetailsInvalid PrimaryIsNotTheChoosenAdapter FoundDriverCount:0 
[2018.12.10-08.41.41:937][  0]LogD3D11RHI:     Adapter Name: NVIDIA GeForce GTX 1080 Ti
[2018.12.10-08.41.41:937][  0]LogD3D11RHI:   Driver Version: Unknown (internal:Unknown, unified:Unknown)
[2018.12.10-08.41.41:937][  0]LogD3D11RHI:      Driver Date: Unknown
[2018.12.10-08.41.41:937][  0]LogRHI: Texture pool is 7788 MB (70% of 11127 MB)
[2018.12.10-08.41.41:966][  0]LogD3D11RHI: [Aftermath] Aftermath enabled and primed
[2018.12.10-08.41.41:966][  0]LogD3D11RHI: [Aftermath] Aftermath enabled and primed
[2018.12.10-08.41.41:966][  0]LogD3D11RHI: Async texture creation enabled
[2018.12.10-08.41.41:982][  0]LogD3D11RHI: GPU Timing Frequency: 1000.000000 (Debug: 2 2)
[2018.12.10-08.41.42:186][  0]LogShaderCompilers: Guid format shader working directory is -50 characters bigger than the processId version (../../../../../../Users/Tyler/Desktop/Repository_Files/UnrealMasteryCourseUdemy/CoopShooterGame/Intermediate/Shaders/WorkingDirectory/16984/).
[2018.12.10-08.41.42:186][  0]LogShaderCompilers: Cleaned the shader compiler working directory 'C:/Users/Tyler/AppData/Local/Temp/UnrealShaderWorkingDir/5ED0EFE7417E7B2704C06EB957A53337/'.
[2018.12.10-08.41.42:363][  0]LogTemp: Display: Loaded TP AllDesktopTargetPlatform
[2018.12.10-08.41.42:374][  0]LogTemp: Display: Loaded TP MacClientTargetPlatform
[2018.12.10-08.41.42:385][  0]LogTemp: Display: Loaded TP MacNoEditorTargetPlatform
[2018.12.10-08.41.42:396][  0]LogTemp: Display: Loaded TP MacServerTargetPlatform
[2018.12.10-08.41.42:407][  0]LogTemp: Display: Loaded TP MacTargetPlatform
[2018.12.10-08.41.42:418][  0]LogTemp: Display: Loaded TP WindowsClientTargetPlatform
[2018.12.10-08.41.42:429][  0]LogTemp: Display: Loaded TP WindowsNoEditorTargetPlatform
[2018.12.10-08.41.42:440][  0]LogTemp: Display: Loaded TP WindowsServerTargetPlatform
[2018.12.10-08.41.42:446][  0]LogTemp: Display: Loaded TP WindowsTargetPlatform
[2018.12.10-08.41.42:455][  0]LogTemp: Display: Loaded TP Android_ASTCTargetPlatform
[2018.12.10-08.41.42:465][  0]LogTemp: Display: Loaded TP Android_ATCTargetPlatform
[2018.12.10-08.41.42:475][  0]LogTemp: Display: Loaded TP Android_DXTTargetPlatform
[2018.12.10-08.41.42:484][  0]LogTemp: Display: Loaded TP Android_ETC1aTargetPlatform
[2018.12.10-08.41.42:493][  0]LogTemp: Display: Loaded TP Android_ETC1TargetPlatform
[2018.12.10-08.41.42:503][  0]LogTemp: Display: Loaded TP Android_ETC2TargetPlatform
[2018.12.10-08.41.42:522][  0]LogTemp: Display: Loaded TP Android_MultiTargetPlatform
[2018.12.10-08.41.42:522][  0]LogTemp: Display: Loaded TP Android_PVRTCTargetPlatform
[2018.12.10-08.41.42:532][  0]LogTemp: Display: Loaded TP AndroidTargetPlatform
[2018.12.10-08.41.42:534][  0]LogTemp: Display: Loaded TP HTML5TargetPlatform
[2018.12.10-08.41.42:569][  0]LogTemp: Display: Loaded TP IOSTargetPlatform
[2018.12.10-08.41.42:578][  0]LogTemp: Display: Loaded TP TVOSTargetPlatform
[2018.12.10-08.41.42:588][  0]LogTemp: Display: Loaded TP LinuxClientTargetPlatform
[2018.12.10-08.41.42:597][  0]LogTemp: Display: Loaded TP LinuxNoEditorTargetPlatform
[2018.12.10-08.41.42:607][  0]LogTemp: Display: Loaded TP LinuxServerTargetPlatform
[2018.12.10-08.41.42:617][  0]LogTemp: Display: Loaded TP LinuxTargetPlatform
[2018.12.10-08.41.42:617][  0]LogTargetPlatformManager: Display: Building Assets For Windows
[2018.12.10-08.41.42:727][  0]LogXGEController: Cannot use XGE Controller as Incredibuild is not installed on this machine.
[2018.12.10-08.41.42:727][  0]LogShaderCompilers: Cannot use XGE Shader Compiler as Incredibuild is not installed on this machine.
[2018.12.10-08.41.42:727][  0]LogShaderCompilers: Display: Using Local Shader Compiler.
[2018.12.10-08.41.43:272][  0]LogDerivedDataCache: Display: Max Cache Size: 512 MB
[2018.12.10-08.41.43:334][  0]LogDerivedDataCache: Loaded boot cache 0.06s 74MB C:/Users/Tyler/AppData/Local/UnrealEngine/4.19/DerivedDataCache/Boot.ddc.
[2018.12.10-08.41.43:334][  0]LogDerivedDataCache: Display: Loaded Boot cache: C:/Users/Tyler/AppData/Local/UnrealEngine/4.19/DerivedDataCache/Boot.ddc
[2018.12.10-08.41.43:334][  0]LogDerivedDataCache: FDerivedDataBackendGraph:  Pak pak cache file ../../../../../../Users/Tyler/Desktop/Repository_Files/UnrealMasteryCourseUdemy/CoopShooterGame/DerivedDataCache/DDC.ddp not found, will not use a pak cache.
[2018.12.10-08.41.43:334][  0]LogDerivedDataCache: Unable to find inner node Pak for hierarchical cache Hierarchy.
[2018.12.10-08.41.43:334][  0]LogDerivedDataCache: FDerivedDataBackendGraph:  CompressedPak pak cache file ../../../../../../Users/Tyler/Desktop/Repository_Files/UnrealMasteryCourseUdemy/CoopShooterGame/DerivedDataCache/Compressed.ddp not found, will not use a pak cache.
[2018.12.10-08.41.43:334][  0]LogDerivedDataCache: Unable to find inner node CompressedPak for hierarchical cache Hierarchy.
[2018.12.10-08.41.43:346][  0]LogDerivedDataCache: Display: Pak cache opened for reading ../../../Engine/DerivedDataCache/Compressed.ddp.
[2018.12.10-08.41.43:358][  0]LogDerivedDataCache: Using Local data cache path C:/Users/Tyler/AppData/Local/UnrealEngine/Common/DerivedDataCache: Writable
[2018.12.10-08.41.43:358][  0]LogDerivedDataCache: Shared data cache path not found in *engine.ini, will not use an Shared cache.
[2018.12.10-08.41.43:358][  0]LogDerivedDataCache: Unable to find inner node Shared for hierarchical cache Hierarchy.
[2018.12.10-08.41.43:366][  0]LogMaterial: Verifying Global Shaders for PCD3D_SM5
[2018.12.10-08.41.43:367][  0]LogSlate: Using Freetype 2.6.0
[2018.12.10-08.41.43:367][  0]LogSlate: SlateFontCache - WITH_FREETYPE: 1, WITH_HARFBUZZ: 1
[2018.12.10-08.41.43:367][  0]LogSlate: SlateFontCache - WITH_FREETYPE: 1, WITH_HARFBUZZ: 1
[2018.12.10-08.41.43:481][  0]LogAssetRegistry: FAssetRegistry took 0.0248 seconds to start up
[2018.12.10-08.41.43:711][  0]LogInit: Selected Device Profile: [Windows]
[2018.12.10-08.41.43:833][  0]LogSimplygon: Simplygon DLL not present - disabling.
[2018.12.10-08.41.43:835][  0]LogMeshReduction: Using SimplygonSwarm for distributed automatic mesh merging
[2018.12.10-08.41.43:835][  0]LogMeshReduction: Using QuadricMeshReduction for automatic static mesh reduction
[2018.12.10-08.41.43:835][  0]LogMeshReduction: No automatic skeletal mesh reduction module available
[2018.12.10-08.41.43:835][  0]LogMeshReduction: No automatic mesh merging module available
[2018.12.10-08.41.43:835][  0]LogMeshMerging: No automatic mesh merging module available
[2018.12.10-08.41.43:887][  0]LogNetVersion: CoopShooterGame , NetCL: 3944462, EngineNetVer: 2, GameNetVer: 0 (Checksum: 4095294733)
[2018.12.10-08.41.44:224][  0]LogPackageLocalizationCache: Processed 9 localized package path(s) for 2 prioritized culture(s) in 0.059613 seconds
[2018.12.10-08.41.44:228][  0]LogUObjectArray: 36728 objects as part of root set at end of initial load.
[2018.12.10-08.41.44:228][  0]LogUObjectAllocator: 7314312 out of 0 bytes used by permanent object pool.
[2018.12.10-08.41.44:228][  0]LogUObjectArray: CloseDisregardForGC: 0/0 objects in disregard for GC pool
[2018.12.10-08.41.45:598][  0]LogTcpMessaging: Initializing TcpMessaging bridge
[2018.12.10-08.41.45:627][  0]LogUdpMessaging: Initializing bridge on interface 0.0.0.0:0 to multicast group 230.0.0.1:6666.
[2018.12.10-08.41.46:014][  0]SourceControl: Source control is disabled
[2018.12.10-08.41.46:014][  0]SourceControl: Source control is disabled
[2018.12.10-08.41.46:031][  0]SourceControl: Source control is disabled
[2018.12.10-08.41.46:048][  0]SourceControl: Source control is disabled
[2018.12.10-08.41.46:518][  0]LogAndroidPermission: UAndroidPermissionCallbackProxy::GetInstance
[2018.12.10-08.41.46:687][  0]LogOcInput: OculusInput pre-init called
[2018.12.10-08.41.46:781][  0]LogEngine: Initializing Engine...
[2018.12.10-08.41.46:783][  0]LogHMD: Failed to initialize OpenVR with code 110
[2018.12.10-08.41.46:784][  0]LogStats: UGameplayTagsManager::ConstructGameplayTagTree: Construct from data asset -  0.000 s
[2018.12.10-08.41.46:784][  0]LogStats: UGameplayTagsManager::ConstructGameplayTagTree: GameplayTagTreeChangedEvent.Broadcast -  0.000 s
[2018.12.10-08.41.46:965][  0]LogAIModule: Creating AISystem for world Untitled
[2018.12.10-08.41.47:037][  0]LogInit: XAudio2 using 'MStar Demo (NVIDIA High Definition Audio)' : 2 channels at 48 kHz using 16 bits per sample (channel mask 0x3)
[2018.12.10-08.41.47:048][  0]LogInit: FAudioDevice initialized.
[2018.12.10-08.41.47:125][  0]LogDerivedDataCache: Saved boot cache 0.08s 74MB C:/Users/Tyler/AppData/Local/UnrealEngine/4.19/DerivedDataCache/Boot.ddc.
[2018.12.10-08.41.47:134][  0]LogInit: Texture streaming: Enabled
[2018.12.10-08.41.47:151][  0]LogEngineSessionManager: EngineSessionManager initialized
[2018.12.10-08.41.47:162][  0]LogInit: Transaction tracking system initialized
[2018.12.10-08.41.47:183][  0]BlueprintLog: New page: Editor Load
[2018.12.10-08.41.47:249][  0]LocalizationService: Localization service is disabled
[2018.12.10-08.41.47:362][  0]LogConsoleResponse: Display: 
[2018.12.10-08.41.47:483][  0]LogCook: Display: Max memory allowance for cook 16384mb min free memory 0mb
[2018.12.10-08.41.47:483][  0]LogCook: Display: Mobile HDR setting 1
[2018.12.10-08.41.47:483][  0]LogGameplayTags: Display: UGameplayTagsManager::DoneAddingNativeTags. DelegateIsBound: 0
[2018.12.10-08.41.47:483][  0]LogStats: UGameplayTagsManager::ConstructGameplayTagTree: Construct from data asset -  0.000 s
[2018.12.10-08.41.47:483][  0]LogStats: UGameplayTagsManager::ConstructGameplayTagTree: GameplayTagTreeChangedEvent.Broadcast -  0.000 s
[2018.12.10-08.41.47:831][  0]LogFileCache: Scanning file cache for directory 'C:/Users/Tyler/Desktop/Repository_Files/UnrealMasteryCourseUdemy/CoopShooterGame/Content/' took 0.02s
[2018.12.10-08.41.47:831][  0]SourceControl: Source control is disabled
[2018.12.10-08.41.47:831][  0]LightingResults: New page: Lighting Build
[2018.12.10-08.41.47:834][  0]MapCheck: New page: Map Check
[2018.12.10-08.41.47:834][  0]LightingResults: New page: Lighting Build
[2018.12.10-08.41.47:873][  0]LogUObjectGlobals: Created PersistentFrame Addr=0x000001cc74318e90, Size=104, Default__UE4ASP_HeroTPP_AnimBlueprint_C Function /Game/AnimStarterPack/UE4ASP_HeroTPP_AnimBlueprint.UE4ASP_HeroTPP_AnimBlueprint_C:ExecuteUbergraph_UE4ASP_HeroTPP_AnimBlueprint
[2018.12.10-08.41.47:883][  0]LogUObjectGlobals: Destroyed PersistentFrame Addr=0x000001cc74318e90, Size=104
[2018.12.10-08.41.47:883][  0]LogUObjectGlobals: Created PersistentFrame Addr=0x000001cc74318e90, Size=104, Default__UE4ASP_HeroTPP_AnimBlueprint_C Function /Engine/Transient.REINST_UE4ASP_HeroTPP_AnimBlueprint_C_0:ExecuteUbergraph_UE4ASP_HeroTPP_AnimBlueprint
[2018.12.10-08.41.47:894][  0]LogUObjectGlobals: Created PersistentFrame Addr=0x000001cc58b8ec50, Size=104, Default__UE4ASP_HeroTPP_AnimBlueprint_C Function /Game/AnimStarterPack/UE4ASP_HeroTPP_AnimBlueprint.UE4ASP_HeroTPP_AnimBlueprint_C:ExecuteUbergraph_UE4ASP_HeroTPP_AnimBlueprint
[2018.12.10-08.41.47:983][  0]LogUObjectGlobals: Created PersistentFrame Addr=0x000001cc58b8f200, Size=112, Default__WBP_HealthIndicator_C Function /Game/UI/WBP_HealthIndicator.WBP_HealthIndicator_C:ExecuteUbergraph_WBP_HealthIndicator
[2018.12.10-08.41.47:985][  0]LogUObjectGlobals: Destroyed PersistentFrame Addr=0x000001cc58b8f200, Size=112
[2018.12.10-08.41.47:985][  0]LogUObjectGlobals: Created PersistentFrame Addr=0x000001cc58b8f200, Size=112, Default__WBP_HealthIndicator_C Function /Engine/Transient.REINST_WBP_HealthIndicator_C_1:ExecuteUbergraph_WBP_HealthIndicator
[2018.12.10-08.41.47:987][  0]LogUObjectGlobals: Created PersistentFrame Addr=0x000001cc58bdad30, Size=112, Default__WBP_HealthIndicator_C Function /Game/UI/WBP_HealthIndicator.WBP_HealthIndicator_C:ExecuteUbergraph_WBP_HealthIndicator
[2018.12.10-08.41.47:988][  0]LogUObjectGlobals: Created PersistentFrame Addr=0x000001cc745af8f8, Size=40, Default__PlayerPawn_C Function /Game/BluePrints/PlayerPawn.PlayerPawn_C:ExecuteUbergraph_PlayerPawn
[2018.12.10-08.41.47:991][  0]LogUObjectGlobals: Destroyed PersistentFrame Addr=0x000001cc745af8f8, Size=40
[2018.12.10-08.41.47:991][  0]LogUObjectGlobals: Created PersistentFrame Addr=0x000001cc745af8f8, Size=40, Default__PlayerPawn_C Function /Engine/Transient.REINST_PlayerPawn_C_6:ExecuteUbergraph_PlayerPawn
[2018.12.10-08.41.47:992][  0]LogUObjectGlobals: Created PersistentFrame Addr=0x000001cc745ac6d0, Size=40, Default__PlayerPawn_C Function /Game/BluePrints/PlayerPawn.PlayerPawn_C:ExecuteUbergraph_PlayerPawn
[2018.12.10-08.41.48:025][  0]LogUObjectGlobals: Created PersistentFrame Addr=0x000001cc58b81fe0, Size=28, Default__TrackerBot_C Function /Game/TrackerBot/TrackerBot.TrackerBot_C:ExecuteUbergraph_TrackerBot
[2018.12.10-08.41.48:026][  0]LogUObjectGlobals: Destroyed PersistentFrame Addr=0x000001cc58b81fe0, Size=28
[2018.12.10-08.41.48:026][  0]LogUObjectGlobals: Created PersistentFrame Addr=0x000001cc58b81fe0, Size=28, Default__TrackerBot_C Function /Engine/Transient.REINST_TrackerBot_C_8:ExecuteUbergraph_TrackerBot
[2018.12.10-08.41.48:027][  0]LogUObjectGlobals: Created PersistentFrame Addr=0x000001cc5cdffca0, Size=28, Default__TrackerBot_C Function /Game/TrackerBot/TrackerBot.TrackerBot_C:ExecuteUbergraph_TrackerBot
[2018.12.10-08.41.48:088][  0]LogUObjectGlobals: Created PersistentFrame Addr=0x000001cc5912a480, Size=608, Default__BP_TargetDummy_C Function /Game/BluePrints/BP_TargetDummy.BP_TargetDummy_C:ExecuteUbergraph_BP_TargetDummy
[2018.12.10-08.41.48:091][  0]LogUObjectGlobals: Destroyed PersistentFrame Addr=0x000001cc5912a480, Size=608
[2018.12.10-08.41.48:091][  0]LogUObjectGlobals: Created PersistentFrame Addr=0x000001cc5912a480, Size=608, Default__BP_TargetDummy_C Function /Engine/Transient.REINST_BP_TargetDummy_C_12:ExecuteUbergraph_BP_TargetDummy
[2018.12.10-08.41.48:093][  0]LogUObjectGlobals: Created PersistentFrame Addr=0x000001cc5907b880, Size=608, Default__BP_TargetDummy_C Function /Game/BluePrints/BP_TargetDummy.BP_TargetDummy_C:ExecuteUbergraph_BP_TargetDummy
[2018.12.10-08.41.48:097][  0]LogUObjectGlobals: Created PersistentFrame Addr=0x000001cc5909b538, Size=24, Default__BP_GameState_C Function /Game/BluePrints/BP_GameState.BP_GameState_C:ExecuteUbergraph_BP_GameState
[2018.12.10-08.41.48:098][  0]LogUObjectGlobals: Destroyed PersistentFrame Addr=0x000001cc5909b538, Size=24
[2018.12.10-08.41.48:098][  0]LogUObjectGlobals: Created PersistentFrame Addr=0x000001cc5909b538, Size=24, Default__BP_GameState_C Function /Engine/Transient.REINST_BP_GameState_C_14:ExecuteUbergraph_BP_GameState
[2018.12.10-08.41.48:099][  0]LogUObjectGlobals: Created PersistentFrame Addr=0x000001cc5909b8b0, Size=24, Default__BP_GameState_C Function /Game/BluePrints/BP_GameState.BP_GameState_C:ExecuteUbergraph_BP_GameState
[2018.12.10-08.41.48:109][  0]LogUObjectGlobals: Created PersistentFrame Addr=0x000001cc590c3880, Size=288, Default__BP_TestGameMode_C Function /Game/BluePrints/BP_TestGameMode.BP_TestGameMode_C:ExecuteUbergraph_BP_TestGameMode
[2018.12.10-08.41.48:112][  0]LogUObjectGlobals: Destroyed PersistentFrame Addr=0x000001cc590c3880, Size=288
[2018.12.10-08.41.48:112][  0]LogUObjectGlobals: Created PersistentFrame Addr=0x000001cc590c3880, Size=288, Default__BP_TestGameMode_C Function /Engine/Transient.REINST_BP_TestGameMode_C_20:ExecuteUbergraph_BP_TestGameMode
[2018.12.10-08.41.48:115][  0]LogUObjectGlobals: Created PersistentFrame Addr=0x000001cc590c1d00, Size=288, Default__BP_TestGameMode_C Function /Game/BluePrints/BP_TestGameMode.BP_TestGameMode_C:ExecuteUbergraph_BP_TestGameMode
[2018.12.10-08.41.48:121][  0]LogUObjectGlobals: Created PersistentFrame Addr=0x000001cc5910b498, Size=8, Default__BP_PowerupBase_C Function /Game/Powerups/BP_PowerupBase.BP_PowerupBase_C:ExecuteUbergraph_BP_PowerupBase
[2018.12.10-08.41.48:122][  0]LogUObjectGlobals: Destroyed PersistentFrame Addr=0x000001cc5910b498, Size=8
[2018.12.10-08.41.48:122][  0]LogUObjectGlobals: Created PersistentFrame Addr=0x000001cc5910b498, Size=8, Default__BP_PowerupBase_C Function /Engine/Transient.REINST_BP_PowerupBase_C_22:ExecuteUbergraph_BP_PowerupBase
[2018.12.10-08.41.48:123][  0]LogUObjectGlobals: Created PersistentFrame Addr=0x000001cc5910b3d0, Size=8, Default__BP_PowerupBase_C Function /Game/Powerups/BP_PowerupBase.BP_PowerupBase_C:ExecuteUbergraph_BP_PowerupBase
[2018.12.10-08.41.48:129][  0]LogUObjectGlobals: Created PersistentFrame Addr=0x000001cc59001800, Size=72, Default__BP_HealthRegen_C Function /Game/Powerups/BP_HealthRegen.BP_HealthRegen_C:ExecuteUbergraph_BP_HealthRegen
[2018.12.10-08.41.48:129][  0]LogUObjectGlobals: Created PersistentFrame Addr=0x000001cc5910b3b0, Size=8, Default__BP_HealthRegen_C Function /Game/Powerups/BP_PowerupBase.BP_PowerupBase_C:ExecuteUbergraph_BP_PowerupBase
[2018.12.10-08.41.48:131][  0]LogUObjectGlobals: Destroyed PersistentFrame Addr=0x000001cc59001800, Size=72
[2018.12.10-08.41.48:131][  0]LogUObjectGlobals: Destroyed PersistentFrame Addr=0x000001cc5910b3b0, Size=8
[2018.12.10-08.41.48:131][  0]LogUObjectGlobals: Created PersistentFrame Addr=0x000001cc59001800, Size=72, Default__BP_HealthRegen_C Function /Engine/Transient.REINST_BP_HealthRegen_C_24:ExecuteUbergraph_BP_HealthRegen
[2018.12.10-08.41.48:131][  0]LogUObjectGlobals: Created PersistentFrame Addr=0x000001cc5910b3b0, Size=8, Default__BP_HealthRegen_C Function /Game/Powerups/BP_PowerupBase.BP_PowerupBase_C:ExecuteUbergraph_BP_PowerupBase
[2018.12.10-08.41.48:132][  0]LogUObjectGlobals: Created PersistentFrame Addr=0x000001cc5cdbf650, Size=72, Default__BP_HealthRegen_C Function /Game/Powerups/BP_HealthRegen.BP_HealthRegen_C:ExecuteUbergraph_BP_HealthRegen
[2018.12.10-08.41.48:132][  0]LogUObjectGlobals: Created PersistentFrame Addr=0x000001cc5910b200, Size=8, Default__BP_HealthRegen_C Function /Game/Powerups/BP_PowerupBase.BP_PowerupBase_C:ExecuteUbergraph_BP_PowerupBase
[2018.12.10-08.41.48:137][  0]LogUObjectGlobals: Created PersistentFrame Addr=0x000001cc5cdb7ec0, Size=40, Default__BP_Powerup_Speed_C Function /Game/Powerups/BP_Powerup_Speed.BP_Powerup_Speed_C:ExecuteUbergraph_BP_Powerup_Speed
[2018.12.10-08.41.48:137][  0]LogUObjectGlobals: Created PersistentFrame Addr=0x000001cc5910b0d0, Size=8, Default__BP_Powerup_Speed_C Function /Game/Powerups/BP_PowerupBase.BP_PowerupBase_C:ExecuteUbergraph_BP_PowerupBase
[2018.12.10-08.41.48:139][  0]LogUObjectGlobals: Destroyed PersistentFrame Addr=0x000001cc5cdb7ec0, Size=40
[2018.12.10-08.41.48:139][  0]LogUObjectGlobals: Destroyed PersistentFrame Addr=0x000001cc5910b0d0, Size=8
[2018.12.10-08.41.48:139][  0]LogUObjectGlobals: Created PersistentFrame Addr=0x000001cc5cdb7ec0, Size=40, Default__BP_Powerup_Speed_C Function /Engine/Transient.REINST_BP_Powerup_Speed_C_26:ExecuteUbergraph_BP_Powerup_Speed
[2018.12.10-08.41.48:139][  0]LogUObjectGlobals: Created PersistentFrame Addr=0x000001cc5910b0d0, Size=8, Default__BP_Powerup_Speed_C Function /Game/Powerups/BP_PowerupBase.BP_PowerupBase_C:ExecuteUbergraph_BP_PowerupBase
[2018.12.10-08.41.48:140][  0]LogUObjectGlobals: Created PersistentFrame Addr=0x000001cc5cdb7d80, Size=40, Default__BP_Powerup_Speed_C Function /Game/Powerups/BP_Powerup_Speed.BP_Powerup_Speed_C:ExecuteUbergraph_BP_Powerup_Speed
[2018.12.10-08.41.48:140][  0]LogUObjectGlobals: Created PersistentFrame Addr=0x000001cc5910ae10, Size=8, Default__BP_Powerup_Speed_C Function /Game/Powerups/BP_PowerupBase.BP_PowerupBase_C:ExecuteUbergraph_BP_PowerupBase
[2018.12.10-08.41.48:450][  0]LogSkeletalMesh: Skeletal Mesh found in DDC [3.067569ms] /Game/AnimStarterPack/UE4_Mannequin/Mesh/SK_Mannequin.SK_Mannequin
[2018.12.10-08.41.48:461][  0]LogSkeletalMesh: Skeletal Mesh found in DDC [1.395810ms] /Game/Weapons/SK_Rifle.SK_Rifle
[2018.12.10-08.41.48:505][  0]LogAIModule: Creating AISystem for world Minimal_Default
[2018.12.10-08.41.48:516][  0]LogEditorServer: Finished looking for orphan Actors (0.000 secs)
[2018.12.10-08.41.48:526][  0]LogUObjectGlobals: Destroyed PersistentFrame Addr=0x000001cc74318e90, Size=104
[2018.12.10-08.41.48:526][  0]LogUObjectGlobals: Destroyed PersistentFrame Addr=0x000001cc58b8f200, Size=112
[2018.12.10-08.41.48:526][  0]LogUObjectGlobals: Destroyed PersistentFrame Addr=0x000001cc745af8f8, Size=40
[2018.12.10-08.41.48:526][  0]LogUObjectGlobals: Destroyed PersistentFrame Addr=0x000001cc58b81fe0, Size=28
[2018.12.10-08.41.48:526][  0]LogUObjectGlobals: Destroyed PersistentFrame Addr=0x000001cc5912a480, Size=608
[2018.12.10-08.41.48:526][  0]LogUObjectGlobals: Destroyed PersistentFrame Addr=0x000001cc5909b538, Size=24
[2018.12.10-08.41.48:526][  0]LogUObjectGlobals: Destroyed PersistentFrame Addr=0x000001cc590c3880, Size=288
[2018.12.10-08.41.48:526][  0]LogUObjectGlobals: Destroyed PersistentFrame Addr=0x000001cc5910b498, Size=8
[2018.12.10-08.41.48:526][  0]LogUObjectGlobals: Destroyed PersistentFrame Addr=0x000001cc59001800, Size=72
[2018.12.10-08.41.48:526][  0]LogUObjectGlobals: Destroyed PersistentFrame Addr=0x000001cc5910b3b0, Size=8
[2018.12.10-08.41.48:526][  0]LogUObjectGlobals: Destroyed PersistentFrame Addr=0x000001cc5cdb7ec0, Size=40
[2018.12.10-08.41.48:526][  0]LogUObjectGlobals: Destroyed PersistentFrame Addr=0x000001cc5910b0d0, Size=8
[2018.12.10-08.41.48:527][  0]Cmd: MAP CHECKDEP NOCLEARLOG
[2018.12.10-08.41.48:605][  0]MapCheck: Map check complete: 0 Error(s), 0 Warning(s), took 77.281ms to complete.
[2018.12.10-08.41.48:605][  0]LogFileHelpers: Loading map 'Minimal_Default' took 0.774
[2018.12.10-08.41.48:824][  0]LogCollectionManager: Loaded 0 collections in 0.001596 seconds
[2018.12.10-08.41.48:908][  0]LogFileCache: Scanning file cache for directory 'C:/Users/Tyler/Desktop/Repository_Files/UnrealMasteryCourseUdemy/CoopShooterGame/Saved/Collections/' took 0.01s
[2018.12.10-08.41.48:908][  0]LogFileCache: Scanning file cache for directory 'C:/Users/Tyler/Desktop/Repository_Files/UnrealMasteryCourseUdemy/CoopShooterGame/Content/Developers/Tyler/Collections/' took 0.01s
[2018.12.10-08.41.48:908][  0]LogFileCache: Scanning file cache for directory 'C:/Users/Tyler/Desktop/Repository_Files/UnrealMasteryCourseUdemy/CoopShooterGame/Content/Collections/' took 0.01s
[2018.12.10-08.41.48:908][  0]LogCollectionManager: Rebuilt the GUID cache for 0 collections in 0.000000 seconds
[2018.12.10-08.41.48:916][  0]LogContentBrowser: Native class hierarchy populated in 0.0079 seconds. Added 2472 classes and 564 folders.
[2018.12.10-08.41.48:923][  0]LogContentBrowser: Native class hierarchy updated for 'WidgetCarousel' in 0.0012 seconds. Added 0 classes and 0 folders.
[2018.12.10-08.41.48:968][  0]LogContentBrowser: Native class hierarchy updated for 'AddContentDialog' in 0.0012 seconds. Added 0 classes and 0 folders.
[2018.12.10-08.41.48:975][  0]LogContentBrowser: Native class hierarchy updated for 'SceneOutliner' in 0.0012 seconds. Added 1 classes and 2 folders.
[2018.12.10-08.41.49:036][  0]LogSlate: Took 0.000288 seconds to synchronously load lazily loaded font '../../../Engine/Content/Slate/Fonts/Roboto-Regular.ttf' (155K)
[2018.12.10-08.41.49:038][  0]LogSlate: Took 0.000175 seconds to synchronously load lazily loaded font '../../../Engine/Content/Slate/Fonts/Roboto-Bold.ttf' (160K)
[2018.12.10-08.41.49:042][  0]LogSlate: Took 0.000134 seconds to synchronously load lazily loaded font '../../../Engine/Content/Editor/Slate/Fonts/FontAwesome.ttf' (139K)
[2018.12.10-08.41.49:114][  0]LogRenderer: Reallocating scene render targets to support 1240x592 Format 10 NumSamples 1 (Frame:1).
[2018.12.10-08.41.49:283][  0]LogContentBrowser: Native class hierarchy updated for 'HierarchicalLODOutliner' in 0.0013 seconds. Added 0 classes and 0 folders.
[2018.12.10-08.41.49:283][  0]LogLoad: (Engine Initialization) Total time: 11.16 seconds
[2018.12.10-08.41.49:283][  0]LogLoad: (Engine Initialization) Total Blueprint compile time: 0.00 seconds
[2018.12.10-08.41.49:293][  0]LogWindowsTextInputMethodSystem: Display: IME system now deactivated.
[2018.12.10-08.41.49:310][  0]LogAssetRegistry: Asset discovery search completed in 5.8511 seconds
[2018.12.10-08.41.49:311][  0]LogCollectionManager: Rebuilt the object cache for 0 collections in 0.000000 seconds (found 0 objects)
[2018.12.10-08.41.49:311][  0]LogCollectionManager: Fixed up redirectors for 0 collections in 0.000048 seconds (updated 0 objects)
[2018.12.10-08.41.49:313][  0]LogContentStreaming: Texture pool size now 1000 MB
[2018.12.10-08.41.49:360][  0]LogSlate: Took 0.000127 seconds to synchronously load lazily loaded font '../../../Engine/Content/Slate/Fonts/Roboto-Light.ttf' (167K)
[2018.12.10-08.42.02:359][504]LogSlate: FSceneViewport::OnFocusLost() reason 0
[2018.12.10-08.42.13:918][690]LogSlate: Took 0.000200 seconds to synchronously load lazily loaded font '../../../Engine/Content/Slate/Fonts/Roboto-Light.ttf' (167K)
[2018.12.10-08.42.14:052][690]LogAIModule: Creating AISystem for world Blockout_P
[2018.12.10-08.42.14:071][690]Cmd: MAP LOAD FILE="../../../../../../Users/Tyler/Desktop/Repository_Files/UnrealMasteryCourseUdemy/CoopShooterGame/Content/Maps/Blockout_P.umap" TEMPLATE=0 SHOWPROGRESS=1 FEATURELEVEL=3
[2018.12.10-08.42.14:071][690]LightingResults: New page: Lighting Build
[2018.12.10-08.42.14:071][690]LoadErrors: New page: Loading map: Blockout_P.umap
[2018.12.10-08.42.14:072][690]MapCheck: New page: Map Check
[2018.12.10-08.42.14:072][690]LightingResults: New page: Lighting Build
[2018.12.10-08.42.14:147][690]LogEditorServer: Finished looking for orphan Actors (0.000 secs)
[2018.12.10-08.42.14:193][690]Cmd: MAP CHECKDEP NOCLEARLOG
[2018.12.10-08.42.14:277][690]MapCheck: Map check complete: 0 Error(s), 0 Warning(s), took 83.202ms to complete.
[2018.12.10-08.42.14:278][690]LogFileHelpers: Loading map 'Blockout_P' took 0.208
[2018.12.10-08.42.35:406][133]LogSavePackage: Save=193.23ms
[2018.12.10-08.42.35:406][133]LogSavePackage: Moving '../../../../../../Users/Tyler/Desktop/Repository_Files/UnrealMasteryCourseUdemy/CoopShooterGame/Saved/Blockout_P61E270F6494421EC49B1E18FF08A852A.tmp' to '../../../../../../Users/Tyler/Desktop/Repository_Files/UnrealMasteryCourseUdemy/CoopShooterGame/Content/Maps/Blockout_P.umap'
[2018.12.10-08.42.35:409][133]LogSavePackage: Display: Finished SavePackage ../../../../../../Users/Tyler/Desktop/Repository_Files/UnrealMasteryCourseUdemy/CoopShooterGame/Content/Maps/Blockout_P.umap
[2018.12.10-08.42.35:950][133]LogSavePackage: Save=485.23ms
[2018.12.10-08.42.35:950][133]LogSavePackage: Moving '../../../../../../Users/Tyler/Desktop/Repository_Files/UnrealMasteryCourseUdemy/CoopShooterGame/Saved/Blockout_P_BuiltData2822F0C04F212A215ED51694630EC0B0.tmp' to '../../../../../../Users/Tyler/Desktop/Repository_Files/UnrealMasteryCourseUdemy/CoopShooterGame/Content/Maps/Blockout_P_BuiltData.uasset'
[2018.12.10-08.42.35:954][133]LogSavePackage: Display: Finished SavePackage ../../../../../../Users/Tyler/Desktop/Repository_Files/UnrealMasteryCourseUdemy/CoopShooterGame/Content/Maps/Blockout_P_BuiltData.uasset
[2018.12.10-08.42.37:121][252]LogTemp: Repeating last play command: Selected Viewport
[2018.12.10-08.42.37:143][252]BlueprintLog: New page: Pre-Play auto-recompile
[2018.12.10-08.42.37:147][252]LogPlayLevel: [PlayLevel] Compiling BP_TestGameMode before play...
[2018.12.10-08.42.37:152][252]LogUObjectGlobals: Destroyed PersistentFrame Addr=0x000001cc590c1d00, Size=288
[2018.12.10-08.42.37:152][252]LogUObjectGlobals: Created PersistentFrame Addr=0x000001cc07e17880, Size=288, Default__BP_TestGameMode_C Function /Engine/Transient.REINST_BP_TestGameMode_C_30:ExecuteUbergraph_BP_TestGameMode
[2018.12.10-08.42.37:155][252]LogUObjectGlobals: Created PersistentFrame Addr=0x000001cc07e17740, Size=288, Default__BP_TestGameMode_C Function /Game/BluePrints/BP_TestGameMode.BP_TestGameMode_C:ExecuteUbergraph_BP_TestGameMode
[2018.12.10-08.42.37:250][252]LogSavePackage: Save=17.08ms
[2018.12.10-08.42.37:250][252]LogSavePackage: Moving '../../../../../../Users/Tyler/Desktop/Repository_Files/UnrealMasteryCourseUdemy/CoopShooterGame/Saved/BP_TestGameModeC122A95345E834E188BAF29A290229E3.tmp' to '../../../../../../Users/Tyler/Desktop/Repository_Files/UnrealMasteryCourseUdemy/CoopShooterGame/Content/BluePrints/BP_TestGameMode.uasset'
[2018.12.10-08.42.37:253][252]LogSavePackage: Display: Finished SavePackage ../../../../../../Users/Tyler/Desktop/Repository_Files/UnrealMasteryCourseUdemy/CoopShooterGame/Content/BluePrints/BP_TestGameMode.uasset
[2018.12.10-08.42.37:268][252]LogUObjectGlobals: Destroyed PersistentFrame Addr=0x000001cc07e17880, Size=288
[2018.12.10-08.42.37:269][252]LogPlayLevel: PlayLevel: Blueprint regeneration took 126 ms (1 blueprints)
[2018.12.10-08.42.37:269][252]PIE: New page: PIE session: Blockout_P (Dec 9, 2018, 8:42:37 PM)
[2018.12.10-08.42.37:269][252]LogPlayLevel: Creating play world package: /Game/Maps/UEDPIE_0_Blockout_P
[2018.12.10-08.42.37:286][252]LogPlayLevel: PIE: StaticDuplicateObject took: (0.016645s)
[2018.12.10-08.42.37:286][252]LogAIModule: Creating AISystem for world Blockout_P
[2018.12.10-08.42.37:286][252]LogPlayLevel: PIE: World Init took: (0.000529s)
[2018.12.10-08.42.37:287][252]LogPlayLevel: PIE: Created PIE world by copying editor world from /Game/Maps/Blockout_P.Blockout_P to /Game/Maps/UEDPIE_0_Blockout_P.Blockout_P (0.017351s)
[2018.12.10-08.42.37:317][252]LogInit: XAudio2 using 'MStar Demo (NVIDIA High Definition Audio)' : 2 channels at 48 kHz using 16 bits per sample (channel mask 0x3)
[2018.12.10-08.42.37:325][252]LogInit: FAudioDevice initialized.
[2018.12.10-08.42.37:367][252]LogLoad: Game class is 'BP_TestGameMode_C'
[2018.12.10-08.42.37:370][252]LogWorld: Bringing World /Game/Maps/UEDPIE_0_Blockout_P.Blockout_P up for play (max tick rate 0) at 2018.12.10-02.42.37
[2018.12.10-08.42.37:370][252]LogWorld: Bringing up level for play took: 0.001709
[2018.12.10-08.42.37:374][252]LogContentBrowser: Native class hierarchy updated for 'MovieSceneCapture' in 0.0012 seconds. Added 11 classes and 0 folders.
[2018.12.10-08.42.37:376][252]LogBlueprintUserMessages: [BP_GameState_C_0] Waiting to Start
[2018.12.10-08.42.37:376][252]PIE: Play in editor start time for /Game/Maps/UEDPIE_0_Blockout_P 0.858
[2018.12.10-08.42.39:128][455]LogBlueprintUserMessages: [BP_GameState_C_0] Wave in Progress
[2018.12.10-08.42.40:129][575]LogBlueprintUserMessages: [BP_GameState_C_0] Waiting to Complete
[2018.12.10-08.42.40:137][576]LogBlueprintUserMessages: [BP_GameState_C_0] Wave Complete
[2018.12.10-08.42.40:137][576]LogBlueprintUserMessages: [BP_GameState_C_0] Waiting to Start
[2018.12.10-08.42.42:138][816]LogBlueprintUserMessages: [BP_GameState_C_0] Wave in Progress
[2018.12.10-08.42.45:144][174]LogBlueprintUserMessages: [BP_GameState_C_0] Waiting to Complete
[2018.12.10-08.42.45:152][175]LogBlueprintUserMessages: [BP_GameState_C_0] Wave Complete
[2018.12.10-08.42.45:152][175]LogBlueprintUserMessages: [BP_GameState_C_0] Waiting to Start
[2018.12.10-08.42.47:152][415]LogBlueprintUserMessages: [BP_GameState_C_0] Wave in Progress
[2018.12.10-08.42.52:153][ 15]LogBlueprintUserMessages: [BP_GameState_C_0] Waiting to Complete
[2018.12.10-08.42.52:161][ 16]LogBlueprintUserMessages: [BP_GameState_C_0] Wave Complete
[2018.12.10-08.42.52:161][ 16]LogBlueprintUserMessages: [BP_GameState_C_0] Waiting to Start
[2018.12.10-08.42.54:161][256]LogBlueprintUserMessages: [BP_GameState_C_0] Wave in Progress
[2018.12.10-08.43.01:167][ 94]LogBlueprintUserMessages: [BP_GameState_C_0] Waiting to Complete
[2018.12.10-08.43.01:175][ 95]LogBlueprintUserMessages: [BP_GameState_C_0] Wave Complete
[2018.12.10-08.43.01:175][ 95]LogBlueprintUserMessages: [BP_GameState_C_0] Waiting to Start
[2018.12.10-08.43.06:173][676]LogSlate: FSceneViewport::OnFocusLost() reason 0
[2018.12.10-08.43.12:791][455]LogSlate: FSceneViewport::OnFocusLost() reason 0
[2018.12.10-08.43.34:823][ 47]LogSlate: FSceneViewport::OnFocusLost() reason 0
[2018.12.10-08.43.35:195][ 58]LogSavePackage: Save=198.28ms
[2018.12.10-08.43.35:195][ 58]LogSavePackage: Moving '../../../../../../Users/Tyler/Desktop/Repository_Files/UnrealMasteryCourseUdemy/CoopShooterGame/Saved/Blockout_P988C71FF4E522D3D402894ACA46E7CFF.tmp' to '../../../../../../Users/Tyler/Desktop/Repository_Files/UnrealMasteryCourseUdemy/CoopShooterGame/Content/Maps/Blockout_P.umap'
[2018.12.10-08.43.35:198][ 58]LogSavePackage: Display: Finished SavePackage ../../../../../../Users/Tyler/Desktop/Repository_Files/UnrealMasteryCourseUdemy/CoopShooterGame/Content/Maps/Blockout_P.umap
[2018.12.10-08.43.35:608][ 58]LogSavePackage: Save=347.09ms
[2018.12.10-08.43.35:608][ 58]LogSavePackage: Moving '../../../../../../Users/Tyler/Desktop/Repository_Files/UnrealMasteryCourseUdemy/CoopShooterGame/Saved/Blockout_P_BuiltData9A16474549540619A5C9FAAB58EFD660.tmp' to '../../../../../../Users/Tyler/Desktop/Repository_Files/UnrealMasteryCourseUdemy/CoopShooterGame/Content/Maps/Blockout_P_BuiltData.uasset'
[2018.12.10-08.43.35:612][ 58]LogSavePackage: Display: Finished SavePackage ../../../../../../Users/Tyler/Desktop/Repository_Files/UnrealMasteryCourseUdemy/CoopShooterGame/Content/Maps/Blockout_P_BuiltData.uasset
[2018.12.10-08.43.36:241][117]LogTemp: Repeating last play command: Selected Viewport
[2018.12.10-08.43.36:262][117]LogPlayLevel: PlayLevel: No blueprints needed recompiling
[2018.12.10-08.43.36:262][117]PIE: New page: PIE session: Blockout_P (Dec 9, 2018, 8:43:36 PM)
[2018.12.10-08.43.36:262][117]LogPlayLevel: Creating play world package: /Game/Maps/UEDPIE_0_Blockout_P
[2018.12.10-08.43.36:279][117]LogPlayLevel: PIE: StaticDuplicateObject took: (0.016732s)
[2018.12.10-08.43.36:279][117]LogAIModule: Creating AISystem for world Blockout_P
[2018.12.10-08.43.36:280][117]LogPlayLevel: PIE: World Init took: (0.000511s)
[2018.12.10-08.43.36:280][117]LogPlayLevel: PIE: Created PIE world by copying editor world from /Game/Maps/Blockout_P.Blockout_P to /Game/Maps/UEDPIE_0_Blockout_P.Blockout_P (0.017386s)
[2018.12.10-08.43.36:307][117]LogInit: XAudio2 using 'MStar Demo (NVIDIA High Definition Audio)' : 2 channels at 48 kHz using 16 bits per sample (channel mask 0x3)
[2018.12.10-08.43.36:314][117]LogInit: FAudioDevice initialized.
[2018.12.10-08.43.36:345][117]LogLoad: Game class is 'BP_TestGameMode_C'
[2018.12.10-08.43.36:347][117]LogWorld: Bringing World /Game/Maps/UEDPIE_0_Blockout_P.Blockout_P up for play (max tick rate 0) at 2018.12.10-02.43.36
[2018.12.10-08.43.36:347][117]LogWorld: Bringing up level for play took: 0.001878
[2018.12.10-08.43.36:349][117]LogBlueprintUserMessages: [BP_GameState_C_0] Waiting to Start
[2018.12.10-08.43.36:349][117]PIE: Play in editor start time for /Game/Maps/UEDPIE_0_Blockout_P -0.168
[2018.12.10-08.43.38:248][339]LogBlueprintUserMessages: [BP_GameState_C_0] Wave in Progress
[2018.12.10-08.43.39:249][459]LogBlueprintUserMessages: [BP_GameState_C_0] Waiting to Complete
[2018.12.10-08.43.39:257][460]LogBlueprintUserMessages: [BP_GameState_C_0] Wave Complete
[2018.12.10-08.43.39:257][460]LogBlueprintUserMessages: [BP_GameState_C_0] Waiting to Start
[2018.12.10-08.43.41:258][700]LogBlueprintUserMessages: [BP_GameState_C_0] Wave in Progress
[2018.12.10-08.43.58:407][705]LogEditorViewport: Clicking on Actor (LMB): EQSTestingPawn_C (EQSTestingPawn)
[2018.12.10-08.44.14:881][374]LogSlate: FSceneViewport::OnFocusLost() reason 2
[2018.12.10-08.44.27:807][933]LogEditorActor: Actor EQSTestingPawn is referenced by AIController1.
[2018.12.10-08.44.28:947][933]LogSlate: Window 'Message' being destroyed
[2018.12.10-08.44.28:958][933]LogEditorActor: Deleted Actor: EQSTestingPawn_C
[2018.12.10-08.44.28:968][933]LogEditorActor: Deleted 1 Actors (1.173 secs)
[2018.12.10-08.44.30:310][ 58]LogSavePackage: Save=194.19ms
[2018.12.10-08.44.30:311][ 58]LogSavePackage: Moving '../../../../../../Users/Tyler/Desktop/Repository_Files/UnrealMasteryCourseUdemy/CoopShooterGame/Saved/Blockout_P19733B404E59CD7B884F6B97F8AA800D.tmp' to '../../../../../../Users/Tyler/Desktop/Repository_Files/UnrealMasteryCourseUdemy/CoopShooterGame/Content/Maps/Blockout_P.umap'
[2018.12.10-08.44.30:314][ 58]LogSavePackage: Display: Finished SavePackage ../../../../../../Users/Tyler/Desktop/Repository_Files/UnrealMasteryCourseUdemy/CoopShooterGame/Content/Maps/Blockout_P.umap
[2018.12.10-08.44.30:723][ 58]LogSavePackage: Save=347.39ms
[2018.12.10-08.44.30:724][ 58]LogSavePackage: Moving '../../../../../../Users/Tyler/Desktop/Repository_Files/UnrealMasteryCourseUdemy/CoopShooterGame/Saved/Blockout_P_BuiltData17A43DD0487A44CE4B05B4A46C89AC82.tmp' to '../../../../../../Users/Tyler/Desktop/Repository_Files/UnrealMasteryCourseUdemy/CoopShooterGame/Content/Maps/Blockout_P_BuiltData.uasset'
[2018.12.10-08.44.30:728][ 58]LogSavePackage: Display: Finished SavePackage ../../../../../../Users/Tyler/Desktop/Repository_Files/UnrealMasteryCourseUdemy/CoopShooterGame/Content/Maps/Blockout_P_BuiltData.uasset
[2018.12.10-08.44.34:133][428]LogSlate: Window 'CoopShooterGame - Unreal Editor' being destroyed
[2018.12.10-08.44.34:133][428]LogWindowsTextInputMethodSystem: Display: IME system now deactivated.
[2018.12.10-08.44.34:330][429]Cmd: QUIT_EDITOR
[2018.12.10-08.44.34:919][429]LogSlate: Slate User Destroyed.  User Index 0, Is Virtual User: 0
[2018.12.10-08.44.34:919][429]LogExit: Preparing to exit.
[2018.12.10-08.44.35:738][429]LogDirectoryWatcher: A directory notification for 'C:/Users/Tyler/Desktop/Repository_Files/UnrealMasteryCourseUdemy/CoopShooterGame/Content/' was aborted.
[2018.12.10-08.44.35:757][429]LogExit: Editor shut down
[2018.12.10-08.44.35:759][429]LogExit: Transaction tracking system shut down
[2018.12.10-08.44.35:759][429]LogUObjectGlobals: Destroyed PersistentFrame Addr=0x000001cc58b8ec50, Size=104
[2018.12.10-08.44.35:759][429]LogUObjectGlobals: Destroyed PersistentFrame Addr=0x000001cc58bdad30, Size=112
[2018.12.10-08.44.35:759][429]LogUObjectGlobals: Destroyed PersistentFrame Addr=0x000001cc745ac6d0, Size=40
[2018.12.10-08.44.35:759][429]LogUObjectGlobals: Destroyed PersistentFrame Addr=0x000001cc5cdffca0, Size=28
[2018.12.10-08.44.35:760][429]LogUObjectGlobals: Destroyed PersistentFrame Addr=0x000001cc5907b880, Size=608
[2018.12.10-08.44.35:760][429]LogUObjectGlobals: Destroyed PersistentFrame Addr=0x000001cc5909b8b0, Size=24
[2018.12.10-08.44.35:760][429]LogUObjectGlobals: Destroyed PersistentFrame Addr=0x000001cc5910b3d0, Size=8
[2018.12.10-08.44.35:765][429]LogUObjectGlobals: Destroyed PersistentFrame Addr=0x000001cc5cdbf650, Size=72
[2018.12.10-08.44.35:765][429]LogUObjectGlobals: Destroyed PersistentFrame Addr=0x000001cc5910b200, Size=8
[2018.12.10-08.44.35:765][429]LogUObjectGlobals: Destroyed PersistentFrame Addr=0x000001cc5cdb7d80, Size=40
[2018.12.10-08.44.35:765][429]LogUObjectGlobals: Destroyed PersistentFrame Addr=0x000001cc5910ae10, Size=8
[2018.12.10-08.44.35:765][429]LogUObjectGlobals: Destroyed PersistentFrame Addr=0x000001cc07e17740, Size=288
[2018.12.10-08.44.35:912][429]LogDirectoryWatcher: A directory notification for '../../../Engine/Content/' was aborted.
[2018.12.10-08.44.35:912][429]LogDirectoryWatcher: A directory notification for '../../../../../../Users/Tyler/Desktop/Repository_Files/UnrealMasteryCourseUdemy/CoopShooterGame/Content/' was aborted.
[2018.12.10-08.44.35:912][429]LogDirectoryWatcher: A directory notification for '../../Plugins/2D/Paper2D/Content/' was aborted.
[2018.12.10-08.44.35:912][429]LogDirectoryWatcher: A directory notification for '../../Plugins/Enterprise/DatasmithContent/Content/' was aborted.
[2018.12.10-08.44.35:912][429]LogDirectoryWatcher: A directory notification for '../../Plugins/Media/MediaCompositing/Content/' was aborted.
[2018.12.10-08.44.35:912][429]LogDirectoryWatcher: A directory notification for '../../Plugins/Runtime/AppleARKit/Content/' was aborted.
[2018.12.10-08.44.35:912][429]LogDirectoryWatcher: A directory notification for '../../Plugins/Runtime/Oculus/OculusVR/Content/' was aborted.
[2018.12.10-08.44.35:912][429]LogDirectoryWatcher: A directory notification for '../../Plugins/Runtime/Steam/SteamVR/Content/' was aborted.
[2018.12.10-08.44.35:960][429]LogExit: Object subsystem successfully closed.
[2018.12.10-08.44.35:974][429]LogShaderCompilers: Display: Shaders left to compile 0
[2018.12.10-08.44.35:976][429]LogD3D11RHI: Shutdown
[2018.12.10-08.44.35:976][429]LogD3D11RHI: CleanupD3DDevice
[2018.12.10-08.44.35:978][429]LogD3D11RHI: ~FD3D11DynamicRHI
[2018.12.10-08.44.36:000][429]LogModuleManager: Shutting down and abandoning module MovieSceneCapture (580)
[2018.12.10-08.44.36:000][429]LogModuleManager: Shutting down and abandoning module HierarchicalLODOutliner (578)
[2018.12.10-08.44.36:000][429]LogModuleManager: Shutting down and abandoning module DesktopPlatform (576)
[2018.12.10-08.44.36:000][429]LogModuleManager: Shutting down and abandoning module SceneOutliner (574)
[2018.12.10-08.44.36:000][429]LogModuleManager: Shutting down and abandoning module AddContentDialog (572)
[2018.12.10-08.44.36:000][429]LogDirectoryWatcher: A directory notification for 'C:/Program Files/Epic Games/UE_4.19/FeaturePacks/' was aborted.
[2018.12.10-08.44.36:003][429]LogModuleManager: Shutting down and abandoning module WidgetCarousel (571)
[2018.12.10-08.44.36:003][429]LogModuleManager: Shutting down and abandoning module EditorWidgets (568)
[2018.12.10-08.44.36:003][429]LogModuleManager: Shutting down and abandoning module CollectionManager (566)
[2018.12.10-08.44.36:003][429]LogDirectoryWatcher: A directory notification for 'C:/Users/Tyler/Desktop/Repository_Files/UnrealMasteryCourseUdemy/CoopShooterGame/Content/Collections/' was aborted.
[2018.12.10-08.44.36:003][429]LogDirectoryWatcher: A directory notification for 'C:/Users/Tyler/Desktop/Repository_Files/UnrealMasteryCourseUdemy/CoopShooterGame/Content/Developers/Tyler/Collections/' was aborted.
[2018.12.10-08.44.36:003][429]LogDirectoryWatcher: A directory notification for 'C:/Users/Tyler/Desktop/Repository_Files/UnrealMasteryCourseUdemy/CoopShooterGame/Saved/Collections/' was aborted.
[2018.12.10-08.44.36:003][429]LogModuleManager: Shutting down and abandoning module StatsViewer (564)
[2018.12.10-08.44.36:003][429]LogModuleManager: Shutting down and abandoning module FoliageEdit (562)
[2018.12.10-08.44.36:003][429]LogModuleManager: Shutting down and abandoning module LandscapeEditor (560)
[2018.12.10-08.44.36:004][429]LogModuleManager: Shutting down and abandoning module MeshPaintMode (558)
[2018.12.10-08.44.36:004][429]LogModuleManager: Shutting down and abandoning module SceneDepthPickerMode (556)
[2018.12.10-08.44.36:004][429]LogModuleManager: Shutting down and abandoning module ActorPickerMode (554)
[2018.12.10-08.44.36:004][429]LogModuleManager: Shutting down and abandoning module GeometryMode (552)
[2018.12.10-08.44.36:004][429]LogModuleManager: Shutting down and abandoning module TextureAlignMode (550)
[2018.12.10-08.44.36:004][429]LogModuleManager: Shutting down and abandoning module BspMode (548)
[2018.12.10-08.44.36:004][429]LogModuleManager: Shutting down and abandoning module PIEPreviewDeviceProfileSelector (546)
[2018.12.10-08.44.36:004][429]LogModuleManager: Shutting down and abandoning module HardwareSurvey (544)
[2018.12.10-08.44.36:004][429]LogModuleManager: Shutting down and abandoning module SequenceRecorderSections (542)
[2018.12.10-08.44.36:004][429]LogModuleManager: Shutting down and abandoning module AutomationWorker (540)
[2018.12.10-08.44.36:004][429]LogModuleManager: Shutting down and abandoning module AudioCaptureEditor (538)
[2018.12.10-08.44.36:004][429]LogModuleManager: Shutting down and abandoning module SequenceRecorder (537)
[2018.12.10-08.44.36:004][429]LogModuleManager: Shutting down and abandoning module MatineeToLevelSequence (534)
[2018.12.10-08.44.36:004][429]LogModuleManager: Shutting down and abandoning module LevelSequenceEditor (532)
[2018.12.10-08.44.36:004][429]LogModuleManager: Shutting down and abandoning module PlacementMode (531)
[2018.12.10-08.44.36:004][429]LogModuleManager: Shutting down and abandoning module MaterialEditor (530)
[2018.12.10-08.44.36:004][429]LogModuleManager: Shutting down and abandoning module WmfMediaFactory (526)
[2018.12.10-08.44.36:004][429]LogModuleManager: Shutting down and abandoning module WmfMediaEditor (524)
[2018.12.10-08.44.36:004][429]LogModuleManager: Shutting down and abandoning module MediaPlayerEditor (522)
[2018.12.10-08.44.36:004][429]LogModuleManager: Shutting down and abandoning module OpenExrWrapper (520)
[2018.12.10-08.44.36:004][429]LogModuleManager: Shutting down and abandoning module ImgMediaFactory (518)
[2018.12.10-08.44.36:004][429]LogModuleManager: Shutting down and abandoning module ImgMediaEditor (516)
[2018.12.10-08.44.36:004][429]LogModuleManager: Shutting down and abandoning module AvfMediaFactory (514)
[2018.12.10-08.44.36:004][429]LogModuleManager: Shutting down and abandoning module AvfMediaEditor (512)
[2018.12.10-08.44.36:004][429]LogModuleManager: Shutting down and abandoning module AndroidMediaFactory (510)
[2018.12.10-08.44.36:004][429]LogModuleManager: Shutting down and abandoning module AndroidMediaEditor (508)
[2018.12.10-08.44.36:004][429]LogModuleManager: Shutting down and abandoning module CharacterAI (506)
[2018.12.10-08.44.36:004][429]LogModuleManager: Shutting down and abandoning module SmartSnapping (504)
[2018.12.10-08.44.36:004][429]LogModuleManager: Shutting down and abandoning module SessionServices (502)
[2018.12.10-08.44.36:004][429]LogModuleManager: Shutting down and abandoning module ViewportSnapping (500)
[2018.12.10-08.44.36:004][429]LogModuleManager: Shutting down and abandoning module ViewportInteraction (498)
[2018.12.10-08.44.36:004][429]LogModuleManager: Shutting down and abandoning module ClothPainter (496)
[2018.12.10-08.44.36:004][429]LogModuleManager: Shutting down and abandoning module SkeletalMeshEditor (495)
[2018.12.10-08.44.36:004][429]LogModuleManager: Shutting down and abandoning module LogVisualizer (492)
[2018.12.10-08.44.36:004][429]LogModuleManager: Shutting down and abandoning module IntroTutorials (490)
[2018.12.10-08.44.36:004][429]LogModuleManager: Shutting down and abandoning module GameProjectGeneration (489)
[2018.12.10-08.44.36:004][429]LogModuleManager: Shutting down and abandoning module IOSPlatformEditor (486)
[2018.12.10-08.44.36:004][429]LogModuleManager: Shutting down and abandoning module HTML5PlatformEditor (484)
[2018.12.10-08.44.36:004][429]LogModuleManager: Shutting down and abandoning module AndroidPlatformEditor (482)
[2018.12.10-08.44.36:004][429]LogModuleManager: Shutting down and abandoning module AndroidDeviceDetection (481)
[2018.12.10-08.44.36:380][429]LogModuleManager: Shutting down and abandoning module WindowsPlatformEditor (478)
[2018.12.10-08.44.36:380][429]LogModuleManager: Shutting down and abandoning module IOSRuntimeSettings (476)
[2018.12.10-08.44.36:380][429]LogModuleManager: Shutting down and abandoning module AndroidRuntimeSettings (474)
[2018.12.10-08.44.36:380][429]LogModuleManager: Shutting down and abandoning module InputBindingEditor (472)
[2018.12.10-08.44.36:380][429]LogModuleManager: Shutting down and abandoning module MergeActors (470)
[2018.12.10-08.44.36:380][429]LogModuleManager: Shutting down and abandoning module LocalizationDashboard (468)
[2018.12.10-08.44.36:380][429]LogModuleManager: Shutting down and abandoning module LocalizationService (467)
[2018.12.10-08.44.36:380][429]LogModuleManager: Shutting down and abandoning module HardwareTargeting (464)
[2018.12.10-08.44.36:380][429]LogModuleManager: Shutting down and abandoning module DeviceProfileEditor (462)
[2018.12.10-08.44.36:380][429]LogModuleManager: Shutting down and abandoning module UndoHistory (460)
[2018.12.10-08.44.36:380][429]LogModuleManager: Shutting down and abandoning module XmlParser (458)
[2018.12.10-08.44.36:380][429]LogModuleManager: Shutting down and abandoning module Blutility (456)
[2018.12.10-08.44.36:380][429]LogModuleManager: Shutting down and abandoning module ProjectSettingsViewer (454)
[2018.12.10-08.44.36:381][429]LogModuleManager: Shutting down and abandoning module ProjectTargetPlatformEditor (453)
[2018.12.10-08.44.36:381][429]LogModuleManager: Shutting down and abandoning module EditorSettingsViewer (450)
[2018.12.10-08.44.36:381][429]LogModuleManager: Shutting down and abandoning module SettingsEditor (448)
[2018.12.10-08.44.36:381][429]LogModuleManager: Shutting down and abandoning module ProjectLauncher (446)
[2018.12.10-08.44.36:381][429]LogModuleManager: Shutting down and abandoning module SessionFrontend (444)
[2018.12.10-08.44.36:381][429]LogModuleManager: Shutting down and abandoning module ProfilerClient (442)
[2018.12.10-08.44.36:381][429]LogModuleManager: Shutting down and abandoning module DeviceManager (440)
[2018.12.10-08.44.36:381][429]LogModuleManager: Shutting down and abandoning module TargetDeviceServices (439)
[2018.12.10-08.44.36:445][429]LogModuleManager: Shutting down and abandoning module AutomationController (436)
[2018.12.10-08.44.36:445][429]LogModuleManager: Shutting down and abandoning module AutomationWindow (434)
[2018.12.10-08.44.36:445][429]LogModuleManager: Shutting down and abandoning module Layers (432)
[2018.12.10-08.44.36:445][429]LogModuleManager: Shutting down and abandoning module ComponentVisualizers (430)
[2018.12.10-08.44.36:445][429]LogModuleManager: Shutting down and abandoning module DetailCustomizations (428)
[2018.12.10-08.44.36:445][429]LogModuleManager: Shutting down and abandoning module PackagesDialog (426)
[2018.12.10-08.44.36:445][429]LogModuleManager: Shutting down and abandoning module Persona (424)
[2018.12.10-08.44.36:445][429]LogModuleManager: Shutting down and abandoning module AdvancedPreviewScene (423)
[2018.12.10-08.44.36:445][429]LogModuleManager: Shutting down and abandoning module AnimGraph (421)
[2018.12.10-08.44.36:445][429]LogModuleManager: Shutting down and abandoning module Kismet (418)
[2018.12.10-08.44.36:446][429]LogModuleManager: Shutting down and abandoning module GraphEditor (416)
[2018.12.10-08.44.36:446][429]LogModuleManager: Shutting down and abandoning module ClassViewer (414)
[2018.12.10-08.44.36:447][429]LogModuleManager: Shutting down and abandoning module Toolbox (412)
[2018.12.10-08.44.36:447][429]LogModuleManager: Shutting down and abandoning module ModuleUI (410)
[2018.12.10-08.44.36:447][429]LogModuleManager: Shutting down and abandoning module MovieSceneTools (408)
[2018.12.10-08.44.36:447][429]LogModuleManager: Shutting down and abandoning module OutputLog (406)
[2018.12.10-08.44.36:447][429]LogModuleManager: Shutting down and abandoning module GammaUI (404)
[2018.12.10-08.44.36:447][429]LogModuleManager: Shutting down and abandoning module Documentation (402)
[2018.12.10-08.44.36:447][429]LogModuleManager: Shutting down and abandoning module MovieSceneTracks (400)
[2018.12.10-08.44.36:447][429]LogModuleManager: Shutting down and abandoning module MovieScene (398)
[2018.12.10-08.44.36:447][429]LogModuleManager: Shutting down and abandoning module StreamingPauseRendering (396)
[2018.12.10-08.44.36:447][429]LogModuleManager: Shutting down and abandoning module LauncherPlatform (394)
[2018.12.10-08.44.36:447][429]LogModuleManager: Shutting down and abandoning module AnalyticsET (392)
[2018.12.10-08.44.36:447][429]LogModuleManager: Shutting down and abandoning module PortalServices (390)
[2018.12.10-08.44.36:447][429]LogModuleManager: Shutting down and abandoning module PortalRpc (388)
[2018.12.10-08.44.36:447][429]LogModuleManager: Shutting down and abandoning module MessagingRpc (386)
[2018.12.10-08.44.36:447][429]LogModuleManager: Shutting down and abandoning module AIModule (384)
[2018.12.10-08.44.36:447][429]LogModuleManager: Shutting down and abandoning module GameplayDebugger (383)
[2018.12.10-08.44.36:447][429]LogModuleManager: Shutting down and abandoning module AITestSuite (381)
[2018.12.10-08.44.36:447][429]LogModuleManager: Shutting down and abandoning module ProfilerService (378)
[2018.12.10-08.44.36:573][429]LogModuleManager: Shutting down and abandoning module TaskGraph (376)
[2018.12.10-08.44.36:573][429]LogModuleManager: Shutting down and abandoning module SteamVRController (374)
[2018.12.10-08.44.36:573][429]LogModuleManager: Shutting down and abandoning module ProceduralMeshComponentEditor (372)
[2018.12.10-08.44.36:573][429]LogModuleManager: Shutting down and abandoning module ProceduralMeshComponent (370)
[2018.12.10-08.44.36:573][429]LogModuleManager: Shutting down and abandoning module OculusInput (368)
[2018.12.10-08.44.36:573][429]LogModuleManager: Shutting down and abandoning module MobilePatchingUtils (366)
[2018.12.10-08.44.36:573][429]LogModuleManager: Shutting down and abandoning module CustomMeshComponent (364)
[2018.12.10-08.44.36:573][429]LogModuleManager: Shutting down and abandoning module CableComponent (362)
[2018.12.10-08.44.36:573][429]LogModuleManager: Shutting down and abandoning module AudioCapture (360)
[2018.12.10-08.44.36:573][429]LogModuleManager: Shutting down and abandoning module ArchVisCharacter (358)
[2018.12.10-08.44.36:573][429]LogModuleManager: Shutting down and abandoning module AndroidPermission (356)
[2018.12.10-08.44.36:573][429]LogModuleManager: Shutting down and abandoning module NUTUnrealEngine4 (352)
[2018.12.10-08.44.36:573][429]LogModuleManager: Shutting down and abandoning module NetcodeUnitTest (350)
[2018.12.10-08.44.36:573][429]LogModuleManager: Shutting down and abandoning module MediaCompositingEditor (348)
[2018.12.10-08.44.36:573][429]LogModuleManager: Shutting down and abandoning module MediaCompositing (346)
[2018.12.10-08.44.36:573][429]LogModuleManager: Shutting down and abandoning module LinearTimecode (344)
[2018.12.10-08.44.36:573][429]LogModuleManager: Shutting down and abandoning module ImgMedia (342)
[2018.12.10-08.44.36:576][429]LogModuleManager: Shutting down and abandoning module HTML5Networking (340)
[2018.12.10-08.44.36:576][429]LogModuleManager: Shutting down and abandoning module AlembicImporter (338)
[2018.12.10-08.44.36:576][429]LogModuleManager: Shutting down and abandoning module AlembicLibrary (337)
[2018.12.10-08.44.36:576][429]LogModuleManager: Shutting down and abandoning module GeometryCache (336)
[2018.12.10-08.44.36:576][429]LogModuleManager: Shutting down and abandoning module GeometryCacheEd (335)
[2018.12.10-08.44.36:576][429]LogModuleManager: Shutting down and abandoning module DatasmithContent (330)
[2018.12.10-08.44.36:576][429]LogModuleManager: Shutting down and abandoning module SpeedTreeImporter (328)
[2018.12.10-08.44.36:576][429]LogModuleManager: Shutting down and abandoning module PluginBrowser (326)
[2018.12.10-08.44.36:576][429]LogModuleManager: Shutting down and abandoning module MobileLauncherProfileWizard (324)
[2018.12.10-08.44.36:576][429]LogModuleManager: Shutting down and abandoning module CryptoKeysOpenSSL (322)
[2018.12.10-08.44.36:576][429]LogModuleManager: Shutting down and abandoning module CryptoKeys (320)
[2018.12.10-08.44.36:576][429]LogModuleManager: Shutting down and abandoning module VisualStudioSourceCodeAccess (318)
[2018.12.10-08.44.36:576][429]LogModuleManager: Shutting down and abandoning module VisualStudioCodeSourceCodeAccess (316)
[2018.12.10-08.44.36:576][429]LogModuleManager: Shutting down and abandoning module UObjectPlugin (314)
[2018.12.10-08.44.36:576][429]LogModuleManager: Shutting down and abandoning module SubversionSourceControl (312)
[2018.12.10-08.44.36:576][429]LogModuleManager: Shutting down and abandoning module PerforceSourceControl (310)
[2018.12.10-08.44.36:576][429]LogModuleManager: Shutting down and abandoning module GitSourceControl (308)
[2018.12.10-08.44.36:576][429]LogModuleManager: Shutting down and abandoning module SourceControl (307)
[2018.12.10-08.44.36:576][429]LogModuleManager: Shutting down and abandoning module CLionSourceCodeAccess (304)
[2018.12.10-08.44.36:576][429]LogModuleManager: Shutting down and abandoning module LightPropagationVolumeEditor (302)
[2018.12.10-08.44.36:576][429]LogModuleManager: Shutting down and abandoning module PaperTiledImporter (300)
[2018.12.10-08.44.36:576][429]LogModuleManager: Shutting down and abandoning module PaperSpriteSheetImporter (298)
[2018.12.10-08.44.36:576][429]LogModuleManager: Shutting down and abandoning module Paper2DEditor (296)
[2018.12.10-08.44.36:576][429]LogModuleManager: Shutting down and abandoning module MeshPaint (295)
[2018.12.10-08.44.36:576][429]LogModuleManager: Shutting down and abandoning module CoopShooterGame (292)
[2018.12.10-08.44.36:576][429]LogModuleManager: Shutting down and abandoning module RuntimePhysXCooking (290)
[2018.12.10-08.44.36:576][429]LogModuleManager: Shutting down and abandoning module PhysXVehiclesEditor (288)
[2018.12.10-08.44.36:576][429]LogModuleManager: Shutting down and abandoning module PhysXVehicles (286)
[2018.12.10-08.44.36:576][429]LogModuleManager: Shutting down and abandoning module OculusEditor (284)
[2018.12.10-08.44.36:576][429]LogModuleManager: Shutting down and abandoning module LocationServicesBPLibrary (282)
[2018.12.10-08.44.36:576][429]LogModuleManager: Shutting down and abandoning module ImmediatePhysicsEditor (280)
[2018.12.10-08.44.36:577][429]LogModuleManager: Shutting down and abandoning module ImmediatePhysics (278)
[2018.12.10-08.44.36:577][429]LogModuleManager: Shutting down and abandoning module ActorSequence (276)
[2018.12.10-08.44.36:577][429]LogModuleManager: Shutting down and abandoning module UdpMessaging (274)
[2018.12.10-08.44.36:677][429]LogModuleManager: Shutting down and abandoning module TcpMessaging (272)
[2018.12.10-08.44.36:777][429]LogModuleManager: Shutting down and abandoning module GameplayTagsEditor (270)
[2018.12.10-08.44.36:777][429]LogModuleManager: Shutting down and abandoning module FacialAnimationEditor (268)
[2018.12.10-08.44.36:777][429]LogModuleManager: Shutting down and abandoning module FacialAnimation (266)
[2018.12.10-08.44.36:777][429]LogModuleManager: Shutting down and abandoning module DataValidation (264)
[2018.12.10-08.44.36:777][429]LogModuleManager: Shutting down and abandoning module AssetManagerEditor (262)
[2018.12.10-08.44.36:777][429]LogModuleManager: Shutting down and abandoning module LevelEditor (261)
[2018.12.10-08.44.36:777][429]LogModuleManager: Shutting down and abandoning module PixelInspectorModule (260)
[2018.12.10-08.44.36:777][429]LogModuleManager: Shutting down and abandoning module CommonMenuExtensions (258)
[2018.12.10-08.44.36:777][429]LogModuleManager: Shutting down and abandoning module MainFrame (256)
[2018.12.10-08.44.36:777][429]LogModuleManager: Shutting down and abandoning module HotReload (255)
[2018.12.10-08.44.36:778][429]LogDirectoryWatcher: A directory notification for 'C:/Users/Tyler/Desktop/Repository_Files/UnrealMasteryCourseUdemy/CoopShooterGame/Binaries/Win64' was aborted.
[2018.12.10-08.44.36:778][429]LogModuleManager: Shutting down and abandoning module ContentBrowser (251)
[2018.12.10-08.44.36:778][429]LogModuleManager: Shutting down and abandoning module TreeMap (249)
[2018.12.10-08.44.36:779][429]LogModuleManager: Shutting down and abandoning module LightPropagationVolumeRuntime (246)
[2018.12.10-08.44.36:779][429]LogModuleManager: Shutting down and abandoning module LiveLinkEditor (244)
[2018.12.10-08.44.36:779][429]LogModuleManager: Shutting down and abandoning module LiveLink (242)
[2018.12.10-08.44.37:415][429]LogModuleManager: Shutting down and abandoning module Paper2D (240)
[2018.12.10-08.44.37:415][429]LogModuleManager: Shutting down and abandoning module WindowsMoviePlayer (238)
[2018.12.10-08.44.37:416][429]LogModuleManager: Shutting down and abandoning module WmfMedia (236)
[2018.12.10-08.44.37:419][429]LogModuleManager: Shutting down and abandoning module Media (235)
[2018.12.10-08.44.37:426][429]LogModuleManager: Shutting down and abandoning module PacketHandler (232)
[2018.12.10-08.44.37:426][429]LogModuleManager: Shutting down and abandoning module ClothingSystemEditor (230)
[2018.12.10-08.44.37:426][429]LogModuleManager: Shutting down and abandoning module ClothingSystemRuntime (228)
[2018.12.10-08.44.37:426][429]LogModuleManager: Shutting down and abandoning module MediaAssets (226)
[2018.12.10-08.44.37:426][429]LogModuleManager: Shutting down and abandoning module Overlay (224)
[2018.12.10-08.44.37:426][429]LogModuleManager: Shutting down and abandoning module OverlayEditor (223)
[2018.12.10-08.44.37:426][429]LogModuleManager: Shutting down and abandoning module EnvironmentQueryEditor (220)
[2018.12.10-08.44.37:427][429]LogModuleManager: Shutting down and abandoning module VREditor (218)
[2018.12.10-08.44.37:427][429]LogModuleManager: Shutting down and abandoning module StringTableEditor (216)
[2018.12.10-08.44.37:427][429]LogModuleManager: Shutting down and abandoning module GameplayTasksEditor (214)
[2018.12.10-08.44.37:427][429]LogModuleManager: Shutting down and abandoning module BehaviorTreeEditor (212)
[2018.12.10-08.44.37:427][429]LogModuleManager: Shutting down and abandoning module FunctionalTesting (210)
[2018.12.10-08.44.37:427][429]LogModuleManager: Shutting down and abandoning module CollisionAnalyzer (208)
[2018.12.10-08.44.37:427][429]LogModuleManager: Shutting down and abandoning module WorkspaceMenuStructure (207)
[2018.12.10-08.44.37:427][429]LogModuleManager: Shutting down and abandoning module UMG (204)
[2018.12.10-08.44.37:427][429]LogModuleManager: Shutting down and abandoning module UMGEditor (203)
[2018.12.10-08.44.37:427][429]LogModuleManager: Shutting down and abandoning module Sequencer (202)
[2018.12.10-08.44.37:428][429]LogModuleManager: Shutting down and abandoning module MessageLog (199)
[2018.12.10-08.44.37:428][429]LogModuleManager: Shutting down and abandoning module SlateReflector (194)
[2018.12.10-08.44.37:428][429]LogModuleManager: Shutting down and abandoning module Slate (192)
[2018.12.10-08.44.37:428][429]LogModuleManager: Shutting down and abandoning module EditorStyle (190)
[2018.12.10-08.44.37:432][429]LogModuleManager: Shutting down and abandoning module MRMesh (188)
[2018.12.10-08.44.37:432][429]LogModuleManager: Shutting down and abandoning module SourceCodeAccess (186)
[2018.12.10-08.44.37:432][429]LogModuleManager: Shutting down and abandoning module HeadMountedDisplay (184)
[2018.12.10-08.44.37:432][429]LogModuleManager: Shutting down and abandoning module XAudio2 (182)
[2018.12.10-08.44.37:432][429]LogModuleManager: Shutting down and abandoning module Networking (180)
[2018.12.10-08.44.37:432][429]LogModuleManager: Shutting down and abandoning module Core (178)
[2018.12.10-08.44.37:432][429]LogModuleManager: Shutting down and abandoning module LevelSequence (176)
[2018.12.10-08.44.37:432][429]LogModuleManager: Shutting down and abandoning module KismetCompiler (174)
[2018.12.10-08.44.37:432][429]LogModuleManager: Shutting down and abandoning module MeshUtilities (172)
[2018.12.10-08.44.37:432][429]LogModuleManager: Shutting down and abandoning module MeshMergeUtilities (171)
[2018.12.10-08.44.37:432][429]LogModuleManager: Shutting down and abandoning module MeshReductionInterface (170)
[2018.12.10-08.44.37:432][429]LogModuleManager: Shutting down and abandoning module SimplygonSwarm (169)
[2018.12.10-08.44.37:432][429]LogModuleManager: Shutting down and abandoning module SimplygonMeshReduction (167)
[2018.12.10-08.44.37:432][429]LogModuleManager: Shutting down and abandoning module QuadricMeshReduction (165)
[2018.12.10-08.44.37:432][429]LogModuleManager: Shutting down and abandoning module MaterialBaking (161)
[2018.12.10-08.44.37:432][429]LogModuleManager: Shutting down and abandoning module DirectoryWatcher (157)
[2018.12.10-08.44.37:433][429]LogModuleManager: Shutting down and abandoning module DerivedDataCache (154)
[2018.12.10-08.44.37:454][429]LogDerivedDataCache: Shutdown
[2018.12.10-08.44.37:454][429]LogModuleManager: Shutting down and abandoning module XGEController (152)
[2018.12.10-08.44.37:454][429]LogModuleManager: Shutting down and abandoning module TargetPlatform (150)
[2018.12.10-08.44.37:454][429]LogModuleManager: Shutting down and abandoning module VulkanShaderFormat (149)
[2018.12.10-08.44.37:454][429]LogModuleManager: Shutting down and abandoning module ShaderFormatVectorVM (147)
[2018.12.10-08.44.37:454][429]LogModuleManager: Shutting down and abandoning module ShaderFormatOpenGL (145)
[2018.12.10-08.44.37:454][429]LogModuleManager: Shutting down and abandoning module ShaderFormatD3D (143)
[2018.12.10-08.44.37:455][429]LogModuleManager: Shutting down and abandoning module MetalShaderFormat (141)
[2018.12.10-08.44.37:455][429]LogModuleManager: Shutting down and abandoning module TextureFormatUncompressed (139)
[2018.12.10-08.44.37:455][429]LogModuleManager: Shutting down and abandoning module TextureFormatPVR (137)
[2018.12.10-08.44.37:455][429]LogModuleManager: Shutting down and abandoning module TextureFormatDXT (135)
[2018.12.10-08.44.37:455][429]LogModuleManager: Shutting down and abandoning module TextureFormatIntelISPCTexComp (133)
[2018.12.10-08.44.37:455][429]LogModuleManager: Shutting down and abandoning module TextureFormatASTC (131)
[2018.12.10-08.44.37:455][429]LogModuleManager: Shutting down and abandoning module ImageWrapper (130)
[2018.12.10-08.44.37:455][429]LogModuleManager: Shutting down and abandoning module TextureFormatAndroid (127)
[2018.12.10-08.44.37:455][429]LogModuleManager: Shutting down and abandoning module AudioFormatOpus (125)
[2018.12.10-08.44.37:455][429]LogModuleManager: Shutting down and abandoning module AudioFormatOgg (123)
[2018.12.10-08.44.37:455][429]LogModuleManager: Shutting down and abandoning module AudioFormatADPCM (121)
[2018.12.10-08.44.37:455][429]LogModuleManager: Shutting down and abandoning module LinuxTargetPlatform (119)
[2018.12.10-08.44.37:455][429]LogModuleManager: Shutting down and abandoning module LinuxServerTargetPlatform (117)
[2018.12.10-08.44.37:455][429]LogModuleManager: Shutting down and abandoning module LinuxNoEditorTargetPlatform (115)
[2018.12.10-08.44.37:455][429]LogModuleManager: Shutting down and abandoning module LinuxClientTargetPlatform (113)
[2018.12.10-08.44.37:455][429]LogModuleManager: Shutting down and abandoning module TVOSTargetPlatform (111)
[2018.12.10-08.44.37:455][429]LogModuleManager: Shutting down and abandoning module Messaging (109)
[2018.12.10-08.44.37:455][429]LogModuleManager: Shutting down and abandoning module IOSTargetPlatform (107)
[2018.12.10-08.44.37:455][429]LogModuleManager: Shutting down and abandoning module HTML5TargetPlatform (105)
[2018.12.10-08.44.37:455][429]LogModuleManager: Shutting down and abandoning module AndroidTargetPlatform (103)
[2018.12.10-08.44.37:455][429]LogModuleManager: Shutting down and abandoning module Android_PVRTCTargetPlatform (101)
[2018.12.10-08.44.37:455][429]LogModuleManager: Shutting down and abandoning module Android_MultiTargetPlatform (99)
[2018.12.10-08.44.37:455][429]LogModuleManager: Shutting down and abandoning module Android_ETC2TargetPlatform (97)
[2018.12.10-08.44.37:455][429]LogModuleManager: Shutting down and abandoning module Android_ETC1TargetPlatform (95)
[2018.12.10-08.44.37:455][429]LogModuleManager: Shutting down and abandoning module Android_ETC1aTargetPlatform (93)
[2018.12.10-08.44.37:455][429]LogModuleManager: Shutting down and abandoning module Android_DXTTargetPlatform (91)
[2018.12.10-08.44.37:455][429]LogModuleManager: Shutting down and abandoning module Android_ATCTargetPlatform (89)
[2018.12.10-08.44.37:455][429]LogModuleManager: Shutting down and abandoning module Android_ASTCTargetPlatform (87)
[2018.12.10-08.44.37:455][429]LogModuleManager: Shutting down and abandoning module WindowsTargetPlatform (85)
[2018.12.10-08.44.37:455][429]LogModuleManager: Shutting down and abandoning module WindowsServerTargetPlatform (83)
[2018.12.10-08.44.37:455][429]LogModuleManager: Shutting down and abandoning module WindowsNoEditorTargetPlatform (81)
[2018.12.10-08.44.37:455][429]LogModuleManager: Shutting down and abandoning module WindowsClientTargetPlatform (79)
[2018.12.10-08.44.37:455][429]LogModuleManager: Shutting down and abandoning module MacTargetPlatform (77)
[2018.12.10-08.44.37:455][429]LogModuleManager: Shutting down and abandoning module MacServerTargetPlatform (75)
[2018.12.10-08.44.37:455][429]LogModuleManager: Shutting down and abandoning module MacNoEditorTargetPlatform (73)
[2018.12.10-08.44.37:455][429]LogModuleManager: Shutting down and abandoning module MacClientTargetPlatform (71)
[2018.12.10-08.44.37:455][429]LogModuleManager: Shutting down and abandoning module AllDesktopTargetPlatform (69)
[2018.12.10-08.44.37:455][429]LogModuleManager: Shutting down and abandoning module InputCore (66)
[2018.12.10-08.44.37:455][429]LogModuleManager: Shutting down and abandoning module Settings (64)
[2018.12.10-08.44.37:455][429]LogModuleManager: Shutting down and abandoning module PhysXCooking (62)
[2018.12.10-08.44.37:455][429]LogModuleManager: Shutting down and abandoning module SteamVR (60)
[2018.12.10-08.44.37:455][429]LogModuleManager: Shutting down and abandoning module OculusHMD (58)
[2018.12.10-08.44.37:455][429]LogModuleManager: Shutting down and abandoning module ExampleDeviceProfileSelector (56)
[2018.12.10-08.44.37:455][429]LogModuleManager: Shutting down and abandoning module AppleARKit (54)
[2018.12.10-08.44.37:455][429]LogModuleManager: Shutting down and abandoning module AugmentedReality (51)
[2018.12.10-08.44.37:455][429]LogModuleManager: Shutting down and abandoning module OnlineBlueprintSupport (48)
[2018.12.10-08.44.37:455][429]LogModuleManager: Shutting down and abandoning module OnlineSubsystem (44)
[2018.12.10-08.44.37:455][429]LogModuleManager: Shutting down and abandoning module XMPP (43)
[2018.12.10-08.44.37:455][429]LogModuleManager: Shutting down and abandoning module HTTP (41)
[2018.12.10-08.44.37:455][429]LogHttp: Display: Http module shutting down, but needs to wait on 1 outstanding Http requests:
[2018.12.10-08.44.37:455][429]LogHttp: Display: 	verb=[POST] url=[https://datarouter.ol.epicgames.com/datarouter/api/v1/public/data?SessionID=%7B77FBCC8E-43FB-5EC9-B6A7-DCB03D1FF9EA%7D&AppID=UEEditor.Rocket.Release&AppVersion=4.19.2-4033788%2B%2B%2BUE4%2BRelease-4.19&UserID=d145e9f94de4149c1ea6108100dda1c3%7Cd33b2c4c25dc4ec4a929c0fc2b9964ca%7C862a9022-a5df-4122-a053-0ff37dff48eb&AppEnvironment=datacollector-binary&UploadType=eteventstream] status=Processing
[2018.12.10-08.44.37:457][429]LogModuleManager: Shutting down and abandoning module SSL (40)
[2018.12.10-08.44.37:458][429]LogModuleManager: Shutting down and abandoning module AnimationModifiers (36)
[2018.12.10-08.44.37:458][429]LogModuleManager: Shutting down and abandoning module PropertyEditor (35)
[2018.12.10-08.44.37:458][429]LogModuleManager: Shutting down and abandoning module AudioEditor (32)
[2018.12.10-08.44.37:458][429]LogModuleManager: Shutting down and abandoning module TextureCompressor (30)
[2018.12.10-08.44.37:458][429]LogModuleManager: Shutting down and abandoning module ShaderCore (28)
[2018.12.10-08.44.37:458][429]LogModuleManager: Shutting down and abandoning module Landscape (26)
[2018.12.10-08.44.37:458][429]LogModuleManager: Shutting down and abandoning module SlateRHIRenderer (24)
[2018.12.10-08.44.37:459][429]LogModuleManager: Shutting down and abandoning module OpenGLDrv (22)
[2018.12.10-08.44.37:459][429]LogModuleManager: Shutting down and abandoning module D3D11RHI (20)
[2018.12.10-08.44.37:459][429]LogModuleManager: Shutting down and abandoning module AnimGraphRuntime (18)
[2018.12.10-08.44.37:459][429]LogModuleManager: Shutting down and abandoning module Renderer (16)
[2018.12.10-08.44.37:459][429]LogModuleManager: Shutting down and abandoning module Engine (14)
[2018.12.10-08.44.37:459][429]LogModuleManager: Shutting down and abandoning module CoreUObject (12)
[2018.12.10-08.44.37:459][429]LogModuleManager: Shutting down and abandoning module NetworkFile (10)
[2018.12.10-08.44.37:459][429]LogModuleManager: Shutting down and abandoning module CookedIterativeFile (8)
[2018.12.10-08.44.37:459][429]LogModuleManager: Shutting down and abandoning module StreamingFile (6)
[2018.12.10-08.44.37:459][429]LogModuleManager: Shutting down and abandoning module SandboxFile (4)
[2018.12.10-08.44.37:459][429]LogModuleManager: Shutting down and abandoning module PakFile (2)
[2018.12.10-08.44.37:466][429]LogExit: Exiting.
[2018.12.10-08.44.37:485][429]Log file closed, 12/10/18 02:44:37
