Log file open, 11/29/18 20:51:55
LogWindows: Failed to load 'aqProf.dll' (GetLastError=126)
LogWindows: File 'aqProf.dll' does not exist
LogWindows: Failed to load 'VtuneApi.dll' (GetLastError=126)
LogWindows: File 'VtuneApi.dll' does not exist
LogWindows: Failed to load 'VtuneApi32e.dll' (GetLastError=126)
LogWindows: File 'VtuneApi32e.dll' does not exist
LogInit: Display: Running engine for game: CoopShooterGame
LogPlatformFile: Not using cached read wrapper
LogInit: Display: RandInit(1550570857) SRandInit(1550570857).
LogInit: Read version file with build ID '3944462'
LogInit: Overriding engine version to CL 4033788, compatible CL 3944462
LogInit: Registered custom module enumerator with build ID '3944462'
LogTaskGraph: Started task graph with 5 named threads and 35 total threads with 3 sets of task threads.
LogStats: Stats thread started at 0.401844
LogD3D11RHI: Aftermath initialized
LogICUInternationalization: Display: ICU TimeZone Detection - Raw Offset: -6:00, Platform Override: ''
LogPluginManager: Mounting plugin Paper2D
LogPluginManager: Mounting plugin LiveLink
LogPluginManager: Mounting plugin LightPropagationVolume
LogPluginManager: Mounting plugin CLionSourceCodeAccess
LogPluginManager: Mounting plugin CodeLiteSourceCodeAccess
LogPluginManager: Mounting plugin GitSourceControl
LogPluginManager: Mounting plugin KDevelopSourceCodeAccess
LogPluginManager: Mounting plugin NullSourceCodeAccess
LogPluginManager: Mounting plugin PerforceSourceControl
LogPluginManager: Mounting plugin SubversionSourceControl
LogPluginManager: Mounting plugin UObjectPlugin
LogPluginManager: Mounting plugin VisualStudioCodeSourceCodeAccess
LogPluginManager: Mounting plugin VisualStudioSourceCodeAccess
LogPluginManager: Mounting plugin XCodeSourceCodeAccess
LogPluginManager: Mounting plugin AssetManagerEditor
LogPluginManager: Mounting plugin CryptoKeys
LogPluginManager: Mounting plugin DataValidation
LogPluginManager: Mounting plugin FacialAnimation
LogPluginManager: Mounting plugin GameplayTagsEditor
LogPluginManager: Mounting plugin MobileLauncherProfileWizard
LogPluginManager: Mounting plugin PluginBrowser
LogPluginManager: Mounting plugin SpeedTreeImporter
LogPluginManager: Mounting plugin DatasmithContent
LogPluginManager: Mounting plugin AlembicImporter
LogPluginManager: Mounting plugin CharacterAI
LogPluginManager: Mounting plugin HTML5Networking
LogPluginManager: Mounting plugin AndroidMedia
LogPluginManager: Mounting plugin AvfMedia
LogPluginManager: Mounting plugin ImgMedia
LogPluginManager: Mounting plugin LinearTimecode
LogPluginManager: Mounting plugin MediaCompositing
LogPluginManager: Mounting plugin MediaPlayerEditor
LogPluginManager: Mounting plugin WmfMedia
LogPluginManager: Mounting plugin TcpMessaging
LogPluginManager: Mounting plugin UdpMessaging
LogPluginManager: Mounting plugin ActorSequence
LogPluginManager: Mounting plugin LevelSequenceEditor
LogPluginManager: Mounting plugin MatineeToLevelSequence
LogPluginManager: Mounting plugin NetcodeUnitTest
LogPluginManager: Mounting plugin NUTUnrealEngine4
LogPluginManager: Mounting plugin OnlineSubsystemGooglePlay
LogPluginManager: Mounting plugin OnlineSubsystemIOS
LogPluginManager: Mounting plugin OnlineSubsystem
LogPluginManager: Mounting plugin OnlineSubsystemNull
LogPluginManager: Mounting plugin OnlineSubsystemUtils
LogPluginManager: Mounting plugin AndroidDeviceProfileSelector
LogPluginManager: Mounting plugin AndroidMoviePlayer
LogPluginManager: Mounting plugin AndroidPermission
LogPluginManager: Mounting plugin AppleARKit
LogPluginManager: Mounting plugin AppleMoviePlayer
LogPluginManager: Mounting plugin ArchVisCharacter
LogPluginManager: Mounting plugin AudioCapture
LogPluginManager: Mounting plugin CableComponent
LogPluginManager: Mounting plugin CustomMeshComponent
LogPluginManager: Mounting plugin ExampleDeviceProfileSelector
LogPluginManager: Mounting plugin GoogleCloudMessaging
LogPluginManager: Mounting plugin ImmediatePhysics
LogPluginManager: Mounting plugin IOSDeviceProfileSelector
LogPluginManager: Mounting plugin LinuxDeviceProfileSelector
LogPluginManager: Mounting plugin LocationServicesBPLibrary
LogPluginManager: Mounting plugin MobilePatchingUtils
LogPluginManager: Mounting plugin OculusVR
LogPluginManager: Plugin shader directory ../../../Engine/Plugins/Runtime/Oculus/OculusVR/Shaders found
LogPluginManager: Mapping shader source directory ../../../Engine/Plugins/Runtime/Oculus/OculusVR/Shaders to virtual directory /Plugin/OculusVR
LogPluginManager: Mounting plugin PhysXVehicles
LogPluginManager: Mounting plugin ProceduralMeshComponent
LogPluginManager: Mounting plugin RuntimePhysXCooking
LogPluginManager: Mounting plugin SteamVR
LogPluginManager: Mounting plugin WindowsMoviePlayer
LogStreaming: Display: Took  0.099s to configure plugins.
LogModuleManager: Display: Found up-to-date module file ../../../../../../Users/Tyler/Desktop/Repository_Files/UnrealMasteryCourseUdemy/CoopShooterGame/Binaries/Win64/UE4Editor-CoopShooterGame.dll (API version 3944462).
LogModuleManager: Display: Found up-to-date module file ../../../Engine/Plugins/2D/Paper2D/Binaries/Win64/UE4Editor-Paper2D.dll (API version 3944462).
LogModuleManager: Display: Found up-to-date module file ../../../Engine/Plugins/2D/Paper2D/Binaries/Win64/UE4Editor-Paper2DEditor.dll (API version 3944462).
LogModuleManager: Display: Found up-to-date module file ../../../Engine/Plugins/2D/Paper2D/Binaries/Win64/UE4Editor-PaperSpriteSheetImporter.dll (API version 3944462).
LogModuleManager: Display: Found up-to-date module file ../../../Engine/Plugins/2D/Paper2D/Binaries/Win64/UE4Editor-PaperTiledImporter.dll (API version 3944462).
LogModuleManager: Display: Found up-to-date module file ../../../Engine/Plugins/2D/Paper2D/Binaries/Win64/UE4Editor-SmartSnapping.dll (API version 3944462).
LogModuleManager: Display: Found up-to-date module file ../../../Engine/Plugins/Animation/LiveLink/Binaries/Win64/UE4Editor-LiveLink.dll (API version 3944462).
LogModuleManager: Display: Found up-to-date module file ../../../Engine/Plugins/Animation/LiveLink/Binaries/Win64/UE4Editor-LiveLinkEditor.dll (API version 3944462).
LogModuleManager: Display: Found up-to-date module file ../../../Engine/Plugins/Blendables/LightPropagationVolume/Binaries/Win64/UE4Editor-LightPropagationVolumeRuntime.dll (API version 3944462).
LogModuleManager: Display: Found up-to-date module file ../../../Engine/Plugins/Blendables/LightPropagationVolume/Binaries/Win64/UE4Editor-LightPropagationVolumeEditor.dll (API version 3944462).
LogModuleManager: Display: Found up-to-date module file ../../../Engine/Plugins/Developer/CLionSourceCodeAccess/Binaries/Win64/UE4Editor-CLionSourceCodeAccess.dll (API version 3944462).
LogModuleManager: Display: Found up-to-date module file ../../../Engine/Plugins/Developer/GitSourceControl/Binaries/Win64/UE4Editor-GitSourceControl.dll (API version 3944462).
LogModuleManager: Display: Found up-to-date module file ../../../Engine/Plugins/Developer/PerforceSourceControl/Binaries/Win64/UE4Editor-PerforceSourceControl.dll (API version 3944462).
LogModuleManager: Display: Found up-to-date module file ../../../Engine/Plugins/Developer/SubversionSourceControl/Binaries/Win64/UE4Editor-SubversionSourceControl.dll (API version 3944462).
LogModuleManager: Display: Found up-to-date module file ../../../Engine/Plugins/Developer/UObjectPlugin/Binaries/Win64/UE4Editor-UObjectPlugin.dll (API version 3944462).
LogModuleManager: Display: Found up-to-date module file ../../../Engine/Plugins/Developer/VisualStudioCodeSourceCodeAccess/Binaries/Win64/UE4Editor-VisualStudioCodeSourceCodeAccess.dll (API version 3944462).
LogModuleManager: Display: Found up-to-date module file ../../../Engine/Plugins/Developer/VisualStudioSourceCodeAccess/Binaries/Win64/UE4Editor-VisualStudioSourceCodeAccess.dll (API version 3944462).
LogModuleManager: Display: Found up-to-date module file ../../../Engine/Plugins/Editor/AssetManagerEditor/Binaries/Win64/UE4Editor-AssetManagerEditor.dll (API version 3944462).
LogModuleManager: Display: Found up-to-date module file ../../../Engine/Plugins/Editor/CryptoKeys/Binaries/Win64/UE4Editor-CryptoKeys.dll (API version 3944462).
LogModuleManager: Display: Found up-to-date module file ../../../Engine/Plugins/Editor/CryptoKeys/Binaries/Win64/UE4Editor-CryptoKeysOpenSSL.dll (API version 3944462).
LogModuleManager: Display: Found up-to-date module file ../../../Engine/Plugins/Editor/DataValidation/Binaries/Win64/UE4Editor-DataValidation.dll (API version 3944462).
LogModuleManager: Display: Found up-to-date module file ../../../Engine/Plugins/Editor/FacialAnimation/Binaries/Win64/UE4Editor-FacialAnimation.dll (API version 3944462).
LogModuleManager: Display: Found up-to-date module file ../../../Engine/Plugins/Editor/FacialAnimation/Binaries/Win64/UE4Editor-FacialAnimationEditor.dll (API version 3944462).
LogModuleManager: Display: Found up-to-date module file ../../../Engine/Plugins/Editor/GameplayTagsEditor/Binaries/Win64/UE4Editor-GameplayTagsEditor.dll (API version 3944462).
LogModuleManager: Display: Found up-to-date module file ../../../Engine/Plugins/Editor/MobileLauncherProfileWizard/Binaries/Win64/UE4Editor-MobileLauncherProfileWizard.dll (API version 3944462).
LogModuleManager: Display: Found up-to-date module file ../../../Engine/Plugins/Editor/PluginBrowser/Binaries/Win64/UE4Editor-PluginBrowser.dll (API version 3944462).
LogModuleManager: Display: Found up-to-date module file ../../../Engine/Plugins/Editor/SpeedTreeImporter/Binaries/Win64/UE4Editor-SpeedTreeImporter.dll (API version 3944462).
LogModuleManager: Display: Found up-to-date module file ../../../Engine/Plugins/Enterprise/DatasmithContent/Binaries/Win64/UE4Editor-DatasmithContent.dll (API version 3944462).
LogModuleManager: Display: Found up-to-date module file ../../../Engine/Plugins/Experimental/AlembicImporter/Binaries/Win64/UE4Editor-AlembicImporter.dll (API version 3944462).
LogModuleManager: Display: Found up-to-date module file ../../../Engine/Plugins/Experimental/AlembicImporter/Binaries/Win64/UE4Editor-AlembicLibrary.dll (API version 3944462).
LogModuleManager: Display: Found up-to-date module file ../../../Engine/Plugins/Experimental/CharacterAI/Binaries/Win64/UE4Editor-CharacterAI.dll (API version 3944462).
LogModuleManager: Display: Found up-to-date module file ../../../Engine/Plugins/Experimental/HTML5Networking/Binaries/Win64/UE4Editor-HTML5Networking.dll (API version 3944462).
LogModuleManager: Display: Found up-to-date module file ../../../Engine/Plugins/Media/AndroidMedia/Binaries/Win64/UE4Editor-AndroidMediaEditor.dll (API version 3944462).
LogModuleManager: Display: Found up-to-date module file ../../../Engine/Plugins/Media/AndroidMedia/Binaries/Win64/UE4Editor-AndroidMediaFactory.dll (API version 3944462).
LogModuleManager: Display: Found up-to-date module file ../../../Engine/Plugins/Media/AvfMedia/Binaries/Win64/UE4Editor-AvfMediaEditor.dll (API version 3944462).
LogModuleManager: Display: Found up-to-date module file ../../../Engine/Plugins/Media/AvfMedia/Binaries/Win64/UE4Editor-AvfMediaFactory.dll (API version 3944462).
LogModuleManager: Display: Found up-to-date module file ../../../Engine/Plugins/Media/AvfMedia/Binaries/Win64/UE4Editor-AvfMediaFactory.dll (API version 3944462).
LogModuleManager: Display: Found up-to-date module file ../../../Engine/Plugins/Media/ImgMedia/Binaries/Win64/UE4Editor-ImgMedia.dll (API version 3944462).
LogModuleManager: Display: Found up-to-date module file ../../../Engine/Plugins/Media/ImgMedia/Binaries/Win64/UE4Editor-ImgMediaEditor.dll (API version 3944462).
LogModuleManager: Display: Found up-to-date module file ../../../Engine/Plugins/Media/ImgMedia/Binaries/Win64/UE4Editor-ImgMediaFactory.dll (API version 3944462).
LogModuleManager: Display: Found up-to-date module file ../../../Engine/Plugins/Media/ImgMedia/Binaries/Win64/UE4Editor-ImgMediaFactory.dll (API version 3944462).
LogModuleManager: Display: Found up-to-date module file ../../../Engine/Plugins/Media/ImgMedia/Binaries/Win64/UE4Editor-OpenExrWrapper.dll (API version 3944462).
LogModuleManager: Display: Found up-to-date module file ../../../Engine/Plugins/Media/LinearTimecode/Binaries/Win64/UE4Editor-LinearTimecode.dll (API version 3944462).
LogModuleManager: Display: Found up-to-date module file ../../../Engine/Plugins/Media/MediaCompositing/Binaries/Win64/UE4Editor-MediaCompositing.dll (API version 3944462).
LogModuleManager: Display: Found up-to-date module file ../../../Engine/Plugins/Media/MediaCompositing/Binaries/Win64/UE4Editor-MediaCompositingEditor.dll (API version 3944462).
LogModuleManager: Display: Found up-to-date module file ../../../Engine/Plugins/Media/MediaPlayerEditor/Binaries/Win64/UE4Editor-MediaPlayerEditor.dll (API version 3944462).
LogModuleManager: Display: Found up-to-date module file ../../../Engine/Plugins/Media/WmfMedia/Binaries/Win64/UE4Editor-WmfMedia.dll (API version 3944462).
LogModuleManager: Display: Found up-to-date module file ../../../Engine/Plugins/Media/WmfMedia/Binaries/Win64/UE4Editor-WmfMediaEditor.dll (API version 3944462).
LogModuleManager: Display: Found up-to-date module file ../../../Engine/Plugins/Media/WmfMedia/Binaries/Win64/UE4Editor-WmfMediaFactory.dll (API version 3944462).
LogModuleManager: Display: Found up-to-date module file ../../../Engine/Plugins/Media/WmfMedia/Binaries/Win64/UE4Editor-WmfMediaFactory.dll (API version 3944462).
LogModuleManager: Display: Found up-to-date module file ../../../Engine/Plugins/Messaging/TcpMessaging/Binaries/Win64/UE4Editor-TcpMessaging.dll (API version 3944462).
LogModuleManager: Display: Found up-to-date module file ../../../Engine/Plugins/Messaging/UdpMessaging/Binaries/Win64/UE4Editor-UdpMessaging.dll (API version 3944462).
LogModuleManager: Display: Found up-to-date module file ../../../Engine/Plugins/MovieScene/ActorSequence/Binaries/Win64/UE4Editor-ActorSequence.dll (API version 3944462).
LogModuleManager: Display: Found up-to-date module file ../../../Engine/Plugins/MovieScene/LevelSequenceEditor/Binaries/Win64/UE4Editor-LevelSequenceEditor.dll (API version 3944462).
LogModuleManager: Display: Found up-to-date module file ../../../Engine/Plugins/MovieScene/MatineeToLevelSequence/Binaries/Win64/UE4Editor-MatineeToLevelSequence.dll (API version 3944462).
LogModuleManager: Display: Found up-to-date module file ../../../Engine/Plugins/NetcodeUnitTest/NetcodeUnitTest/Binaries/Win64/UE4Editor-NetcodeUnitTest.dll (API version 3944462).
LogModuleManager: Display: Found up-to-date module file ../../../Engine/Plugins/NetcodeUnitTest/NUTUnrealEngine4/Binaries/Win64/UE4Editor-NUTUnrealEngine4.dll (API version 3944462).
LogModuleManager: Display: Found up-to-date module file ../../../Engine/Plugins/Online/OnlineSubsystem/Binaries/Win64/UE4Editor-OnlineSubsystem.dll (API version 3944462).
LogModuleManager: Display: Found up-to-date module file ../../../Engine/Plugins/Online/OnlineSubsystemNull/Binaries/Win64/UE4Editor-OnlineSubsystemNull.dll (API version 3944462).
LogModuleManager: Display: Found up-to-date module file ../../../Engine/Plugins/Online/OnlineSubsystemUtils/Binaries/Win64/UE4Editor-OnlineSubsystemUtils.dll (API version 3944462).
LogModuleManager: Display: Found up-to-date module file ../../../Engine/Plugins/Online/OnlineSubsystemUtils/Binaries/Win64/UE4Editor-OnlineBlueprintSupport.dll (API version 3944462).
LogModuleManager: Display: Found up-to-date module file ../../../Engine/Plugins/Runtime/AndroidDeviceProfileSelector/Binaries/Win64/UE4Editor-AndroidDeviceProfileSelector.dll (API version 3944462).
LogModuleManager: Display: Found up-to-date module file ../../../Engine/Plugins/Runtime/AndroidPermission/Binaries/Win64/UE4Editor-AndroidPermission.dll (API version 3944462).
LogModuleManager: Display: Found up-to-date module file ../../../Engine/Plugins/Runtime/AppleARKit/Binaries/Win64/UE4Editor-AppleARKit.dll (API version 3944462).
LogModuleManager: Display: Found up-to-date module file ../../../Engine/Plugins/Runtime/ArchVisCharacter/Binaries/Win64/UE4Editor-ArchVisCharacter.dll (API version 3944462).
LogModuleManager: Display: Found up-to-date module file ../../../Engine/Plugins/Runtime/AudioCapture/Binaries/Win64/UE4Editor-AudioCapture.dll (API version 3944462).
LogModuleManager: Display: Found up-to-date module file ../../../Engine/Plugins/Runtime/AudioCapture/Binaries/Win64/UE4Editor-AudioCaptureEditor.dll (API version 3944462).
LogModuleManager: Display: Found up-to-date module file ../../../Engine/Plugins/Runtime/CableComponent/Binaries/Win64/UE4Editor-CableComponent.dll (API version 3944462).
LogModuleManager: Display: Found up-to-date module file ../../../Engine/Plugins/Runtime/CustomMeshComponent/Binaries/Win64/UE4Editor-CustomMeshComponent.dll (API version 3944462).
LogModuleManager: Display: Found up-to-date module file ../../../Engine/Plugins/Runtime/ExampleDeviceProfileSelector/Binaries/Win64/UE4Editor-ExampleDeviceProfileSelector.dll (API version 3944462).
LogModuleManager: Display: Found up-to-date module file ../../../Engine/Plugins/Runtime/ImmediatePhysics/Binaries/Win64/UE4Editor-ImmediatePhysics.dll (API version 3944462).
LogModuleManager: Display: Found up-to-date module file ../../../Engine/Plugins/Runtime/ImmediatePhysics/Binaries/Win64/UE4Editor-ImmediatePhysicsEditor.dll (API version 3944462).
LogModuleManager: Display: Found up-to-date module file ../../../Engine/Plugins/Runtime/LocationServicesBPLibrary/Binaries/Win64/UE4Editor-LocationServicesBPLibrary.dll (API version 3944462).
LogModuleManager: Display: Found up-to-date module file ../../../Engine/Plugins/Runtime/MobilePatchingUtils/Binaries/Win64/UE4Editor-MobilePatchingUtils.dll (API version 3944462).
LogModuleManager: Display: Found up-to-date module file ../../../Engine/Plugins/Runtime/Oculus/OculusVR/Binaries/Win64/UE4Editor-OculusHMD.dll (API version 3944462).
LogModuleManager: Display: Found up-to-date module file ../../../Engine/Plugins/Runtime/Oculus/OculusVR/Binaries/Win64/UE4Editor-OculusInput.dll (API version 3944462).
LogModuleManager: Display: Found up-to-date module file ../../../Engine/Plugins/Runtime/Oculus/OculusVR/Binaries/Win64/UE4Editor-OculusEditor.dll (API version 3944462).
LogModuleManager: Display: Found up-to-date module file ../../../Engine/Plugins/Runtime/PhysXVehicles/Binaries/Win64/UE4Editor-PhysXVehicles.dll (API version 3944462).
LogModuleManager: Display: Found up-to-date module file ../../../Engine/Plugins/Runtime/PhysXVehicles/Binaries/Win64/UE4Editor-PhysXVehiclesEditor.dll (API version 3944462).
LogModuleManager: Display: Found up-to-date module file ../../../Engine/Plugins/Runtime/ProceduralMeshComponent/Binaries/Win64/UE4Editor-ProceduralMeshComponent.dll (API version 3944462).
LogModuleManager: Display: Found up-to-date module file ../../../Engine/Plugins/Runtime/ProceduralMeshComponent/Binaries/Win64/UE4Editor-ProceduralMeshComponentEditor.dll (API version 3944462).
LogModuleManager: Display: Found up-to-date module file ../../../Engine/Plugins/Runtime/RuntimePhysXCooking/Binaries/Win64/UE4Editor-RuntimePhysXCooking.dll (API version 3944462).
LogModuleManager: Display: Found up-to-date module file ../../../Engine/Plugins/Runtime/Steam/SteamVR/Binaries/Win64/UE4Editor-SteamVR.dll (API version 3944462).
LogModuleManager: Display: Found up-to-date module file ../../../Engine/Plugins/Runtime/Steam/SteamVR/Binaries/Win64/UE4Editor-SteamVRController.dll (API version 3944462).
LogModuleManager: Display: Found up-to-date module file ../../../Engine/Plugins/Runtime/WindowsMoviePlayer/Binaries/Win64/UE4Editor-WindowsMoviePlayer.dll (API version 3944462).
LogInit: Using libcurl 7.47.1
LogInit:  - built for x86_64-pc-win32
LogInit:  - supports SSL with OpenSSL/1.0.2g
LogInit:  - supports HTTP deflate (compression) using libz 1.2.8
LogInit:  - other features:
LogInit:      CURL_VERSION_SSL
LogInit:      CURL_VERSION_LIBZ
LogInit:      CURL_VERSION_IPV6
LogInit:      CURL_VERSION_ASYNCHDNS
LogInit:      CURL_VERSION_LARGEFILE
LogInit:      CURL_VERSION_IDN
LogInit:  CurlRequestOptions (configurable via config and command line):
LogInit:  - bVerifyPeer = false  - Libcurl will NOT verify peer certificate
LogInit:  - bUseHttpProxy = false  - Libcurl will NOT use HTTP proxy
LogInit:  - bDontReuseConnections = false  - Libcurl will reuse connections
LogInit:  - CertBundlePath = nullptr  - Libcurl will use whatever was configured at build time.
LogInit:  - MaxHostConnections = 16  - Libcurl will limit the number of connections to a host
LogInit:  - LocalHostAddr = Default
LogInit: WinSock: version 1.1 (2.2), MaxSocks=32767, MaxUdp=65467
LogInit: WinSock: I am DESKTOP-4VFF8DG (192.168.99.1:0)
LogInit: Build: ++UE4+Release-4.19-CL-4033788
LogInit: Engine Version: 4.19.2-4033788+++UE4+Release-4.19
LogInit: Compatible Engine Version: 4.19.0-3944462+++UE4+Release-4.19
LogInit: Net CL: 3944462
LogDevObjectVersion: Number of dev versions registered: 18
LogDevObjectVersion:   Dev-Blueprints (B0D832E4-1F89-4F0D-ACCF-7EB736FD4AA2): 10
LogDevObjectVersion:   Dev-Build (E1C64328-A22C-4D53-A36C-8E866417BD8C): 0
LogDevObjectVersion:   Dev-Core (375EC13C-06E4-48FB-B500-84F0262A717E): 2
LogDevObjectVersion:   Dev-Editor (E4B068ED-F494-42E9-A231-DA0B2E46BB41): 23
LogDevObjectVersion:   Dev-Framework (CFFC743F-43B0-4480-9391-14DF171D2073): 33
LogDevObjectVersion:   Dev-Mobile (B02B49B5-BB20-44E9-A304-32B752E40360): 2
LogDevObjectVersion:   Dev-Networking (A4E4105C-59A1-49B5-A7C5-40C4547EDFEE): 0
LogDevObjectVersion:   Dev-Online (39C831C9-5AE6-47DC-9A44-9C173E1C8E7C): 0
LogDevObjectVersion:   Dev-Physics (78F01B33-EBEA-4F98-B9B4-84EACCB95AA2): 0
LogDevObjectVersion:   Dev-Platform (6631380F-2D4D-43E0-8009-CF276956A95A): 0
LogDevObjectVersion:   Dev-Rendering (12F88B9F-8875-4AFC-A67C-D90C383ABD29): 25
LogDevObjectVersion:   Dev-Sequencer (7B5AE74C-D270-4C10-A958-57980B212A5A): 6
LogDevObjectVersion:   Dev-VR (D7296918-1DD6-4BDD-9DE2-64A83CC13884): 1
LogDevObjectVersion:   Dev-LoadTimes (C2A15278-BFE7-4AFE-6C17-90FF531DF755): 1
LogDevObjectVersion:   Private-Geometry (6EACA3D4-40EC-4CC1-B786-8BED09428FC5): 2
LogDevObjectVersion:   Dev-AnimPhys (29E575DD-E0A3-4627-9D10-D276232CDCEA): 16
LogDevObjectVersion:   Dev-ReflectionCapture (6B266CEC-1EC7-4B8F-A30B-E4D90942FC07): 1
LogDevObjectVersion:   Dev-Automation (0DF73D61-A23F-47EA-B727-89E90C41499A): 1
LogInit: Compiled (64-bit): Apr 27 2018 02:06:57
LogInit: Compiled with Visual C++: 19.00.24215.01
LogInit: Build Configuration: Development
LogInit: Branch Name: ++UE4+Release-4.19
LogInit: Command Line: 
LogInit: Base Directory: C:/Program Files/Epic Games/UE_4.19/Engine/Binaries/Win64/
LogInit: Installed Engine Build: 1
LogStreaming: Display: Took  0.003s to delete old logs.
LogInit: Presizing for max 8388607 objects, including 0 objects not considered by GC, pre-allocating 0 bytes for permanent pool.
LogInit: Object subsystem initialized
[2018.11.30-02.51.57:549][  0]LogInit: Selected Device Profile: [Windows]
[2018.11.30-02.51.57:549][  0]LogInit: Applying CVar settings loaded from the selected device profile: [Windows]
[2018.11.30-02.51.57:560][  0]LogInit: Computer: DESKTOP-4VFF8DG
[2018.11.30-02.51.57:560][  0]LogInit: User: Tyler
[2018.11.30-02.51.57:560][  0]LogInit: CPU Page size=4096, Cores=6
[2018.11.30-02.51.57:560][  0]LogInit: High frequency timer resolution =3.609380 MHz
[2018.11.30-02.51.57:560][  0]LogMemory: Memory total: Physical=15.9GB (16GB approx)
[2018.11.30-02.51.57:560][  0]LogMemory: Platform Memory Stats for Windows
[2018.11.30-02.51.57:560][  0]LogMemory: Process Physical Memory: 275.37 MB used, 275.37 MB peak
[2018.11.30-02.51.57:560][  0]LogMemory: Process Virtual Memory: 279.75 MB used, 279.75 MB peak
[2018.11.30-02.51.57:560][  0]LogMemory: Physical Memory: 5508.65 MB used,  10798.70 MB free, 16307.34 MB total
[2018.11.30-02.51.57:560][  0]LogMemory: Virtual Memory: 4823.90 MB used,  10798.70 MB free, 134217728.00 MB total
[2018.11.30-02.51.57:577][  0]LogInit: Using OS detected language (en-US).
[2018.11.30-02.51.57:577][  0]LogInit: Using OS detected locale (en-US).
[2018.11.30-02.51.57:580][  0]LogTextLocalizationManager: No specific localization for 'en-US' exists, so the 'en' localization will be used.
[2018.11.30-02.51.57:891][  0]LogStreaming: Display: Took  0.313s to EndInitTextLocalization.
[2018.11.30-02.51.57:891][  0]LogInit: Setting process to per monitor DPI aware
[2018.11.30-02.51.57:951][  0]LogSlate: New Slate User Created.  User Index 0, Is Virtual User: 0
[2018.11.30-02.51.57:951][  0]LogSlate: Slate User Registered.  User Index 0, Is Virtual User: 0
[2018.11.30-02.51.58:132][  0]LogD3D11RHI: D3D11 adapters:
[2018.11.30-02.51.58:175][  0]LogD3D11RHI:    0. 'NVIDIA GeForce GTX 1080 Ti' (Feature Level 11_0)
[2018.11.30-02.51.58:175][  0]LogD3D11RHI:       11127/0/8153 MB DedicatedVideo/DedicatedSystem/SharedSystem, Outputs:4, VendorId:0x10de
[2018.11.30-02.51.58:176][  0]LogD3D11RHI:    1. 'Microsoft Basic Render Driver' (Feature Level 11_0)
[2018.11.30-02.51.58:177][  0]LogD3D11RHI:       0/0/8153 MB DedicatedVideo/DedicatedSystem/SharedSystem, Outputs:0, VendorId:0x1414
[2018.11.30-02.51.58:177][  0]LogD3D11RHI: Chosen D3D11 Adapter: 0
[2018.11.30-02.51.58:184][  0]LogD3D11RHI: Creating new Direct3DDevice
[2018.11.30-02.51.58:184][  0]LogD3D11RHI:     GPU DeviceId: 0x1b06 (for the marketing name, search the web for "GPU Device Id")
[2018.11.30-02.51.58:184][  0]LogWindows: EnumDisplayDevices:
[2018.11.30-02.51.58:185][  0]LogWindows:    0. 'NVIDIA GeForce GTX 1080 Ti' (P:1 D:1)
[2018.11.30-02.51.58:185][  0]LogWindows:    1. 'NVIDIA GeForce GTX 1080 Ti' (P:0 D:1)
[2018.11.30-02.51.58:185][  0]LogWindows:    2. 'NVIDIA GeForce GTX 1080 Ti' (P:0 D:1)
[2018.11.30-02.51.58:185][  0]LogWindows:    3. 'NVIDIA GeForce GTX 1080 Ti' (P:0 D:1)
[2018.11.30-02.51.58:185][  0]LogWindows: DebugString: GetVideoDriverDetailsInvalid PrimaryIsNotTheChoosenAdapter GetVideoDriverDetailsInvalid PrimaryIsNotTheChoosenAdapter GetVideoDriverDetailsInvalid PrimaryIsNotTheChoosenAdapter GetVideoDriverDetailsInvalid PrimaryIsNotTheChoosenAdapter FoundDriverCount:0 
[2018.11.30-02.51.58:185][  0]LogD3D11RHI:     Adapter Name: NVIDIA GeForce GTX 1080 Ti
[2018.11.30-02.51.58:185][  0]LogD3D11RHI:   Driver Version: Unknown (internal:Unknown, unified:Unknown)
[2018.11.30-02.51.58:185][  0]LogD3D11RHI:      Driver Date: Unknown
[2018.11.30-02.51.58:185][  0]LogRHI: Texture pool is 7788 MB (70% of 11127 MB)
[2018.11.30-02.51.58:212][  0]LogD3D11RHI: [Aftermath] Aftermath enabled and primed
[2018.11.30-02.51.58:212][  0]LogD3D11RHI: [Aftermath] Aftermath enabled and primed
[2018.11.30-02.51.58:212][  0]LogD3D11RHI: Async texture creation enabled
[2018.11.30-02.51.58:229][  0]LogD3D11RHI: GPU Timing Frequency: 1000.000000 (Debug: 2 2)
[2018.11.30-02.51.58:418][  0]LogShaderCompilers: Guid format shader working directory is -50 characters bigger than the processId version (../../../../../../Users/Tyler/Desktop/Repository_Files/UnrealMasteryCourseUdemy/CoopShooterGame/Intermediate/Shaders/WorkingDirectory/20360/).
[2018.11.30-02.51.58:418][  0]LogShaderCompilers: Cleaned the shader compiler working directory 'C:/Users/Tyler/AppData/Local/Temp/UnrealShaderWorkingDir/B08698194C3F6D158318C391368A3813/'.
[2018.11.30-02.51.58:597][  0]LogTemp: Display: Loaded TP AllDesktopTargetPlatform
[2018.11.30-02.51.58:609][  0]LogTemp: Display: Loaded TP MacClientTargetPlatform
[2018.11.30-02.51.58:620][  0]LogTemp: Display: Loaded TP MacNoEditorTargetPlatform
[2018.11.30-02.51.58:630][  0]LogTemp: Display: Loaded TP MacServerTargetPlatform
[2018.11.30-02.51.58:641][  0]LogTemp: Display: Loaded TP MacTargetPlatform
[2018.11.30-02.51.58:653][  0]LogTemp: Display: Loaded TP WindowsClientTargetPlatform
[2018.11.30-02.51.58:664][  0]LogTemp: Display: Loaded TP WindowsNoEditorTargetPlatform
[2018.11.30-02.51.58:676][  0]LogTemp: Display: Loaded TP WindowsServerTargetPlatform
[2018.11.30-02.51.58:682][  0]LogTemp: Display: Loaded TP WindowsTargetPlatform
[2018.11.30-02.51.58:692][  0]LogTemp: Display: Loaded TP Android_ASTCTargetPlatform
[2018.11.30-02.51.58:701][  0]LogTemp: Display: Loaded TP Android_ATCTargetPlatform
[2018.11.30-02.51.58:711][  0]LogTemp: Display: Loaded TP Android_DXTTargetPlatform
[2018.11.30-02.51.58:721][  0]LogTemp: Display: Loaded TP Android_ETC1aTargetPlatform
[2018.11.30-02.51.58:731][  0]LogTemp: Display: Loaded TP Android_ETC1TargetPlatform
[2018.11.30-02.51.58:741][  0]LogTemp: Display: Loaded TP Android_ETC2TargetPlatform
[2018.11.30-02.51.58:760][  0]LogTemp: Display: Loaded TP Android_MultiTargetPlatform
[2018.11.30-02.51.58:760][  0]LogTemp: Display: Loaded TP Android_PVRTCTargetPlatform
[2018.11.30-02.51.58:770][  0]LogTemp: Display: Loaded TP AndroidTargetPlatform
[2018.11.30-02.51.58:771][  0]LogTemp: Display: Loaded TP HTML5TargetPlatform
[2018.11.30-02.51.58:806][  0]LogTemp: Display: Loaded TP IOSTargetPlatform
[2018.11.30-02.51.58:815][  0]LogTemp: Display: Loaded TP TVOSTargetPlatform
[2018.11.30-02.51.58:825][  0]LogTemp: Display: Loaded TP LinuxClientTargetPlatform
[2018.11.30-02.51.58:834][  0]LogTemp: Display: Loaded TP LinuxNoEditorTargetPlatform
[2018.11.30-02.51.58:844][  0]LogTemp: Display: Loaded TP LinuxServerTargetPlatform
[2018.11.30-02.51.58:854][  0]LogTemp: Display: Loaded TP LinuxTargetPlatform
[2018.11.30-02.51.58:854][  0]LogTargetPlatformManager: Display: Building Assets For Windows
[2018.11.30-02.51.58:959][  0]LogXGEController: Cleaning working directory: C:/Users/Tyler/AppData/Local/Temp/UnrealXGEWorkingDir/
[2018.11.30-02.51.58:959][  0]LogXGEController: Cannot use XGE Controller as Incredibuild is not installed on this machine.
[2018.11.30-02.51.58:959][  0]LogShaderCompilers: Cannot use XGE Shader Compiler as Incredibuild is not installed on this machine.
[2018.11.30-02.51.58:959][  0]LogShaderCompilers: Display: Using Local Shader Compiler.
[2018.11.30-02.51.59:512][  0]LogDerivedDataCache: Display: Max Cache Size: 512 MB
[2018.11.30-02.51.59:576][  0]LogDerivedDataCache: Loaded boot cache 0.06s 74MB C:/Users/Tyler/AppData/Local/UnrealEngine/4.19/DerivedDataCache/Boot.ddc.
[2018.11.30-02.51.59:576][  0]LogDerivedDataCache: Display: Loaded Boot cache: C:/Users/Tyler/AppData/Local/UnrealEngine/4.19/DerivedDataCache/Boot.ddc
[2018.11.30-02.51.59:576][  0]LogDerivedDataCache: FDerivedDataBackendGraph:  Pak pak cache file ../../../../../../Users/Tyler/Desktop/Repository_Files/UnrealMasteryCourseUdemy/CoopShooterGame/DerivedDataCache/DDC.ddp not found, will not use a pak cache.
[2018.11.30-02.51.59:576][  0]LogDerivedDataCache: Unable to find inner node Pak for hierarchical cache Hierarchy.
[2018.11.30-02.51.59:576][  0]LogDerivedDataCache: FDerivedDataBackendGraph:  CompressedPak pak cache file ../../../../../../Users/Tyler/Desktop/Repository_Files/UnrealMasteryCourseUdemy/CoopShooterGame/DerivedDataCache/Compressed.ddp not found, will not use a pak cache.
[2018.11.30-02.51.59:576][  0]LogDerivedDataCache: Unable to find inner node CompressedPak for hierarchical cache Hierarchy.
[2018.11.30-02.51.59:588][  0]LogDerivedDataCache: Display: Pak cache opened for reading ../../../Engine/DerivedDataCache/Compressed.ddp.
[2018.11.30-02.51.59:600][  0]LogDerivedDataCache: Using Local data cache path C:/Users/Tyler/AppData/Local/UnrealEngine/Common/DerivedDataCache: Writable
[2018.11.30-02.51.59:600][  0]LogDerivedDataCache: Shared data cache path not found in *engine.ini, will not use an Shared cache.
[2018.11.30-02.51.59:600][  0]LogDerivedDataCache: Unable to find inner node Shared for hierarchical cache Hierarchy.
[2018.11.30-02.51.59:609][  0]LogMaterial: Verifying Global Shaders for PCD3D_SM5
[2018.11.30-02.51.59:609][  0]LogSlate: Using Freetype 2.6.0
[2018.11.30-02.51.59:610][  0]LogSlate: SlateFontCache - WITH_FREETYPE: 1, WITH_HARFBUZZ: 1
[2018.11.30-02.51.59:610][  0]LogSlate: SlateFontCache - WITH_FREETYPE: 1, WITH_HARFBUZZ: 1
[2018.11.30-02.51.59:723][  0]LogAssetRegistry: FAssetRegistry took 0.0256 seconds to start up
[2018.11.30-02.51.59:953][  0]LogInit: Selected Device Profile: [Windows]
[2018.11.30-02.52.00:078][  0]LogSimplygon: Simplygon DLL not present - disabling.
[2018.11.30-02.52.00:080][  0]LogMeshReduction: Using SimplygonSwarm for distributed automatic mesh merging
[2018.11.30-02.52.00:080][  0]LogMeshReduction: Using QuadricMeshReduction for automatic static mesh reduction
[2018.11.30-02.52.00:080][  0]LogMeshReduction: No automatic skeletal mesh reduction module available
[2018.11.30-02.52.00:080][  0]LogMeshReduction: No automatic mesh merging module available
[2018.11.30-02.52.00:080][  0]LogMeshMerging: No automatic mesh merging module available
[2018.11.30-02.52.00:138][  0]LogNetVersion: CoopShooterGame , NetCL: 3944462, EngineNetVer: 2, GameNetVer: 0 (Checksum: 4095294733)
[2018.11.30-02.52.00:504][  0]LogPackageLocalizationCache: Processed 9 localized package path(s) for 2 prioritized culture(s) in 0.058495 seconds
[2018.11.30-02.52.00:508][  0]LogUObjectArray: 36728 objects as part of root set at end of initial load.
[2018.11.30-02.52.00:508][  0]LogUObjectAllocator: 7314312 out of 0 bytes used by permanent object pool.
[2018.11.30-02.52.00:508][  0]LogUObjectArray: CloseDisregardForGC: 0/0 objects in disregard for GC pool
[2018.11.30-02.52.01:798][  0]LogTcpMessaging: Initializing TcpMessaging bridge
[2018.11.30-02.52.01:828][  0]LogUdpMessaging: Initializing bridge on interface 0.0.0.0:0 to multicast group 230.0.0.1:6666.
[2018.11.30-02.52.02:197][  0]SourceControl: Source control is disabled
[2018.11.30-02.52.02:197][  0]SourceControl: Source control is disabled
[2018.11.30-02.52.02:214][  0]SourceControl: Source control is disabled
[2018.11.30-02.52.02:232][  0]SourceControl: Source control is disabled
[2018.11.30-02.52.02:701][  0]LogAndroidPermission: UAndroidPermissionCallbackProxy::GetInstance
[2018.11.30-02.52.02:877][  0]LogOcInput: OculusInput pre-init called
[2018.11.30-02.52.02:971][  0]LogEngine: Initializing Engine...
[2018.11.30-02.52.02:972][  0]LogHMD: Failed to initialize OpenVR with code 110
[2018.11.30-02.52.02:973][  0]LogStats: UGameplayTagsManager::ConstructGameplayTagTree: Construct from data asset -  0.000 s
[2018.11.30-02.52.02:973][  0]LogStats: UGameplayTagsManager::ConstructGameplayTagTree: GameplayTagTreeChangedEvent.Broadcast -  0.000 s
[2018.11.30-02.52.03:161][  0]LogAIModule: Creating AISystem for world Untitled
[2018.11.30-02.52.03:187][  0]LogInit: XAudio2 using 'MStar Demo (NVIDIA High Definition Audio)' : 2 channels at 48 kHz using 16 bits per sample (channel mask 0x3)
[2018.11.30-02.52.03:198][  0]LogInit: FAudioDevice initialized.
[2018.11.30-02.52.03:271][  0]LogDerivedDataCache: Saved boot cache 0.07s 74MB C:/Users/Tyler/AppData/Local/UnrealEngine/4.19/DerivedDataCache/Boot.ddc.
[2018.11.30-02.52.03:284][  0]LogInit: Texture streaming: Enabled
[2018.11.30-02.52.03:301][  0]LogEngineSessionManager: EngineSessionManager initialized
[2018.11.30-02.52.03:301][  0]LogEngineSessionManager: EngineSessionManager sent abnormal shutdown report. Type=Crashed, SessionId={56338F6F-403A-620D-865B-8F8A63CBB2F7}
[2018.11.30-02.52.03:312][  0]LogInit: Transaction tracking system initialized
[2018.11.30-02.52.03:334][  0]BlueprintLog: New page: Editor Load
[2018.11.30-02.52.03:409][  0]LocalizationService: Localization service is disabled
[2018.11.30-02.52.03:512][  0]LogConsoleResponse: Display: 
[2018.11.30-02.52.03:633][  0]LogCook: Display: Max memory allowance for cook 16384mb min free memory 0mb
[2018.11.30-02.52.03:633][  0]LogCook: Display: Mobile HDR setting 1
[2018.11.30-02.52.03:633][  0]LogGameplayTags: Display: UGameplayTagsManager::DoneAddingNativeTags. DelegateIsBound: 0
[2018.11.30-02.52.03:633][  0]LogStats: UGameplayTagsManager::ConstructGameplayTagTree: Construct from data asset -  0.000 s
[2018.11.30-02.52.03:633][  0]LogStats: UGameplayTagsManager::ConstructGameplayTagTree: GameplayTagTreeChangedEvent.Broadcast -  0.000 s
[2018.11.30-02.52.03:715][  0]LogFileCache: Scanning file cache for directory 'C:/Users/Tyler/Desktop/Repository_Files/UnrealMasteryCourseUdemy/CoopShooterGame/Content/' took 0.02s
[2018.11.30-02.52.03:979][  0]SourceControl: Source control is disabled
[2018.11.30-02.52.03:982][  0]LightingResults: New page: Lighting Build
[2018.11.30-02.52.03:984][  0]MapCheck: New page: Map Check
[2018.11.30-02.52.03:984][  0]LightingResults: New page: Lighting Build
[2018.11.30-02.52.04:024][  0]LogUObjectGlobals: Created PersistentFrame Addr=0x0000028c0f0ec860, Size=28, Default__TrackerBot_C Function /Game/TrackerBot/TrackerBot.TrackerBot_C:ExecuteUbergraph_TrackerBot
[2018.11.30-02.52.04:026][  0]LogUObjectGlobals: Destroyed PersistentFrame Addr=0x0000028c0f0ec860, Size=28
[2018.11.30-02.52.04:026][  0]LogUObjectGlobals: Created PersistentFrame Addr=0x0000028c0f0ec860, Size=28, Default__TrackerBot_C Function /Engine/Transient.REINST_TrackerBot_C_1:ExecuteUbergraph_TrackerBot
[2018.11.30-02.52.04:027][  0]LogUObjectGlobals: Created PersistentFrame Addr=0x0000028c0f0ed7e0, Size=28, Default__TrackerBot_C Function /Game/TrackerBot/TrackerBot.TrackerBot_C:ExecuteUbergraph_TrackerBot
[2018.11.30-02.52.04:127][  0]LogUObjectGlobals: Created PersistentFrame Addr=0x0000028c112e7d80, Size=608, Default__BP_TargetDummy_C Function /Game/BluePrints/BP_TargetDummy.BP_TargetDummy_C:ExecuteUbergraph_BP_TargetDummy
[2018.11.30-02.52.04:130][  0]LogUObjectGlobals: Destroyed PersistentFrame Addr=0x0000028c112e7d80, Size=608
[2018.11.30-02.52.04:130][  0]LogUObjectGlobals: Created PersistentFrame Addr=0x0000028c112e7d80, Size=608, Default__BP_TargetDummy_C Function /Engine/Transient.REINST_BP_TargetDummy_C_7:ExecuteUbergraph_BP_TargetDummy
[2018.11.30-02.52.04:132][  0]LogUObjectGlobals: Created PersistentFrame Addr=0x0000028c112e5a80, Size=608, Default__BP_TargetDummy_C Function /Game/BluePrints/BP_TargetDummy.BP_TargetDummy_C:ExecuteUbergraph_BP_TargetDummy
[2018.11.30-02.52.04:158][  0]LogUObjectGlobals: Created PersistentFrame Addr=0x0000028c11367740, Size=104, Default__UE4ASP_HeroTPP_AnimBlueprint_C Function /Game/AnimStarterPack/UE4ASP_HeroTPP_AnimBlueprint.UE4ASP_HeroTPP_AnimBlueprint_C:ExecuteUbergraph_UE4ASP_HeroTPP_AnimBlueprint
[2018.11.30-02.52.04:168][  0]LogUObjectGlobals: Destroyed PersistentFrame Addr=0x0000028c11367740, Size=104
[2018.11.30-02.52.04:168][  0]LogUObjectGlobals: Created PersistentFrame Addr=0x0000028c152eb740, Size=104, Default__UE4ASP_HeroTPP_AnimBlueprint_C Function /Engine/Transient.REINST_UE4ASP_HeroTPP_AnimBlueprint_C_0:ExecuteUbergraph_UE4ASP_HeroTPP_AnimBlueprint
[2018.11.30-02.52.04:178][  0]LogUObjectGlobals: Created PersistentFrame Addr=0x0000028c151f6010, Size=104, Default__UE4ASP_HeroTPP_AnimBlueprint_C Function /Game/AnimStarterPack/UE4ASP_HeroTPP_AnimBlueprint.UE4ASP_HeroTPP_AnimBlueprint_C:ExecuteUbergraph_UE4ASP_HeroTPP_AnimBlueprint
[2018.11.30-02.52.04:229][  0]LogUObjectGlobals: Created PersistentFrame Addr=0x0000028c151f7f20, Size=112, Default__WBP_HealthIndicator_C Function /Game/UI/WBP_HealthIndicator.WBP_HealthIndicator_C:ExecuteUbergraph_WBP_HealthIndicator
[2018.11.30-02.52.04:231][  0]LogUObjectGlobals: Destroyed PersistentFrame Addr=0x0000028c151f7f20, Size=112
[2018.11.30-02.52.04:231][  0]LogUObjectGlobals: Created PersistentFrame Addr=0x0000028c151f7f20, Size=112, Default__WBP_HealthIndicator_C Function /Engine/Transient.REINST_WBP_HealthIndicator_C_1:ExecuteUbergraph_WBP_HealthIndicator
[2018.11.30-02.52.04:233][  0]LogUObjectGlobals: Created PersistentFrame Addr=0x0000028c15236a90, Size=112, Default__WBP_HealthIndicator_C Function /Game/UI/WBP_HealthIndicator.WBP_HealthIndicator_C:ExecuteUbergraph_WBP_HealthIndicator
[2018.11.30-02.52.04:235][  0]LogUObjectGlobals: Created PersistentFrame Addr=0x0000028c112eae58, Size=40, Default__PlayerPawn_C Function /Game/BluePrints/PlayerPawn.PlayerPawn_C:ExecuteUbergraph_PlayerPawn
[2018.11.30-02.52.04:237][  0]LogUObjectGlobals: Destroyed PersistentFrame Addr=0x0000028c112eae58, Size=40
[2018.11.30-02.52.04:237][  0]LogUObjectGlobals: Created PersistentFrame Addr=0x0000028c112eae58, Size=40, Default__PlayerPawn_C Function /Engine/Transient.REINST_PlayerPawn_C_12:ExecuteUbergraph_PlayerPawn
[2018.11.30-02.52.04:239][  0]LogUObjectGlobals: Created PersistentFrame Addr=0x0000028c112e9760, Size=40, Default__PlayerPawn_C Function /Game/BluePrints/PlayerPawn.PlayerPawn_C:ExecuteUbergraph_PlayerPawn
[2018.11.30-02.52.04:391][  0]LogSkeletalMesh: Skeletal Mesh found in DDC [3.165641ms] /Game/AnimStarterPack/UE4_Mannequin/Mesh/SK_Mannequin.SK_Mannequin
[2018.11.30-02.52.04:547][  0]LogSkeletalMesh: Skeletal Mesh found in DDC [1.730491ms] /Game/Weapons/SK_Rifle.SK_Rifle
[2018.11.30-02.52.04:575][  0]LogAIModule: Creating AISystem for world Minimal_Default
[2018.11.30-02.52.04:585][  0]LogEditorServer: Finished looking for orphan Actors (0.000 secs)
[2018.11.30-02.52.04:596][  0]LogUObjectGlobals: Destroyed PersistentFrame Addr=0x0000028c0f0ec860, Size=28
[2018.11.30-02.52.04:596][  0]LogUObjectGlobals: Destroyed PersistentFrame Addr=0x0000028c112e7d80, Size=608
[2018.11.30-02.52.04:596][  0]LogUObjectGlobals: Destroyed PersistentFrame Addr=0x0000028c152eb740, Size=104
[2018.11.30-02.52.04:596][  0]LogUObjectGlobals: Destroyed PersistentFrame Addr=0x0000028c151f7f20, Size=112
[2018.11.30-02.52.04:596][  0]LogUObjectGlobals: Destroyed PersistentFrame Addr=0x0000028c112eae58, Size=40
[2018.11.30-02.52.04:597][  0]Cmd: MAP CHECKDEP NOCLEARLOG
[2018.11.30-02.52.04:668][  0]MapCheck: Map check complete: 0 Error(s), 0 Warning(s), took 71.726ms to complete.
[2018.11.30-02.52.04:668][  0]LogFileHelpers: Loading map 'Minimal_Default' took 0.689
[2018.11.30-02.52.04:873][  0]LogCollectionManager: Loaded 0 collections in 0.001875 seconds
[2018.11.30-02.52.04:939][  0]LogFileCache: Scanning file cache for directory 'C:/Users/Tyler/Desktop/Repository_Files/UnrealMasteryCourseUdemy/CoopShooterGame/Saved/Collections/' took 0.01s
[2018.11.30-02.52.04:939][  0]LogFileCache: Scanning file cache for directory 'C:/Users/Tyler/Desktop/Repository_Files/UnrealMasteryCourseUdemy/CoopShooterGame/Content/Developers/Tyler/Collections/' took 0.01s
[2018.11.30-02.52.04:939][  0]LogFileCache: Scanning file cache for directory 'C:/Users/Tyler/Desktop/Repository_Files/UnrealMasteryCourseUdemy/CoopShooterGame/Content/Collections/' took 0.01s
[2018.11.30-02.52.04:939][  0]LogCollectionManager: Rebuilt the GUID cache for 0 collections in 0.000001 seconds
[2018.11.30-02.52.04:947][  0]LogContentBrowser: Native class hierarchy populated in 0.0080 seconds. Added 2460 classes and 562 folders.
[2018.11.30-02.52.04:955][  0]LogContentBrowser: Native class hierarchy updated for 'WidgetCarousel' in 0.0012 seconds. Added 0 classes and 0 folders.
[2018.11.30-02.52.04:999][  0]LogContentBrowser: Native class hierarchy updated for 'AddContentDialog' in 0.0012 seconds. Added 0 classes and 0 folders.
[2018.11.30-02.52.05:007][  0]LogContentBrowser: Native class hierarchy updated for 'SceneOutliner' in 0.0013 seconds. Added 1 classes and 2 folders.
[2018.11.30-02.52.05:066][  0]LogSlate: Took 0.000220 seconds to synchronously load lazily loaded font '../../../Engine/Content/Slate/Fonts/Roboto-Regular.ttf' (155K)
[2018.11.30-02.52.05:068][  0]LogSlate: Took 0.000160 seconds to synchronously load lazily loaded font '../../../Engine/Content/Slate/Fonts/Roboto-Bold.ttf' (160K)
[2018.11.30-02.52.05:072][  0]LogSlate: Took 0.000226 seconds to synchronously load lazily loaded font '../../../Engine/Content/Editor/Slate/Fonts/FontAwesome.ttf' (139K)
[2018.11.30-02.52.05:144][  0]LogRenderer: Reallocating scene render targets to support 1240x592 Format 10 NumSamples 1 (Frame:1).
[2018.11.30-02.52.05:204][  0]LogSlate: Took 0.000178 seconds to synchronously load lazily loaded font '../../../Engine/Content/Slate/Fonts/Roboto-Light.ttf' (167K)
[2018.11.30-02.52.05:270][  0]LogContentBrowser: Native class hierarchy updated for 'HierarchicalLODOutliner' in 0.0012 seconds. Added 0 classes and 0 folders.
[2018.11.30-02.52.05:270][  0]LogLoad: (Engine Initialization) Total time: 10.89 seconds
[2018.11.30-02.52.05:270][  0]LogLoad: (Engine Initialization) Total Blueprint compile time: 0.00 seconds
[2018.11.30-02.52.05:279][  0]LogWindowsTextInputMethodSystem: Display: IME system now deactivated.
[2018.11.30-02.52.05:295][  0]LogAssetRegistry: Asset discovery search completed in 5.5951 seconds
[2018.11.30-02.52.05:296][  0]LogCollectionManager: Rebuilt the object cache for 0 collections in 0.000000 seconds (found 0 objects)
[2018.11.30-02.52.05:296][  0]LogCollectionManager: Fixed up redirectors for 0 collections in 0.000051 seconds (updated 0 objects)
[2018.11.30-02.52.05:299][  0]LogContentStreaming: Texture pool size now 1000 MB
[2018.11.30-02.52.09:697][507]LogSlate: FSceneViewport::OnFocusLost() reason 0
[2018.11.30-02.52.11:047][667]LogEditorActor: Deleted Actor: TrackerBot_C
[2018.11.30-02.52.11:054][667]LogEditorActor: Deleted 1 Actors (0.011 secs)
[2018.11.30-02.52.13:860][999]LogSlate: Took 0.000240 seconds to synchronously load lazily loaded font '../../../Engine/Content/Slate/Fonts/Roboto-Light.ttf' (167K)
[2018.11.30-02.52.13:997][999]LogSavePackage: Save=85.03ms
[2018.11.30-02.52.13:997][999]LogSavePackage: Moving '../../../../../../Users/Tyler/Desktop/Repository_Files/UnrealMasteryCourseUdemy/CoopShooterGame/Saved/Minimal_Default510ECA3C466645AAD42A2E941599224B.tmp' to '../../../../../../Users/Tyler/Desktop/Repository_Files/UnrealMasteryCourseUdemy/CoopShooterGame/Content/StarterContent/Maps/Minimal_Default.umap'
[2018.11.30-02.52.14:000][999]LogSavePackage: Display: Finished SavePackage ../../../../../../Users/Tyler/Desktop/Repository_Files/UnrealMasteryCourseUdemy/CoopShooterGame/Content/StarterContent/Maps/Minimal_Default.umap
[2018.11.30-02.52.14:098][999]LogSavePackage: Save=28.36ms
[2018.11.30-02.52.14:098][999]LogSavePackage: Moving '../../../../../../Users/Tyler/Desktop/Repository_Files/UnrealMasteryCourseUdemy/CoopShooterGame/Saved/Minimal_Default_BuiltData4874BF5243511A3EC5DEB581D343B5B9.tmp' to '../../../../../../Users/Tyler/Desktop/Repository_Files/UnrealMasteryCourseUdemy/CoopShooterGame/Content/StarterContent/Maps/Minimal_Default_BuiltData.uasset'
[2018.11.30-02.52.14:100][999]LogSavePackage: Display: Finished SavePackage ../../../../../../Users/Tyler/Desktop/Repository_Files/UnrealMasteryCourseUdemy/CoopShooterGame/Content/StarterContent/Maps/Minimal_Default_BuiltData.uasset
[2018.11.30-02.52.15:747][195]LogTemp: Repeating last play command: New Editor Window (PIE)
[2018.11.30-02.52.15:765][195]LogBlueprintUserMessages: Early PlayInEditor Detection: Level '/Game/StarterContent/Maps/Minimal_Default.Minimal_Default:PersistentLevel' has LevelScriptBlueprint '/Game/StarterContent/Maps/Minimal_Default.Minimal_Default:PersistentLevel.Minimal_Default' with GeneratedClass '/Game/StarterContent/Maps/Minimal_Default.Minimal_Default_C' with ClassGeneratedBy '/Game/StarterContent/Maps/Minimal_Default.Minimal_Default:PersistentLevel.Minimal_Default'
[2018.11.30-02.52.15:765][195]LogPlayLevel: PlayLevel: No blueprints needed recompiling
[2018.11.30-02.52.15:765][195]PIE: New page: PIE session: Minimal_Default (Nov 29, 2018, 2:52:15 PM)
[2018.11.30-02.52.15:765][195]LogPlayLevel: Creating play world package: /Game/StarterContent/Maps/UEDPIE_1_Minimal_Default
[2018.11.30-02.52.15:771][195]LogPlayLevel: PIE: StaticDuplicateObject took: (0.005171s)
[2018.11.30-02.52.15:771][195]LogAIModule: Creating AISystem for world Minimal_Default
[2018.11.30-02.52.15:771][195]LogPlayLevel: PIE: World Init took: (0.000450s)
[2018.11.30-02.52.15:771][195]LogPlayLevel: PIE: Created PIE world by copying editor world from /Game/StarterContent/Maps/Minimal_Default.Minimal_Default to /Game/StarterContent/Maps/UEDPIE_1_Minimal_Default.Minimal_Default (0.005751s)
[2018.11.30-02.52.15:791][195]LogLoad: Game class is 'BP_TestGameMode_C'
[2018.11.30-02.52.15:793][195]LogWorld: Bringing World /Game/StarterContent/Maps/UEDPIE_1_Minimal_Default.Minimal_Default up for play (max tick rate 0) at 2018.11.29-20.52.15
[2018.11.30-02.52.15:794][195]LogWorld: Bringing up level for play took: 0.001704
[2018.11.30-02.52.15:794][195]LogTemp: Display: ParseSettings for GameNetDriver
[2018.11.30-02.52.15:794][195]LogTemp: Display: ParseSettings for IpNetDriver_0
[2018.11.30-02.52.15:794][195]LogTemp: Display: ParseSettings for GameNetDriver
[2018.11.30-02.52.15:794][195]LogInit: WinSock: Socket queue 131072 / 131072
[2018.11.30-02.52.15:794][195]PacketHandlerLog: Loaded PacketHandler component: Engine.EngineHandlerComponentFactory (StatelessConnectHandlerComponent)
[2018.11.30-02.52.15:795][195]LogNet: GameNetDriver IpNetDriver_0 IpNetDriver listening on port 17777
[2018.11.30-02.52.15:795][195]PIE: Play in editor start time for /Game/StarterContent/Maps/UEDPIE_1_Minimal_Default 0.249
[2018.11.30-02.52.15:820][195]PIE: New page: PIE session: Minimal_Default (Nov 29, 2018, 2:52:15 PM)
[2018.11.30-02.52.15:843][195]LogInit: XAudio2 using 'MStar Demo (NVIDIA High Definition Audio)' : 2 channels at 48 kHz using 16 bits per sample (channel mask 0x3)
[2018.11.30-02.52.15:850][195]LogInit: FAudioDevice initialized.
[2018.11.30-02.52.16:000][195]LogNet: Browse: 127.0.0.1:17777//Game/StarterContent/Maps/Minimal_Default
[2018.11.30-02.52.16:000][195]LogTemp: Display: ParseSettings for GameNetDriver
[2018.11.30-02.52.16:000][195]LogTemp: Display: ParseSettings for IpNetDriver_1
[2018.11.30-02.52.16:000][195]LogTemp: Display: ParseSettings for PendingNetDriver
[2018.11.30-02.52.16:000][195]LogInit: WinSock: Socket queue 32768 / 32768
[2018.11.30-02.52.16:001][195]PacketHandlerLog: Loaded PacketHandler component: Engine.EngineHandlerComponentFactory (StatelessConnectHandlerComponent)
[2018.11.30-02.52.16:001][195]LogNet: Game client on port 17777, rate 10000
[2018.11.30-02.52.16:004][195]PIE: Play in editor start time for /Game/StarterContent/Maps/Minimal_Default 0.458
[2018.11.30-02.52.16:030][195]PIE: New page: PIE session: Minimal_Default (Nov 29, 2018, 2:52:16 PM)
[2018.11.30-02.52.16:064][195]LogSlate: FSceneViewport::OnFocusLost() reason 2
[2018.11.30-02.52.16:152][195]LogNet: Browse: 127.0.0.1:17777//Game/StarterContent/Maps/Minimal_Default
[2018.11.30-02.52.16:152][195]LogTemp: Display: ParseSettings for GameNetDriver
[2018.11.30-02.52.16:152][195]LogTemp: Display: ParseSettings for IpNetDriver_2
[2018.11.30-02.52.16:152][195]LogTemp: Display: ParseSettings for PendingNetDriver
[2018.11.30-02.52.16:152][195]LogInit: WinSock: Socket queue 32768 / 32768
[2018.11.30-02.52.16:152][195]PacketHandlerLog: Loaded PacketHandler component: Engine.EngineHandlerComponentFactory (StatelessConnectHandlerComponent)
[2018.11.30-02.52.16:152][195]LogNet: Game client on port 17777, rate 10000
[2018.11.30-02.52.16:156][195]PIE: Play in editor start time for /Game/StarterContent/Maps/Minimal_Default 0.61
[2018.11.30-02.52.16:189][195]LogBlueprintUserMessages: Late PlayInEditor Detection: Level '/Game/StarterContent/Maps/Minimal_Default.Minimal_Default:PersistentLevel' has LevelScriptBlueprint '/Game/StarterContent/Maps/Minimal_Default.Minimal_Default:PersistentLevel.Minimal_Default' with GeneratedClass '/Game/StarterContent/Maps/Minimal_Default.Minimal_Default_C' with ClassGeneratedBy '/Game/StarterContent/Maps/Minimal_Default.Minimal_Default:PersistentLevel.Minimal_Default'
[2018.11.30-02.52.16:189][195]LogNet: NotifyAcceptingConnection accepted from: 127.0.0.1:62851
[2018.11.30-02.52.16:190][195]LogHandshake: SendConnectChallenge. Timestamp: 0.008334, Cookie: 244131178021093248193250039046106032112231028103097160237138
[2018.11.30-02.52.16:190][195]LogNet: NotifyAcceptingConnection accepted from: 127.0.0.1:62852
[2018.11.30-02.52.16:190][195]LogHandshake: SendConnectChallenge. Timestamp: 0.008334, Cookie: 168229232018088251146036030136253195030148141026119058204030
[2018.11.30-02.52.16:195][195]LogHandshake: SendChallengeResponse. Timestamp: 0.008334, Cookie: 244131178021093248193250039046106032112231028103097160237138
[2018.11.30-02.52.16:196][195]LogHandshake: SendChallengeResponse. Timestamp: 0.008334, Cookie: 168229232018088251146036030136253195030148141026119058204030
[2018.11.30-02.52.16:276][196]LogNet: NotifyAcceptingConnection accepted from: 127.0.0.1:62851
[2018.11.30-02.52.16:276][196]LogHandshake: SendChallengeAck. InCookie: 244131178021093248193250039046106032112231028103097160237138
[2018.11.30-02.52.16:276][196]LogNet: Server accepting post-challenge connection from: 127.0.0.1:62851
[2018.11.30-02.52.16:276][196]PacketHandlerLog: Loaded PacketHandler component: Engine.EngineHandlerComponentFactory (StatelessConnectHandlerComponent)
[2018.11.30-02.52.16:276][196]LogNet: NotifyAcceptedConnection: Name: Minimal_Default, TimeStamp: 11/29/18 20:52:16, [UNetConnection] RemoteAddr: 127.0.0.1:62851, Name: IpConnection_2, Driver: GameNetDriver IpNetDriver_0, IsServer: YES, PC: NULL, Owner: NULL, UniqueId: INVALID
[2018.11.30-02.52.16:276][196]LogNet: AddClientConnection: Added client connection: [UNetConnection] RemoteAddr: 127.0.0.1:62851, Name: IpConnection_2, Driver: GameNetDriver IpNetDriver_0, IsServer: YES, PC: NULL, Owner: NULL, UniqueId: INVALID
[2018.11.30-02.52.16:276][196]LogNet: NotifyAcceptingConnection accepted from: 127.0.0.1:62852
[2018.11.30-02.52.16:276][196]LogHandshake: SendChallengeAck. InCookie: 168229232018088251146036030136253195030148141026119058204030
[2018.11.30-02.52.16:276][196]LogNet: Server accepting post-challenge connection from: 127.0.0.1:62852
[2018.11.30-02.52.16:276][196]PacketHandlerLog: Loaded PacketHandler component: Engine.EngineHandlerComponentFactory (StatelessConnectHandlerComponent)
[2018.11.30-02.52.16:276][196]LogNet: NotifyAcceptedConnection: Name: Minimal_Default, TimeStamp: 11/29/18 20:52:16, [UNetConnection] RemoteAddr: 127.0.0.1:62852, Name: IpConnection_3, Driver: GameNetDriver IpNetDriver_0, IsServer: YES, PC: NULL, Owner: NULL, UniqueId: INVALID
[2018.11.30-02.52.16:276][196]LogNet: AddClientConnection: Added client connection: [UNetConnection] RemoteAddr: 127.0.0.1:62852, Name: IpConnection_3, Driver: GameNetDriver IpNetDriver_0, IsServer: YES, PC: NULL, Owner: NULL, UniqueId: INVALID
[2018.11.30-02.52.16:277][196]LogNetVersion: CoopShooterGame 1.0.0.0, NetCL: 3944462, EngineNetVer: 2, GameNetVer: 0 (Checksum: 2967099854)
[2018.11.30-02.52.16:277][196]LogNet: UPendingNetGame::SendInitialJoin: Sending hello. [UNetConnection] RemoteAddr: 127.0.0.1:17777, Name: IpConnection_0, Driver: PendingNetDriver IpNetDriver_1, IsServer: NO, PC: NULL, Owner: NULL, UniqueId: INVALID
[2018.11.30-02.52.16:277][196]LogNet: UPendingNetGame::SendInitialJoin: Sending hello. [UNetConnection] RemoteAddr: 127.0.0.1:17777, Name: IpConnection_1, Driver: PendingNetDriver IpNetDriver_2, IsServer: NO, PC: NULL, Owner: NULL, UniqueId: INVALID
[2018.11.30-02.52.16:288][197]LogNet: NotifyAcceptingChannel Control 0 server World /Game/StarterContent/Maps/UEDPIE_1_Minimal_Default.Minimal_Default: Accepted
[2018.11.30-02.52.16:288][197]LogNet: Remote platform little endian=1
[2018.11.30-02.52.16:288][197]LogNet: This platform little endian=1
[2018.11.30-02.52.16:289][197]LogNet: NotifyAcceptingChannel Control 0 server World /Game/StarterContent/Maps/UEDPIE_1_Minimal_Default.Minimal_Default: Accepted
[2018.11.30-02.52.16:289][197]LogNet: Remote platform little endian=1
[2018.11.30-02.52.16:289][197]LogNet: This platform little endian=1
[2018.11.30-02.52.16:297][198]LogNet: Login request: /Game/StarterContent/Maps/Minimal_Default userId: Invalid
[2018.11.30-02.52.16:297][198]LogNet: Login request: /Game/StarterContent/Maps/Minimal_Default userId: Invalid
[2018.11.30-02.52.16:298][198]LogNet: Welcomed by server (Level: /Game/StarterContent/Maps/UEDPIE_1_Minimal_Default, Game: /Game/BluePrints/BP_TestGameMode.BP_TestGameMode_C)
[2018.11.30-02.52.16:300][198]LogLoad: LoadMap: 127.0.0.1:17777//Game/StarterContent/Maps/UEDPIE_1_Minimal_Default?game=/Game/BluePrints/BP_TestGameMode.BP_TestGameMode_C
[2018.11.30-02.52.16:313][198]LogAIModule: Creating AISystem for world Minimal_Default
[2018.11.30-02.52.16:313][198]LogTemp: Display: ParseSettings for GameNetDriver
[2018.11.30-02.52.16:315][198]LogWorld: Bringing World /Game/StarterContent/Maps/UEDPIE_2_Minimal_Default.Minimal_Default up for play (max tick rate 0) at 2018.11.29-20.52.16
[2018.11.30-02.52.16:316][198]LogWorld: Bringing up level for play took: 0.001419
[2018.11.30-02.52.16:316][198]LogLoad: Took 0.016326 seconds to LoadMap(/Game/StarterContent/Maps/UEDPIE_1_Minimal_Default)
[2018.11.30-02.52.16:316][198]LogNet: Welcomed by server (Level: /Game/StarterContent/Maps/UEDPIE_1_Minimal_Default, Game: /Game/BluePrints/BP_TestGameMode.BP_TestGameMode_C)
[2018.11.30-02.52.16:327][198]LogLoad: LoadMap: 127.0.0.1:17777//Game/StarterContent/Maps/UEDPIE_1_Minimal_Default?game=/Game/BluePrints/BP_TestGameMode.BP_TestGameMode_C
[2018.11.30-02.52.16:342][198]LogAIModule: Creating AISystem for world Minimal_Default
[2018.11.30-02.52.16:342][198]LogTemp: Display: ParseSettings for GameNetDriver
[2018.11.30-02.52.16:344][198]LogWorld: Bringing World /Game/StarterContent/Maps/UEDPIE_3_Minimal_Default.Minimal_Default up for play (max tick rate 0) at 2018.11.29-20.52.16
[2018.11.30-02.52.16:344][198]LogWorld: Bringing up level for play took: 0.001562
[2018.11.30-02.52.16:344][198]LogLoad: Took 0.017638 seconds to LoadMap(/Game/StarterContent/Maps/UEDPIE_1_Minimal_Default)
[2018.11.30-02.52.16:363][199]LogRenderer: Reallocating scene render targets to support 1280x720 Format 10 NumSamples 1 (Frame:1).
[2018.11.30-02.52.16:381][199]LogNet: Client netspeed is 10000
[2018.11.30-02.52.16:381][199]LogNet: Join request: /Game/StarterContent/Maps/Minimal_Default?SplitscreenCount=1
[2018.11.30-02.52.16:383][199]LogNet: Join succeeded: 256
[2018.11.30-02.52.16:384][199]LogNet: Client netspeed is 10000
[2018.11.30-02.52.16:384][199]LogNet: Join request: /Game/StarterContent/Maps/Minimal_Default?SplitscreenCount=1
[2018.11.30-02.52.16:385][199]LogNet: Join succeeded: 257
[2018.11.30-02.52.22:644][940]LogTemp: Health Changed: 80.0
[2018.11.30-02.52.25:773][196]LogSlate: FSceneViewport::OnFocusLost() reason 2
[2018.11.30-02.52.26:993][339]LogTemp: Health Changed: 20.0
[2018.11.30-02.52.27:086][350]LogTemp: Health Changed: 0.0
[2018.11.30-02.52.28:327][498]LogBlueprintUserMessages: Early EndPlayMap Detection: Level '/Game/StarterContent/Maps/Minimal_Default.Minimal_Default:PersistentLevel' has LevelScriptBlueprint '/Game/StarterContent/Maps/Minimal_Default.Minimal_Default:PersistentLevel.Minimal_Default' with GeneratedClass '/Game/StarterContent/Maps/Minimal_Default.Minimal_Default_C' with ClassGeneratedBy '/Game/StarterContent/Maps/Minimal_Default.Minimal_Default:PersistentLevel.Minimal_Default'
[2018.11.30-02.52.28:347][498]LogSlate: Window 'CoopShooterGame Game Preview Client 2 (64-bit/PCD3D_SM5)' being destroyed
[2018.11.30-02.52.28:400][498]LogSlate: Window 'CoopShooterGame Game Preview Client 1 (64-bit/PCD3D_SM5)' being destroyed
[2018.11.30-02.52.28:438][498]LogBlueprintUserMessages: Late EndPlayMap Detection: Level '/Game/StarterContent/Maps/Minimal_Default.Minimal_Default:PersistentLevel' has LevelScriptBlueprint '/Game/StarterContent/Maps/Minimal_Default.Minimal_Default:PersistentLevel.Minimal_Default' with GeneratedClass '/Game/StarterContent/Maps/Minimal_Default.Minimal_Default_C' with ClassGeneratedBy '/Game/StarterContent/Maps/Minimal_Default.Minimal_Default:PersistentLevel.Minimal_Default'
[2018.11.30-02.52.28:447][498]LogNet: UChannel::CleanUp: ChIndex == 0. Closing connection. [UChannel] ChIndex: 0, Closing: 0 [UNetConnection] RemoteAddr: 127.0.0.1:62852, Name: IpConnection_3, Driver: GameNetDriver IpNetDriver_0, IsServer: YES, PC: None, Owner: None, UniqueId: INVALID
[2018.11.30-02.52.28:447][498]LogNet: UNetConnection::Close: [UNetConnection] RemoteAddr: 127.0.0.1:62852, Name: IpConnection_3, Driver: GameNetDriver IpNetDriver_0, IsServer: YES, PC: None, Owner: None, UniqueId: INVALID, Channels: 2, Time: 2018.11.30-02.52.28
[2018.11.30-02.52.28:447][498]LogNet: UChannel::Close: Sending CloseBunch. ChIndex == 0. Name: [UChannel] ChIndex: 0, Closing: 0 [UNetConnection] RemoteAddr: 127.0.0.1:62852, Name: IpConnection_3, Driver: GameNetDriver IpNetDriver_0, IsServer: YES, PC: None, Owner: None, UniqueId: INVALID
[2018.11.30-02.52.28:447][498]LogNet: UChannel::CleanUp: ChIndex == 0. Closing connection. [UChannel] ChIndex: 0, Closing: 0 [UNetConnection] RemoteAddr: 127.0.0.1:62851, Name: IpConnection_2, Driver: GameNetDriver IpNetDriver_0, IsServer: YES, PC: None, Owner: None, UniqueId: INVALID
[2018.11.30-02.52.28:447][498]LogNet: UNetConnection::Close: [UNetConnection] RemoteAddr: 127.0.0.1:62851, Name: IpConnection_2, Driver: GameNetDriver IpNetDriver_0, IsServer: YES, PC: None, Owner: None, UniqueId: INVALID, Channels: 2, Time: 2018.11.30-02.52.28
[2018.11.30-02.52.28:447][498]LogNet: UChannel::Close: Sending CloseBunch. ChIndex == 0. Name: [UChannel] ChIndex: 0, Closing: 0 [UNetConnection] RemoteAddr: 127.0.0.1:62851, Name: IpConnection_2, Driver: GameNetDriver IpNetDriver_0, IsServer: YES, PC: None, Owner: None, UniqueId: INVALID
[2018.11.30-02.52.28:447][498]LogNet: UChannel::CleanUp: ChIndex == 0. Closing connection. [UChannel] ChIndex: 0, Closing: 0 [UNetConnection] RemoteAddr: 127.0.0.1:17777, Name: IpConnection_1, Driver: GameNetDriver IpNetDriver_2, IsServer: NO, PC: None, Owner: None, UniqueId: INVALID
[2018.11.30-02.52.28:447][498]LogNet: UNetConnection::Close: [UNetConnection] RemoteAddr: 127.0.0.1:17777, Name: IpConnection_1, Driver: GameNetDriver IpNetDriver_2, IsServer: NO, PC: None, Owner: None, UniqueId: INVALID, Channels: 2, Time: 2018.11.30-02.52.28
[2018.11.30-02.52.28:447][498]LogNet: UChannel::Close: Sending CloseBunch. ChIndex == 0. Name: [UChannel] ChIndex: 0, Closing: 0 [UNetConnection] RemoteAddr: 127.0.0.1:17777, Name: IpConnection_1, Driver: GameNetDriver IpNetDriver_2, IsServer: NO, PC: None, Owner: None, UniqueId: INVALID
[2018.11.30-02.52.28:447][498]LogNet: UChannel::CleanUp: ChIndex == 0. Closing connection. [UChannel] ChIndex: 0, Closing: 0 [UNetConnection] RemoteAddr: 127.0.0.1:17777, Name: IpConnection_0, Driver: GameNetDriver IpNetDriver_1, IsServer: NO, PC: None, Owner: None, UniqueId: INVALID
[2018.11.30-02.52.28:447][498]LogNet: UNetConnection::Close: [UNetConnection] RemoteAddr: 127.0.0.1:17777, Name: IpConnection_0, Driver: GameNetDriver IpNetDriver_1, IsServer: NO, PC: None, Owner: None, UniqueId: INVALID, Channels: 2, Time: 2018.11.30-02.52.28
[2018.11.30-02.52.28:447][498]LogNet: UChannel::Close: Sending CloseBunch. ChIndex == 0. Name: [UChannel] ChIndex: 0, Closing: 0 [UNetConnection] RemoteAddr: 127.0.0.1:17777, Name: IpConnection_0, Driver: GameNetDriver IpNetDriver_1, IsServer: NO, PC: None, Owner: None, UniqueId: INVALID
[2018.11.30-02.52.28:449][498]LogExit: GameNetDriver None shut down
[2018.11.30-02.52.28:450][498]LogExit: GameNetDriver None shut down
[2018.11.30-02.52.28:451][498]LogExit: GameNetDriver None shut down
[2018.11.30-02.52.35:245][292]LogSavePackage: Save=84.90ms
[2018.11.30-02.52.35:245][292]LogSavePackage: Moving '../../../../../../Users/Tyler/Desktop/Repository_Files/UnrealMasteryCourseUdemy/CoopShooterGame/Saved/Minimal_DefaultFB4698864441D0D1EAFF3382CB314DCA.tmp' to '../../../../../../Users/Tyler/Desktop/Repository_Files/UnrealMasteryCourseUdemy/CoopShooterGame/Content/StarterContent/Maps/Minimal_Default.umap'
[2018.11.30-02.52.35:247][292]LogSavePackage: Display: Finished SavePackage ../../../../../../Users/Tyler/Desktop/Repository_Files/UnrealMasteryCourseUdemy/CoopShooterGame/Content/StarterContent/Maps/Minimal_Default.umap
[2018.11.30-02.52.35:335][292]LogSavePackage: Save=18.83ms
[2018.11.30-02.52.35:335][292]LogSavePackage: Moving '../../../../../../Users/Tyler/Desktop/Repository_Files/UnrealMasteryCourseUdemy/CoopShooterGame/Saved/Minimal_Default_BuiltData5F801A70404FD9FA9BD6B4ADC3C9E926.tmp' to '../../../../../../Users/Tyler/Desktop/Repository_Files/UnrealMasteryCourseUdemy/CoopShooterGame/Content/StarterContent/Maps/Minimal_Default_BuiltData.uasset'
[2018.11.30-02.52.35:336][292]LogSavePackage: Display: Finished SavePackage ../../../../../../Users/Tyler/Desktop/Repository_Files/UnrealMasteryCourseUdemy/CoopShooterGame/Content/StarterContent/Maps/Minimal_Default_BuiltData.uasset
[2018.11.30-02.52.36:784][459]LogEditor: Attempting to add actor of class 'STrackerBot' to level at -2602.00,1062.00,417.00
[2018.11.30-02.52.37:870][588]LogEditor: Attempting to add actor of class 'STrackerBot' to level at 909.00,1094.00,32.00
[2018.11.30-02.52.39:754][811]LogSlate: FSceneViewport::OnFocusLost() reason 0
[2018.11.30-02.52.39:895][828]LogTemp: Repeating last play command: New Editor Window (PIE)
[2018.11.30-02.52.39:913][828]LogBlueprintUserMessages: Early PlayInEditor Detection: Level '/Game/StarterContent/Maps/Minimal_Default.Minimal_Default:PersistentLevel' has LevelScriptBlueprint '/Game/StarterContent/Maps/Minimal_Default.Minimal_Default:PersistentLevel.Minimal_Default' with GeneratedClass '/Game/StarterContent/Maps/Minimal_Default.Minimal_Default_C' with ClassGeneratedBy '/Game/StarterContent/Maps/Minimal_Default.Minimal_Default:PersistentLevel.Minimal_Default'
[2018.11.30-02.52.39:914][828]LogPlayLevel: PlayLevel: No blueprints needed recompiling
[2018.11.30-02.52.39:914][828]PIE: New page: PIE session: Minimal_Default (Nov 29, 2018, 2:52:39 PM)
[2018.11.30-02.52.39:914][828]LogPlayLevel: Creating play world package: /Game/StarterContent/Maps/UEDPIE_1_Minimal_Default
[2018.11.30-02.52.39:919][828]LogPlayLevel: PIE: StaticDuplicateObject took: (0.005161s)
[2018.11.30-02.52.39:919][828]LogAIModule: Creating AISystem for world Minimal_Default
[2018.11.30-02.52.39:919][828]LogPlayLevel: PIE: World Init took: (0.000457s)
[2018.11.30-02.52.39:920][828]LogPlayLevel: PIE: Created PIE world by copying editor world from /Game/StarterContent/Maps/Minimal_Default.Minimal_Default to /Game/StarterContent/Maps/UEDPIE_1_Minimal_Default.Minimal_Default (0.005744s)
[2018.11.30-02.52.39:927][828]LogLoad: Game class is 'BP_TestGameMode_C'
[2018.11.30-02.52.39:930][828]LogWorld: Bringing World /Game/StarterContent/Maps/UEDPIE_1_Minimal_Default.Minimal_Default up for play (max tick rate 0) at 2018.11.29-20.52.39
[2018.11.30-02.52.39:930][828]LogWorld: Bringing up level for play took: 0.001542
[2018.11.30-02.52.39:930][828]LogTemp: Display: ParseSettings for GameNetDriver
[2018.11.30-02.52.39:930][828]LogTemp: Display: ParseSettings for IpNetDriver_3
[2018.11.30-02.52.39:930][828]LogTemp: Display: ParseSettings for GameNetDriver
[2018.11.30-02.52.39:930][828]LogInit: WinSock: Socket queue 131072 / 131072
[2018.11.30-02.52.39:931][828]PacketHandlerLog: Loaded PacketHandler component: Engine.EngineHandlerComponentFactory (StatelessConnectHandlerComponent)
[2018.11.30-02.52.39:931][828]LogNet: GameNetDriver IpNetDriver_3 IpNetDriver listening on port 17777
[2018.11.30-02.52.39:931][828]PIE: Play in editor start time for /Game/StarterContent/Maps/UEDPIE_1_Minimal_Default 0.385
[2018.11.30-02.52.39:957][828]PIE: New page: PIE session: Minimal_Default (Nov 29, 2018, 2:52:39 PM)
[2018.11.30-02.52.39:980][828]LogInit: XAudio2 using 'MStar Demo (NVIDIA High Definition Audio)' : 2 channels at 48 kHz using 16 bits per sample (channel mask 0x3)
[2018.11.30-02.52.39:987][828]LogInit: FAudioDevice initialized.
[2018.11.30-02.52.40:113][828]LogNet: Browse: 127.0.0.1:17777//Game/StarterContent/Maps/Minimal_Default
[2018.11.30-02.52.40:113][828]LogTemp: Display: ParseSettings for GameNetDriver
[2018.11.30-02.52.40:113][828]LogTemp: Display: ParseSettings for IpNetDriver_4
[2018.11.30-02.52.40:113][828]LogTemp: Display: ParseSettings for PendingNetDriver
[2018.11.30-02.52.40:113][828]LogInit: WinSock: Socket queue 32768 / 32768
[2018.11.30-02.52.40:114][828]PacketHandlerLog: Loaded PacketHandler component: Engine.EngineHandlerComponentFactory (StatelessConnectHandlerComponent)
[2018.11.30-02.52.40:114][828]LogNet: Game client on port 17777, rate 10000
[2018.11.30-02.52.40:117][828]PIE: Play in editor start time for /Game/StarterContent/Maps/Minimal_Default 0.571
[2018.11.30-02.52.40:142][828]PIE: New page: PIE session: Minimal_Default (Nov 29, 2018, 2:52:40 PM)
[2018.11.30-02.52.40:178][828]LogSlate: FSceneViewport::OnFocusLost() reason 2
[2018.11.30-02.52.40:268][828]LogNet: Browse: 127.0.0.1:17777//Game/StarterContent/Maps/Minimal_Default
[2018.11.30-02.52.40:269][828]LogTemp: Display: ParseSettings for GameNetDriver
[2018.11.30-02.52.40:269][828]LogTemp: Display: ParseSettings for IpNetDriver_5
[2018.11.30-02.52.40:269][828]LogTemp: Display: ParseSettings for PendingNetDriver
[2018.11.30-02.52.40:269][828]LogInit: WinSock: Socket queue 32768 / 32768
[2018.11.30-02.52.40:269][828]PacketHandlerLog: Loaded PacketHandler component: Engine.EngineHandlerComponentFactory (StatelessConnectHandlerComponent)
[2018.11.30-02.52.40:269][828]LogNet: Game client on port 17777, rate 10000
[2018.11.30-02.52.40:273][828]PIE: Play in editor start time for /Game/StarterContent/Maps/Minimal_Default 0.727
[2018.11.30-02.52.40:307][828]LogBlueprintUserMessages: Late PlayInEditor Detection: Level '/Game/StarterContent/Maps/Minimal_Default.Minimal_Default:PersistentLevel' has LevelScriptBlueprint '/Game/StarterContent/Maps/Minimal_Default.Minimal_Default:PersistentLevel.Minimal_Default' with GeneratedClass '/Game/StarterContent/Maps/Minimal_Default.Minimal_Default_C' with ClassGeneratedBy '/Game/StarterContent/Maps/Minimal_Default.Minimal_Default:PersistentLevel.Minimal_Default'
[2018.11.30-02.52.40:307][828]LogNet: NotifyAcceptingConnection accepted from: 127.0.0.1:61004
[2018.11.30-02.52.40:307][828]LogHandshake: SendConnectChallenge. Timestamp: 0.008334, Cookie: 087118032009091033121149005090018146023199056177028215195045
[2018.11.30-02.52.40:308][828]LogNet: NotifyAcceptingConnection accepted from: 127.0.0.1:61005
[2018.11.30-02.52.40:308][828]LogHandshake: SendConnectChallenge. Timestamp: 0.008334, Cookie: 203175193255175225181014252110009016005009253160166144127153
[2018.11.30-02.52.40:309][828]LogHandshake: SendChallengeResponse. Timestamp: 0.008334, Cookie: 087118032009091033121149005090018146023199056177028215195045
[2018.11.30-02.52.40:310][828]LogHandshake: SendChallengeResponse. Timestamp: 0.008334, Cookie: 203175193255175225181014252110009016005009253160166144127153
[2018.11.30-02.52.40:392][829]LogNet: NotifyAcceptingConnection accepted from: 127.0.0.1:61004
[2018.11.30-02.52.40:392][829]LogHandshake: SendChallengeAck. InCookie: 087118032009091033121149005090018146023199056177028215195045
[2018.11.30-02.52.40:392][829]LogNet: Server accepting post-challenge connection from: 127.0.0.1:61004
[2018.11.30-02.52.40:393][829]PacketHandlerLog: Loaded PacketHandler component: Engine.EngineHandlerComponentFactory (StatelessConnectHandlerComponent)
[2018.11.30-02.52.40:393][829]LogNet: NotifyAcceptedConnection: Name: Minimal_Default, TimeStamp: 11/29/18 20:52:40, [UNetConnection] RemoteAddr: 127.0.0.1:61004, Name: IpConnection_6, Driver: GameNetDriver IpNetDriver_3, IsServer: YES, PC: NULL, Owner: NULL, UniqueId: INVALID
[2018.11.30-02.52.40:393][829]LogNet: AddClientConnection: Added client connection: [UNetConnection] RemoteAddr: 127.0.0.1:61004, Name: IpConnection_6, Driver: GameNetDriver IpNetDriver_3, IsServer: YES, PC: NULL, Owner: NULL, UniqueId: INVALID
[2018.11.30-02.52.40:393][829]LogNet: NotifyAcceptingConnection accepted from: 127.0.0.1:61005
[2018.11.30-02.52.40:393][829]LogHandshake: SendChallengeAck. InCookie: 203175193255175225181014252110009016005009253160166144127153
[2018.11.30-02.52.40:393][829]LogNet: Server accepting post-challenge connection from: 127.0.0.1:61005
[2018.11.30-02.52.40:393][829]PacketHandlerLog: Loaded PacketHandler component: Engine.EngineHandlerComponentFactory (StatelessConnectHandlerComponent)
[2018.11.30-02.52.40:394][829]LogNet: NotifyAcceptedConnection: Name: Minimal_Default, TimeStamp: 11/29/18 20:52:40, [UNetConnection] RemoteAddr: 127.0.0.1:61005, Name: IpConnection_7, Driver: GameNetDriver IpNetDriver_3, IsServer: YES, PC: NULL, Owner: NULL, UniqueId: INVALID
[2018.11.30-02.52.40:394][829]LogNet: AddClientConnection: Added client connection: [UNetConnection] RemoteAddr: 127.0.0.1:61005, Name: IpConnection_7, Driver: GameNetDriver IpNetDriver_3, IsServer: YES, PC: NULL, Owner: NULL, UniqueId: INVALID
[2018.11.30-02.52.40:395][829]LogNet: UPendingNetGame::SendInitialJoin: Sending hello. [UNetConnection] RemoteAddr: 127.0.0.1:17777, Name: IpConnection_4, Driver: PendingNetDriver IpNetDriver_4, IsServer: NO, PC: NULL, Owner: NULL, UniqueId: INVALID
[2018.11.30-02.52.40:395][829]LogNet: UPendingNetGame::SendInitialJoin: Sending hello. [UNetConnection] RemoteAddr: 127.0.0.1:17777, Name: IpConnection_5, Driver: PendingNetDriver IpNetDriver_5, IsServer: NO, PC: NULL, Owner: NULL, UniqueId: INVALID
[2018.11.30-02.52.40:412][830]LogNet: NotifyAcceptingChannel Control 0 server World /Game/StarterContent/Maps/UEDPIE_1_Minimal_Default.Minimal_Default: Accepted
[2018.11.30-02.52.40:412][830]LogNet: Remote platform little endian=1
[2018.11.30-02.52.40:412][830]LogNet: This platform little endian=1
[2018.11.30-02.52.40:412][830]LogNet: NotifyAcceptingChannel Control 0 server World /Game/StarterContent/Maps/UEDPIE_1_Minimal_Default.Minimal_Default: Accepted
[2018.11.30-02.52.40:412][830]LogNet: Remote platform little endian=1
[2018.11.30-02.52.40:412][830]LogNet: This platform little endian=1
[2018.11.30-02.52.40:420][831]LogNet: Login request: /Game/StarterContent/Maps/Minimal_Default userId: Invalid
[2018.11.30-02.52.40:420][831]LogNet: Login request: /Game/StarterContent/Maps/Minimal_Default userId: Invalid
[2018.11.30-02.52.40:420][831]LogNet: Welcomed by server (Level: /Game/StarterContent/Maps/UEDPIE_1_Minimal_Default, Game: /Game/BluePrints/BP_TestGameMode.BP_TestGameMode_C)
[2018.11.30-02.52.40:421][831]LogLoad: LoadMap: 127.0.0.1:17777//Game/StarterContent/Maps/UEDPIE_1_Minimal_Default?game=/Game/BluePrints/BP_TestGameMode.BP_TestGameMode_C
[2018.11.30-02.52.40:435][831]LogAIModule: Creating AISystem for world Minimal_Default
[2018.11.30-02.52.40:435][831]LogTemp: Display: ParseSettings for GameNetDriver
[2018.11.30-02.52.40:437][831]LogWorld: Bringing World /Game/StarterContent/Maps/UEDPIE_2_Minimal_Default.Minimal_Default up for play (max tick rate 0) at 2018.11.29-20.52.40
[2018.11.30-02.52.40:438][831]LogWorld: Bringing up level for play took: 0.001927
[2018.11.30-02.52.40:438][831]LogLoad: Took 0.017560 seconds to LoadMap(/Game/StarterContent/Maps/UEDPIE_1_Minimal_Default)
[2018.11.30-02.52.40:439][831]LogNet: Welcomed by server (Level: /Game/StarterContent/Maps/UEDPIE_1_Minimal_Default, Game: /Game/BluePrints/BP_TestGameMode.BP_TestGameMode_C)
[2018.11.30-02.52.40:448][831]LogLoad: LoadMap: 127.0.0.1:17777//Game/StarterContent/Maps/UEDPIE_1_Minimal_Default?game=/Game/BluePrints/BP_TestGameMode.BP_TestGameMode_C
[2018.11.30-02.52.40:463][831]LogAIModule: Creating AISystem for world Minimal_Default
[2018.11.30-02.52.40:463][831]LogTemp: Display: ParseSettings for GameNetDriver
[2018.11.30-02.52.40:465][831]LogWorld: Bringing World /Game/StarterContent/Maps/UEDPIE_3_Minimal_Default.Minimal_Default up for play (max tick rate 0) at 2018.11.29-20.52.40
[2018.11.30-02.52.40:466][831]LogWorld: Bringing up level for play took: 0.001476
[2018.11.30-02.52.40:466][831]LogLoad: Took 0.017725 seconds to LoadMap(/Game/StarterContent/Maps/UEDPIE_1_Minimal_Default)
[2018.11.30-02.52.40:478][832]LogNet: Client netspeed is 10000
[2018.11.30-02.52.40:479][832]LogNet: Join request: /Game/StarterContent/Maps/Minimal_Default?SplitscreenCount=1
[2018.11.30-02.52.40:480][832]LogNet: Join succeeded: 258
[2018.11.30-02.52.40:480][832]LogNet: Client netspeed is 10000
[2018.11.30-02.52.40:480][832]LogNet: Join request: /Game/StarterContent/Maps/Minimal_Default?SplitscreenCount=1
[2018.11.30-02.52.40:481][832]LogNet: Join succeeded: 259
[2018.11.30-02.52.40:498][833]LogTemp: Trackerbot Hit: Health 100.0 for pawn: STrackerBot_1
[2018.11.30-02.52.40:507][834]LogTemp: Trackerbot Hit: Health 100.0 for pawn: STrackerBot_1
[2018.11.30-02.52.41:369][857]LogWindows: Error: === Critical error: ===
[2018.11.30-02.52.41:369][857]LogWindows: Error: 
[2018.11.30-02.52.41:369][857]LogWindows: Error: Fatal error!
[2018.11.30-02.52.41:369][857]LogWindows: Error: 
[2018.11.30-02.52.41:369][857]LogWindows: Error: Unhandled Exception: EXCEPTION_ACCESS_VIOLATION reading address 0x00000050
[2018.11.30-02.52.41:369][857]LogWindows: Error: 
[2018.11.30-02.52.41:369][857]LogWindows: Error: [Callstack] 0x00000000FF28B402 UE4Editor-CoopShooterGame.dll!ASTrackerBot::getNextPathPoint() [c:\users\tyler\desktop\repository_files\unrealmasterycourseudemy\coopshootergame\source\coopshootergame\private\strackerbot.cpp:85]
[2018.11.30-02.52.41:369][857]LogWindows: Error: [Callstack] 0x00000000FF28B333 UE4Editor-CoopShooterGame.dll!ASTrackerBot::findNextPathPoint() [c:\users\tyler\desktop\repository_files\unrealmasterycourseudemy\coopshootergame\source\coopshootergame\private\strackerbot.cpp:73]
[2018.11.30-02.52.41:369][857]LogWindows: Error: [Callstack] 0x0000000014CD911F UE4Editor-Engine.dll!UnknownFunction []
[2018.11.30-02.52.41:369][857]LogWindows: Error: [Callstack] 0x0000000014D0E9EC UE4Editor-Engine.dll!UnknownFunction []
[2018.11.30-02.52.41:369][857]LogWindows: Error: [Callstack] 0x0000000014568363 UE4Editor-Engine.dll!UnknownFunction []
[2018.11.30-02.52.41:369][857]LogWindows: Error: [Callstack] 0x000000001270D781 UE4Editor-UnrealEd.dll!UnknownFunction []
[2018.11.30-02.52.41:369][857]LogWindows: Error: [Callstack] 0x0000000012FA9626 UE4Editor-UnrealEd.dll!UnknownFunction []
[2018.11.30-02.52.41:369][857]LogWindows: Error: [Callstack] 0x00000000A7DE5EAC UE4Editor.exe!UnknownFunction []
[2018.11.30-02.52.41:369][857]LogWindows: Error: [Callstack] 0x00000000A7DF6BD0 UE4Editor.exe!UnknownFunction []
[2018.11.30-02.52.41:369][857]LogWindows: Error: [Callstack] 0x00000000A7DF6C4A UE4Editor.exe!UnknownFunction []
[2018.11.30-02.52.41:369][857]LogWindows: Error: [Callstack] 0x00000000A7E04177 UE4Editor.exe!UnknownFunction []
[2018.11.30-02.52.41:369][857]LogWindows: Error: [Callstack] 0x00000000A7E05B87 UE4Editor.exe!UnknownFunction []
[2018.11.30-02.52.41:369][857]LogWindows: Error: [Callstack] 0x0000000063643034 KERNEL32.DLL!UnknownFunction []
[2018.11.30-02.52.41:369][857]LogWindows: Error: [Callstack] 0x0000000065CA1471 ntdll.dll!UnknownFunction []
[2018.11.30-02.52.41:369][857]LogWindows: Error: [Callstack] 0x0000000065CA1471 ntdll.dll!UnknownFunction []
[2018.11.30-02.52.41:369][857]LogWindows: Error: 
[2018.11.30-02.52.41:382][857]LogExit: Executing StaticShutdownAfterError
[2018.11.30-02.52.41:385][857]LogWindows: FPlatformMisc::RequestExit(1)
[2018.11.30-02.52.41:385][857]Log file closed, 11/29/18 20:52:41
