Log file open, 12/05/18 20:07:37
LogWindows: Failed to load 'aqProf.dll' (GetLastError=126)
LogWindows: File 'aqProf.dll' does not exist
LogWindows: Failed to load 'VtuneApi.dll' (GetLastError=126)
LogWindows: File 'VtuneApi.dll' does not exist
LogWindows: Failed to load 'VtuneApi32e.dll' (GetLastError=126)
LogWindows: File 'VtuneApi32e.dll' does not exist
LogInit: Display: Running engine for game: CoopShooterGame
LogPlatformFile: Not using cached read wrapper
LogInit: Display: RandInit(-894247917) SRandInit(-894247917).
LogInit: Read version file with build ID '3944462'
LogInit: Overriding engine version to CL 4033788, compatible CL 3944462
LogInit: Registered custom module enumerator with build ID '3944462'
LogTaskGraph: Started task graph with 5 named threads and 35 total threads with 3 sets of task threads.
LogStats: Stats thread started at 0.396923
LogD3D11RHI: Aftermath initialized
LogICUInternationalization: Display: ICU TimeZone Detection - Raw Offset: -6:00, Platform Override: ''
LogPluginManager: Mounting plugin Paper2D
LogPluginManager: Mounting plugin LiveLink
LogPluginManager: Mounting plugin LightPropagationVolume
LogPluginManager: Mounting plugin CLionSourceCodeAccess
LogPluginManager: Mounting plugin CodeLiteSourceCodeAccess
LogPluginManager: Mounting plugin GitSourceControl
LogPluginManager: Mounting plugin KDevelopSourceCodeAccess
LogPluginManager: Mounting plugin NullSourceCodeAccess
LogPluginManager: Mounting plugin PerforceSourceControl
LogPluginManager: Mounting plugin SubversionSourceControl
LogPluginManager: Mounting plugin UObjectPlugin
LogPluginManager: Mounting plugin VisualStudioCodeSourceCodeAccess
LogPluginManager: Mounting plugin VisualStudioSourceCodeAccess
LogPluginManager: Mounting plugin XCodeSourceCodeAccess
LogPluginManager: Mounting plugin AssetManagerEditor
LogPluginManager: Mounting plugin CryptoKeys
LogPluginManager: Mounting plugin DataValidation
LogPluginManager: Mounting plugin FacialAnimation
LogPluginManager: Mounting plugin GameplayTagsEditor
LogPluginManager: Mounting plugin MobileLauncherProfileWizard
LogPluginManager: Mounting plugin PluginBrowser
LogPluginManager: Mounting plugin SpeedTreeImporter
LogPluginManager: Mounting plugin DatasmithContent
LogPluginManager: Mounting plugin AlembicImporter
LogPluginManager: Mounting plugin CharacterAI
LogPluginManager: Mounting plugin HTML5Networking
LogPluginManager: Mounting plugin AndroidMedia
LogPluginManager: Mounting plugin AvfMedia
LogPluginManager: Mounting plugin ImgMedia
LogPluginManager: Mounting plugin LinearTimecode
LogPluginManager: Mounting plugin MediaCompositing
LogPluginManager: Mounting plugin MediaPlayerEditor
LogPluginManager: Mounting plugin WmfMedia
LogPluginManager: Mounting plugin TcpMessaging
LogPluginManager: Mounting plugin UdpMessaging
LogPluginManager: Mounting plugin ActorSequence
LogPluginManager: Mounting plugin LevelSequenceEditor
LogPluginManager: Mounting plugin MatineeToLevelSequence
LogPluginManager: Mounting plugin NetcodeUnitTest
LogPluginManager: Mounting plugin NUTUnrealEngine4
LogPluginManager: Mounting plugin OnlineSubsystemGooglePlay
LogPluginManager: Mounting plugin OnlineSubsystemIOS
LogPluginManager: Mounting plugin OnlineSubsystem
LogPluginManager: Mounting plugin OnlineSubsystemNull
LogPluginManager: Mounting plugin OnlineSubsystemUtils
LogPluginManager: Mounting plugin AndroidDeviceProfileSelector
LogPluginManager: Mounting plugin AndroidMoviePlayer
LogPluginManager: Mounting plugin AndroidPermission
LogPluginManager: Mounting plugin AppleARKit
LogPluginManager: Mounting plugin AppleMoviePlayer
LogPluginManager: Mounting plugin ArchVisCharacter
LogPluginManager: Mounting plugin AudioCapture
LogPluginManager: Mounting plugin CableComponent
LogPluginManager: Mounting plugin CustomMeshComponent
LogPluginManager: Mounting plugin ExampleDeviceProfileSelector
LogPluginManager: Mounting plugin GoogleCloudMessaging
LogPluginManager: Mounting plugin ImmediatePhysics
LogPluginManager: Mounting plugin IOSDeviceProfileSelector
LogPluginManager: Mounting plugin LinuxDeviceProfileSelector
LogPluginManager: Mounting plugin LocationServicesBPLibrary
LogPluginManager: Mounting plugin MobilePatchingUtils
LogPluginManager: Mounting plugin OculusVR
LogPluginManager: Plugin shader directory ../../../Engine/Plugins/Runtime/Oculus/OculusVR/Shaders found
LogPluginManager: Mapping shader source directory ../../../Engine/Plugins/Runtime/Oculus/OculusVR/Shaders to virtual directory /Plugin/OculusVR
LogPluginManager: Mounting plugin PhysXVehicles
LogPluginManager: Mounting plugin ProceduralMeshComponent
LogPluginManager: Mounting plugin RuntimePhysXCooking
LogPluginManager: Mounting plugin SteamVR
LogPluginManager: Mounting plugin WindowsMoviePlayer
LogStreaming: Display: Took  0.105s to configure plugins.
LogModuleManager: Display: Found up-to-date module file ../../../../../../Users/Tyler/Desktop/Repository_Files/UnrealMasteryCourseUdemy/CoopShooterGame/Binaries/Win64/UE4Editor-CoopShooterGame-6905.dll (API version 3944462).
LogModuleManager: Display: Found up-to-date module file ../../../Engine/Plugins/2D/Paper2D/Binaries/Win64/UE4Editor-Paper2D.dll (API version 3944462).
LogModuleManager: Display: Found up-to-date module file ../../../Engine/Plugins/2D/Paper2D/Binaries/Win64/UE4Editor-Paper2DEditor.dll (API version 3944462).
LogModuleManager: Display: Found up-to-date module file ../../../Engine/Plugins/2D/Paper2D/Binaries/Win64/UE4Editor-PaperSpriteSheetImporter.dll (API version 3944462).
LogModuleManager: Display: Found up-to-date module file ../../../Engine/Plugins/2D/Paper2D/Binaries/Win64/UE4Editor-PaperTiledImporter.dll (API version 3944462).
LogModuleManager: Display: Found up-to-date module file ../../../Engine/Plugins/2D/Paper2D/Binaries/Win64/UE4Editor-SmartSnapping.dll (API version 3944462).
LogModuleManager: Display: Found up-to-date module file ../../../Engine/Plugins/Animation/LiveLink/Binaries/Win64/UE4Editor-LiveLink.dll (API version 3944462).
LogModuleManager: Display: Found up-to-date module file ../../../Engine/Plugins/Animation/LiveLink/Binaries/Win64/UE4Editor-LiveLinkEditor.dll (API version 3944462).
LogModuleManager: Display: Found up-to-date module file ../../../Engine/Plugins/Blendables/LightPropagationVolume/Binaries/Win64/UE4Editor-LightPropagationVolumeRuntime.dll (API version 3944462).
LogModuleManager: Display: Found up-to-date module file ../../../Engine/Plugins/Blendables/LightPropagationVolume/Binaries/Win64/UE4Editor-LightPropagationVolumeEditor.dll (API version 3944462).
LogModuleManager: Display: Found up-to-date module file ../../../Engine/Plugins/Developer/CLionSourceCodeAccess/Binaries/Win64/UE4Editor-CLionSourceCodeAccess.dll (API version 3944462).
LogModuleManager: Display: Found up-to-date module file ../../../Engine/Plugins/Developer/GitSourceControl/Binaries/Win64/UE4Editor-GitSourceControl.dll (API version 3944462).
LogModuleManager: Display: Found up-to-date module file ../../../Engine/Plugins/Developer/PerforceSourceControl/Binaries/Win64/UE4Editor-PerforceSourceControl.dll (API version 3944462).
LogModuleManager: Display: Found up-to-date module file ../../../Engine/Plugins/Developer/SubversionSourceControl/Binaries/Win64/UE4Editor-SubversionSourceControl.dll (API version 3944462).
LogModuleManager: Display: Found up-to-date module file ../../../Engine/Plugins/Developer/UObjectPlugin/Binaries/Win64/UE4Editor-UObjectPlugin.dll (API version 3944462).
LogModuleManager: Display: Found up-to-date module file ../../../Engine/Plugins/Developer/VisualStudioCodeSourceCodeAccess/Binaries/Win64/UE4Editor-VisualStudioCodeSourceCodeAccess.dll (API version 3944462).
LogModuleManager: Display: Found up-to-date module file ../../../Engine/Plugins/Developer/VisualStudioSourceCodeAccess/Binaries/Win64/UE4Editor-VisualStudioSourceCodeAccess.dll (API version 3944462).
LogModuleManager: Display: Found up-to-date module file ../../../Engine/Plugins/Editor/AssetManagerEditor/Binaries/Win64/UE4Editor-AssetManagerEditor.dll (API version 3944462).
LogModuleManager: Display: Found up-to-date module file ../../../Engine/Plugins/Editor/CryptoKeys/Binaries/Win64/UE4Editor-CryptoKeys.dll (API version 3944462).
LogModuleManager: Display: Found up-to-date module file ../../../Engine/Plugins/Editor/CryptoKeys/Binaries/Win64/UE4Editor-CryptoKeysOpenSSL.dll (API version 3944462).
LogModuleManager: Display: Found up-to-date module file ../../../Engine/Plugins/Editor/DataValidation/Binaries/Win64/UE4Editor-DataValidation.dll (API version 3944462).
LogModuleManager: Display: Found up-to-date module file ../../../Engine/Plugins/Editor/FacialAnimation/Binaries/Win64/UE4Editor-FacialAnimation.dll (API version 3944462).
LogModuleManager: Display: Found up-to-date module file ../../../Engine/Plugins/Editor/FacialAnimation/Binaries/Win64/UE4Editor-FacialAnimationEditor.dll (API version 3944462).
LogModuleManager: Display: Found up-to-date module file ../../../Engine/Plugins/Editor/GameplayTagsEditor/Binaries/Win64/UE4Editor-GameplayTagsEditor.dll (API version 3944462).
LogModuleManager: Display: Found up-to-date module file ../../../Engine/Plugins/Editor/MobileLauncherProfileWizard/Binaries/Win64/UE4Editor-MobileLauncherProfileWizard.dll (API version 3944462).
LogModuleManager: Display: Found up-to-date module file ../../../Engine/Plugins/Editor/PluginBrowser/Binaries/Win64/UE4Editor-PluginBrowser.dll (API version 3944462).
LogModuleManager: Display: Found up-to-date module file ../../../Engine/Plugins/Editor/SpeedTreeImporter/Binaries/Win64/UE4Editor-SpeedTreeImporter.dll (API version 3944462).
LogModuleManager: Display: Found up-to-date module file ../../../Engine/Plugins/Enterprise/DatasmithContent/Binaries/Win64/UE4Editor-DatasmithContent.dll (API version 3944462).
LogModuleManager: Display: Found up-to-date module file ../../../Engine/Plugins/Experimental/AlembicImporter/Binaries/Win64/UE4Editor-AlembicImporter.dll (API version 3944462).
LogModuleManager: Display: Found up-to-date module file ../../../Engine/Plugins/Experimental/AlembicImporter/Binaries/Win64/UE4Editor-AlembicLibrary.dll (API version 3944462).
LogModuleManager: Display: Found up-to-date module file ../../../Engine/Plugins/Experimental/CharacterAI/Binaries/Win64/UE4Editor-CharacterAI.dll (API version 3944462).
LogModuleManager: Display: Found up-to-date module file ../../../Engine/Plugins/Experimental/HTML5Networking/Binaries/Win64/UE4Editor-HTML5Networking.dll (API version 3944462).
LogModuleManager: Display: Found up-to-date module file ../../../Engine/Plugins/Media/AndroidMedia/Binaries/Win64/UE4Editor-AndroidMediaEditor.dll (API version 3944462).
LogModuleManager: Display: Found up-to-date module file ../../../Engine/Plugins/Media/AndroidMedia/Binaries/Win64/UE4Editor-AndroidMediaFactory.dll (API version 3944462).
LogModuleManager: Display: Found up-to-date module file ../../../Engine/Plugins/Media/AvfMedia/Binaries/Win64/UE4Editor-AvfMediaEditor.dll (API version 3944462).
LogModuleManager: Display: Found up-to-date module file ../../../Engine/Plugins/Media/AvfMedia/Binaries/Win64/UE4Editor-AvfMediaFactory.dll (API version 3944462).
LogModuleManager: Display: Found up-to-date module file ../../../Engine/Plugins/Media/AvfMedia/Binaries/Win64/UE4Editor-AvfMediaFactory.dll (API version 3944462).
LogModuleManager: Display: Found up-to-date module file ../../../Engine/Plugins/Media/ImgMedia/Binaries/Win64/UE4Editor-ImgMedia.dll (API version 3944462).
LogModuleManager: Display: Found up-to-date module file ../../../Engine/Plugins/Media/ImgMedia/Binaries/Win64/UE4Editor-ImgMediaEditor.dll (API version 3944462).
LogModuleManager: Display: Found up-to-date module file ../../../Engine/Plugins/Media/ImgMedia/Binaries/Win64/UE4Editor-ImgMediaFactory.dll (API version 3944462).
LogModuleManager: Display: Found up-to-date module file ../../../Engine/Plugins/Media/ImgMedia/Binaries/Win64/UE4Editor-ImgMediaFactory.dll (API version 3944462).
LogModuleManager: Display: Found up-to-date module file ../../../Engine/Plugins/Media/ImgMedia/Binaries/Win64/UE4Editor-OpenExrWrapper.dll (API version 3944462).
LogModuleManager: Display: Found up-to-date module file ../../../Engine/Plugins/Media/LinearTimecode/Binaries/Win64/UE4Editor-LinearTimecode.dll (API version 3944462).
LogModuleManager: Display: Found up-to-date module file ../../../Engine/Plugins/Media/MediaCompositing/Binaries/Win64/UE4Editor-MediaCompositing.dll (API version 3944462).
LogModuleManager: Display: Found up-to-date module file ../../../Engine/Plugins/Media/MediaCompositing/Binaries/Win64/UE4Editor-MediaCompositingEditor.dll (API version 3944462).
LogModuleManager: Display: Found up-to-date module file ../../../Engine/Plugins/Media/MediaPlayerEditor/Binaries/Win64/UE4Editor-MediaPlayerEditor.dll (API version 3944462).
LogModuleManager: Display: Found up-to-date module file ../../../Engine/Plugins/Media/WmfMedia/Binaries/Win64/UE4Editor-WmfMedia.dll (API version 3944462).
LogModuleManager: Display: Found up-to-date module file ../../../Engine/Plugins/Media/WmfMedia/Binaries/Win64/UE4Editor-WmfMediaEditor.dll (API version 3944462).
LogModuleManager: Display: Found up-to-date module file ../../../Engine/Plugins/Media/WmfMedia/Binaries/Win64/UE4Editor-WmfMediaFactory.dll (API version 3944462).
LogModuleManager: Display: Found up-to-date module file ../../../Engine/Plugins/Media/WmfMedia/Binaries/Win64/UE4Editor-WmfMediaFactory.dll (API version 3944462).
LogModuleManager: Display: Found up-to-date module file ../../../Engine/Plugins/Messaging/TcpMessaging/Binaries/Win64/UE4Editor-TcpMessaging.dll (API version 3944462).
LogModuleManager: Display: Found up-to-date module file ../../../Engine/Plugins/Messaging/UdpMessaging/Binaries/Win64/UE4Editor-UdpMessaging.dll (API version 3944462).
LogModuleManager: Display: Found up-to-date module file ../../../Engine/Plugins/MovieScene/ActorSequence/Binaries/Win64/UE4Editor-ActorSequence.dll (API version 3944462).
LogModuleManager: Display: Found up-to-date module file ../../../Engine/Plugins/MovieScene/LevelSequenceEditor/Binaries/Win64/UE4Editor-LevelSequenceEditor.dll (API version 3944462).
LogModuleManager: Display: Found up-to-date module file ../../../Engine/Plugins/MovieScene/MatineeToLevelSequence/Binaries/Win64/UE4Editor-MatineeToLevelSequence.dll (API version 3944462).
LogModuleManager: Display: Found up-to-date module file ../../../Engine/Plugins/NetcodeUnitTest/NetcodeUnitTest/Binaries/Win64/UE4Editor-NetcodeUnitTest.dll (API version 3944462).
LogModuleManager: Display: Found up-to-date module file ../../../Engine/Plugins/NetcodeUnitTest/NUTUnrealEngine4/Binaries/Win64/UE4Editor-NUTUnrealEngine4.dll (API version 3944462).
LogModuleManager: Display: Found up-to-date module file ../../../Engine/Plugins/Online/OnlineSubsystem/Binaries/Win64/UE4Editor-OnlineSubsystem.dll (API version 3944462).
LogModuleManager: Display: Found up-to-date module file ../../../Engine/Plugins/Online/OnlineSubsystemNull/Binaries/Win64/UE4Editor-OnlineSubsystemNull.dll (API version 3944462).
LogModuleManager: Display: Found up-to-date module file ../../../Engine/Plugins/Online/OnlineSubsystemUtils/Binaries/Win64/UE4Editor-OnlineSubsystemUtils.dll (API version 3944462).
LogModuleManager: Display: Found up-to-date module file ../../../Engine/Plugins/Online/OnlineSubsystemUtils/Binaries/Win64/UE4Editor-OnlineBlueprintSupport.dll (API version 3944462).
LogModuleManager: Display: Found up-to-date module file ../../../Engine/Plugins/Runtime/AndroidDeviceProfileSelector/Binaries/Win64/UE4Editor-AndroidDeviceProfileSelector.dll (API version 3944462).
LogModuleManager: Display: Found up-to-date module file ../../../Engine/Plugins/Runtime/AndroidPermission/Binaries/Win64/UE4Editor-AndroidPermission.dll (API version 3944462).
LogModuleManager: Display: Found up-to-date module file ../../../Engine/Plugins/Runtime/AppleARKit/Binaries/Win64/UE4Editor-AppleARKit.dll (API version 3944462).
LogModuleManager: Display: Found up-to-date module file ../../../Engine/Plugins/Runtime/ArchVisCharacter/Binaries/Win64/UE4Editor-ArchVisCharacter.dll (API version 3944462).
LogModuleManager: Display: Found up-to-date module file ../../../Engine/Plugins/Runtime/AudioCapture/Binaries/Win64/UE4Editor-AudioCapture.dll (API version 3944462).
LogModuleManager: Display: Found up-to-date module file ../../../Engine/Plugins/Runtime/AudioCapture/Binaries/Win64/UE4Editor-AudioCaptureEditor.dll (API version 3944462).
LogModuleManager: Display: Found up-to-date module file ../../../Engine/Plugins/Runtime/CableComponent/Binaries/Win64/UE4Editor-CableComponent.dll (API version 3944462).
LogModuleManager: Display: Found up-to-date module file ../../../Engine/Plugins/Runtime/CustomMeshComponent/Binaries/Win64/UE4Editor-CustomMeshComponent.dll (API version 3944462).
LogModuleManager: Display: Found up-to-date module file ../../../Engine/Plugins/Runtime/ExampleDeviceProfileSelector/Binaries/Win64/UE4Editor-ExampleDeviceProfileSelector.dll (API version 3944462).
LogModuleManager: Display: Found up-to-date module file ../../../Engine/Plugins/Runtime/ImmediatePhysics/Binaries/Win64/UE4Editor-ImmediatePhysics.dll (API version 3944462).
LogModuleManager: Display: Found up-to-date module file ../../../Engine/Plugins/Runtime/ImmediatePhysics/Binaries/Win64/UE4Editor-ImmediatePhysicsEditor.dll (API version 3944462).
LogModuleManager: Display: Found up-to-date module file ../../../Engine/Plugins/Runtime/LocationServicesBPLibrary/Binaries/Win64/UE4Editor-LocationServicesBPLibrary.dll (API version 3944462).
LogModuleManager: Display: Found up-to-date module file ../../../Engine/Plugins/Runtime/MobilePatchingUtils/Binaries/Win64/UE4Editor-MobilePatchingUtils.dll (API version 3944462).
LogModuleManager: Display: Found up-to-date module file ../../../Engine/Plugins/Runtime/Oculus/OculusVR/Binaries/Win64/UE4Editor-OculusHMD.dll (API version 3944462).
LogModuleManager: Display: Found up-to-date module file ../../../Engine/Plugins/Runtime/Oculus/OculusVR/Binaries/Win64/UE4Editor-OculusInput.dll (API version 3944462).
LogModuleManager: Display: Found up-to-date module file ../../../Engine/Plugins/Runtime/Oculus/OculusVR/Binaries/Win64/UE4Editor-OculusEditor.dll (API version 3944462).
LogModuleManager: Display: Found up-to-date module file ../../../Engine/Plugins/Runtime/PhysXVehicles/Binaries/Win64/UE4Editor-PhysXVehicles.dll (API version 3944462).
LogModuleManager: Display: Found up-to-date module file ../../../Engine/Plugins/Runtime/PhysXVehicles/Binaries/Win64/UE4Editor-PhysXVehiclesEditor.dll (API version 3944462).
LogModuleManager: Display: Found up-to-date module file ../../../Engine/Plugins/Runtime/ProceduralMeshComponent/Binaries/Win64/UE4Editor-ProceduralMeshComponent.dll (API version 3944462).
LogModuleManager: Display: Found up-to-date module file ../../../Engine/Plugins/Runtime/ProceduralMeshComponent/Binaries/Win64/UE4Editor-ProceduralMeshComponentEditor.dll (API version 3944462).
LogModuleManager: Display: Found up-to-date module file ../../../Engine/Plugins/Runtime/RuntimePhysXCooking/Binaries/Win64/UE4Editor-RuntimePhysXCooking.dll (API version 3944462).
LogModuleManager: Display: Found up-to-date module file ../../../Engine/Plugins/Runtime/Steam/SteamVR/Binaries/Win64/UE4Editor-SteamVR.dll (API version 3944462).
LogModuleManager: Display: Found up-to-date module file ../../../Engine/Plugins/Runtime/Steam/SteamVR/Binaries/Win64/UE4Editor-SteamVRController.dll (API version 3944462).
LogModuleManager: Display: Found up-to-date module file ../../../Engine/Plugins/Runtime/WindowsMoviePlayer/Binaries/Win64/UE4Editor-WindowsMoviePlayer.dll (API version 3944462).
LogInit: Using libcurl 7.47.1
LogInit:  - built for x86_64-pc-win32
LogInit:  - supports SSL with OpenSSL/1.0.2g
LogInit:  - supports HTTP deflate (compression) using libz 1.2.8
LogInit:  - other features:
LogInit:      CURL_VERSION_SSL
LogInit:      CURL_VERSION_LIBZ
LogInit:      CURL_VERSION_IPV6
LogInit:      CURL_VERSION_ASYNCHDNS
LogInit:      CURL_VERSION_LARGEFILE
LogInit:      CURL_VERSION_IDN
LogInit:  CurlRequestOptions (configurable via config and command line):
LogInit:  - bVerifyPeer = false  - Libcurl will NOT verify peer certificate
LogInit:  - bUseHttpProxy = false  - Libcurl will NOT use HTTP proxy
LogInit:  - bDontReuseConnections = false  - Libcurl will reuse connections
LogInit:  - CertBundlePath = nullptr  - Libcurl will use whatever was configured at build time.
LogInit:  - MaxHostConnections = 16  - Libcurl will limit the number of connections to a host
LogInit:  - LocalHostAddr = Default
LogInit: WinSock: version 1.1 (2.2), MaxSocks=32767, MaxUdp=65467
LogInit: WinSock: I am DESKTOP-4VFF8DG (192.168.99.1:0)
LogInit: Build: ++UE4+Release-4.19-CL-4033788
LogInit: Engine Version: 4.19.2-4033788+++UE4+Release-4.19
LogInit: Compatible Engine Version: 4.19.0-3944462+++UE4+Release-4.19
LogInit: Net CL: 3944462
LogDevObjectVersion: Number of dev versions registered: 18
LogDevObjectVersion:   Dev-Blueprints (B0D832E4-1F89-4F0D-ACCF-7EB736FD4AA2): 10
LogDevObjectVersion:   Dev-Build (E1C64328-A22C-4D53-A36C-8E866417BD8C): 0
LogDevObjectVersion:   Dev-Core (375EC13C-06E4-48FB-B500-84F0262A717E): 2
LogDevObjectVersion:   Dev-Editor (E4B068ED-F494-42E9-A231-DA0B2E46BB41): 23
LogDevObjectVersion:   Dev-Framework (CFFC743F-43B0-4480-9391-14DF171D2073): 33
LogDevObjectVersion:   Dev-Mobile (B02B49B5-BB20-44E9-A304-32B752E40360): 2
LogDevObjectVersion:   Dev-Networking (A4E4105C-59A1-49B5-A7C5-40C4547EDFEE): 0
LogDevObjectVersion:   Dev-Online (39C831C9-5AE6-47DC-9A44-9C173E1C8E7C): 0
LogDevObjectVersion:   Dev-Physics (78F01B33-EBEA-4F98-B9B4-84EACCB95AA2): 0
LogDevObjectVersion:   Dev-Platform (6631380F-2D4D-43E0-8009-CF276956A95A): 0
LogDevObjectVersion:   Dev-Rendering (12F88B9F-8875-4AFC-A67C-D90C383ABD29): 25
LogDevObjectVersion:   Dev-Sequencer (7B5AE74C-D270-4C10-A958-57980B212A5A): 6
LogDevObjectVersion:   Dev-VR (D7296918-1DD6-4BDD-9DE2-64A83CC13884): 1
LogDevObjectVersion:   Dev-LoadTimes (C2A15278-BFE7-4AFE-6C17-90FF531DF755): 1
LogDevObjectVersion:   Private-Geometry (6EACA3D4-40EC-4CC1-B786-8BED09428FC5): 2
LogDevObjectVersion:   Dev-AnimPhys (29E575DD-E0A3-4627-9D10-D276232CDCEA): 16
LogDevObjectVersion:   Dev-ReflectionCapture (6B266CEC-1EC7-4B8F-A30B-E4D90942FC07): 1
LogDevObjectVersion:   Dev-Automation (0DF73D61-A23F-47EA-B727-89E90C41499A): 1
LogInit: Compiled (64-bit): Apr 27 2018 02:06:57
LogInit: Compiled with Visual C++: 19.00.24215.01
LogInit: Build Configuration: Development
LogInit: Branch Name: ++UE4+Release-4.19
LogInit: Command Line: 
LogInit: Base Directory: C:/Program Files/Epic Games/UE_4.19/Engine/Binaries/Win64/
LogInit: Installed Engine Build: 1
LogStreaming: Display: Took  0.004s to delete old logs.
LogInit: Presizing for max 8388607 objects, including 0 objects not considered by GC, pre-allocating 0 bytes for permanent pool.
LogInit: Object subsystem initialized
[2018.12.06-02.07.39:021][  0]LogInit: Selected Device Profile: [Windows]
[2018.12.06-02.07.39:021][  0]LogInit: Applying CVar settings loaded from the selected device profile: [Windows]
[2018.12.06-02.07.39:034][  0]LogInit: Computer: DESKTOP-4VFF8DG
[2018.12.06-02.07.39:034][  0]LogInit: User: Tyler
[2018.12.06-02.07.39:034][  0]LogInit: CPU Page size=4096, Cores=6
[2018.12.06-02.07.39:034][  0]LogInit: High frequency timer resolution =3.609380 MHz
[2018.12.06-02.07.39:035][  0]LogMemory: Memory total: Physical=15.9GB (16GB approx)
[2018.12.06-02.07.39:035][  0]LogMemory: Platform Memory Stats for Windows
[2018.12.06-02.07.39:035][  0]LogMemory: Process Physical Memory: 276.91 MB used, 276.91 MB peak
[2018.12.06-02.07.39:035][  0]LogMemory: Process Virtual Memory: 267.58 MB used, 267.58 MB peak
[2018.12.06-02.07.39:035][  0]LogMemory: Physical Memory: 5958.09 MB used,  10349.26 MB free, 16307.34 MB total
[2018.12.06-02.07.39:035][  0]LogMemory: Virtual Memory: 4811.96 MB used,  10349.26 MB free, 134217728.00 MB total
[2018.12.06-02.07.39:052][  0]LogInit: Using OS detected language (en-US).
[2018.12.06-02.07.39:052][  0]LogInit: Using OS detected locale (en-US).
[2018.12.06-02.07.39:055][  0]LogTextLocalizationManager: No specific localization for 'en-US' exists, so the 'en' localization will be used.
[2018.12.06-02.07.39:370][  0]LogStreaming: Display: Took  0.317s to EndInitTextLocalization.
[2018.12.06-02.07.39:370][  0]LogInit: Setting process to per monitor DPI aware
[2018.12.06-02.07.39:428][  0]LogSlate: New Slate User Created.  User Index 0, Is Virtual User: 0
[2018.12.06-02.07.39:428][  0]LogSlate: Slate User Registered.  User Index 0, Is Virtual User: 0
[2018.12.06-02.07.39:620][  0]LogD3D11RHI: D3D11 adapters:
[2018.12.06-02.07.39:675][  0]LogD3D11RHI:    0. 'NVIDIA GeForce GTX 1080 Ti' (Feature Level 11_0)
[2018.12.06-02.07.39:675][  0]LogD3D11RHI:       11127/0/8153 MB DedicatedVideo/DedicatedSystem/SharedSystem, Outputs:4, VendorId:0x10de
[2018.12.06-02.07.39:677][  0]LogD3D11RHI:    1. 'Microsoft Basic Render Driver' (Feature Level 11_0)
[2018.12.06-02.07.39:677][  0]LogD3D11RHI:       0/0/8153 MB DedicatedVideo/DedicatedSystem/SharedSystem, Outputs:0, VendorId:0x1414
[2018.12.06-02.07.39:677][  0]LogD3D11RHI: Chosen D3D11 Adapter: 0
[2018.12.06-02.07.39:684][  0]LogD3D11RHI: Creating new Direct3DDevice
[2018.12.06-02.07.39:684][  0]LogD3D11RHI:     GPU DeviceId: 0x1b06 (for the marketing name, search the web for "GPU Device Id")
[2018.12.06-02.07.39:684][  0]LogWindows: EnumDisplayDevices:
[2018.12.06-02.07.39:684][  0]LogWindows:    0. 'NVIDIA GeForce GTX 1080 Ti' (P:1 D:1)
[2018.12.06-02.07.39:685][  0]LogWindows:    1. 'NVIDIA GeForce GTX 1080 Ti' (P:0 D:1)
[2018.12.06-02.07.39:685][  0]LogWindows:    2. 'NVIDIA GeForce GTX 1080 Ti' (P:0 D:1)
[2018.12.06-02.07.39:685][  0]LogWindows:    3. 'NVIDIA GeForce GTX 1080 Ti' (P:0 D:1)
[2018.12.06-02.07.39:685][  0]LogWindows: DebugString: GetVideoDriverDetailsInvalid PrimaryIsNotTheChoosenAdapter GetVideoDriverDetailsInvalid PrimaryIsNotTheChoosenAdapter GetVideoDriverDetailsInvalid PrimaryIsNotTheChoosenAdapter GetVideoDriverDetailsInvalid PrimaryIsNotTheChoosenAdapter FoundDriverCount:0 
[2018.12.06-02.07.39:685][  0]LogD3D11RHI:     Adapter Name: NVIDIA GeForce GTX 1080 Ti
[2018.12.06-02.07.39:685][  0]LogD3D11RHI:   Driver Version: Unknown (internal:Unknown, unified:Unknown)
[2018.12.06-02.07.39:685][  0]LogD3D11RHI:      Driver Date: Unknown
[2018.12.06-02.07.39:685][  0]LogRHI: Texture pool is 7788 MB (70% of 11127 MB)
[2018.12.06-02.07.39:711][  0]LogD3D11RHI: [Aftermath] Aftermath enabled and primed
[2018.12.06-02.07.39:711][  0]LogD3D11RHI: [Aftermath] Aftermath enabled and primed
[2018.12.06-02.07.39:711][  0]LogD3D11RHI: Async texture creation enabled
[2018.12.06-02.07.39:728][  0]LogD3D11RHI: GPU Timing Frequency: 1000.000000 (Debug: 2 2)
[2018.12.06-02.07.39:917][  0]LogShaderCompilers: Guid format shader working directory is -49 characters bigger than the processId version (../../../../../../Users/Tyler/Desktop/Repository_Files/UnrealMasteryCourseUdemy/CoopShooterGame/Intermediate/Shaders/WorkingDirectory/7728/).
[2018.12.06-02.07.39:917][  0]LogShaderCompilers: Cleaned the shader compiler working directory 'C:/Users/Tyler/AppData/Local/Temp/UnrealShaderWorkingDir/72085C224166468BBB57DC9E497BCF27/'.
[2018.12.06-02.07.40:106][  0]LogTemp: Display: Loaded TP AllDesktopTargetPlatform
[2018.12.06-02.07.40:117][  0]LogTemp: Display: Loaded TP MacClientTargetPlatform
[2018.12.06-02.07.40:127][  0]LogTemp: Display: Loaded TP MacNoEditorTargetPlatform
[2018.12.06-02.07.40:139][  0]LogTemp: Display: Loaded TP MacServerTargetPlatform
[2018.12.06-02.07.40:150][  0]LogTemp: Display: Loaded TP MacTargetPlatform
[2018.12.06-02.07.40:161][  0]LogTemp: Display: Loaded TP WindowsClientTargetPlatform
[2018.12.06-02.07.40:172][  0]LogTemp: Display: Loaded TP WindowsNoEditorTargetPlatform
[2018.12.06-02.07.40:184][  0]LogTemp: Display: Loaded TP WindowsServerTargetPlatform
[2018.12.06-02.07.40:189][  0]LogTemp: Display: Loaded TP WindowsTargetPlatform
[2018.12.06-02.07.40:199][  0]LogTemp: Display: Loaded TP Android_ASTCTargetPlatform
[2018.12.06-02.07.40:208][  0]LogTemp: Display: Loaded TP Android_ATCTargetPlatform
[2018.12.06-02.07.40:218][  0]LogTemp: Display: Loaded TP Android_DXTTargetPlatform
[2018.12.06-02.07.40:227][  0]LogTemp: Display: Loaded TP Android_ETC1aTargetPlatform
[2018.12.06-02.07.40:237][  0]LogTemp: Display: Loaded TP Android_ETC1TargetPlatform
[2018.12.06-02.07.40:247][  0]LogTemp: Display: Loaded TP Android_ETC2TargetPlatform
[2018.12.06-02.07.40:266][  0]LogTemp: Display: Loaded TP Android_MultiTargetPlatform
[2018.12.06-02.07.40:266][  0]LogTemp: Display: Loaded TP Android_PVRTCTargetPlatform
[2018.12.06-02.07.40:277][  0]LogTemp: Display: Loaded TP AndroidTargetPlatform
[2018.12.06-02.07.40:278][  0]LogTemp: Display: Loaded TP HTML5TargetPlatform
[2018.12.06-02.07.40:316][  0]LogTemp: Display: Loaded TP IOSTargetPlatform
[2018.12.06-02.07.40:325][  0]LogTemp: Display: Loaded TP TVOSTargetPlatform
[2018.12.06-02.07.40:335][  0]LogTemp: Display: Loaded TP LinuxClientTargetPlatform
[2018.12.06-02.07.40:344][  0]LogTemp: Display: Loaded TP LinuxNoEditorTargetPlatform
[2018.12.06-02.07.40:354][  0]LogTemp: Display: Loaded TP LinuxServerTargetPlatform
[2018.12.06-02.07.40:364][  0]LogTemp: Display: Loaded TP LinuxTargetPlatform
[2018.12.06-02.07.40:364][  0]LogTargetPlatformManager: Display: Building Assets For Windows
[2018.12.06-02.07.40:488][  0]LogXGEController: Cannot use XGE Controller as Incredibuild is not installed on this machine.
[2018.12.06-02.07.40:488][  0]LogShaderCompilers: Cannot use XGE Shader Compiler as Incredibuild is not installed on this machine.
[2018.12.06-02.07.40:488][  0]LogShaderCompilers: Display: Using Local Shader Compiler.
[2018.12.06-02.07.41:059][  0]LogDerivedDataCache: Display: Max Cache Size: 512 MB
[2018.12.06-02.07.41:124][  0]LogDerivedDataCache: Loaded boot cache 0.07s 74MB C:/Users/Tyler/AppData/Local/UnrealEngine/4.19/DerivedDataCache/Boot.ddc.
[2018.12.06-02.07.41:124][  0]LogDerivedDataCache: Display: Loaded Boot cache: C:/Users/Tyler/AppData/Local/UnrealEngine/4.19/DerivedDataCache/Boot.ddc
[2018.12.06-02.07.41:125][  0]LogDerivedDataCache: FDerivedDataBackendGraph:  Pak pak cache file ../../../../../../Users/Tyler/Desktop/Repository_Files/UnrealMasteryCourseUdemy/CoopShooterGame/DerivedDataCache/DDC.ddp not found, will not use a pak cache.
[2018.12.06-02.07.41:125][  0]LogDerivedDataCache: Unable to find inner node Pak for hierarchical cache Hierarchy.
[2018.12.06-02.07.41:125][  0]LogDerivedDataCache: FDerivedDataBackendGraph:  CompressedPak pak cache file ../../../../../../Users/Tyler/Desktop/Repository_Files/UnrealMasteryCourseUdemy/CoopShooterGame/DerivedDataCache/Compressed.ddp not found, will not use a pak cache.
[2018.12.06-02.07.41:125][  0]LogDerivedDataCache: Unable to find inner node CompressedPak for hierarchical cache Hierarchy.
[2018.12.06-02.07.41:137][  0]LogDerivedDataCache: Display: Pak cache opened for reading ../../../Engine/DerivedDataCache/Compressed.ddp.
[2018.12.06-02.07.41:148][  0]LogDerivedDataCache: Using Local data cache path C:/Users/Tyler/AppData/Local/UnrealEngine/Common/DerivedDataCache: Writable
[2018.12.06-02.07.41:148][  0]LogDerivedDataCache: Shared data cache path not found in *engine.ini, will not use an Shared cache.
[2018.12.06-02.07.41:148][  0]LogDerivedDataCache: Unable to find inner node Shared for hierarchical cache Hierarchy.
[2018.12.06-02.07.41:156][  0]LogMaterial: Verifying Global Shaders for PCD3D_SM5
[2018.12.06-02.07.41:157][  0]LogSlate: Using Freetype 2.6.0
[2018.12.06-02.07.41:159][  0]LogSlate: SlateFontCache - WITH_FREETYPE: 1, WITH_HARFBUZZ: 1
[2018.12.06-02.07.41:159][  0]LogSlate: SlateFontCache - WITH_FREETYPE: 1, WITH_HARFBUZZ: 1
[2018.12.06-02.07.41:283][  0]LogAssetRegistry: FAssetRegistry took 0.0259 seconds to start up
[2018.12.06-02.07.41:528][  0]LogInit: Selected Device Profile: [Windows]
[2018.12.06-02.07.41:652][  0]LogSimplygon: Simplygon DLL not present - disabling.
[2018.12.06-02.07.41:655][  0]LogMeshReduction: Using SimplygonSwarm for distributed automatic mesh merging
[2018.12.06-02.07.41:655][  0]LogMeshReduction: Using QuadricMeshReduction for automatic static mesh reduction
[2018.12.06-02.07.41:655][  0]LogMeshReduction: No automatic skeletal mesh reduction module available
[2018.12.06-02.07.41:655][  0]LogMeshReduction: No automatic mesh merging module available
[2018.12.06-02.07.41:655][  0]LogMeshMerging: No automatic mesh merging module available
[2018.12.06-02.07.41:711][  0]LogNetVersion: CoopShooterGame , NetCL: 3944462, EngineNetVer: 2, GameNetVer: 0 (Checksum: 4095294733)
[2018.12.06-02.07.42:078][  0]LogPackageLocalizationCache: Processed 9 localized package path(s) for 2 prioritized culture(s) in 0.064419 seconds
[2018.12.06-02.07.42:083][  0]LogUObjectArray: 36728 objects as part of root set at end of initial load.
[2018.12.06-02.07.42:083][  0]LogUObjectAllocator: 7314304 out of 0 bytes used by permanent object pool.
[2018.12.06-02.07.42:083][  0]LogUObjectArray: CloseDisregardForGC: 0/0 objects in disregard for GC pool
[2018.12.06-02.07.43:599][  0]LogTcpMessaging: Initializing TcpMessaging bridge
[2018.12.06-02.07.43:636][  0]LogUdpMessaging: Initializing bridge on interface 0.0.0.0:0 to multicast group 230.0.0.1:6666.
[2018.12.06-02.07.44:013][  0]SourceControl: Source control is disabled
[2018.12.06-02.07.44:013][  0]SourceControl: Source control is disabled
[2018.12.06-02.07.44:031][  0]SourceControl: Source control is disabled
[2018.12.06-02.07.44:047][  0]SourceControl: Source control is disabled
[2018.12.06-02.07.44:539][  0]LogAndroidPermission: UAndroidPermissionCallbackProxy::GetInstance
[2018.12.06-02.07.44:726][  0]LogOcInput: OculusInput pre-init called
[2018.12.06-02.07.44:824][  0]LogEngine: Initializing Engine...
[2018.12.06-02.07.44:825][  0]LogHMD: Failed to initialize OpenVR with code 110
[2018.12.06-02.07.44:826][  0]LogStats: UGameplayTagsManager::ConstructGameplayTagTree: Construct from data asset -  0.000 s
[2018.12.06-02.07.44:826][  0]LogStats: UGameplayTagsManager::ConstructGameplayTagTree: GameplayTagTreeChangedEvent.Broadcast -  0.000 s
[2018.12.06-02.07.45:021][  0]LogAIModule: Creating AISystem for world Untitled
[2018.12.06-02.07.45:084][  0]LogInit: XAudio2 using 'MStar Demo (NVIDIA High Definition Audio)' : 2 channels at 48 kHz using 16 bits per sample (channel mask 0x3)
[2018.12.06-02.07.45:095][  0]LogInit: FAudioDevice initialized.
[2018.12.06-02.07.45:169][  0]LogDerivedDataCache: Saved boot cache 0.07s 74MB C:/Users/Tyler/AppData/Local/UnrealEngine/4.19/DerivedDataCache/Boot.ddc.
[2018.12.06-02.07.45:174][  0]LogInit: Texture streaming: Enabled
[2018.12.06-02.07.45:191][  0]LogEngineSessionManager: EngineSessionManager initialized
[2018.12.06-02.07.45:203][  0]LogInit: Transaction tracking system initialized
[2018.12.06-02.07.45:225][  0]BlueprintLog: New page: Editor Load
[2018.12.06-02.07.45:299][  0]LocalizationService: Localization service is disabled
[2018.12.06-02.07.45:414][  0]LogConsoleResponse: Display: 
[2018.12.06-02.07.45:535][  0]LogCook: Display: Max memory allowance for cook 16384mb min free memory 0mb
[2018.12.06-02.07.45:535][  0]LogCook: Display: Mobile HDR setting 1
[2018.12.06-02.07.45:535][  0]LogGameplayTags: Display: UGameplayTagsManager::DoneAddingNativeTags. DelegateIsBound: 0
[2018.12.06-02.07.45:535][  0]LogStats: UGameplayTagsManager::ConstructGameplayTagTree: Construct from data asset -  0.000 s
[2018.12.06-02.07.45:535][  0]LogStats: UGameplayTagsManager::ConstructGameplayTagTree: GameplayTagTreeChangedEvent.Broadcast -  0.000 s
[2018.12.06-02.07.45:891][  0]LogFileCache: Scanning file cache for directory 'C:/Users/Tyler/Desktop/Repository_Files/UnrealMasteryCourseUdemy/CoopShooterGame/Content/' took 0.02s
[2018.12.06-02.07.45:891][  0]SourceControl: Source control is disabled
[2018.12.06-02.07.45:892][  0]LightingResults: New page: Lighting Build
[2018.12.06-02.07.45:894][  0]MapCheck: New page: Map Check
[2018.12.06-02.07.45:894][  0]LightingResults: New page: Lighting Build
[2018.12.06-02.07.45:973][  0]LogUObjectGlobals: Created PersistentFrame Addr=0x000001f897511d70, Size=104, Default__UE4ASP_HeroTPP_AnimBlueprint_C Function /Game/AnimStarterPack/UE4ASP_HeroTPP_AnimBlueprint.UE4ASP_HeroTPP_AnimBlueprint_C:ExecuteUbergraph_UE4ASP_HeroTPP_AnimBlueprint
[2018.12.06-02.07.45:990][  0]LogUObjectGlobals: Destroyed PersistentFrame Addr=0x000001f897511d70, Size=104
[2018.12.06-02.07.45:990][  0]LogUObjectGlobals: Created PersistentFrame Addr=0x000001f882f3ff20, Size=104, Default__UE4ASP_HeroTPP_AnimBlueprint_C Function /Engine/Transient.REINST_UE4ASP_HeroTPP_AnimBlueprint_C_0:ExecuteUbergraph_UE4ASP_HeroTPP_AnimBlueprint
[2018.12.06-02.07.46:002][  0]LogUObjectGlobals: Created PersistentFrame Addr=0x000001f89a9c2860, Size=104, Default__UE4ASP_HeroTPP_AnimBlueprint_C Function /Game/AnimStarterPack/UE4ASP_HeroTPP_AnimBlueprint.UE4ASP_HeroTPP_AnimBlueprint_C:ExecuteUbergraph_UE4ASP_HeroTPP_AnimBlueprint
[2018.12.06-02.07.46:228][  0]LogUObjectGlobals: Created PersistentFrame Addr=0x000001f89a9c2e10, Size=112, Default__WBP_HealthIndicator_C Function /Game/UI/WBP_HealthIndicator.WBP_HealthIndicator_C:ExecuteUbergraph_WBP_HealthIndicator
[2018.12.06-02.07.46:230][  0]LogUObjectGlobals: Destroyed PersistentFrame Addr=0x000001f89a9c2e10, Size=112
[2018.12.06-02.07.46:230][  0]LogUObjectGlobals: Created PersistentFrame Addr=0x000001f89a9c2e10, Size=112, Default__WBP_HealthIndicator_C Function /Engine/Transient.REINST_WBP_HealthIndicator_C_1:ExecuteUbergraph_WBP_HealthIndicator
[2018.12.06-02.07.46:232][  0]LogUObjectGlobals: Created PersistentFrame Addr=0x000001f89a9f6da0, Size=112, Default__WBP_HealthIndicator_C Function /Game/UI/WBP_HealthIndicator.WBP_HealthIndicator_C:ExecuteUbergraph_WBP_HealthIndicator
[2018.12.06-02.07.46:234][  0]LogUObjectGlobals: Created PersistentFrame Addr=0x000001f899e7b8f8, Size=40, Default__PlayerPawn_C Function /Game/BluePrints/PlayerPawn.PlayerPawn_C:ExecuteUbergraph_PlayerPawn
[2018.12.06-02.07.46:237][  0]LogUObjectGlobals: Destroyed PersistentFrame Addr=0x000001f899e7b8f8, Size=40
[2018.12.06-02.07.46:237][  0]LogUObjectGlobals: Created PersistentFrame Addr=0x000001f899e7b8f8, Size=40, Default__PlayerPawn_C Function /Engine/Transient.REINST_PlayerPawn_C_6:ExecuteUbergraph_PlayerPawn
[2018.12.06-02.07.46:239][  0]LogUObjectGlobals: Created PersistentFrame Addr=0x000001f899e786d0, Size=40, Default__PlayerPawn_C Function /Game/BluePrints/PlayerPawn.PlayerPawn_C:ExecuteUbergraph_PlayerPawn
[2018.12.06-02.07.46:318][  0]LogUObjectGlobals: Created PersistentFrame Addr=0x000001f89a995fe0, Size=28, Default__TrackerBot_C Function /Game/TrackerBot/TrackerBot.TrackerBot_C:ExecuteUbergraph_TrackerBot
[2018.12.06-02.07.46:319][  0]LogUObjectGlobals: Destroyed PersistentFrame Addr=0x000001f89a995fe0, Size=28
[2018.12.06-02.07.46:319][  0]LogUObjectGlobals: Created PersistentFrame Addr=0x000001f89a995fe0, Size=28, Default__TrackerBot_C Function /Engine/Transient.REINST_TrackerBot_C_8:ExecuteUbergraph_TrackerBot
[2018.12.06-02.07.46:320][  0]LogUObjectGlobals: Created PersistentFrame Addr=0x000001f89b68bca0, Size=28, Default__TrackerBot_C Function /Game/TrackerBot/TrackerBot.TrackerBot_C:ExecuteUbergraph_TrackerBot
[2018.12.06-02.07.46:390][  0]LogUObjectGlobals: Created PersistentFrame Addr=0x000001f89b1ba480, Size=608, Default__BP_TargetDummy_C Function /Game/BluePrints/BP_TargetDummy.BP_TargetDummy_C:ExecuteUbergraph_BP_TargetDummy
[2018.12.06-02.07.46:393][  0]LogUObjectGlobals: Destroyed PersistentFrame Addr=0x000001f89b1ba480, Size=608
[2018.12.06-02.07.46:393][  0]LogUObjectGlobals: Created PersistentFrame Addr=0x000001f89b1ba480, Size=608, Default__BP_TargetDummy_C Function /Engine/Transient.REINST_BP_TargetDummy_C_12:ExecuteUbergraph_BP_TargetDummy
[2018.12.06-02.07.46:396][  0]LogUObjectGlobals: Created PersistentFrame Addr=0x000001f89b107880, Size=608, Default__BP_TargetDummy_C Function /Game/BluePrints/BP_TargetDummy.BP_TargetDummy_C:ExecuteUbergraph_BP_TargetDummy
[2018.12.06-02.07.46:409][  0]LogUObjectGlobals: Created PersistentFrame Addr=0x000001f89b179d80, Size=176, Default__BP_TestGameMode_C Function /Game/BluePrints/BP_TestGameMode.BP_TestGameMode_C:ExecuteUbergraph_BP_TestGameMode
[2018.12.06-02.07.46:410][  0]LogUObjectGlobals: Destroyed PersistentFrame Addr=0x000001f89b179d80, Size=176
[2018.12.06-02.07.46:410][  0]LogUObjectGlobals: Created PersistentFrame Addr=0x000001f89b179d80, Size=176, Default__BP_TestGameMode_C Function /Engine/Transient.REINST_BP_TestGameMode_C_18:ExecuteUbergraph_BP_TestGameMode
[2018.12.06-02.07.46:413][  0]LogUObjectGlobals: Created PersistentFrame Addr=0x000001f88001fe80, Size=176, Default__BP_TestGameMode_C Function /Game/BluePrints/BP_TestGameMode.BP_TestGameMode_C:ExecuteUbergraph_BP_TestGameMode
[2018.12.06-02.07.46:420][  0]LogUObjectGlobals: Created PersistentFrame Addr=0x000001f89b19b630, Size=8, Default__BP_PowerupBase_C Function /Game/Powerups/BP_PowerupBase.BP_PowerupBase_C:ExecuteUbergraph_BP_PowerupBase
[2018.12.06-02.07.46:422][  0]LogUObjectGlobals: Destroyed PersistentFrame Addr=0x000001f89b19b630, Size=8
[2018.12.06-02.07.46:422][  0]LogUObjectGlobals: Created PersistentFrame Addr=0x000001f89b19b630, Size=8, Default__BP_PowerupBase_C Function /Engine/Transient.REINST_BP_PowerupBase_C_20:ExecuteUbergraph_BP_PowerupBase
[2018.12.06-02.07.46:423][  0]LogUObjectGlobals: Created PersistentFrame Addr=0x000001f89b19b568, Size=8, Default__BP_PowerupBase_C Function /Game/Powerups/BP_PowerupBase.BP_PowerupBase_C:ExecuteUbergraph_BP_PowerupBase
[2018.12.06-02.07.46:448][  0]LogUObjectGlobals: Created PersistentFrame Addr=0x000001f89b17d030, Size=72, Default__BP_HealthRegen_C Function /Game/Powerups/BP_HealthRegen.BP_HealthRegen_C:ExecuteUbergraph_BP_HealthRegen
[2018.12.06-02.07.46:448][  0]LogUObjectGlobals: Created PersistentFrame Addr=0x000001f89b19b548, Size=8, Default__BP_HealthRegen_C Function /Game/Powerups/BP_PowerupBase.BP_PowerupBase_C:ExecuteUbergraph_BP_PowerupBase
[2018.12.06-02.07.46:449][  0]LogUObjectGlobals: Destroyed PersistentFrame Addr=0x000001f89b17d030, Size=72
[2018.12.06-02.07.46:449][  0]LogUObjectGlobals: Destroyed PersistentFrame Addr=0x000001f89b19b548, Size=8
[2018.12.06-02.07.46:449][  0]LogUObjectGlobals: Created PersistentFrame Addr=0x000001f89df0fe70, Size=72, Default__BP_HealthRegen_C Function /Engine/Transient.REINST_BP_HealthRegen_C_22:ExecuteUbergraph_BP_HealthRegen
[2018.12.06-02.07.46:449][  0]LogUObjectGlobals: Created PersistentFrame Addr=0x000001f89b19b548, Size=8, Default__BP_HealthRegen_C Function /Game/Powerups/BP_PowerupBase.BP_PowerupBase_C:ExecuteUbergraph_BP_PowerupBase
[2018.12.06-02.07.46:450][  0]LogUObjectGlobals: Created PersistentFrame Addr=0x000001f89df0ec50, Size=72, Default__BP_HealthRegen_C Function /Game/Powerups/BP_HealthRegen.BP_HealthRegen_C:ExecuteUbergraph_BP_HealthRegen
[2018.12.06-02.07.46:450][  0]LogUObjectGlobals: Created PersistentFrame Addr=0x000001f89b19b398, Size=8, Default__BP_HealthRegen_C Function /Game/Powerups/BP_PowerupBase.BP_PowerupBase_C:ExecuteUbergraph_BP_PowerupBase
[2018.12.06-02.07.46:458][  0]LogUObjectGlobals: Created PersistentFrame Addr=0x000001f880270590, Size=40, Default__BP_Powerup_Speed_C Function /Game/Powerups/BP_Powerup_Speed.BP_Powerup_Speed_C:ExecuteUbergraph_BP_Powerup_Speed
[2018.12.06-02.07.46:458][  0]LogUObjectGlobals: Created PersistentFrame Addr=0x000001f89b19b268, Size=8, Default__BP_Powerup_Speed_C Function /Game/Powerups/BP_PowerupBase.BP_PowerupBase_C:ExecuteUbergraph_BP_PowerupBase
[2018.12.06-02.07.46:460][  0]LogUObjectGlobals: Destroyed PersistentFrame Addr=0x000001f880270590, Size=40
[2018.12.06-02.07.46:460][  0]LogUObjectGlobals: Destroyed PersistentFrame Addr=0x000001f89b19b268, Size=8
[2018.12.06-02.07.46:460][  0]LogUObjectGlobals: Created PersistentFrame Addr=0x000001f89dee3f38, Size=40, Default__BP_Powerup_Speed_C Function /Engine/Transient.REINST_BP_Powerup_Speed_C_24:ExecuteUbergraph_BP_Powerup_Speed
[2018.12.06-02.07.46:460][  0]LogUObjectGlobals: Created PersistentFrame Addr=0x000001f89b19b268, Size=8, Default__BP_Powerup_Speed_C Function /Game/Powerups/BP_PowerupBase.BP_PowerupBase_C:ExecuteUbergraph_BP_PowerupBase
[2018.12.06-02.07.46:461][  0]LogUObjectGlobals: Created PersistentFrame Addr=0x000001f89dee3dd0, Size=40, Default__BP_Powerup_Speed_C Function /Game/Powerups/BP_Powerup_Speed.BP_Powerup_Speed_C:ExecuteUbergraph_BP_Powerup_Speed
[2018.12.06-02.07.46:461][  0]LogUObjectGlobals: Created PersistentFrame Addr=0x000001f89b19afa8, Size=8, Default__BP_Powerup_Speed_C Function /Game/Powerups/BP_PowerupBase.BP_PowerupBase_C:ExecuteUbergraph_BP_PowerupBase
[2018.12.06-02.07.46:820][  0]LogSkeletalMesh: Skeletal Mesh found in DDC [10.908522ms] /Game/AnimStarterPack/UE4_Mannequin/Mesh/SK_Mannequin.SK_Mannequin
[2018.12.06-02.07.46:843][  0]LogSkeletalMesh: Skeletal Mesh found in DDC [7.647851ms] /Game/Weapons/SK_Rifle.SK_Rifle
[2018.12.06-02.07.47:057][  0]LogAIModule: Creating AISystem for world Minimal_Default
[2018.12.06-02.07.47:080][  0]LogEditorServer: Finished looking for orphan Actors (0.000 secs)
[2018.12.06-02.07.47:090][  0]LogUObjectGlobals: Destroyed PersistentFrame Addr=0x000001f882f3ff20, Size=104
[2018.12.06-02.07.47:090][  0]LogUObjectGlobals: Destroyed PersistentFrame Addr=0x000001f89a9c2e10, Size=112
[2018.12.06-02.07.47:090][  0]LogUObjectGlobals: Destroyed PersistentFrame Addr=0x000001f899e7b8f8, Size=40
[2018.12.06-02.07.47:090][  0]LogUObjectGlobals: Destroyed PersistentFrame Addr=0x000001f89a995fe0, Size=28
[2018.12.06-02.07.47:090][  0]LogUObjectGlobals: Destroyed PersistentFrame Addr=0x000001f89b1ba480, Size=608
[2018.12.06-02.07.47:090][  0]LogUObjectGlobals: Destroyed PersistentFrame Addr=0x000001f89b179d80, Size=176
[2018.12.06-02.07.47:090][  0]LogUObjectGlobals: Destroyed PersistentFrame Addr=0x000001f89b19b630, Size=8
[2018.12.06-02.07.47:090][  0]LogUObjectGlobals: Destroyed PersistentFrame Addr=0x000001f89df0fe70, Size=72
[2018.12.06-02.07.47:090][  0]LogUObjectGlobals: Destroyed PersistentFrame Addr=0x000001f89b19b548, Size=8
[2018.12.06-02.07.47:090][  0]LogUObjectGlobals: Destroyed PersistentFrame Addr=0x000001f89dee3f38, Size=40
[2018.12.06-02.07.47:090][  0]LogUObjectGlobals: Destroyed PersistentFrame Addr=0x000001f89b19b268, Size=8
[2018.12.06-02.07.47:091][  0]Cmd: MAP CHECKDEP NOCLEARLOG
[2018.12.06-02.07.47:176][  0]MapCheck: Map check complete: 0 Error(s), 0 Warning(s), took 85.289ms to complete.
[2018.12.06-02.07.47:176][  0]LogFileHelpers: Loading map 'Minimal_Default' took 1.285
[2018.12.06-02.07.47:431][  0]LogCollectionManager: Loaded 0 collections in 0.002001 seconds
[2018.12.06-02.07.47:524][  0]LogFileCache: Scanning file cache for directory 'C:/Users/Tyler/Desktop/Repository_Files/UnrealMasteryCourseUdemy/CoopShooterGame/Saved/Collections/' took 0.01s
[2018.12.06-02.07.47:524][  0]LogFileCache: Scanning file cache for directory 'C:/Users/Tyler/Desktop/Repository_Files/UnrealMasteryCourseUdemy/CoopShooterGame/Content/Developers/Tyler/Collections/' took 0.01s
[2018.12.06-02.07.47:524][  0]LogFileCache: Scanning file cache for directory 'C:/Users/Tyler/Desktop/Repository_Files/UnrealMasteryCourseUdemy/CoopShooterGame/Content/Collections/' took 0.01s
[2018.12.06-02.07.47:524][  0]LogCollectionManager: Rebuilt the GUID cache for 0 collections in 0.000000 seconds
[2018.12.06-02.07.47:535][  0]LogContentBrowser: Native class hierarchy populated in 0.0088 seconds. Added 2470 classes and 564 folders.
[2018.12.06-02.07.47:549][  0]LogContentBrowser: Native class hierarchy updated for 'WidgetCarousel' in 0.0011 seconds. Added 0 classes and 0 folders.
[2018.12.06-02.07.47:695][  0]LogContentBrowser: Native class hierarchy updated for 'AddContentDialog' in 0.0014 seconds. Added 0 classes and 0 folders.
[2018.12.06-02.07.47:724][  0]LogContentBrowser: Native class hierarchy updated for 'SceneOutliner' in 0.0014 seconds. Added 1 classes and 2 folders.
[2018.12.06-02.07.47:941][  0]LogSlate: Took 0.000223 seconds to synchronously load lazily loaded font '../../../Engine/Content/Slate/Fonts/Roboto-Regular.ttf' (155K)
[2018.12.06-02.07.47:942][  0]LogSlate: Took 0.000134 seconds to synchronously load lazily loaded font '../../../Engine/Content/Slate/Fonts/Roboto-Bold.ttf' (160K)
[2018.12.06-02.07.47:952][  0]LogSlate: Took 0.003800 seconds to synchronously load lazily loaded font '../../../Engine/Content/Editor/Slate/Fonts/FontAwesome.ttf' (139K)
[2018.12.06-02.07.48:044][  0]LogRenderer: Reallocating scene render targets to support 1240x592 Format 10 NumSamples 1 (Frame:1).
[2018.12.06-02.07.48:231][  0]LogContentBrowser: Native class hierarchy updated for 'HierarchicalLODOutliner' in 0.0013 seconds. Added 0 classes and 0 folders.
[2018.12.06-02.07.48:231][  0]LogLoad: (Engine Initialization) Total time: 12.49 seconds
[2018.12.06-02.07.48:231][  0]LogLoad: (Engine Initialization) Total Blueprint compile time: 0.00 seconds
[2018.12.06-02.07.48:240][  0]LogWindowsTextInputMethodSystem: Display: IME system now deactivated.
[2018.12.06-02.07.48:258][  0]LogAssetRegistry: Asset discovery search completed in 6.9973 seconds
[2018.12.06-02.07.48:259][  0]LogCollectionManager: Rebuilt the object cache for 0 collections in 0.000000 seconds (found 0 objects)
[2018.12.06-02.07.48:259][  0]LogCollectionManager: Fixed up redirectors for 0 collections in 0.000043 seconds (updated 0 objects)
[2018.12.06-02.07.48:262][  0]LogContentStreaming: Texture pool size now 1000 MB
[2018.12.06-02.07.48:314][  0]LogSlate: Took 0.005040 seconds to synchronously load lazily loaded font '../../../Engine/Content/Slate/Fonts/Roboto-Light.ttf' (167K)
[2018.12.06-02.07.51:719][379]LogSlate: FSceneViewport::OnFocusLost() reason 0
[2018.12.06-02.07.55:036][772]LogSlate: Took 0.000168 seconds to synchronously load lazily loaded font '../../../Engine/Content/Slate/Fonts/Roboto-Light.ttf' (167K)
[2018.12.06-02.08.09:779][984]LogVSAccessor: Warning: Visual Studio is open but could not be queried - it may be blocked by a modal operation
[2018.12.06-02.19.15:234][981]LogSlate: Window 'CoopShooterGame - Unreal Editor' being destroyed
[2018.12.06-02.19.15:236][981]LogWindowsTextInputMethodSystem: Display: IME system now deactivated.
[2018.12.06-02.19.15:447][982]Cmd: QUIT_EDITOR
[2018.12.06-02.19.15:473][982]LogSlate: Slate User Destroyed.  User Index 0, Is Virtual User: 0
[2018.12.06-02.19.15:473][982]LogExit: Preparing to exit.
[2018.12.06-02.19.15:989][982]LogDirectoryWatcher: A directory notification for 'C:/Users/Tyler/Desktop/Repository_Files/UnrealMasteryCourseUdemy/CoopShooterGame/Content/' was aborted.
[2018.12.06-02.19.16:009][982]LogExit: Editor shut down
[2018.12.06-02.19.16:011][982]LogExit: Transaction tracking system shut down
[2018.12.06-02.19.16:011][982]LogUObjectGlobals: Destroyed PersistentFrame Addr=0x000001f89a9c2860, Size=104
[2018.12.06-02.19.16:012][982]LogUObjectGlobals: Destroyed PersistentFrame Addr=0x000001f89a9f6da0, Size=112
[2018.12.06-02.19.16:012][982]LogUObjectGlobals: Destroyed PersistentFrame Addr=0x000001f899e786d0, Size=40
[2018.12.06-02.19.16:012][982]LogUObjectGlobals: Destroyed PersistentFrame Addr=0x000001f89b68bca0, Size=28
[2018.12.06-02.19.16:012][982]LogUObjectGlobals: Destroyed PersistentFrame Addr=0x000001f89b107880, Size=608
[2018.12.06-02.19.16:012][982]LogUObjectGlobals: Destroyed PersistentFrame Addr=0x000001f88001fe80, Size=176
[2018.12.06-02.19.16:012][982]LogUObjectGlobals: Destroyed PersistentFrame Addr=0x000001f89b19b568, Size=8
[2018.12.06-02.19.16:012][982]LogUObjectGlobals: Destroyed PersistentFrame Addr=0x000001f89df0ec50, Size=72
[2018.12.06-02.19.16:012][982]LogUObjectGlobals: Destroyed PersistentFrame Addr=0x000001f89b19b398, Size=8
[2018.12.06-02.19.16:012][982]LogUObjectGlobals: Destroyed PersistentFrame Addr=0x000001f89dee3dd0, Size=40
[2018.12.06-02.19.16:012][982]LogUObjectGlobals: Destroyed PersistentFrame Addr=0x000001f89b19afa8, Size=8
[2018.12.06-02.19.16:228][982]LogDirectoryWatcher: A directory notification for '../../../Engine/Content/' was aborted.
[2018.12.06-02.19.16:228][982]LogDirectoryWatcher: A directory notification for '../../../../../../Users/Tyler/Desktop/Repository_Files/UnrealMasteryCourseUdemy/CoopShooterGame/Content/' was aborted.
[2018.12.06-02.19.16:228][982]LogDirectoryWatcher: A directory notification for '../../Plugins/2D/Paper2D/Content/' was aborted.
[2018.12.06-02.19.16:228][982]LogDirectoryWatcher: A directory notification for '../../Plugins/Enterprise/DatasmithContent/Content/' was aborted.
[2018.12.06-02.19.16:228][982]LogDirectoryWatcher: A directory notification for '../../Plugins/Media/MediaCompositing/Content/' was aborted.
[2018.12.06-02.19.16:228][982]LogDirectoryWatcher: A directory notification for '../../Plugins/Runtime/AppleARKit/Content/' was aborted.
[2018.12.06-02.19.16:228][982]LogDirectoryWatcher: A directory notification for '../../Plugins/Runtime/Oculus/OculusVR/Content/' was aborted.
[2018.12.06-02.19.16:229][982]LogDirectoryWatcher: A directory notification for '../../Plugins/Runtime/Steam/SteamVR/Content/' was aborted.
[2018.12.06-02.19.16:284][982]LogExit: Object subsystem successfully closed.
[2018.12.06-02.19.16:305][982]LogShaderCompilers: Display: Shaders left to compile 0
[2018.12.06-02.19.16:307][982]LogD3D11RHI: Shutdown
[2018.12.06-02.19.16:307][982]LogD3D11RHI: CleanupD3DDevice
[2018.12.06-02.19.16:309][982]LogD3D11RHI: ~FD3D11DynamicRHI
[2018.12.06-02.19.16:330][982]LogModuleManager: Shutting down and abandoning module HierarchicalLODOutliner (578)
[2018.12.06-02.19.16:330][982]LogModuleManager: Shutting down and abandoning module DesktopPlatform (576)
[2018.12.06-02.19.16:330][982]LogModuleManager: Shutting down and abandoning module SceneOutliner (574)
[2018.12.06-02.19.16:331][982]LogModuleManager: Shutting down and abandoning module AddContentDialog (572)
[2018.12.06-02.19.16:331][982]LogDirectoryWatcher: A directory notification for 'C:/Program Files/Epic Games/UE_4.19/FeaturePacks/' was aborted.
[2018.12.06-02.19.16:332][982]LogModuleManager: Shutting down and abandoning module WidgetCarousel (571)
[2018.12.06-02.19.16:332][982]LogModuleManager: Shutting down and abandoning module EditorWidgets (568)
[2018.12.06-02.19.16:332][982]LogModuleManager: Shutting down and abandoning module CollectionManager (566)
[2018.12.06-02.19.16:332][982]LogDirectoryWatcher: A directory notification for 'C:/Users/Tyler/Desktop/Repository_Files/UnrealMasteryCourseUdemy/CoopShooterGame/Content/Collections/' was aborted.
[2018.12.06-02.19.16:332][982]LogDirectoryWatcher: A directory notification for 'C:/Users/Tyler/Desktop/Repository_Files/UnrealMasteryCourseUdemy/CoopShooterGame/Content/Developers/Tyler/Collections/' was aborted.
[2018.12.06-02.19.16:332][982]LogDirectoryWatcher: A directory notification for 'C:/Users/Tyler/Desktop/Repository_Files/UnrealMasteryCourseUdemy/CoopShooterGame/Saved/Collections/' was aborted.
[2018.12.06-02.19.16:332][982]LogModuleManager: Shutting down and abandoning module StatsViewer (564)
[2018.12.06-02.19.16:332][982]LogModuleManager: Shutting down and abandoning module FoliageEdit (562)
[2018.12.06-02.19.16:332][982]LogModuleManager: Shutting down and abandoning module LandscapeEditor (560)
[2018.12.06-02.19.16:332][982]LogModuleManager: Shutting down and abandoning module MeshPaintMode (558)
[2018.12.06-02.19.16:332][982]LogModuleManager: Shutting down and abandoning module SceneDepthPickerMode (556)
[2018.12.06-02.19.16:332][982]LogModuleManager: Shutting down and abandoning module ActorPickerMode (554)
[2018.12.06-02.19.16:332][982]LogModuleManager: Shutting down and abandoning module GeometryMode (552)
[2018.12.06-02.19.16:332][982]LogModuleManager: Shutting down and abandoning module TextureAlignMode (550)
[2018.12.06-02.19.16:332][982]LogModuleManager: Shutting down and abandoning module BspMode (548)
[2018.12.06-02.19.16:332][982]LogModuleManager: Shutting down and abandoning module PIEPreviewDeviceProfileSelector (546)
[2018.12.06-02.19.16:332][982]LogModuleManager: Shutting down and abandoning module HardwareSurvey (544)
[2018.12.06-02.19.16:332][982]LogModuleManager: Shutting down and abandoning module SequenceRecorderSections (542)
[2018.12.06-02.19.16:332][982]LogModuleManager: Shutting down and abandoning module AutomationWorker (540)
[2018.12.06-02.19.16:332][982]LogModuleManager: Shutting down and abandoning module AudioCaptureEditor (538)
[2018.12.06-02.19.16:332][982]LogModuleManager: Shutting down and abandoning module SequenceRecorder (537)
[2018.12.06-02.19.16:332][982]LogModuleManager: Shutting down and abandoning module MatineeToLevelSequence (534)
[2018.12.06-02.19.16:332][982]LogModuleManager: Shutting down and abandoning module LevelSequenceEditor (532)
[2018.12.06-02.19.16:332][982]LogModuleManager: Shutting down and abandoning module PlacementMode (531)
[2018.12.06-02.19.16:332][982]LogModuleManager: Shutting down and abandoning module MaterialEditor (530)
[2018.12.06-02.19.16:332][982]LogModuleManager: Shutting down and abandoning module WmfMediaFactory (526)
[2018.12.06-02.19.16:332][982]LogModuleManager: Shutting down and abandoning module WmfMediaEditor (524)
[2018.12.06-02.19.16:333][982]LogModuleManager: Shutting down and abandoning module MediaPlayerEditor (522)
[2018.12.06-02.19.16:333][982]LogModuleManager: Shutting down and abandoning module OpenExrWrapper (520)
[2018.12.06-02.19.16:333][982]LogModuleManager: Shutting down and abandoning module ImgMediaFactory (518)
[2018.12.06-02.19.16:333][982]LogModuleManager: Shutting down and abandoning module ImgMediaEditor (516)
[2018.12.06-02.19.16:333][982]LogModuleManager: Shutting down and abandoning module AvfMediaFactory (514)
[2018.12.06-02.19.16:333][982]LogModuleManager: Shutting down and abandoning module AvfMediaEditor (512)
[2018.12.06-02.19.16:333][982]LogModuleManager: Shutting down and abandoning module AndroidMediaFactory (510)
[2018.12.06-02.19.16:333][982]LogModuleManager: Shutting down and abandoning module AndroidMediaEditor (508)
[2018.12.06-02.19.16:333][982]LogModuleManager: Shutting down and abandoning module CharacterAI (506)
[2018.12.06-02.19.16:333][982]LogModuleManager: Shutting down and abandoning module SmartSnapping (504)
[2018.12.06-02.19.16:333][982]LogModuleManager: Shutting down and abandoning module SessionServices (502)
[2018.12.06-02.19.16:333][982]LogModuleManager: Shutting down and abandoning module ViewportSnapping (500)
[2018.12.06-02.19.16:333][982]LogModuleManager: Shutting down and abandoning module ViewportInteraction (498)
[2018.12.06-02.19.16:333][982]LogModuleManager: Shutting down and abandoning module ClothPainter (496)
[2018.12.06-02.19.16:333][982]LogModuleManager: Shutting down and abandoning module SkeletalMeshEditor (495)
[2018.12.06-02.19.16:333][982]LogModuleManager: Shutting down and abandoning module LogVisualizer (492)
[2018.12.06-02.19.16:333][982]LogModuleManager: Shutting down and abandoning module IntroTutorials (490)
[2018.12.06-02.19.16:333][982]LogModuleManager: Shutting down and abandoning module GameProjectGeneration (489)
[2018.12.06-02.19.16:334][982]LogModuleManager: Shutting down and abandoning module IOSPlatformEditor (486)
[2018.12.06-02.19.16:334][982]LogModuleManager: Shutting down and abandoning module HTML5PlatformEditor (484)
[2018.12.06-02.19.16:334][982]LogModuleManager: Shutting down and abandoning module AndroidPlatformEditor (482)
[2018.12.06-02.19.16:334][982]LogModuleManager: Shutting down and abandoning module AndroidDeviceDetection (481)
[2018.12.06-02.19.16:737][982]LogModuleManager: Shutting down and abandoning module WindowsPlatformEditor (478)
[2018.12.06-02.19.16:737][982]LogModuleManager: Shutting down and abandoning module IOSRuntimeSettings (476)
[2018.12.06-02.19.16:737][982]LogModuleManager: Shutting down and abandoning module AndroidRuntimeSettings (474)
[2018.12.06-02.19.16:737][982]LogModuleManager: Shutting down and abandoning module InputBindingEditor (472)
[2018.12.06-02.19.16:738][982]LogModuleManager: Shutting down and abandoning module MergeActors (470)
[2018.12.06-02.19.16:738][982]LogModuleManager: Shutting down and abandoning module LocalizationDashboard (468)
[2018.12.06-02.19.16:738][982]LogModuleManager: Shutting down and abandoning module LocalizationService (467)
[2018.12.06-02.19.16:738][982]LogModuleManager: Shutting down and abandoning module HardwareTargeting (464)
[2018.12.06-02.19.16:738][982]LogModuleManager: Shutting down and abandoning module DeviceProfileEditor (462)
[2018.12.06-02.19.16:738][982]LogModuleManager: Shutting down and abandoning module UndoHistory (460)
[2018.12.06-02.19.16:738][982]LogModuleManager: Shutting down and abandoning module XmlParser (458)
[2018.12.06-02.19.16:738][982]LogModuleManager: Shutting down and abandoning module Blutility (456)
[2018.12.06-02.19.16:738][982]LogModuleManager: Shutting down and abandoning module ProjectSettingsViewer (454)
[2018.12.06-02.19.16:738][982]LogModuleManager: Shutting down and abandoning module ProjectTargetPlatformEditor (453)
[2018.12.06-02.19.16:739][982]LogModuleManager: Shutting down and abandoning module EditorSettingsViewer (450)
[2018.12.06-02.19.16:739][982]LogModuleManager: Shutting down and abandoning module SettingsEditor (448)
[2018.12.06-02.19.16:739][982]LogModuleManager: Shutting down and abandoning module ProjectLauncher (446)
[2018.12.06-02.19.16:739][982]LogModuleManager: Shutting down and abandoning module SessionFrontend (444)
[2018.12.06-02.19.16:739][982]LogModuleManager: Shutting down and abandoning module ProfilerClient (442)
[2018.12.06-02.19.16:739][982]LogModuleManager: Shutting down and abandoning module DeviceManager (440)
[2018.12.06-02.19.16:739][982]LogModuleManager: Shutting down and abandoning module TargetDeviceServices (439)
[2018.12.06-02.19.16:804][982]LogModuleManager: Shutting down and abandoning module AutomationController (436)
[2018.12.06-02.19.16:804][982]LogModuleManager: Shutting down and abandoning module AutomationWindow (434)
[2018.12.06-02.19.16:804][982]LogModuleManager: Shutting down and abandoning module Layers (432)
[2018.12.06-02.19.16:804][982]LogModuleManager: Shutting down and abandoning module ComponentVisualizers (430)
[2018.12.06-02.19.16:804][982]LogModuleManager: Shutting down and abandoning module DetailCustomizations (428)
[2018.12.06-02.19.16:804][982]LogModuleManager: Shutting down and abandoning module PackagesDialog (426)
[2018.12.06-02.19.16:804][982]LogModuleManager: Shutting down and abandoning module Persona (424)
[2018.12.06-02.19.16:805][982]LogModuleManager: Shutting down and abandoning module AdvancedPreviewScene (423)
[2018.12.06-02.19.16:805][982]LogModuleManager: Shutting down and abandoning module AnimGraph (421)
[2018.12.06-02.19.16:805][982]LogModuleManager: Shutting down and abandoning module Kismet (418)
[2018.12.06-02.19.16:806][982]LogModuleManager: Shutting down and abandoning module GraphEditor (416)
[2018.12.06-02.19.16:806][982]LogModuleManager: Shutting down and abandoning module ClassViewer (414)
[2018.12.06-02.19.16:806][982]LogModuleManager: Shutting down and abandoning module Toolbox (412)
[2018.12.06-02.19.16:806][982]LogModuleManager: Shutting down and abandoning module ModuleUI (410)
[2018.12.06-02.19.16:806][982]LogModuleManager: Shutting down and abandoning module MovieSceneTools (408)
[2018.12.06-02.19.16:807][982]LogModuleManager: Shutting down and abandoning module OutputLog (406)
[2018.12.06-02.19.16:807][982]LogModuleManager: Shutting down and abandoning module GammaUI (404)
[2018.12.06-02.19.16:807][982]LogModuleManager: Shutting down and abandoning module Documentation (402)
[2018.12.06-02.19.16:807][982]LogModuleManager: Shutting down and abandoning module MovieSceneTracks (400)
[2018.12.06-02.19.16:807][982]LogModuleManager: Shutting down and abandoning module MovieScene (398)
[2018.12.06-02.19.16:807][982]LogModuleManager: Shutting down and abandoning module StreamingPauseRendering (396)
[2018.12.06-02.19.16:807][982]LogModuleManager: Shutting down and abandoning module LauncherPlatform (394)
[2018.12.06-02.19.16:807][982]LogModuleManager: Shutting down and abandoning module AnalyticsET (392)
[2018.12.06-02.19.16:807][982]LogModuleManager: Shutting down and abandoning module PortalServices (390)
[2018.12.06-02.19.16:807][982]LogModuleManager: Shutting down and abandoning module PortalRpc (388)
[2018.12.06-02.19.16:807][982]LogModuleManager: Shutting down and abandoning module MessagingRpc (386)
[2018.12.06-02.19.16:807][982]LogModuleManager: Shutting down and abandoning module AIModule (384)
[2018.12.06-02.19.16:807][982]LogModuleManager: Shutting down and abandoning module GameplayDebugger (383)
[2018.12.06-02.19.16:807][982]LogModuleManager: Shutting down and abandoning module AITestSuite (381)
[2018.12.06-02.19.16:807][982]LogModuleManager: Shutting down and abandoning module ProfilerService (378)
[2018.12.06-02.19.16:876][982]LogModuleManager: Shutting down and abandoning module TaskGraph (376)
[2018.12.06-02.19.16:876][982]LogModuleManager: Shutting down and abandoning module SteamVRController (374)
[2018.12.06-02.19.16:876][982]LogModuleManager: Shutting down and abandoning module ProceduralMeshComponentEditor (372)
[2018.12.06-02.19.16:876][982]LogModuleManager: Shutting down and abandoning module ProceduralMeshComponent (370)
[2018.12.06-02.19.16:876][982]LogModuleManager: Shutting down and abandoning module OculusInput (368)
[2018.12.06-02.19.16:876][982]LogModuleManager: Shutting down and abandoning module MobilePatchingUtils (366)
[2018.12.06-02.19.16:876][982]LogModuleManager: Shutting down and abandoning module CustomMeshComponent (364)
[2018.12.06-02.19.16:876][982]LogModuleManager: Shutting down and abandoning module CableComponent (362)
[2018.12.06-02.19.16:876][982]LogModuleManager: Shutting down and abandoning module AudioCapture (360)
[2018.12.06-02.19.16:876][982]LogModuleManager: Shutting down and abandoning module ArchVisCharacter (358)
[2018.12.06-02.19.16:876][982]LogModuleManager: Shutting down and abandoning module AndroidPermission (356)
[2018.12.06-02.19.16:877][982]LogModuleManager: Shutting down and abandoning module NUTUnrealEngine4 (352)
[2018.12.06-02.19.16:877][982]LogModuleManager: Shutting down and abandoning module NetcodeUnitTest (350)
[2018.12.06-02.19.16:877][982]LogModuleManager: Shutting down and abandoning module MediaCompositingEditor (348)
[2018.12.06-02.19.16:877][982]LogModuleManager: Shutting down and abandoning module MediaCompositing (346)
[2018.12.06-02.19.16:877][982]LogModuleManager: Shutting down and abandoning module LinearTimecode (344)
[2018.12.06-02.19.16:877][982]LogModuleManager: Shutting down and abandoning module ImgMedia (342)
[2018.12.06-02.19.16:883][982]LogModuleManager: Shutting down and abandoning module HTML5Networking (340)
[2018.12.06-02.19.16:884][982]LogModuleManager: Shutting down and abandoning module AlembicImporter (338)
[2018.12.06-02.19.16:884][982]LogModuleManager: Shutting down and abandoning module AlembicLibrary (337)
[2018.12.06-02.19.16:884][982]LogModuleManager: Shutting down and abandoning module GeometryCache (336)
[2018.12.06-02.19.16:884][982]LogModuleManager: Shutting down and abandoning module GeometryCacheEd (335)
[2018.12.06-02.19.16:884][982]LogModuleManager: Shutting down and abandoning module DatasmithContent (330)
[2018.12.06-02.19.16:884][982]LogModuleManager: Shutting down and abandoning module SpeedTreeImporter (328)
[2018.12.06-02.19.16:884][982]LogModuleManager: Shutting down and abandoning module PluginBrowser (326)
[2018.12.06-02.19.16:884][982]LogModuleManager: Shutting down and abandoning module MobileLauncherProfileWizard (324)
[2018.12.06-02.19.16:884][982]LogModuleManager: Shutting down and abandoning module CryptoKeysOpenSSL (322)
[2018.12.06-02.19.16:884][982]LogModuleManager: Shutting down and abandoning module CryptoKeys (320)
[2018.12.06-02.19.16:884][982]LogModuleManager: Shutting down and abandoning module VisualStudioSourceCodeAccess (318)
[2018.12.06-02.19.16:884][982]LogModuleManager: Shutting down and abandoning module VisualStudioCodeSourceCodeAccess (316)
[2018.12.06-02.19.16:884][982]LogModuleManager: Shutting down and abandoning module UObjectPlugin (314)
[2018.12.06-02.19.16:884][982]LogModuleManager: Shutting down and abandoning module SubversionSourceControl (312)
[2018.12.06-02.19.16:884][982]LogModuleManager: Shutting down and abandoning module PerforceSourceControl (310)
[2018.12.06-02.19.16:884][982]LogModuleManager: Shutting down and abandoning module GitSourceControl (308)
[2018.12.06-02.19.16:885][982]LogModuleManager: Shutting down and abandoning module SourceControl (307)
[2018.12.06-02.19.16:885][982]LogModuleManager: Shutting down and abandoning module CLionSourceCodeAccess (304)
[2018.12.06-02.19.16:885][982]LogModuleManager: Shutting down and abandoning module LightPropagationVolumeEditor (302)
[2018.12.06-02.19.16:885][982]LogModuleManager: Shutting down and abandoning module PaperTiledImporter (300)
[2018.12.06-02.19.16:885][982]LogModuleManager: Shutting down and abandoning module PaperSpriteSheetImporter (298)
[2018.12.06-02.19.16:885][982]LogModuleManager: Shutting down and abandoning module Paper2DEditor (296)
[2018.12.06-02.19.16:885][982]LogModuleManager: Shutting down and abandoning module MeshPaint (295)
[2018.12.06-02.19.16:885][982]LogModuleManager: Shutting down and abandoning module CoopShooterGame (292)
[2018.12.06-02.19.16:885][982]LogModuleManager: Shutting down and abandoning module RuntimePhysXCooking (290)
[2018.12.06-02.19.16:885][982]LogModuleManager: Shutting down and abandoning module PhysXVehiclesEditor (288)
[2018.12.06-02.19.16:885][982]LogModuleManager: Shutting down and abandoning module PhysXVehicles (286)
[2018.12.06-02.19.16:885][982]LogModuleManager: Shutting down and abandoning module OculusEditor (284)
[2018.12.06-02.19.16:885][982]LogModuleManager: Shutting down and abandoning module LocationServicesBPLibrary (282)
[2018.12.06-02.19.16:885][982]LogModuleManager: Shutting down and abandoning module ImmediatePhysicsEditor (280)
[2018.12.06-02.19.16:885][982]LogModuleManager: Shutting down and abandoning module ImmediatePhysics (278)
[2018.12.06-02.19.16:885][982]LogModuleManager: Shutting down and abandoning module ActorSequence (276)
[2018.12.06-02.19.16:885][982]LogModuleManager: Shutting down and abandoning module UdpMessaging (274)
[2018.12.06-02.19.16:986][982]LogModuleManager: Shutting down and abandoning module TcpMessaging (272)
[2018.12.06-02.19.17:086][982]LogModuleManager: Shutting down and abandoning module GameplayTagsEditor (270)
[2018.12.06-02.19.17:086][982]LogModuleManager: Shutting down and abandoning module FacialAnimationEditor (268)
[2018.12.06-02.19.17:086][982]LogModuleManager: Shutting down and abandoning module FacialAnimation (266)
[2018.12.06-02.19.17:086][982]LogModuleManager: Shutting down and abandoning module DataValidation (264)
[2018.12.06-02.19.17:086][982]LogModuleManager: Shutting down and abandoning module AssetManagerEditor (262)
[2018.12.06-02.19.17:086][982]LogModuleManager: Shutting down and abandoning module LevelEditor (261)
[2018.12.06-02.19.17:087][982]LogModuleManager: Shutting down and abandoning module PixelInspectorModule (260)
[2018.12.06-02.19.17:087][982]LogModuleManager: Shutting down and abandoning module CommonMenuExtensions (258)
[2018.12.06-02.19.17:087][982]LogModuleManager: Shutting down and abandoning module MainFrame (256)
[2018.12.06-02.19.17:087][982]LogModuleManager: Shutting down and abandoning module HotReload (255)
[2018.12.06-02.19.17:087][982]LogDirectoryWatcher: A directory notification for 'C:/Users/Tyler/Desktop/Repository_Files/UnrealMasteryCourseUdemy/CoopShooterGame/Binaries/Win64' was aborted.
[2018.12.06-02.19.17:088][982]LogModuleManager: Shutting down and abandoning module ContentBrowser (251)
[2018.12.06-02.19.17:090][982]LogModuleManager: Shutting down and abandoning module TreeMap (249)
[2018.12.06-02.19.17:090][982]LogModuleManager: Shutting down and abandoning module LightPropagationVolumeRuntime (246)
[2018.12.06-02.19.17:090][982]LogModuleManager: Shutting down and abandoning module LiveLinkEditor (244)
[2018.12.06-02.19.17:090][982]LogModuleManager: Shutting down and abandoning module LiveLink (242)
[2018.12.06-02.19.17:691][982]LogModuleManager: Shutting down and abandoning module Paper2D (240)
[2018.12.06-02.19.17:691][982]LogModuleManager: Shutting down and abandoning module WindowsMoviePlayer (238)
[2018.12.06-02.19.17:691][982]LogModuleManager: Shutting down and abandoning module WmfMedia (236)
[2018.12.06-02.19.17:693][982]LogModuleManager: Shutting down and abandoning module Media (235)
[2018.12.06-02.19.17:699][982]LogModuleManager: Shutting down and abandoning module PacketHandler (232)
[2018.12.06-02.19.17:699][982]LogModuleManager: Shutting down and abandoning module ClothingSystemEditor (230)
[2018.12.06-02.19.17:699][982]LogModuleManager: Shutting down and abandoning module ClothingSystemRuntime (228)
[2018.12.06-02.19.17:699][982]LogModuleManager: Shutting down and abandoning module MediaAssets (226)
[2018.12.06-02.19.17:699][982]LogModuleManager: Shutting down and abandoning module Overlay (224)
[2018.12.06-02.19.17:699][982]LogModuleManager: Shutting down and abandoning module OverlayEditor (223)
[2018.12.06-02.19.17:699][982]LogModuleManager: Shutting down and abandoning module EnvironmentQueryEditor (220)
[2018.12.06-02.19.17:702][982]LogModuleManager: Shutting down and abandoning module VREditor (218)
[2018.12.06-02.19.17:702][982]LogModuleManager: Shutting down and abandoning module StringTableEditor (216)
[2018.12.06-02.19.17:702][982]LogModuleManager: Shutting down and abandoning module GameplayTasksEditor (214)
[2018.12.06-02.19.17:702][982]LogModuleManager: Shutting down and abandoning module BehaviorTreeEditor (212)
[2018.12.06-02.19.17:702][982]LogModuleManager: Shutting down and abandoning module FunctionalTesting (210)
[2018.12.06-02.19.17:702][982]LogModuleManager: Shutting down and abandoning module CollisionAnalyzer (208)
[2018.12.06-02.19.17:702][982]LogModuleManager: Shutting down and abandoning module WorkspaceMenuStructure (207)
[2018.12.06-02.19.17:702][982]LogModuleManager: Shutting down and abandoning module UMG (204)
[2018.12.06-02.19.17:702][982]LogModuleManager: Shutting down and abandoning module UMGEditor (203)
[2018.12.06-02.19.17:702][982]LogModuleManager: Shutting down and abandoning module Sequencer (202)
[2018.12.06-02.19.17:702][982]LogModuleManager: Shutting down and abandoning module MessageLog (199)
[2018.12.06-02.19.17:702][982]LogModuleManager: Shutting down and abandoning module SlateReflector (194)
[2018.12.06-02.19.17:702][982]LogModuleManager: Shutting down and abandoning module Slate (192)
[2018.12.06-02.19.17:702][982]LogModuleManager: Shutting down and abandoning module EditorStyle (190)
[2018.12.06-02.19.17:704][982]LogModuleManager: Shutting down and abandoning module MRMesh (188)
[2018.12.06-02.19.17:704][982]LogModuleManager: Shutting down and abandoning module SourceCodeAccess (186)
[2018.12.06-02.19.17:704][982]LogModuleManager: Shutting down and abandoning module HeadMountedDisplay (184)
[2018.12.06-02.19.17:704][982]LogModuleManager: Shutting down and abandoning module XAudio2 (182)
[2018.12.06-02.19.17:704][982]LogModuleManager: Shutting down and abandoning module Networking (180)
[2018.12.06-02.19.17:704][982]LogModuleManager: Shutting down and abandoning module Core (178)
[2018.12.06-02.19.17:704][982]LogModuleManager: Shutting down and abandoning module LevelSequence (176)
[2018.12.06-02.19.17:704][982]LogModuleManager: Shutting down and abandoning module KismetCompiler (174)
[2018.12.06-02.19.17:704][982]LogModuleManager: Shutting down and abandoning module MeshUtilities (172)
[2018.12.06-02.19.17:704][982]LogModuleManager: Shutting down and abandoning module MeshMergeUtilities (171)
[2018.12.06-02.19.17:705][982]LogModuleManager: Shutting down and abandoning module MeshReductionInterface (170)
[2018.12.06-02.19.17:705][982]LogModuleManager: Shutting down and abandoning module SimplygonSwarm (169)
[2018.12.06-02.19.17:705][982]LogModuleManager: Shutting down and abandoning module SimplygonMeshReduction (167)
[2018.12.06-02.19.17:705][982]LogModuleManager: Shutting down and abandoning module QuadricMeshReduction (165)
[2018.12.06-02.19.17:705][982]LogModuleManager: Shutting down and abandoning module MaterialBaking (161)
[2018.12.06-02.19.17:705][982]LogModuleManager: Shutting down and abandoning module DirectoryWatcher (157)
[2018.12.06-02.19.17:706][982]LogModuleManager: Shutting down and abandoning module DerivedDataCache (154)
[2018.12.06-02.19.17:727][982]LogDerivedDataCache: Shutdown
[2018.12.06-02.19.17:727][982]LogModuleManager: Shutting down and abandoning module XGEController (152)
[2018.12.06-02.19.17:727][982]LogModuleManager: Shutting down and abandoning module TargetPlatform (150)
[2018.12.06-02.19.17:727][982]LogModuleManager: Shutting down and abandoning module VulkanShaderFormat (149)
[2018.12.06-02.19.17:727][982]LogModuleManager: Shutting down and abandoning module ShaderFormatVectorVM (147)
[2018.12.06-02.19.17:727][982]LogModuleManager: Shutting down and abandoning module ShaderFormatOpenGL (145)
[2018.12.06-02.19.17:727][982]LogModuleManager: Shutting down and abandoning module ShaderFormatD3D (143)
[2018.12.06-02.19.17:727][982]LogModuleManager: Shutting down and abandoning module MetalShaderFormat (141)
[2018.12.06-02.19.17:727][982]LogModuleManager: Shutting down and abandoning module TextureFormatUncompressed (139)
[2018.12.06-02.19.17:727][982]LogModuleManager: Shutting down and abandoning module TextureFormatPVR (137)
[2018.12.06-02.19.17:727][982]LogModuleManager: Shutting down and abandoning module TextureFormatDXT (135)
[2018.12.06-02.19.17:727][982]LogModuleManager: Shutting down and abandoning module TextureFormatIntelISPCTexComp (133)
[2018.12.06-02.19.17:727][982]LogModuleManager: Shutting down and abandoning module TextureFormatASTC (131)
[2018.12.06-02.19.17:727][982]LogModuleManager: Shutting down and abandoning module ImageWrapper (130)
[2018.12.06-02.19.17:727][982]LogModuleManager: Shutting down and abandoning module TextureFormatAndroid (127)
[2018.12.06-02.19.17:727][982]LogModuleManager: Shutting down and abandoning module AudioFormatOpus (125)
[2018.12.06-02.19.17:727][982]LogModuleManager: Shutting down and abandoning module AudioFormatOgg (123)
[2018.12.06-02.19.17:727][982]LogModuleManager: Shutting down and abandoning module AudioFormatADPCM (121)
[2018.12.06-02.19.17:727][982]LogModuleManager: Shutting down and abandoning module LinuxTargetPlatform (119)
[2018.12.06-02.19.17:727][982]LogModuleManager: Shutting down and abandoning module LinuxServerTargetPlatform (117)
[2018.12.06-02.19.17:728][982]LogModuleManager: Shutting down and abandoning module LinuxNoEditorTargetPlatform (115)
[2018.12.06-02.19.17:728][982]LogModuleManager: Shutting down and abandoning module LinuxClientTargetPlatform (113)
[2018.12.06-02.19.17:728][982]LogModuleManager: Shutting down and abandoning module TVOSTargetPlatform (111)
[2018.12.06-02.19.17:728][982]LogModuleManager: Shutting down and abandoning module Messaging (109)
[2018.12.06-02.19.17:728][982]LogModuleManager: Shutting down and abandoning module IOSTargetPlatform (107)
[2018.12.06-02.19.17:728][982]LogModuleManager: Shutting down and abandoning module HTML5TargetPlatform (105)
[2018.12.06-02.19.17:728][982]LogModuleManager: Shutting down and abandoning module AndroidTargetPlatform (103)
[2018.12.06-02.19.17:728][982]LogModuleManager: Shutting down and abandoning module Android_PVRTCTargetPlatform (101)
[2018.12.06-02.19.17:728][982]LogModuleManager: Shutting down and abandoning module Android_MultiTargetPlatform (99)
[2018.12.06-02.19.17:728][982]LogModuleManager: Shutting down and abandoning module Android_ETC2TargetPlatform (97)
[2018.12.06-02.19.17:728][982]LogModuleManager: Shutting down and abandoning module Android_ETC1TargetPlatform (95)
[2018.12.06-02.19.17:728][982]LogModuleManager: Shutting down and abandoning module Android_ETC1aTargetPlatform (93)
[2018.12.06-02.19.17:728][982]LogModuleManager: Shutting down and abandoning module Android_DXTTargetPlatform (91)
[2018.12.06-02.19.17:728][982]LogModuleManager: Shutting down and abandoning module Android_ATCTargetPlatform (89)
[2018.12.06-02.19.17:728][982]LogModuleManager: Shutting down and abandoning module Android_ASTCTargetPlatform (87)
[2018.12.06-02.19.17:728][982]LogModuleManager: Shutting down and abandoning module WindowsTargetPlatform (85)
[2018.12.06-02.19.17:728][982]LogModuleManager: Shutting down and abandoning module WindowsServerTargetPlatform (83)
[2018.12.06-02.19.17:728][982]LogModuleManager: Shutting down and abandoning module WindowsNoEditorTargetPlatform (81)
[2018.12.06-02.19.17:728][982]LogModuleManager: Shutting down and abandoning module WindowsClientTargetPlatform (79)
[2018.12.06-02.19.17:728][982]LogModuleManager: Shutting down and abandoning module MacTargetPlatform (77)
[2018.12.06-02.19.17:728][982]LogModuleManager: Shutting down and abandoning module MacServerTargetPlatform (75)
[2018.12.06-02.19.17:728][982]LogModuleManager: Shutting down and abandoning module MacNoEditorTargetPlatform (73)
[2018.12.06-02.19.17:728][982]LogModuleManager: Shutting down and abandoning module MacClientTargetPlatform (71)
[2018.12.06-02.19.17:728][982]LogModuleManager: Shutting down and abandoning module AllDesktopTargetPlatform (69)
[2018.12.06-02.19.17:728][982]LogModuleManager: Shutting down and abandoning module InputCore (66)
[2018.12.06-02.19.17:728][982]LogModuleManager: Shutting down and abandoning module Settings (64)
[2018.12.06-02.19.17:728][982]LogModuleManager: Shutting down and abandoning module PhysXCooking (62)
[2018.12.06-02.19.17:728][982]LogModuleManager: Shutting down and abandoning module SteamVR (60)
[2018.12.06-02.19.17:728][982]LogModuleManager: Shutting down and abandoning module OculusHMD (58)
[2018.12.06-02.19.17:728][982]LogModuleManager: Shutting down and abandoning module ExampleDeviceProfileSelector (56)
[2018.12.06-02.19.17:728][982]LogModuleManager: Shutting down and abandoning module AppleARKit (54)
[2018.12.06-02.19.17:728][982]LogModuleManager: Shutting down and abandoning module AugmentedReality (51)
[2018.12.06-02.19.17:728][982]LogModuleManager: Shutting down and abandoning module OnlineBlueprintSupport (48)
[2018.12.06-02.19.17:728][982]LogModuleManager: Shutting down and abandoning module OnlineSubsystem (44)
[2018.12.06-02.19.17:728][982]LogModuleManager: Shutting down and abandoning module XMPP (43)
[2018.12.06-02.19.17:728][982]LogModuleManager: Shutting down and abandoning module HTTP (41)
[2018.12.06-02.19.17:728][982]LogHttp: Display: Http module shutting down, but needs to wait on 1 outstanding Http requests:
[2018.12.06-02.19.17:728][982]LogHttp: Display: 	verb=[POST] url=[https://datarouter.ol.epicgames.com/datarouter/api/v1/public/data?SessionID=%7B7F17D444-4A7E-D7CF-78EC-CF990C649B4E%7D&AppID=UEEditor.Rocket.Release&AppVersion=4.19.2-4033788%2B%2B%2BUE4%2BRelease-4.19&UserID=d145e9f94de4149c1ea6108100dda1c3%7Cd33b2c4c25dc4ec4a929c0fc2b9964ca%7C862a9022-a5df-4122-a053-0ff37dff48eb&AppEnvironment=datacollector-binary&UploadType=eteventstream] status=Processing
[2018.12.06-02.19.17:730][982]LogModuleManager: Shutting down and abandoning module SSL (40)
[2018.12.06-02.19.17:730][982]LogModuleManager: Shutting down and abandoning module AnimationModifiers (36)
[2018.12.06-02.19.17:730][982]LogModuleManager: Shutting down and abandoning module PropertyEditor (35)
[2018.12.06-02.19.17:730][982]LogModuleManager: Shutting down and abandoning module AudioEditor (32)
[2018.12.06-02.19.17:730][982]LogModuleManager: Shutting down and abandoning module TextureCompressor (30)
[2018.12.06-02.19.17:731][982]LogModuleManager: Shutting down and abandoning module ShaderCore (28)
[2018.12.06-02.19.17:731][982]LogModuleManager: Shutting down and abandoning module Landscape (26)
[2018.12.06-02.19.17:731][982]LogModuleManager: Shutting down and abandoning module SlateRHIRenderer (24)
[2018.12.06-02.19.17:731][982]LogModuleManager: Shutting down and abandoning module OpenGLDrv (22)
[2018.12.06-02.19.17:731][982]LogModuleManager: Shutting down and abandoning module D3D11RHI (20)
[2018.12.06-02.19.17:731][982]LogModuleManager: Shutting down and abandoning module AnimGraphRuntime (18)
[2018.12.06-02.19.17:731][982]LogModuleManager: Shutting down and abandoning module Renderer (16)
[2018.12.06-02.19.17:731][982]LogModuleManager: Shutting down and abandoning module Engine (14)
[2018.12.06-02.19.17:731][982]LogModuleManager: Shutting down and abandoning module CoreUObject (12)
[2018.12.06-02.19.17:731][982]LogModuleManager: Shutting down and abandoning module NetworkFile (10)
[2018.12.06-02.19.17:731][982]LogModuleManager: Shutting down and abandoning module CookedIterativeFile (8)
[2018.12.06-02.19.17:731][982]LogModuleManager: Shutting down and abandoning module StreamingFile (6)
[2018.12.06-02.19.17:731][982]LogModuleManager: Shutting down and abandoning module SandboxFile (4)
[2018.12.06-02.19.17:731][982]LogModuleManager: Shutting down and abandoning module PakFile (2)
[2018.12.06-02.19.17:737][982]LogExit: Exiting.
[2018.12.06-02.19.17:757][982]Log file closed, 12/05/18 20:19:17
