Log file open, 10/03/18 05:20:09
LogWindows: Failed to load 'aqProf.dll' (GetLastError=126)
LogWindows: File 'aqProf.dll' does not exist
LogWindows: Failed to load 'VtuneApi.dll' (GetLastError=126)
LogWindows: File 'VtuneApi.dll' does not exist
LogWindows: Failed to load 'VtuneApi32e.dll' (GetLastError=126)
LogWindows: File 'VtuneApi32e.dll' does not exist
LogInit: Display: Running engine for game: FPSGame
LogPlatformFile: Not using cached read wrapper
LogInit: Display: RandInit(1707671033) SRandInit(1707671033).
LogInit: Read version file with build ID '3944462'
LogInit: Overriding engine version to CL 4033788, compatible CL 3944462
LogInit: Registered custom module enumerator with build ID '3944462'
LogTaskGraph: Started task graph with 5 named threads and 35 total threads with 3 sets of task threads.
LogStats: Stats thread started at 0.400528
LogD3D11RHI: Aftermath initialized
LogICUInternationalization: Display: ICU TimeZone Detection - Raw Offset: -6:00, Platform Override: ''
LogPluginManager: Mounting plugin Paper2D
LogPluginManager: Mounting plugin LiveLink
LogPluginManager: Mounting plugin LightPropagationVolume
LogPluginManager: Mounting plugin CLionSourceCodeAccess
LogPluginManager: Mounting plugin CodeLiteSourceCodeAccess
LogPluginManager: Mounting plugin GitSourceControl
LogPluginManager: Mounting plugin KDevelopSourceCodeAccess
LogPluginManager: Mounting plugin NullSourceCodeAccess
LogPluginManager: Mounting plugin PerforceSourceControl
LogPluginManager: Mounting plugin SubversionSourceControl
LogPluginManager: Mounting plugin UObjectPlugin
LogPluginManager: Mounting plugin VisualStudioCodeSourceCodeAccess
LogPluginManager: Mounting plugin VisualStudioSourceCodeAccess
LogPluginManager: Mounting plugin XCodeSourceCodeAccess
LogPluginManager: Mounting plugin AssetManagerEditor
LogPluginManager: Mounting plugin CryptoKeys
LogPluginManager: Mounting plugin DataValidation
LogPluginManager: Mounting plugin FacialAnimation
LogPluginManager: Mounting plugin GameplayTagsEditor
LogPluginManager: Mounting plugin MobileLauncherProfileWizard
LogPluginManager: Mounting plugin PluginBrowser
LogPluginManager: Mounting plugin SpeedTreeImporter
LogPluginManager: Mounting plugin DatasmithContent
LogPluginManager: Mounting plugin AlembicImporter
LogPluginManager: Mounting plugin CharacterAI
LogPluginManager: Mounting plugin HTML5Networking
LogPluginManager: Mounting plugin AndroidMedia
LogPluginManager: Mounting plugin AvfMedia
LogPluginManager: Mounting plugin ImgMedia
LogPluginManager: Mounting plugin LinearTimecode
LogPluginManager: Mounting plugin MediaCompositing
LogPluginManager: Mounting plugin MediaPlayerEditor
LogPluginManager: Mounting plugin WmfMedia
LogPluginManager: Mounting plugin TcpMessaging
LogPluginManager: Mounting plugin UdpMessaging
LogPluginManager: Mounting plugin ActorSequence
LogPluginManager: Mounting plugin LevelSequenceEditor
LogPluginManager: Mounting plugin MatineeToLevelSequence
LogPluginManager: Mounting plugin NetcodeUnitTest
LogPluginManager: Mounting plugin NUTUnrealEngine4
LogPluginManager: Mounting plugin OnlineSubsystemGooglePlay
LogPluginManager: Mounting plugin OnlineSubsystemIOS
LogPluginManager: Mounting plugin OnlineSubsystem
LogPluginManager: Mounting plugin OnlineSubsystemNull
LogPluginManager: Mounting plugin OnlineSubsystemUtils
LogPluginManager: Mounting plugin AndroidDeviceProfileSelector
LogPluginManager: Mounting plugin AndroidMoviePlayer
LogPluginManager: Mounting plugin AndroidPermission
LogPluginManager: Mounting plugin AppleARKit
LogPluginManager: Mounting plugin AppleMoviePlayer
LogPluginManager: Mounting plugin ArchVisCharacter
LogPluginManager: Mounting plugin AudioCapture
LogPluginManager: Mounting plugin CableComponent
LogPluginManager: Mounting plugin CustomMeshComponent
LogPluginManager: Mounting plugin ExampleDeviceProfileSelector
LogPluginManager: Mounting plugin GoogleCloudMessaging
LogPluginManager: Mounting plugin ImmediatePhysics
LogPluginManager: Mounting plugin IOSDeviceProfileSelector
LogPluginManager: Mounting plugin LinuxDeviceProfileSelector
LogPluginManager: Mounting plugin LocationServicesBPLibrary
LogPluginManager: Mounting plugin MobilePatchingUtils
LogPluginManager: Mounting plugin OculusVR
LogPluginManager: Plugin shader directory ../../../Engine/Plugins/Runtime/Oculus/OculusVR/Shaders found
LogPluginManager: Mapping shader source directory ../../../Engine/Plugins/Runtime/Oculus/OculusVR/Shaders to virtual directory /Plugin/OculusVR
LogPluginManager: Mounting plugin PhysXVehicles
LogPluginManager: Mounting plugin ProceduralMeshComponent
LogPluginManager: Mounting plugin RuntimePhysXCooking
LogPluginManager: Mounting plugin SteamVR
LogPluginManager: Mounting plugin WindowsMoviePlayer
LogStreaming: Display: Took  0.109s to configure plugins.
LogModuleManager: Display: Found up-to-date module file ../../../../../../Users/Tyler/Desktop/Repository_Files/UnrealMasteryCourseUdemy/StealthGameProject/StealthGame 4.19/Binaries/Win64/UE4Editor-FPSGame-1930.dll (API version 3944462).
LogModuleManager: Display: Found up-to-date module file ../../../Engine/Plugins/2D/Paper2D/Binaries/Win64/UE4Editor-Paper2D.dll (API version 3944462).
LogModuleManager: Display: Found up-to-date module file ../../../Engine/Plugins/2D/Paper2D/Binaries/Win64/UE4Editor-Paper2DEditor.dll (API version 3944462).
LogModuleManager: Display: Found up-to-date module file ../../../Engine/Plugins/2D/Paper2D/Binaries/Win64/UE4Editor-PaperSpriteSheetImporter.dll (API version 3944462).
LogModuleManager: Display: Found up-to-date module file ../../../Engine/Plugins/2D/Paper2D/Binaries/Win64/UE4Editor-PaperTiledImporter.dll (API version 3944462).
LogModuleManager: Display: Found up-to-date module file ../../../Engine/Plugins/2D/Paper2D/Binaries/Win64/UE4Editor-SmartSnapping.dll (API version 3944462).
LogModuleManager: Display: Found up-to-date module file ../../../Engine/Plugins/Animation/LiveLink/Binaries/Win64/UE4Editor-LiveLink.dll (API version 3944462).
LogModuleManager: Display: Found up-to-date module file ../../../Engine/Plugins/Animation/LiveLink/Binaries/Win64/UE4Editor-LiveLinkEditor.dll (API version 3944462).
LogModuleManager: Display: Found up-to-date module file ../../../Engine/Plugins/Blendables/LightPropagationVolume/Binaries/Win64/UE4Editor-LightPropagationVolumeRuntime.dll (API version 3944462).
LogModuleManager: Display: Found up-to-date module file ../../../Engine/Plugins/Blendables/LightPropagationVolume/Binaries/Win64/UE4Editor-LightPropagationVolumeEditor.dll (API version 3944462).
LogModuleManager: Display: Found up-to-date module file ../../../Engine/Plugins/Developer/CLionSourceCodeAccess/Binaries/Win64/UE4Editor-CLionSourceCodeAccess.dll (API version 3944462).
LogModuleManager: Display: Found up-to-date module file ../../../Engine/Plugins/Developer/GitSourceControl/Binaries/Win64/UE4Editor-GitSourceControl.dll (API version 3944462).
LogModuleManager: Display: Found up-to-date module file ../../../Engine/Plugins/Developer/PerforceSourceControl/Binaries/Win64/UE4Editor-PerforceSourceControl.dll (API version 3944462).
LogModuleManager: Display: Found up-to-date module file ../../../Engine/Plugins/Developer/SubversionSourceControl/Binaries/Win64/UE4Editor-SubversionSourceControl.dll (API version 3944462).
LogModuleManager: Display: Found up-to-date module file ../../../Engine/Plugins/Developer/UObjectPlugin/Binaries/Win64/UE4Editor-UObjectPlugin.dll (API version 3944462).
LogModuleManager: Display: Found up-to-date module file ../../../Engine/Plugins/Developer/VisualStudioCodeSourceCodeAccess/Binaries/Win64/UE4Editor-VisualStudioCodeSourceCodeAccess.dll (API version 3944462).
LogModuleManager: Display: Found up-to-date module file ../../../Engine/Plugins/Developer/VisualStudioSourceCodeAccess/Binaries/Win64/UE4Editor-VisualStudioSourceCodeAccess.dll (API version 3944462).
LogModuleManager: Display: Found up-to-date module file ../../../Engine/Plugins/Editor/AssetManagerEditor/Binaries/Win64/UE4Editor-AssetManagerEditor.dll (API version 3944462).
LogModuleManager: Display: Found up-to-date module file ../../../Engine/Plugins/Editor/CryptoKeys/Binaries/Win64/UE4Editor-CryptoKeys.dll (API version 3944462).
LogModuleManager: Display: Found up-to-date module file ../../../Engine/Plugins/Editor/CryptoKeys/Binaries/Win64/UE4Editor-CryptoKeysOpenSSL.dll (API version 3944462).
LogModuleManager: Display: Found up-to-date module file ../../../Engine/Plugins/Editor/DataValidation/Binaries/Win64/UE4Editor-DataValidation.dll (API version 3944462).
LogModuleManager: Display: Found up-to-date module file ../../../Engine/Plugins/Editor/FacialAnimation/Binaries/Win64/UE4Editor-FacialAnimation.dll (API version 3944462).
LogModuleManager: Display: Found up-to-date module file ../../../Engine/Plugins/Editor/FacialAnimation/Binaries/Win64/UE4Editor-FacialAnimationEditor.dll (API version 3944462).
LogModuleManager: Display: Found up-to-date module file ../../../Engine/Plugins/Editor/GameplayTagsEditor/Binaries/Win64/UE4Editor-GameplayTagsEditor.dll (API version 3944462).
LogModuleManager: Display: Found up-to-date module file ../../../Engine/Plugins/Editor/MobileLauncherProfileWizard/Binaries/Win64/UE4Editor-MobileLauncherProfileWizard.dll (API version 3944462).
LogModuleManager: Display: Found up-to-date module file ../../../Engine/Plugins/Editor/PluginBrowser/Binaries/Win64/UE4Editor-PluginBrowser.dll (API version 3944462).
LogModuleManager: Display: Found up-to-date module file ../../../Engine/Plugins/Editor/SpeedTreeImporter/Binaries/Win64/UE4Editor-SpeedTreeImporter.dll (API version 3944462).
LogModuleManager: Display: Found up-to-date module file ../../../Engine/Plugins/Enterprise/DatasmithContent/Binaries/Win64/UE4Editor-DatasmithContent.dll (API version 3944462).
LogModuleManager: Display: Found up-to-date module file ../../../Engine/Plugins/Experimental/AlembicImporter/Binaries/Win64/UE4Editor-AlembicImporter.dll (API version 3944462).
LogModuleManager: Display: Found up-to-date module file ../../../Engine/Plugins/Experimental/AlembicImporter/Binaries/Win64/UE4Editor-AlembicLibrary.dll (API version 3944462).
LogModuleManager: Display: Found up-to-date module file ../../../Engine/Plugins/Experimental/CharacterAI/Binaries/Win64/UE4Editor-CharacterAI.dll (API version 3944462).
LogModuleManager: Display: Found up-to-date module file ../../../Engine/Plugins/Experimental/HTML5Networking/Binaries/Win64/UE4Editor-HTML5Networking.dll (API version 3944462).
LogModuleManager: Display: Found up-to-date module file ../../../Engine/Plugins/Media/AndroidMedia/Binaries/Win64/UE4Editor-AndroidMediaEditor.dll (API version 3944462).
LogModuleManager: Display: Found up-to-date module file ../../../Engine/Plugins/Media/AndroidMedia/Binaries/Win64/UE4Editor-AndroidMediaFactory.dll (API version 3944462).
LogModuleManager: Display: Found up-to-date module file ../../../Engine/Plugins/Media/AvfMedia/Binaries/Win64/UE4Editor-AvfMediaEditor.dll (API version 3944462).
LogModuleManager: Display: Found up-to-date module file ../../../Engine/Plugins/Media/AvfMedia/Binaries/Win64/UE4Editor-AvfMediaFactory.dll (API version 3944462).
LogModuleManager: Display: Found up-to-date module file ../../../Engine/Plugins/Media/AvfMedia/Binaries/Win64/UE4Editor-AvfMediaFactory.dll (API version 3944462).
LogModuleManager: Display: Found up-to-date module file ../../../Engine/Plugins/Media/ImgMedia/Binaries/Win64/UE4Editor-ImgMedia.dll (API version 3944462).
LogModuleManager: Display: Found up-to-date module file ../../../Engine/Plugins/Media/ImgMedia/Binaries/Win64/UE4Editor-ImgMediaEditor.dll (API version 3944462).
LogModuleManager: Display: Found up-to-date module file ../../../Engine/Plugins/Media/ImgMedia/Binaries/Win64/UE4Editor-ImgMediaFactory.dll (API version 3944462).
LogModuleManager: Display: Found up-to-date module file ../../../Engine/Plugins/Media/ImgMedia/Binaries/Win64/UE4Editor-ImgMediaFactory.dll (API version 3944462).
LogModuleManager: Display: Found up-to-date module file ../../../Engine/Plugins/Media/ImgMedia/Binaries/Win64/UE4Editor-OpenExrWrapper.dll (API version 3944462).
LogModuleManager: Display: Found up-to-date module file ../../../Engine/Plugins/Media/LinearTimecode/Binaries/Win64/UE4Editor-LinearTimecode.dll (API version 3944462).
LogModuleManager: Display: Found up-to-date module file ../../../Engine/Plugins/Media/MediaCompositing/Binaries/Win64/UE4Editor-MediaCompositing.dll (API version 3944462).
LogModuleManager: Display: Found up-to-date module file ../../../Engine/Plugins/Media/MediaCompositing/Binaries/Win64/UE4Editor-MediaCompositingEditor.dll (API version 3944462).
LogModuleManager: Display: Found up-to-date module file ../../../Engine/Plugins/Media/MediaPlayerEditor/Binaries/Win64/UE4Editor-MediaPlayerEditor.dll (API version 3944462).
LogModuleManager: Display: Found up-to-date module file ../../../Engine/Plugins/Media/WmfMedia/Binaries/Win64/UE4Editor-WmfMedia.dll (API version 3944462).
LogModuleManager: Display: Found up-to-date module file ../../../Engine/Plugins/Media/WmfMedia/Binaries/Win64/UE4Editor-WmfMediaEditor.dll (API version 3944462).
LogModuleManager: Display: Found up-to-date module file ../../../Engine/Plugins/Media/WmfMedia/Binaries/Win64/UE4Editor-WmfMediaFactory.dll (API version 3944462).
LogModuleManager: Display: Found up-to-date module file ../../../Engine/Plugins/Media/WmfMedia/Binaries/Win64/UE4Editor-WmfMediaFactory.dll (API version 3944462).
LogModuleManager: Display: Found up-to-date module file ../../../Engine/Plugins/Messaging/TcpMessaging/Binaries/Win64/UE4Editor-TcpMessaging.dll (API version 3944462).
LogModuleManager: Display: Found up-to-date module file ../../../Engine/Plugins/Messaging/UdpMessaging/Binaries/Win64/UE4Editor-UdpMessaging.dll (API version 3944462).
LogModuleManager: Display: Found up-to-date module file ../../../Engine/Plugins/MovieScene/ActorSequence/Binaries/Win64/UE4Editor-ActorSequence.dll (API version 3944462).
LogModuleManager: Display: Found up-to-date module file ../../../Engine/Plugins/MovieScene/LevelSequenceEditor/Binaries/Win64/UE4Editor-LevelSequenceEditor.dll (API version 3944462).
LogModuleManager: Display: Found up-to-date module file ../../../Engine/Plugins/MovieScene/MatineeToLevelSequence/Binaries/Win64/UE4Editor-MatineeToLevelSequence.dll (API version 3944462).
LogModuleManager: Display: Found up-to-date module file ../../../Engine/Plugins/NetcodeUnitTest/NetcodeUnitTest/Binaries/Win64/UE4Editor-NetcodeUnitTest.dll (API version 3944462).
LogModuleManager: Display: Found up-to-date module file ../../../Engine/Plugins/NetcodeUnitTest/NUTUnrealEngine4/Binaries/Win64/UE4Editor-NUTUnrealEngine4.dll (API version 3944462).
LogModuleManager: Display: Found up-to-date module file ../../../Engine/Plugins/Online/OnlineSubsystem/Binaries/Win64/UE4Editor-OnlineSubsystem.dll (API version 3944462).
LogModuleManager: Display: Found up-to-date module file ../../../Engine/Plugins/Online/OnlineSubsystemNull/Binaries/Win64/UE4Editor-OnlineSubsystemNull.dll (API version 3944462).
LogModuleManager: Display: Found up-to-date module file ../../../Engine/Plugins/Online/OnlineSubsystemUtils/Binaries/Win64/UE4Editor-OnlineSubsystemUtils.dll (API version 3944462).
LogModuleManager: Display: Found up-to-date module file ../../../Engine/Plugins/Online/OnlineSubsystemUtils/Binaries/Win64/UE4Editor-OnlineBlueprintSupport.dll (API version 3944462).
LogModuleManager: Display: Found up-to-date module file ../../../Engine/Plugins/Runtime/AndroidDeviceProfileSelector/Binaries/Win64/UE4Editor-AndroidDeviceProfileSelector.dll (API version 3944462).
LogModuleManager: Display: Found up-to-date module file ../../../Engine/Plugins/Runtime/AndroidPermission/Binaries/Win64/UE4Editor-AndroidPermission.dll (API version 3944462).
LogModuleManager: Display: Found up-to-date module file ../../../Engine/Plugins/Runtime/AppleARKit/Binaries/Win64/UE4Editor-AppleARKit.dll (API version 3944462).
LogModuleManager: Display: Found up-to-date module file ../../../Engine/Plugins/Runtime/ArchVisCharacter/Binaries/Win64/UE4Editor-ArchVisCharacter.dll (API version 3944462).
LogModuleManager: Display: Found up-to-date module file ../../../Engine/Plugins/Runtime/AudioCapture/Binaries/Win64/UE4Editor-AudioCapture.dll (API version 3944462).
LogModuleManager: Display: Found up-to-date module file ../../../Engine/Plugins/Runtime/AudioCapture/Binaries/Win64/UE4Editor-AudioCaptureEditor.dll (API version 3944462).
LogModuleManager: Display: Found up-to-date module file ../../../Engine/Plugins/Runtime/CableComponent/Binaries/Win64/UE4Editor-CableComponent.dll (API version 3944462).
LogModuleManager: Display: Found up-to-date module file ../../../Engine/Plugins/Runtime/CustomMeshComponent/Binaries/Win64/UE4Editor-CustomMeshComponent.dll (API version 3944462).
LogModuleManager: Display: Found up-to-date module file ../../../Engine/Plugins/Runtime/ExampleDeviceProfileSelector/Binaries/Win64/UE4Editor-ExampleDeviceProfileSelector.dll (API version 3944462).
LogModuleManager: Display: Found up-to-date module file ../../../Engine/Plugins/Runtime/ImmediatePhysics/Binaries/Win64/UE4Editor-ImmediatePhysics.dll (API version 3944462).
LogModuleManager: Display: Found up-to-date module file ../../../Engine/Plugins/Runtime/ImmediatePhysics/Binaries/Win64/UE4Editor-ImmediatePhysicsEditor.dll (API version 3944462).
LogModuleManager: Display: Found up-to-date module file ../../../Engine/Plugins/Runtime/LocationServicesBPLibrary/Binaries/Win64/UE4Editor-LocationServicesBPLibrary.dll (API version 3944462).
LogModuleManager: Display: Found up-to-date module file ../../../Engine/Plugins/Runtime/MobilePatchingUtils/Binaries/Win64/UE4Editor-MobilePatchingUtils.dll (API version 3944462).
LogModuleManager: Display: Found up-to-date module file ../../../Engine/Plugins/Runtime/Oculus/OculusVR/Binaries/Win64/UE4Editor-OculusHMD.dll (API version 3944462).
LogModuleManager: Display: Found up-to-date module file ../../../Engine/Plugins/Runtime/Oculus/OculusVR/Binaries/Win64/UE4Editor-OculusInput.dll (API version 3944462).
LogModuleManager: Display: Found up-to-date module file ../../../Engine/Plugins/Runtime/Oculus/OculusVR/Binaries/Win64/UE4Editor-OculusEditor.dll (API version 3944462).
LogModuleManager: Display: Found up-to-date module file ../../../Engine/Plugins/Runtime/PhysXVehicles/Binaries/Win64/UE4Editor-PhysXVehicles.dll (API version 3944462).
LogModuleManager: Display: Found up-to-date module file ../../../Engine/Plugins/Runtime/PhysXVehicles/Binaries/Win64/UE4Editor-PhysXVehiclesEditor.dll (API version 3944462).
LogModuleManager: Display: Found up-to-date module file ../../../Engine/Plugins/Runtime/ProceduralMeshComponent/Binaries/Win64/UE4Editor-ProceduralMeshComponent.dll (API version 3944462).
LogModuleManager: Display: Found up-to-date module file ../../../Engine/Plugins/Runtime/ProceduralMeshComponent/Binaries/Win64/UE4Editor-ProceduralMeshComponentEditor.dll (API version 3944462).
LogModuleManager: Display: Found up-to-date module file ../../../Engine/Plugins/Runtime/RuntimePhysXCooking/Binaries/Win64/UE4Editor-RuntimePhysXCooking.dll (API version 3944462).
LogModuleManager: Display: Found up-to-date module file ../../../Engine/Plugins/Runtime/Steam/SteamVR/Binaries/Win64/UE4Editor-SteamVR.dll (API version 3944462).
LogModuleManager: Display: Found up-to-date module file ../../../Engine/Plugins/Runtime/Steam/SteamVR/Binaries/Win64/UE4Editor-SteamVRController.dll (API version 3944462).
LogModuleManager: Display: Found up-to-date module file ../../../Engine/Plugins/Runtime/WindowsMoviePlayer/Binaries/Win64/UE4Editor-WindowsMoviePlayer.dll (API version 3944462).
LogInit: Using libcurl 7.47.1
LogInit:  - built for x86_64-pc-win32
LogInit:  - supports SSL with OpenSSL/1.0.2g
LogInit:  - supports HTTP deflate (compression) using libz 1.2.8
LogInit:  - other features:
LogInit:      CURL_VERSION_SSL
LogInit:      CURL_VERSION_LIBZ
LogInit:      CURL_VERSION_IPV6
LogInit:      CURL_VERSION_ASYNCHDNS
LogInit:      CURL_VERSION_LARGEFILE
LogInit:      CURL_VERSION_IDN
LogInit:  CurlRequestOptions (configurable via config and command line):
LogInit:  - bVerifyPeer = false  - Libcurl will NOT verify peer certificate
LogInit:  - bUseHttpProxy = false  - Libcurl will NOT use HTTP proxy
LogInit:  - bDontReuseConnections = false  - Libcurl will reuse connections
LogInit:  - CertBundlePath = nullptr  - Libcurl will use whatever was configured at build time.
LogInit:  - MaxHostConnections = 16  - Libcurl will limit the number of connections to a host
LogInit:  - LocalHostAddr = Default
LogInit: WinSock: version 1.1 (2.2), MaxSocks=32767, MaxUdp=65467
LogInit: WinSock: I am DESKTOP-4VFF8DG (192.168.1.93:0)
LogInit: Build: ++UE4+Release-4.19-CL-4033788
LogInit: Engine Version: 4.19.2-4033788+++UE4+Release-4.19
LogInit: Compatible Engine Version: 4.19.0-3944462+++UE4+Release-4.19
LogInit: Net CL: 3944462
LogDevObjectVersion: Number of dev versions registered: 18
LogDevObjectVersion:   Dev-Blueprints (B0D832E4-1F89-4F0D-ACCF-7EB736FD4AA2): 10
LogDevObjectVersion:   Dev-Build (E1C64328-A22C-4D53-A36C-8E866417BD8C): 0
LogDevObjectVersion:   Dev-Core (375EC13C-06E4-48FB-B500-84F0262A717E): 2
LogDevObjectVersion:   Dev-Editor (E4B068ED-F494-42E9-A231-DA0B2E46BB41): 23
LogDevObjectVersion:   Dev-Framework (CFFC743F-43B0-4480-9391-14DF171D2073): 33
LogDevObjectVersion:   Dev-Mobile (B02B49B5-BB20-44E9-A304-32B752E40360): 2
LogDevObjectVersion:   Dev-Networking (A4E4105C-59A1-49B5-A7C5-40C4547EDFEE): 0
LogDevObjectVersion:   Dev-Online (39C831C9-5AE6-47DC-9A44-9C173E1C8E7C): 0
LogDevObjectVersion:   Dev-Physics (78F01B33-EBEA-4F98-B9B4-84EACCB95AA2): 0
LogDevObjectVersion:   Dev-Platform (6631380F-2D4D-43E0-8009-CF276956A95A): 0
LogDevObjectVersion:   Dev-Rendering (12F88B9F-8875-4AFC-A67C-D90C383ABD29): 25
LogDevObjectVersion:   Dev-Sequencer (7B5AE74C-D270-4C10-A958-57980B212A5A): 6
LogDevObjectVersion:   Dev-VR (D7296918-1DD6-4BDD-9DE2-64A83CC13884): 1
LogDevObjectVersion:   Dev-LoadTimes (C2A15278-BFE7-4AFE-6C17-90FF531DF755): 1
LogDevObjectVersion:   Private-Geometry (6EACA3D4-40EC-4CC1-B786-8BED09428FC5): 2
LogDevObjectVersion:   Dev-AnimPhys (29E575DD-E0A3-4627-9D10-D276232CDCEA): 16
LogDevObjectVersion:   Dev-ReflectionCapture (6B266CEC-1EC7-4B8F-A30B-E4D90942FC07): 1
LogDevObjectVersion:   Dev-Automation (0DF73D61-A23F-47EA-B727-89E90C41499A): 1
LogInit: Compiled (64-bit): Apr 27 2018 02:06:57
LogInit: Compiled with Visual C++: 19.00.24215.01
LogInit: Build Configuration: Development
LogInit: Branch Name: ++UE4+Release-4.19
LogInit: Command Line: 
LogInit: Base Directory: C:/Program Files/Epic Games/UE_4.19/Engine/Binaries/Win64/
LogInit: Installed Engine Build: 1
LogStreaming: Display: Took  0.001s to delete old logs.
LogInit: Presizing for max 8388607 objects, including 0 objects not considered by GC, pre-allocating 0 bytes for permanent pool.
LogInit: Object subsystem initialized
[2018.10.03-10.20.12:014][  0]LogInit: Selected Device Profile: [Windows]
[2018.10.03-10.20.12:014][  0]LogInit: Applying CVar settings loaded from the selected device profile: [Windows]
[2018.10.03-10.20.12:022][  0]LogInit: Computer: DESKTOP-4VFF8DG
[2018.10.03-10.20.12:022][  0]LogInit: User: Tyler
[2018.10.03-10.20.12:022][  0]LogInit: CPU Page size=4096, Cores=6
[2018.10.03-10.20.12:022][  0]LogInit: High frequency timer resolution =3.609373 MHz
[2018.10.03-10.20.12:022][  0]LogMemory: Memory total: Physical=15.9GB (16GB approx)
[2018.10.03-10.20.12:022][  0]LogMemory: Platform Memory Stats for Windows
[2018.10.03-10.20.12:022][  0]LogMemory: Process Physical Memory: 274.91 MB used, 274.91 MB peak
[2018.10.03-10.20.12:022][  0]LogMemory: Process Virtual Memory: 271.39 MB used, 271.39 MB peak
[2018.10.03-10.20.12:022][  0]LogMemory: Physical Memory: 4796.79 MB used,  11510.55 MB free, 16307.34 MB total
[2018.10.03-10.20.12:022][  0]LogMemory: Virtual Memory: 4815.90 MB used,  11510.55 MB free, 134217728.00 MB total
[2018.10.03-10.20.12:037][  0]LogInit: Using OS detected language (en-US).
[2018.10.03-10.20.12:037][  0]LogInit: Using OS detected locale (en-US).
[2018.10.03-10.20.12:047][  0]LogTextLocalizationManager: No specific localization for 'en-US' exists, so the 'en' localization will be used.
[2018.10.03-10.20.12:378][  0]LogStreaming: Display: Took  0.341s to EndInitTextLocalization.
[2018.10.03-10.20.12:378][  0]LogInit: Setting process to per monitor DPI aware
[2018.10.03-10.20.12:432][  0]LogSlate: New Slate User Created.  User Index 0, Is Virtual User: 0
[2018.10.03-10.20.12:432][  0]LogSlate: Slate User Registered.  User Index 0, Is Virtual User: 0
[2018.10.03-10.20.12:623][  0]LogD3D11RHI: D3D11 adapters:
[2018.10.03-10.20.12:660][  0]LogD3D11RHI:    0. 'NVIDIA GeForce GTX 1080 Ti' (Feature Level 11_0)
[2018.10.03-10.20.12:660][  0]LogD3D11RHI:       11127/0/8153 MB DedicatedVideo/DedicatedSystem/SharedSystem, Outputs:4, VendorId:0x10de
[2018.10.03-10.20.12:662][  0]LogD3D11RHI:    1. 'Microsoft Basic Render Driver' (Feature Level 11_0)
[2018.10.03-10.20.12:662][  0]LogD3D11RHI:       0/0/8153 MB DedicatedVideo/DedicatedSystem/SharedSystem, Outputs:0, VendorId:0x1414
[2018.10.03-10.20.12:662][  0]LogD3D11RHI: Chosen D3D11 Adapter: 0
[2018.10.03-10.20.12:667][  0]LogD3D11RHI: Creating new Direct3DDevice
[2018.10.03-10.20.12:667][  0]LogD3D11RHI:     GPU DeviceId: 0x1b06 (for the marketing name, search the web for "GPU Device Id")
[2018.10.03-10.20.12:667][  0]LogWindows: EnumDisplayDevices:
[2018.10.03-10.20.12:667][  0]LogWindows:    0. 'NVIDIA GeForce GTX 1080 Ti' (P:1 D:1)
[2018.10.03-10.20.12:667][  0]LogWindows:    1. 'NVIDIA GeForce GTX 1080 Ti' (P:0 D:1)
[2018.10.03-10.20.12:667][  0]LogWindows:    2. 'NVIDIA GeForce GTX 1080 Ti' (P:0 D:1)
[2018.10.03-10.20.12:668][  0]LogWindows:    3. 'NVIDIA GeForce GTX 1080 Ti' (P:0 D:1)
[2018.10.03-10.20.12:668][  0]LogWindows: DebugString: GetVideoDriverDetailsInvalid PrimaryIsNotTheChoosenAdapter GetVideoDriverDetailsInvalid PrimaryIsNotTheChoosenAdapter GetVideoDriverDetailsInvalid PrimaryIsNotTheChoosenAdapter GetVideoDriverDetailsInvalid PrimaryIsNotTheChoosenAdapter FoundDriverCount:0 
[2018.10.03-10.20.12:668][  0]LogD3D11RHI:     Adapter Name: NVIDIA GeForce GTX 1080 Ti
[2018.10.03-10.20.12:668][  0]LogD3D11RHI:   Driver Version: Unknown (internal:Unknown, unified:Unknown)
[2018.10.03-10.20.12:668][  0]LogD3D11RHI:      Driver Date: Unknown
[2018.10.03-10.20.12:668][  0]LogRHI: Texture pool is 7788 MB (70% of 11127 MB)
[2018.10.03-10.20.12:706][  0]LogD3D11RHI: [Aftermath] Aftermath enabled and primed
[2018.10.03-10.20.12:706][  0]LogD3D11RHI: [Aftermath] Aftermath enabled and primed
[2018.10.03-10.20.12:706][  0]LogD3D11RHI: Async texture creation enabled
[2018.10.03-10.20.12:723][  0]LogD3D11RHI: GPU Timing Frequency: 1000.000000 (Debug: 2 2)
[2018.10.03-10.20.12:913][  0]LogShaderCompilers: Guid format shader working directory is -69 characters bigger than the processId version (../../../../../../Users/Tyler/Desktop/Repository_Files/UnrealMasteryCourseUdemy/StealthGameProject/StealthGame 4.19/Intermediate/Shaders/WorkingDirectory/2336/).
[2018.10.03-10.20.12:913][  0]LogShaderCompilers: Cleaned the shader compiler working directory 'C:/Users/Tyler/AppData/Local/Temp/UnrealShaderWorkingDir/DF3F3FE64AEA8027416430AD9C1CA689/'.
[2018.10.03-10.20.13:103][  0]LogTemp: Display: Loaded TP AllDesktopTargetPlatform
[2018.10.03-10.20.13:114][  0]LogTemp: Display: Loaded TP MacClientTargetPlatform
[2018.10.03-10.20.13:125][  0]LogTemp: Display: Loaded TP MacNoEditorTargetPlatform
[2018.10.03-10.20.13:136][  0]LogTemp: Display: Loaded TP MacServerTargetPlatform
[2018.10.03-10.20.13:147][  0]LogTemp: Display: Loaded TP MacTargetPlatform
[2018.10.03-10.20.13:158][  0]LogTemp: Display: Loaded TP WindowsClientTargetPlatform
[2018.10.03-10.20.13:169][  0]LogTemp: Display: Loaded TP WindowsNoEditorTargetPlatform
[2018.10.03-10.20.13:180][  0]LogTemp: Display: Loaded TP WindowsServerTargetPlatform
[2018.10.03-10.20.13:186][  0]LogTemp: Display: Loaded TP WindowsTargetPlatform
[2018.10.03-10.20.13:195][  0]LogTemp: Display: Loaded TP Android_ASTCTargetPlatform
[2018.10.03-10.20.13:205][  0]LogTemp: Display: Loaded TP Android_ATCTargetPlatform
[2018.10.03-10.20.13:214][  0]LogTemp: Display: Loaded TP Android_DXTTargetPlatform
[2018.10.03-10.20.13:223][  0]LogTemp: Display: Loaded TP Android_ETC1aTargetPlatform
[2018.10.03-10.20.13:233][  0]LogTemp: Display: Loaded TP Android_ETC1TargetPlatform
[2018.10.03-10.20.13:242][  0]LogTemp: Display: Loaded TP Android_ETC2TargetPlatform
[2018.10.03-10.20.13:261][  0]LogTemp: Display: Loaded TP Android_MultiTargetPlatform
[2018.10.03-10.20.13:261][  0]LogTemp: Display: Loaded TP Android_PVRTCTargetPlatform
[2018.10.03-10.20.13:271][  0]LogTemp: Display: Loaded TP AndroidTargetPlatform
[2018.10.03-10.20.13:272][  0]LogTemp: Display: Loaded TP HTML5TargetPlatform
[2018.10.03-10.20.13:306][  0]LogTemp: Display: Loaded TP IOSTargetPlatform
[2018.10.03-10.20.13:315][  0]LogTemp: Display: Loaded TP TVOSTargetPlatform
[2018.10.03-10.20.13:324][  0]LogTemp: Display: Loaded TP LinuxClientTargetPlatform
[2018.10.03-10.20.13:334][  0]LogTemp: Display: Loaded TP LinuxNoEditorTargetPlatform
[2018.10.03-10.20.13:348][  0]LogTemp: Display: Loaded TP LinuxServerTargetPlatform
[2018.10.03-10.20.13:358][  0]LogTemp: Display: Loaded TP LinuxTargetPlatform
[2018.10.03-10.20.13:358][  0]LogTargetPlatformManager: Display: Building Assets For Windows
[2018.10.03-10.20.13:481][  0]LogXGEController: Cannot use XGE Controller as Incredibuild is not installed on this machine.
[2018.10.03-10.20.13:481][  0]LogShaderCompilers: Cannot use XGE Shader Compiler as Incredibuild is not installed on this machine.
[2018.10.03-10.20.13:481][  0]LogShaderCompilers: Display: Using Local Shader Compiler.
[2018.10.03-10.20.14:043][  0]LogDerivedDataCache: Display: Max Cache Size: 512 MB
[2018.10.03-10.20.14:107][  0]LogDerivedDataCache: Loaded boot cache 0.06s 76MB C:/Users/Tyler/AppData/Local/UnrealEngine/4.19/DerivedDataCache/Boot.ddc.
[2018.10.03-10.20.14:107][  0]LogDerivedDataCache: Display: Loaded Boot cache: C:/Users/Tyler/AppData/Local/UnrealEngine/4.19/DerivedDataCache/Boot.ddc
[2018.10.03-10.20.14:107][  0]LogDerivedDataCache: FDerivedDataBackendGraph:  Pak pak cache file ../../../../../../Users/Tyler/Desktop/Repository_Files/UnrealMasteryCourseUdemy/StealthGameProject/StealthGame 4.19/DerivedDataCache/DDC.ddp not found, will not use a pak cache.
[2018.10.03-10.20.14:107][  0]LogDerivedDataCache: Unable to find inner node Pak for hierarchical cache Hierarchy.
[2018.10.03-10.20.14:107][  0]LogDerivedDataCache: FDerivedDataBackendGraph:  CompressedPak pak cache file ../../../../../../Users/Tyler/Desktop/Repository_Files/UnrealMasteryCourseUdemy/StealthGameProject/StealthGame 4.19/DerivedDataCache/Compressed.ddp not found, will not use a pak cache.
[2018.10.03-10.20.14:108][  0]LogDerivedDataCache: Unable to find inner node CompressedPak for hierarchical cache Hierarchy.
[2018.10.03-10.20.14:119][  0]LogDerivedDataCache: Display: Pak cache opened for reading ../../../Engine/DerivedDataCache/Compressed.ddp.
[2018.10.03-10.20.14:132][  0]LogDerivedDataCache: Using Local data cache path C:/Users/Tyler/AppData/Local/UnrealEngine/Common/DerivedDataCache: Writable
[2018.10.03-10.20.14:132][  0]LogDerivedDataCache: Shared data cache path not found in *engine.ini, will not use an Shared cache.
[2018.10.03-10.20.14:132][  0]LogDerivedDataCache: Unable to find inner node Shared for hierarchical cache Hierarchy.
[2018.10.03-10.20.14:144][  0]LogMaterial: Verifying Global Shaders for PCD3D_SM5
[2018.10.03-10.20.14:145][  0]LogSlate: Using Freetype 2.6.0
[2018.10.03-10.20.14:149][  0]LogSlate: SlateFontCache - WITH_FREETYPE: 1, WITH_HARFBUZZ: 1
[2018.10.03-10.20.14:149][  0]LogSlate: SlateFontCache - WITH_FREETYPE: 1, WITH_HARFBUZZ: 1
[2018.10.03-10.20.14:280][  0]LogAssetRegistry: FAssetRegistry took 0.0257 seconds to start up
[2018.10.03-10.20.14:524][  0]LogInit: Selected Device Profile: [Windows]
[2018.10.03-10.20.14:647][  0]LogSimplygon: Simplygon DLL not present - disabling.
[2018.10.03-10.20.14:650][  0]LogMeshReduction: Using SimplygonSwarm for distributed automatic mesh merging
[2018.10.03-10.20.14:650][  0]LogMeshReduction: Using QuadricMeshReduction for automatic static mesh reduction
[2018.10.03-10.20.14:650][  0]LogMeshReduction: No automatic skeletal mesh reduction module available
[2018.10.03-10.20.14:650][  0]LogMeshReduction: No automatic mesh merging module available
[2018.10.03-10.20.14:650][  0]LogMeshMerging: No automatic mesh merging module available
[2018.10.03-10.20.14:709][  0]LogNetVersion: FPSGame , NetCL: 3944462, EngineNetVer: 2, GameNetVer: 0 (Checksum: 4285328657)
[2018.10.03-10.20.15:064][  0]LogPackageLocalizationCache: Processed 9 localized package path(s) for 2 prioritized culture(s) in 0.064811 seconds
[2018.10.03-10.20.15:068][  0]LogUObjectArray: 36728 objects as part of root set at end of initial load.
[2018.10.03-10.20.15:068][  0]LogUObjectAllocator: 7314312 out of 0 bytes used by permanent object pool.
[2018.10.03-10.20.15:068][  0]LogUObjectArray: CloseDisregardForGC: 0/0 objects in disregard for GC pool
[2018.10.03-10.20.16:445][  0]LogTcpMessaging: Initializing TcpMessaging bridge
[2018.10.03-10.20.16:475][  0]LogUdpMessaging: Initializing bridge on interface 0.0.0.0:0 to multicast group 230.0.0.1:6666.
[2018.10.03-10.20.16:756][  0]LogUObjectGlobals: Created PersistentFrame Addr=0x000001929db2dd00, Size=64, Default__FirstPerson_AnimBP_C Function /Game/Animations/FirstPerson_AnimBP.FirstPerson_AnimBP_C:ExecuteUbergraph_FirstPerson_AnimBP
[2018.10.03-10.20.16:767][  0]LogUObjectGlobals: Destroyed PersistentFrame Addr=0x000001929db2dd00, Size=64
[2018.10.03-10.20.16:767][  0]LogUObjectGlobals: Created PersistentFrame Addr=0x000001929db2dd00, Size=64, Default__FirstPerson_AnimBP_C Function /Engine/Transient.REINST_FirstPerson_AnimBP_C_0:ExecuteUbergraph_FirstPerson_AnimBP
[2018.10.03-10.20.16:774][  0]LogUObjectGlobals: Created PersistentFrame Addr=0x000001929d5ae660, Size=72, Default__FirstPerson_AnimBP_C Function /Game/Animations/FirstPerson_AnimBP.FirstPerson_AnimBP_C:ExecuteUbergraph_FirstPerson_AnimBP
[2018.10.03-10.20.16:828][  0]LogUObjectGlobals: Created PersistentFrame Addr=0x000001929dba63e0, Size=8, Default__BP_Player_C Function /Game/Blueprints/BP_Player.BP_Player_C:ExecuteUbergraph_BP_Player
[2018.10.03-10.20.16:829][  0]LogUObjectGlobals: Destroyed PersistentFrame Addr=0x000001929dba63e0, Size=8
[2018.10.03-10.20.16:829][  0]LogUObjectGlobals: Created PersistentFrame Addr=0x000001929dba63e0, Size=8, Default__BP_Player_C Function /Engine/Transient.REINST_BP_Player_C_6:ExecuteUbergraph_BP_Player
[2018.10.03-10.20.16:830][  0]LogUObjectGlobals: Created PersistentFrame Addr=0x000001929dba62f0, Size=8, Default__BP_Player_C Function /Game/Blueprints/BP_Player.BP_Player_C:ExecuteUbergraph_BP_Player
[2018.10.03-10.20.16:868][  0]LogSkeletalMesh: Skeletal Mesh found in DDC [0.562425ms] /Game/Weapon/SK_FPGun.SK_FPGun
[2018.10.03-10.20.16:873][  0]LogSkeletalMesh: Skeletal Mesh found in DDC [0.699845ms] /Game/Character/Mesh/SK_Mannequin_Arms.SK_Mannequin_Arms
[2018.10.03-10.20.17:011][  0]SourceControl: Source control is disabled
[2018.10.03-10.20.17:011][  0]SourceControl: Source control is disabled
[2018.10.03-10.20.17:029][  0]SourceControl: Source control is disabled
[2018.10.03-10.20.17:046][  0]SourceControl: Source control is disabled
[2018.10.03-10.20.17:537][  0]LogAndroidPermission: UAndroidPermissionCallbackProxy::GetInstance
[2018.10.03-10.20.17:730][  0]LogOcInput: OculusInput pre-init called
[2018.10.03-10.20.17:824][  0]LogEngine: Initializing Engine...
[2018.10.03-10.20.17:825][  0]LogHMD: Failed to initialize OpenVR with code 110
[2018.10.03-10.20.17:826][  0]LogStats: UGameplayTagsManager::ConstructGameplayTagTree: Construct from data asset -  0.000 s
[2018.10.03-10.20.17:826][  0]LogStats: UGameplayTagsManager::ConstructGameplayTagTree: GameplayTagTreeChangedEvent.Broadcast -  0.000 s
[2018.10.03-10.20.18:004][  0]LogAIModule: Creating AISystem for world Untitled
[2018.10.03-10.20.18:029][  0]LogInit: XAudio2 using 'MStar Demo (NVIDIA High Definition Audio)' : 2 channels at 48 kHz using 16 bits per sample (channel mask 0x3)
[2018.10.03-10.20.18:051][  0]LogInit: FAudioDevice initialized.
[2018.10.03-10.20.18:127][  0]LogDerivedDataCache: Saved boot cache 0.08s 76MB C:/Users/Tyler/AppData/Local/UnrealEngine/4.19/DerivedDataCache/Boot.ddc.
[2018.10.03-10.20.18:141][  0]LogInit: Texture streaming: Enabled
[2018.10.03-10.20.18:156][  0]LogEngineSessionManager: EngineSessionManager initialized
[2018.10.03-10.20.18:167][  0]LogInit: Transaction tracking system initialized
[2018.10.03-10.20.18:188][  0]BlueprintLog: New page: Editor Load
[2018.10.03-10.20.18:281][  0]LocalizationService: Localization service is disabled
[2018.10.03-10.20.18:392][  0]LogConsoleResponse: Display: 
[2018.10.03-10.20.18:518][  0]LogCook: Display: Max memory allowance for cook 16384mb min free memory 0mb
[2018.10.03-10.20.18:518][  0]LogCook: Display: Mobile HDR setting 1
[2018.10.03-10.20.18:518][  0]LogGameplayTags: Display: UGameplayTagsManager::DoneAddingNativeTags. DelegateIsBound: 0
[2018.10.03-10.20.18:518][  0]LogStats: UGameplayTagsManager::ConstructGameplayTagTree: Construct from data asset -  0.000 s
[2018.10.03-10.20.18:518][  0]LogStats: UGameplayTagsManager::ConstructGameplayTagTree: GameplayTagTreeChangedEvent.Broadcast -  0.000 s
[2018.10.03-10.20.18:873][  0]LogFileCache: Scanning file cache for directory 'C:/Users/Tyler/Desktop/Repository_Files/UnrealMasteryCourseUdemy/StealthGameProject/StealthGame 4.19/Content/' took 0.01s
[2018.10.03-10.20.18:873][  0]SourceControl: Source control is disabled
[2018.10.03-10.20.18:873][  0]LightingResults: New page: Lighting Build
[2018.10.03-10.20.18:875][  0]MapCheck: New page: Map Check
[2018.10.03-10.20.18:875][  0]LightingResults: New page: Lighting Build
[2018.10.03-10.20.18:883][  0]LogUObjectGlobals: Destroyed PersistentFrame Addr=0x000001929db2dd00, Size=64
[2018.10.03-10.20.18:883][  0]LogUObjectGlobals: Destroyed PersistentFrame Addr=0x000001929dba63e0, Size=8
[2018.10.03-10.20.18:904][  0]LogUObjectGlobals: Created PersistentFrame Addr=0x00000192ffa874c0, Size=24, Default__BP_HUD_C Function /Game/Blueprints/BP_HUD.BP_HUD_C:ExecuteUbergraph_BP_HUD
[2018.10.03-10.20.18:905][  0]LogUObjectGlobals: Destroyed PersistentFrame Addr=0x00000192ffa874c0, Size=24
[2018.10.03-10.20.18:905][  0]LogUObjectGlobals: Created PersistentFrame Addr=0x00000192ffa874c0, Size=24, Default__BP_HUD_C Function /Engine/Transient.REINST_BP_HUD_C_9:ExecuteUbergraph_BP_HUD
[2018.10.03-10.20.18:906][  0]LogUObjectGlobals: Created PersistentFrame Addr=0x00000192ffa86d88, Size=24, Default__BP_HUD_C Function /Game/Blueprints/BP_HUD.BP_HUD_C:ExecuteUbergraph_BP_HUD
[2018.10.03-10.20.19:153][  0]LogAIModule: Creating AISystem for world FirstPersonExampleMap
[2018.10.03-10.20.19:168][  0]LogEditorServer: Finished looking for orphan Actors (0.000 secs)
[2018.10.03-10.20.19:176][  0]LogUObjectGlobals: Destroyed PersistentFrame Addr=0x00000192ffa874c0, Size=24
[2018.10.03-10.20.19:177][  0]Cmd: MAP CHECKDEP NOCLEARLOG
[2018.10.03-10.20.19:242][  0]MapCheck: Map check complete: 0 Error(s), 0 Warning(s), took 65.212ms to complete.
[2018.10.03-10.20.19:242][  0]LogFileHelpers: Loading map 'FirstPersonExampleMap' took 0.370
[2018.10.03-10.20.19:471][  0]LogCollectionManager: Loaded 0 collections in 0.001637 seconds
[2018.10.03-10.20.19:585][  0]LogFileCache: Scanning file cache for directory 'C:/Users/Tyler/Desktop/Repository_Files/UnrealMasteryCourseUdemy/StealthGameProject/StealthGame 4.19/Saved/Collections/' took 0.01s
[2018.10.03-10.20.19:585][  0]LogFileCache: Scanning file cache for directory 'C:/Users/Tyler/Desktop/Repository_Files/UnrealMasteryCourseUdemy/StealthGameProject/StealthGame 4.19/Content/Developers/Tyler/Collections/' took 0.01s
[2018.10.03-10.20.19:585][  0]LogFileCache: Scanning file cache for directory 'C:/Users/Tyler/Desktop/Repository_Files/UnrealMasteryCourseUdemy/StealthGameProject/StealthGame 4.19/Content/Collections/' took 0.01s
[2018.10.03-10.20.19:585][  0]LogCollectionManager: Rebuilt the GUID cache for 0 collections in 0.000000 seconds
[2018.10.03-10.20.19:594][  0]LogContentBrowser: Native class hierarchy populated in 0.0081 seconds. Added 2458 classes and 561 folders.
[2018.10.03-10.20.19:606][  0]LogContentBrowser: Native class hierarchy updated for 'WidgetCarousel' in 0.0009 seconds. Added 0 classes and 0 folders.
[2018.10.03-10.20.19:767][  0]LogContentBrowser: Native class hierarchy updated for 'AddContentDialog' in 0.0009 seconds. Added 0 classes and 0 folders.
[2018.10.03-10.20.19:792][  0]LogContentBrowser: Native class hierarchy updated for 'SceneOutliner' in 0.0009 seconds. Added 1 classes and 2 folders.
[2018.10.03-10.20.19:964][  0]LogSlate: Took 0.000352 seconds to synchronously load lazily loaded font '../../../Engine/Content/Slate/Fonts/Roboto-Regular.ttf' (155K)
[2018.10.03-10.20.19:966][  0]LogSlate: Took 0.000168 seconds to synchronously load lazily loaded font '../../../Engine/Content/Slate/Fonts/Roboto-Bold.ttf' (160K)
[2018.10.03-10.20.19:975][  0]LogSlate: Took 0.003685 seconds to synchronously load lazily loaded font '../../../Engine/Content/Editor/Slate/Fonts/FontAwesome.ttf' (139K)
[2018.10.03-10.20.20:069][  0]LogRenderer: Reallocating scene render targets to support 1024x592 Format 10 NumSamples 1 (Frame:1).
[2018.10.03-10.20.20:201][  0]LogContentBrowser: Native class hierarchy updated for 'HierarchicalLODOutliner' in 0.0010 seconds. Added 0 classes and 0 folders.
[2018.10.03-10.20.20:201][  0]LogLoad: (Engine Initialization) Total time: 11.62 seconds
[2018.10.03-10.20.20:201][  0]LogLoad: (Engine Initialization) Total Blueprint compile time: 0.00 seconds
[2018.10.03-10.20.20:554][  0]LogAssetRegistry: Asset discovery search completed in 6.2962 seconds
[2018.10.03-10.20.20:556][  0]LogCollectionManager: Rebuilt the object cache for 0 collections in 0.000001 seconds (found 0 objects)
[2018.10.03-10.20.20:556][  0]LogCollectionManager: Fixed up redirectors for 0 collections in 0.000035 seconds (updated 0 objects)
[2018.10.03-10.20.20:559][  0]LogContentStreaming: Texture pool size now 1000 MB
[2018.10.03-10.20.20:595][  0]LogSlate: Took 0.005383 seconds to synchronously load lazily loaded font '../../../Engine/Content/Slate/Fonts/Roboto-Light.ttf' (167K)
[2018.10.03-10.20.25:872][ 16]LogSlate: FSceneViewport::OnFocusLost() reason 0
[2018.10.03-10.20.28:775][358]LogSlate: Took 0.000169 seconds to synchronously load lazily loaded font '../../../Engine/Content/Slate/Fonts/Roboto-Light.ttf' (167K)
[2018.10.03-10.20.39:029][501]LogVSAccessor: Warning: Visual Studio is open but could not be queried - it may be blocked by a modal operation
[2018.10.03-11.22.56:725][715]LogTemp: Repeating last play command: Simulate
[2018.10.03-11.22.56:735][715]LogBlueprintUserMessages: Early PlayInEditor Detection: Level '/Game/Maps/FirstPersonExampleMap.FirstPersonExampleMap:PersistentLevel' has LevelScriptBlueprint '/Game/Maps/FirstPersonExampleMap.FirstPersonExampleMap:PersistentLevel.FirstPersonExampleMap' with GeneratedClass '/Game/Maps/FirstPersonExampleMap.FirstPersonExampleMap_C' with ClassGeneratedBy '/Game/Maps/FirstPersonExampleMap.FirstPersonExampleMap:PersistentLevel.FirstPersonExampleMap'
[2018.10.03-11.22.56:736][715]LogPlayLevel: PlayLevel: No blueprints needed recompiling
[2018.10.03-11.22.56:739][715]PIE: New page: SIE session: FirstPersonExampleMap (Oct 3, 2018, 1:22:56 AM)
[2018.10.03-11.22.56:739][715]LogPlayLevel: Creating play world package: /Game/Maps/UEDPIE_0_FirstPersonExampleMap
[2018.10.03-11.22.56:772][715]LogPlayLevel: PIE: StaticDuplicateObject took: (0.033748s)
[2018.10.03-11.22.56:773][715]LogAIModule: Creating AISystem for world FirstPersonExampleMap
[2018.10.03-11.22.56:774][715]LogPlayLevel: PIE: World Init took: (0.001059s)
[2018.10.03-11.22.56:774][715]LogPlayLevel: PIE: Created PIE world by copying editor world from /Game/Maps/FirstPersonExampleMap.FirstPersonExampleMap to /Game/Maps/UEDPIE_0_FirstPersonExampleMap.FirstPersonExampleMap (0.034991s)
[2018.10.03-11.22.56:810][715]LogInit: XAudio2 using 'MStar Demo (NVIDIA High Definition Audio)' : 2 channels at 48 kHz using 16 bits per sample (channel mask 0x3)
[2018.10.03-11.22.56:819][715]LogInit: FAudioDevice initialized.
[2018.10.03-11.22.56:864][715]LogLoad: Game class is 'BP_GameMode_C'
[2018.10.03-11.22.56:867][715]LogWorld: Bringing World /Game/Maps/UEDPIE_0_FirstPersonExampleMap.FirstPersonExampleMap up for play (max tick rate 0) at 2018.10.03-06.22.56
[2018.10.03-11.22.56:870][715]LogWorld: Bringing up level for play took: 0.003926
[2018.10.03-11.22.56:871][715]LogGameMode: FindPlayerStart: PATHS NOT DEFINED or NO PLAYERSTART with positive rating
[2018.10.03-11.22.56:876][715]LogContentBrowser: Native class hierarchy updated for 'MovieSceneCapture' in 0.0010 seconds. Added 11 classes and 0 folders.
[2018.10.03-11.22.56:878][715]PIE: Play in editor start time for /Game/Maps/UEDPIE_0_FirstPersonExampleMap -0.541
[2018.10.03-11.22.56:889][715]LogBlueprintUserMessages: Late PlayInEditor Detection: Level '/Game/Maps/FirstPersonExampleMap.FirstPersonExampleMap:PersistentLevel' has LevelScriptBlueprint '/Game/Maps/FirstPersonExampleMap.FirstPersonExampleMap:PersistentLevel.FirstPersonExampleMap' with GeneratedClass '/Game/Maps/FirstPersonExampleMap.FirstPersonExampleMap_C' with ClassGeneratedBy '/Game/Maps/FirstPersonExampleMap.FirstPersonExampleMap:PersistentLevel.FirstPersonExampleMap'
[2018.10.03-11.23.07:563][675]LogBlueprintUserMessages: Early EndPlayMap Detection: Level '/Game/Maps/FirstPersonExampleMap.FirstPersonExampleMap:PersistentLevel' has LevelScriptBlueprint '/Game/Maps/FirstPersonExampleMap.FirstPersonExampleMap:PersistentLevel.FirstPersonExampleMap' with GeneratedClass '/Game/Maps/FirstPersonExampleMap.FirstPersonExampleMap_C' with ClassGeneratedBy '/Game/Maps/FirstPersonExampleMap.FirstPersonExampleMap:PersistentLevel.FirstPersonExampleMap'
[2018.10.03-11.23.07:604][675]LogBlueprintUserMessages: Late EndPlayMap Detection: Level '/Game/Maps/FirstPersonExampleMap.FirstPersonExampleMap:PersistentLevel' has LevelScriptBlueprint '/Game/Maps/FirstPersonExampleMap.FirstPersonExampleMap:PersistentLevel.FirstPersonExampleMap' with GeneratedClass '/Game/Maps/FirstPersonExampleMap.FirstPersonExampleMap_C' with ClassGeneratedBy '/Game/Maps/FirstPersonExampleMap.FirstPersonExampleMap:PersistentLevel.FirstPersonExampleMap'
[2018.10.03-11.23.12:465][250]LogBlueprintUserMessages: Early PlayInEditor Detection: Level '/Game/Maps/FirstPersonExampleMap.FirstPersonExampleMap:PersistentLevel' has LevelScriptBlueprint '/Game/Maps/FirstPersonExampleMap.FirstPersonExampleMap:PersistentLevel.FirstPersonExampleMap' with GeneratedClass '/Game/Maps/FirstPersonExampleMap.FirstPersonExampleMap_C' with ClassGeneratedBy '/Game/Maps/FirstPersonExampleMap.FirstPersonExampleMap:PersistentLevel.FirstPersonExampleMap'
[2018.10.03-11.23.12:465][250]LogPlayLevel: PlayLevel: No blueprints needed recompiling
[2018.10.03-11.23.12:466][250]PIE: New page: PIE session: FirstPersonExampleMap (Oct 3, 2018, 1:23:12 AM)
[2018.10.03-11.23.12:466][250]LogPlayLevel: Creating play world package: /Game/Maps/UEDPIE_0_FirstPersonExampleMap
[2018.10.03-11.23.12:484][250]LogPlayLevel: PIE: StaticDuplicateObject took: (0.018216s)
[2018.10.03-11.23.12:485][250]LogAIModule: Creating AISystem for world FirstPersonExampleMap
[2018.10.03-11.23.12:485][250]LogPlayLevel: PIE: World Init took: (0.000731s)
[2018.10.03-11.23.12:485][250]LogPlayLevel: PIE: Created PIE world by copying editor world from /Game/Maps/FirstPersonExampleMap.FirstPersonExampleMap to /Game/Maps/UEDPIE_0_FirstPersonExampleMap.FirstPersonExampleMap (0.019239s)
[2018.10.03-11.23.12:519][250]LogInit: XAudio2 using 'MStar Demo (NVIDIA High Definition Audio)' : 2 channels at 48 kHz using 16 bits per sample (channel mask 0x3)
[2018.10.03-11.23.12:526][250]LogInit: FAudioDevice initialized.
[2018.10.03-11.23.12:560][250]LogLoad: Game class is 'BP_GameMode_C'
[2018.10.03-11.23.12:562][250]LogWorld: Bringing World /Game/Maps/UEDPIE_0_FirstPersonExampleMap.FirstPersonExampleMap up for play (max tick rate 0) at 2018.10.03-06.23.12
[2018.10.03-11.23.12:562][250]LogWorld: Bringing up level for play took: 0.001419
[2018.10.03-11.23.12:565][250]PIE: Play in editor start time for /Game/Maps/UEDPIE_0_FirstPersonExampleMap -0.854
[2018.10.03-11.23.12:565][250]LogBlueprintUserMessages: Late PlayInEditor Detection: Level '/Game/Maps/FirstPersonExampleMap.FirstPersonExampleMap:PersistentLevel' has LevelScriptBlueprint '/Game/Maps/FirstPersonExampleMap.FirstPersonExampleMap:PersistentLevel.FirstPersonExampleMap' with GeneratedClass '/Game/Maps/FirstPersonExampleMap.FirstPersonExampleMap_C' with ClassGeneratedBy '/Game/Maps/FirstPersonExampleMap.FirstPersonExampleMap:PersistentLevel.FirstPersonExampleMap'
[2018.10.03-11.23.16:186][669]LogSpawn: Warning: SpawnActor failed because of collision at the spawn location [X=-1845.545 Y=61.407 Z=159.645] for [BP_Projectile_C]
[2018.10.03-11.23.29:833][634]LogBlueprintUserMessages: Early EndPlayMap Detection: Level '/Game/Maps/FirstPersonExampleMap.FirstPersonExampleMap:PersistentLevel' has LevelScriptBlueprint '/Game/Maps/FirstPersonExampleMap.FirstPersonExampleMap:PersistentLevel.FirstPersonExampleMap' with GeneratedClass '/Game/Maps/FirstPersonExampleMap.FirstPersonExampleMap_C' with ClassGeneratedBy '/Game/Maps/FirstPersonExampleMap.FirstPersonExampleMap:PersistentLevel.FirstPersonExampleMap'
[2018.10.03-11.23.29:872][634]LogBlueprintUserMessages: Late EndPlayMap Detection: Level '/Game/Maps/FirstPersonExampleMap.FirstPersonExampleMap:PersistentLevel' has LevelScriptBlueprint '/Game/Maps/FirstPersonExampleMap.FirstPersonExampleMap:PersistentLevel.FirstPersonExampleMap' with GeneratedClass '/Game/Maps/FirstPersonExampleMap.FirstPersonExampleMap_C' with ClassGeneratedBy '/Game/Maps/FirstPersonExampleMap.FirstPersonExampleMap:PersistentLevel.FirstPersonExampleMap'
[2018.10.03-11.23.32:646][959]LogEditorViewport: Clicking on Actor (LMB): BP_Blackhole_C (BP_Blackhole)
[2018.10.03-11.23.35:440][278]Cmd: DELETE
[2018.10.03-11.23.35:440][278]Cmd: ACTOR DELETE
[2018.10.03-11.23.35:447][278]LogEditorActor: Deleted Actor: BP_Blackhole_C
[2018.10.03-11.23.35:456][278]LogEditorActor: Deleted 1 Actors (0.015 secs)
[2018.10.03-11.23.37:274][496]LogSlate: FSceneViewport::OnFocusLost() reason 0
[2018.10.03-11.23.37:390][510]LogTemp: Repeating last play command: Selected Viewport
[2018.10.03-11.23.37:400][510]LogBlueprintUserMessages: Early PlayInEditor Detection: Level '/Game/Maps/FirstPersonExampleMap.FirstPersonExampleMap:PersistentLevel' has LevelScriptBlueprint '/Game/Maps/FirstPersonExampleMap.FirstPersonExampleMap:PersistentLevel.FirstPersonExampleMap' with GeneratedClass '/Game/Maps/FirstPersonExampleMap.FirstPersonExampleMap_C' with ClassGeneratedBy '/Game/Maps/FirstPersonExampleMap.FirstPersonExampleMap:PersistentLevel.FirstPersonExampleMap'
[2018.10.03-11.23.37:400][510]LogPlayLevel: PlayLevel: No blueprints needed recompiling
[2018.10.03-11.23.37:401][510]PIE: New page: PIE session: FirstPersonExampleMap (Oct 3, 2018, 1:23:37 AM)
[2018.10.03-11.23.37:401][510]LogPlayLevel: Creating play world package: /Game/Maps/UEDPIE_0_FirstPersonExampleMap
[2018.10.03-11.23.37:415][510]LogPlayLevel: PIE: StaticDuplicateObject took: (0.014692s)
[2018.10.03-11.23.37:416][510]LogAIModule: Creating AISystem for world FirstPersonExampleMap
[2018.10.03-11.23.37:416][510]LogPlayLevel: PIE: World Init took: (0.000660s)
[2018.10.03-11.23.37:416][510]LogPlayLevel: PIE: Created PIE world by copying editor world from /Game/Maps/FirstPersonExampleMap.FirstPersonExampleMap to /Game/Maps/UEDPIE_0_FirstPersonExampleMap.FirstPersonExampleMap (0.015488s)
[2018.10.03-11.23.37:449][510]LogInit: XAudio2 using 'MStar Demo (NVIDIA High Definition Audio)' : 2 channels at 48 kHz using 16 bits per sample (channel mask 0x3)
[2018.10.03-11.23.37:456][510]LogInit: FAudioDevice initialized.
[2018.10.03-11.23.37:488][510]LogLoad: Game class is 'BP_GameMode_C'
[2018.10.03-11.23.37:490][510]LogWorld: Bringing World /Game/Maps/UEDPIE_0_FirstPersonExampleMap.FirstPersonExampleMap up for play (max tick rate 0) at 2018.10.03-06.23.37
[2018.10.03-11.23.37:490][510]LogWorld: Bringing up level for play took: 0.001279
[2018.10.03-11.23.37:491][510]PIE: Play in editor start time for /Game/Maps/UEDPIE_0_FirstPersonExampleMap 0.072
[2018.10.03-11.23.37:491][510]LogBlueprintUserMessages: Late PlayInEditor Detection: Level '/Game/Maps/FirstPersonExampleMap.FirstPersonExampleMap:PersistentLevel' has LevelScriptBlueprint '/Game/Maps/FirstPersonExampleMap.FirstPersonExampleMap:PersistentLevel.FirstPersonExampleMap' with GeneratedClass '/Game/Maps/FirstPersonExampleMap.FirstPersonExampleMap_C' with ClassGeneratedBy '/Game/Maps/FirstPersonExampleMap.FirstPersonExampleMap:PersistentLevel.FirstPersonExampleMap'
[2018.10.03-11.23.43:394][157]LogBlueprintUserMessages: Early EndPlayMap Detection: Level '/Game/Maps/FirstPersonExampleMap.FirstPersonExampleMap:PersistentLevel' has LevelScriptBlueprint '/Game/Maps/FirstPersonExampleMap.FirstPersonExampleMap:PersistentLevel.FirstPersonExampleMap' with GeneratedClass '/Game/Maps/FirstPersonExampleMap.FirstPersonExampleMap_C' with ClassGeneratedBy '/Game/Maps/FirstPersonExampleMap.FirstPersonExampleMap:PersistentLevel.FirstPersonExampleMap'
[2018.10.03-11.23.43:433][157]LogBlueprintUserMessages: Late EndPlayMap Detection: Level '/Game/Maps/FirstPersonExampleMap.FirstPersonExampleMap:PersistentLevel' has LevelScriptBlueprint '/Game/Maps/FirstPersonExampleMap.FirstPersonExampleMap:PersistentLevel.FirstPersonExampleMap' with GeneratedClass '/Game/Maps/FirstPersonExampleMap.FirstPersonExampleMap_C' with ClassGeneratedBy '/Game/Maps/FirstPersonExampleMap.FirstPersonExampleMap:PersistentLevel.FirstPersonExampleMap'
[2018.10.03-11.23.49:961][936]Cmd: TRANSACTION UNDO
[2018.10.03-11.23.49:961][936]LogEditorTransaction: Undo Delete Actors
[2018.10.03-11.24.16:412][ 73]LogSlate: FSceneViewport::OnFocusLost() reason 2
[2018.10.03-11.24.16:434][ 73]LogFileHelpers: Editor autosave (incl. sublevels) for '/Game/Maps/FirstPersonExampleMap' took 0.008
[2018.10.03-11.34.28:850][279]LogFileHelpers: Editor autosave (incl. sublevels) for '/Game/Maps/FirstPersonExampleMap' took 0.008
[2018.10.03-11.36.48:844][699]Candidate modules for hot reload:
[2018.10.03-11.36.48:844][699]  FPSGame
[2018.10.03-11.36.48:845][699]Launching UnrealBuildTool... [C:/Program Files/Epic Games/UE_4.19/Engine/Binaries/DotNET/UnrealBuildTool.exe FPSGame -ModuleWithSuffix=FPSGame,8192 Win64 Development -editorrecompile -canskiplink "C:/Users/Tyler/Desktop/Repository_Files/UnrealMasteryCourseUdemy/StealthGameProject/StealthGame 4.19/FPSGame.uproject" ]
[2018.10.03-11.36.49:415][699]Warning: Starting HotReload took  0.6s.
[2018.10.03-11.37.06:709][112]CompilerResultsLog: New page: Compilation - Oct 3, 2018, 1:37:06 AM
[2018.10.03-11.37.06:709][112]CompilerResultsLog: Compiling game modules for hot reload
[2018.10.03-11.37.06:709][112]CompilerResultsLog: Parsing headers for FPSGameEditor
[2018.10.03-11.37.06:709][112]CompilerResultsLog:   Running UnrealHeaderTool "C:\Users\Tyler\Desktop\Repository_Files\UnrealMasteryCourseUdemy\StealthGameProject\StealthGame 4.19\FPSGame.uproject" "C:\Users\Tyler\Desktop\Repository_Files\UnrealMasteryCourseUdemy\StealthGameProject\StealthGame 4.19\Intermediate\Build\Win64\FPSGameEditor\Development\FPSGameEditor.uhtmanifest" -LogCmds="loginit warning, logexit warning, logdatabase error" -Unattended -WarningsAsErrors -installed
[2018.10.03-11.37.06:709][112]CompilerResultsLog: Reflection code generated for FPSGameEditor in 8.8511586 seconds
[2018.10.03-11.37.06:709][112]CompilerResultsLog: Performing 4 actions (9 in parallel)
[2018.10.03-11.37.06:709][112]CompilerResultsLog: BlackHole.gen.cpp
[2018.10.03-11.37.06:709][112]CompilerResultsLog: BlackHole.cpp
[2018.10.03-11.37.06:709][112]LogMainFrame: MainFrame: Module compiling took 17.897 seconds
[2018.10.03-11.37.06:709][112]Warning: HotReload failed, recompile failed
[2018.10.03-11.37.06:922][125]LogSlate: Took 0.004481 seconds to synchronously load lazily loaded font '../../../Engine/Content/Slate/Fonts/Roboto-Italic.ttf' (157K)
[2018.10.03-11.37.08:235][277]Candidate modules for hot reload:
[2018.10.03-11.37.08:235][277]  FPSGame
[2018.10.03-11.37.08:236][277]Launching UnrealBuildTool... [C:/Program Files/Epic Games/UE_4.19/Engine/Binaries/DotNET/UnrealBuildTool.exe FPSGame -ModuleWithSuffix=FPSGame,9995 Win64 Development -editorrecompile -canskiplink "C:/Users/Tyler/Desktop/Repository_Files/UnrealMasteryCourseUdemy/StealthGameProject/StealthGame 4.19/FPSGame.uproject" ]
[2018.10.03-11.37.08:239][277]Warning: Starting HotReload took  0.0s.
[2018.10.03-11.37.12:119][726]CompilerResultsLog: New page: Compilation - Oct 3, 2018, 1:37:12 AM
[2018.10.03-11.37.12:119][726]CompilerResultsLog: Compiling game modules for hot reload
[2018.10.03-11.37.12:119][726]CompilerResultsLog: Performing full C++ include scan (no include cache file)
[2018.10.03-11.37.12:119][726]CompilerResultsLog: Performing 3 actions (9 in parallel)
[2018.10.03-11.37.12:119][726]CompilerResultsLog: BlackHole.cpp
[2018.10.03-11.37.12:119][726]CompilerResultsLog: [2/3] Link UE4Editor-FPSGame-9995.dll
[2018.10.03-11.37.12:119][726]CompilerResultsLog: [3/3] Link UE4Editor-FPSGame-9995.lib
[2018.10.03-11.37.12:119][726]CompilerResultsLog:    Creating library C:\Users\Tyler\Desktop\Repository_Files\UnrealMasteryCourseUdemy\StealthGameProject\StealthGame 4.19\Intermediate\Build\Win64\UE4Editor\Development\UE4Editor-FPSGame-9995.lib and object C:\Users\Tyler\Desktop\Repository_Files\UnrealMasteryCourseUdemy\StealthGameProject\StealthGame 4.19\Intermediate\Build\Win64\UE4Editor\Development\UE4Editor-FPSGame-9995.exp
[2018.10.03-11.37.12:119][726]CompilerResultsLog:    Creating library C:\Users\Tyler\Desktop\Repository_Files\UnrealMasteryCourseUdemy\StealthGameProject\StealthGame 4.19\Intermediate\Build\Win64\UE4Editor\Development\UE4Editor-FPSGame-9995.suppressed.lib and object C:\Users\Tyler\Desktop\Repository_Files\UnrealMasteryCourseUdemy\StealthGameProject\StealthGame 4.19\Intermediate\Build\Win64\UE4Editor\Development\UE4Editor-FPSGame-9995.suppressed.exp
[2018.10.03-11.37.12:119][726]CompilerResultsLog: Total build time: 3.73 seconds (Local executor: 1.82 seconds)
[2018.10.03-11.37.12:119][726]LogMainFrame: MainFrame: Module compiling took 3.911 seconds
[2018.10.03-11.37.12:138][726]LogContentBrowser: Native class hierarchy updated for 'FPSGame' in 0.0011 seconds. Added 6 classes and 3 folders.
[2018.10.03-11.37.12:140][726]Display: HotReload successful (2 functions remapped  0 scriptstructs remapped)
[2018.10.03-11.37.12:280][726]LogContentBrowser: Native class hierarchy populated in 0.0076 seconds. Added 2459 classes and 563 folders.
[2018.10.03-11.37.12:280][726]Display: HotReload took  4.1s.
[2018.10.03-11.37.14:787][ 25]LogTemp: Repeating last play command: Selected Viewport
[2018.10.03-11.37.14:798][ 25]LogBlueprintUserMessages: Early PlayInEditor Detection: Level '/Game/Maps/FirstPersonExampleMap.FirstPersonExampleMap:PersistentLevel' has LevelScriptBlueprint '/Game/Maps/FirstPersonExampleMap.FirstPersonExampleMap:PersistentLevel.FirstPersonExampleMap' with GeneratedClass '/Game/Maps/FirstPersonExampleMap.FirstPersonExampleMap_C' with ClassGeneratedBy '/Game/Maps/FirstPersonExampleMap.FirstPersonExampleMap:PersistentLevel.FirstPersonExampleMap'
[2018.10.03-11.37.14:798][ 25]LogPlayLevel: PlayLevel: No blueprints needed recompiling
[2018.10.03-11.37.14:798][ 25]PIE: New page: PIE session: FirstPersonExampleMap (Oct 3, 2018, 1:37:14 AM)
[2018.10.03-11.37.14:798][ 25]LogPlayLevel: Creating play world package: /Game/Maps/UEDPIE_0_FirstPersonExampleMap
[2018.10.03-11.37.14:818][ 25]LogPlayLevel: PIE: StaticDuplicateObject took: (0.019690s)
[2018.10.03-11.37.14:820][ 25]LogAIModule: Creating AISystem for world FirstPersonExampleMap
[2018.10.03-11.37.14:820][ 25]LogPlayLevel: PIE: World Init took: (0.001575s)
[2018.10.03-11.37.14:820][ 25]LogPlayLevel: PIE: Created PIE world by copying editor world from /Game/Maps/FirstPersonExampleMap.FirstPersonExampleMap to /Game/Maps/UEDPIE_0_FirstPersonExampleMap.FirstPersonExampleMap (0.021790s)
[2018.10.03-11.37.14:859][ 25]LogInit: XAudio2 using 'MStar Demo (NVIDIA High Definition Audio)' : 2 channels at 48 kHz using 16 bits per sample (channel mask 0x3)
[2018.10.03-11.37.14:867][ 25]LogInit: FAudioDevice initialized.
[2018.10.03-11.37.14:900][ 25]LogLoad: Game class is 'BP_GameMode_C'
[2018.10.03-11.37.14:902][ 25]LogWorld: Bringing World /Game/Maps/UEDPIE_0_FirstPersonExampleMap.FirstPersonExampleMap up for play (max tick rate 0) at 2018.10.03-06.37.14
[2018.10.03-11.37.14:902][ 25]LogWorld: Bringing up level for play took: 0.001391
[2018.10.03-11.37.14:903][ 25]PIE: Play in editor start time for /Game/Maps/UEDPIE_0_FirstPersonExampleMap -0.517
[2018.10.03-11.37.14:903][ 25]LogBlueprintUserMessages: Late PlayInEditor Detection: Level '/Game/Maps/FirstPersonExampleMap.FirstPersonExampleMap:PersistentLevel' has LevelScriptBlueprint '/Game/Maps/FirstPersonExampleMap.FirstPersonExampleMap:PersistentLevel.FirstPersonExampleMap' with GeneratedClass '/Game/Maps/FirstPersonExampleMap.FirstPersonExampleMap_C' with ClassGeneratedBy '/Game/Maps/FirstPersonExampleMap.FirstPersonExampleMap:PersistentLevel.FirstPersonExampleMap'
[2018.10.03-11.37.21:059][690]LogBlueprintUserMessages: Early EndPlayMap Detection: Level '/Game/Maps/FirstPersonExampleMap.FirstPersonExampleMap:PersistentLevel' has LevelScriptBlueprint '/Game/Maps/FirstPersonExampleMap.FirstPersonExampleMap:PersistentLevel.FirstPersonExampleMap' with GeneratedClass '/Game/Maps/FirstPersonExampleMap.FirstPersonExampleMap_C' with ClassGeneratedBy '/Game/Maps/FirstPersonExampleMap.FirstPersonExampleMap:PersistentLevel.FirstPersonExampleMap'
[2018.10.03-11.37.21:094][690]LogBlueprintUserMessages: Late EndPlayMap Detection: Level '/Game/Maps/FirstPersonExampleMap.FirstPersonExampleMap:PersistentLevel' has LevelScriptBlueprint '/Game/Maps/FirstPersonExampleMap.FirstPersonExampleMap:PersistentLevel.FirstPersonExampleMap' with GeneratedClass '/Game/Maps/FirstPersonExampleMap.FirstPersonExampleMap_C' with ClassGeneratedBy '/Game/Maps/FirstPersonExampleMap.FirstPersonExampleMap:PersistentLevel.FirstPersonExampleMap'
[2018.10.03-11.37.50:732][201]LogSlate: FSceneViewport::OnFocusLost() reason 0
[2018.10.03-11.37.50:796][205]Candidate modules for hot reload:
[2018.10.03-11.37.50:796][205]  FPSGame
[2018.10.03-11.37.50:796][205]Launching UnrealBuildTool... [C:/Program Files/Epic Games/UE_4.19/Engine/Binaries/DotNET/UnrealBuildTool.exe FPSGame -ModuleWithSuffix=FPSGame,6613 Win64 Development -editorrecompile -canskiplink "C:/Users/Tyler/Desktop/Repository_Files/UnrealMasteryCourseUdemy/StealthGameProject/StealthGame 4.19/FPSGame.uproject" ]
[2018.10.03-11.37.50:799][205]Warning: Starting HotReload took  0.0s.
[2018.10.03-11.37.53:699][549]CompilerResultsLog: New page: Compilation - Oct 3, 2018, 1:37:53 AM
[2018.10.03-11.37.53:699][549]CompilerResultsLog: Compiling game modules for hot reload
[2018.10.03-11.37.53:699][549]CompilerResultsLog: Performing 3 actions (9 in parallel)
[2018.10.03-11.37.53:700][549]CompilerResultsLog: BlackHole.cpp
[2018.10.03-11.37.53:700][549]CompilerResultsLog: [2/3] Link UE4Editor-FPSGame-6613.dll
[2018.10.03-11.37.53:700][549]CompilerResultsLog: [3/3] Link UE4Editor-FPSGame-6613.lib
[2018.10.03-11.37.53:700][549]CompilerResultsLog:    Creating library C:\Users\Tyler\Desktop\Repository_Files\UnrealMasteryCourseUdemy\StealthGameProject\StealthGame 4.19\Intermediate\Build\Win64\UE4Editor\Development\UE4Editor-FPSGame-6613.lib and object C:\Users\Tyler\Desktop\Repository_Files\UnrealMasteryCourseUdemy\StealthGameProject\StealthGame 4.19\Intermediate\Build\Win64\UE4Editor\Development\UE4Editor-FPSGame-6613.exp
[2018.10.03-11.37.53:700][549]CompilerResultsLog:    Creating library C:\Users\Tyler\Desktop\Repository_Files\UnrealMasteryCourseUdemy\StealthGameProject\StealthGame 4.19\Intermediate\Build\Win64\UE4Editor\Development\UE4Editor-FPSGame-6613.suppressed.lib and object C:\Users\Tyler\Desktop\Repository_Files\UnrealMasteryCourseUdemy\StealthGameProject\StealthGame 4.19\Intermediate\Build\Win64\UE4Editor\Development\UE4Editor-FPSGame-6613.suppressed.exp
[2018.10.03-11.37.53:700][549]CompilerResultsLog: Total build time: 2.75 seconds (Local executor: 1.73 seconds)
[2018.10.03-11.37.53:700][549]LogMainFrame: MainFrame: Module compiling took 2.931 seconds
[2018.10.03-11.37.53:715][549]LogContentBrowser: Native class hierarchy updated for 'FPSGame' in 0.0010 seconds. Added 6 classes and 3 folders.
[2018.10.03-11.37.53:716][549]Display: HotReload successful (2 functions remapped  0 scriptstructs remapped)
[2018.10.03-11.37.53:743][549]LogContentBrowser: Native class hierarchy populated in 0.0075 seconds. Added 2459 classes and 563 folders.
[2018.10.03-11.37.53:743][549]Display: HotReload took  3.0s.
[2018.10.03-11.37.55:071][708]LogTemp: Repeating last play command: Selected Viewport
[2018.10.03-11.37.55:080][708]LogBlueprintUserMessages: Early PlayInEditor Detection: Level '/Game/Maps/FirstPersonExampleMap.FirstPersonExampleMap:PersistentLevel' has LevelScriptBlueprint '/Game/Maps/FirstPersonExampleMap.FirstPersonExampleMap:PersistentLevel.FirstPersonExampleMap' with GeneratedClass '/Game/Maps/FirstPersonExampleMap.FirstPersonExampleMap_C' with ClassGeneratedBy '/Game/Maps/FirstPersonExampleMap.FirstPersonExampleMap:PersistentLevel.FirstPersonExampleMap'
[2018.10.03-11.37.55:081][708]LogPlayLevel: PlayLevel: No blueprints needed recompiling
[2018.10.03-11.37.55:081][708]PIE: New page: PIE session: FirstPersonExampleMap (Oct 3, 2018, 1:37:55 AM)
[2018.10.03-11.37.55:081][708]LogPlayLevel: Creating play world package: /Game/Maps/UEDPIE_0_FirstPersonExampleMap
[2018.10.03-11.37.55:096][708]LogPlayLevel: PIE: StaticDuplicateObject took: (0.016394s)
[2018.10.03-11.37.55:097][708]LogAIModule: Creating AISystem for world FirstPersonExampleMap
[2018.10.03-11.37.55:097][708]LogPlayLevel: PIE: World Init took: (0.000918s)
[2018.10.03-11.37.55:097][708]LogPlayLevel: PIE: Created PIE world by copying editor world from /Game/Maps/FirstPersonExampleMap.FirstPersonExampleMap to /Game/Maps/UEDPIE_0_FirstPersonExampleMap.FirstPersonExampleMap (0.017627s)
[2018.10.03-11.37.55:132][708]LogInit: XAudio2 using 'MStar Demo (NVIDIA High Definition Audio)' : 2 channels at 48 kHz using 16 bits per sample (channel mask 0x3)
[2018.10.03-11.37.55:139][708]LogInit: FAudioDevice initialized.
[2018.10.03-11.37.55:170][708]LogLoad: Game class is 'BP_GameMode_C'
[2018.10.03-11.37.55:172][708]LogWorld: Bringing World /Game/Maps/UEDPIE_0_FirstPersonExampleMap.FirstPersonExampleMap up for play (max tick rate 0) at 2018.10.03-06.37.55
[2018.10.03-11.37.55:172][708]LogWorld: Bringing up level for play took: 0.001283
[2018.10.03-11.37.55:174][708]PIE: Play in editor start time for /Game/Maps/UEDPIE_0_FirstPersonExampleMap -0.246
[2018.10.03-11.37.55:174][708]LogBlueprintUserMessages: Late PlayInEditor Detection: Level '/Game/Maps/FirstPersonExampleMap.FirstPersonExampleMap:PersistentLevel' has LevelScriptBlueprint '/Game/Maps/FirstPersonExampleMap.FirstPersonExampleMap:PersistentLevel.FirstPersonExampleMap' with GeneratedClass '/Game/Maps/FirstPersonExampleMap.FirstPersonExampleMap_C' with ClassGeneratedBy '/Game/Maps/FirstPersonExampleMap.FirstPersonExampleMap:PersistentLevel.FirstPersonExampleMap'
[2018.10.03-11.38.11:735][ 63]LogBlueprintUserMessages: Early EndPlayMap Detection: Level '/Game/Maps/FirstPersonExampleMap.FirstPersonExampleMap:PersistentLevel' has LevelScriptBlueprint '/Game/Maps/FirstPersonExampleMap.FirstPersonExampleMap:PersistentLevel.FirstPersonExampleMap' with GeneratedClass '/Game/Maps/FirstPersonExampleMap.FirstPersonExampleMap_C' with ClassGeneratedBy '/Game/Maps/FirstPersonExampleMap.FirstPersonExampleMap:PersistentLevel.FirstPersonExampleMap'
[2018.10.03-11.38.11:778][ 63]LogBlueprintUserMessages: Late EndPlayMap Detection: Level '/Game/Maps/FirstPersonExampleMap.FirstPersonExampleMap:PersistentLevel' has LevelScriptBlueprint '/Game/Maps/FirstPersonExampleMap.FirstPersonExampleMap:PersistentLevel.FirstPersonExampleMap' with GeneratedClass '/Game/Maps/FirstPersonExampleMap.FirstPersonExampleMap_C' with ClassGeneratedBy '/Game/Maps/FirstPersonExampleMap.FirstPersonExampleMap:PersistentLevel.FirstPersonExampleMap'
[2018.10.03-11.41.30:294][988]LogSlate: FSceneViewport::OnFocusLost() reason 0
[2018.10.03-11.41.30:333][988]Candidate modules for hot reload:
[2018.10.03-11.41.30:333][988]  FPSGame
[2018.10.03-11.41.30:333][988]Launching UnrealBuildTool... [C:/Program Files/Epic Games/UE_4.19/Engine/Binaries/DotNET/UnrealBuildTool.exe FPSGame -ModuleWithSuffix=FPSGame,8884 Win64 Development -editorrecompile -canskiplink "C:/Users/Tyler/Desktop/Repository_Files/UnrealMasteryCourseUdemy/StealthGameProject/StealthGame 4.19/FPSGame.uproject" ]
[2018.10.03-11.41.30:337][988]Warning: Starting HotReload took  0.0s.
[2018.10.03-11.41.32:946][291]CompilerResultsLog: New page: Compilation - Oct 3, 2018, 1:41:32 AM
[2018.10.03-11.41.32:946][291]CompilerResultsLog: Compiling game modules for hot reload
[2018.10.03-11.41.32:946][291]CompilerResultsLog: Performing 3 actions (9 in parallel)
[2018.10.03-11.41.32:946][291]CompilerResultsLog: BlackHole.cpp
[2018.10.03-11.41.32:946][291]CompilerResultsLog: [2/3] Link UE4Editor-FPSGame-8884.dll
[2018.10.03-11.41.32:946][291]CompilerResultsLog: [3/3] Link UE4Editor-FPSGame-8884.lib
[2018.10.03-11.41.32:946][291]CompilerResultsLog:    Creating library C:\Users\Tyler\Desktop\Repository_Files\UnrealMasteryCourseUdemy\StealthGameProject\StealthGame 4.19\Intermediate\Build\Win64\UE4Editor\Development\UE4Editor-FPSGame-8884.lib and object C:\Users\Tyler\Desktop\Repository_Files\UnrealMasteryCourseUdemy\StealthGameProject\StealthGame 4.19\Intermediate\Build\Win64\UE4Editor\Development\UE4Editor-FPSGame-8884.exp
[2018.10.03-11.41.32:946][291]CompilerResultsLog:    Creating library C:\Users\Tyler\Desktop\Repository_Files\UnrealMasteryCourseUdemy\StealthGameProject\StealthGame 4.19\Intermediate\Build\Win64\UE4Editor\Development\UE4Editor-FPSGame-8884.suppressed.lib and object C:\Users\Tyler\Desktop\Repository_Files\UnrealMasteryCourseUdemy\StealthGameProject\StealthGame 4.19\Intermediate\Build\Win64\UE4Editor\Development\UE4Editor-FPSGame-8884.suppressed.exp
[2018.10.03-11.41.32:946][291]CompilerResultsLog: Total build time: 2.43 seconds (Local executor: 1.43 seconds)
[2018.10.03-11.41.32:946][291]LogMainFrame: MainFrame: Module compiling took 2.646 seconds
[2018.10.03-11.41.32:965][291]LogContentBrowser: Native class hierarchy updated for 'FPSGame' in 0.0010 seconds. Added 6 classes and 3 folders.
[2018.10.03-11.41.32:966][291]Display: HotReload successful (2 functions remapped  0 scriptstructs remapped)
[2018.10.03-11.41.32:996][291]LogContentBrowser: Native class hierarchy populated in 0.0076 seconds. Added 2459 classes and 563 folders.
[2018.10.03-11.41.32:996][291]Display: HotReload took  2.7s.
[2018.10.03-11.41.33:948][405]LogTemp: Repeating last play command: Selected Viewport
[2018.10.03-11.41.33:958][405]LogBlueprintUserMessages: Early PlayInEditor Detection: Level '/Game/Maps/FirstPersonExampleMap.FirstPersonExampleMap:PersistentLevel' has LevelScriptBlueprint '/Game/Maps/FirstPersonExampleMap.FirstPersonExampleMap:PersistentLevel.FirstPersonExampleMap' with GeneratedClass '/Game/Maps/FirstPersonExampleMap.FirstPersonExampleMap_C' with ClassGeneratedBy '/Game/Maps/FirstPersonExampleMap.FirstPersonExampleMap:PersistentLevel.FirstPersonExampleMap'
[2018.10.03-11.41.33:958][405]LogPlayLevel: PlayLevel: No blueprints needed recompiling
[2018.10.03-11.41.33:958][405]PIE: New page: PIE session: FirstPersonExampleMap (Oct 3, 2018, 1:41:33 AM)
[2018.10.03-11.41.33:958][405]LogPlayLevel: Creating play world package: /Game/Maps/UEDPIE_0_FirstPersonExampleMap
[2018.10.03-11.41.33:973][405]LogPlayLevel: PIE: StaticDuplicateObject took: (0.014501s)
[2018.10.03-11.41.33:974][405]LogAIModule: Creating AISystem for world FirstPersonExampleMap
[2018.10.03-11.41.33:974][405]LogPlayLevel: PIE: World Init took: (0.000887s)
[2018.10.03-11.41.33:974][405]LogPlayLevel: PIE: Created PIE world by copying editor world from /Game/Maps/FirstPersonExampleMap.FirstPersonExampleMap to /Game/Maps/UEDPIE_0_FirstPersonExampleMap.FirstPersonExampleMap (0.015611s)
[2018.10.03-11.41.34:012][405]LogInit: XAudio2 using 'MStar Demo (NVIDIA High Definition Audio)' : 2 channels at 48 kHz using 16 bits per sample (channel mask 0x3)
[2018.10.03-11.41.34:021][405]LogInit: FAudioDevice initialized.
[2018.10.03-11.41.34:048][405]LogLoad: Game class is 'BP_GameMode_C'
[2018.10.03-11.41.34:050][405]LogWorld: Bringing World /Game/Maps/UEDPIE_0_FirstPersonExampleMap.FirstPersonExampleMap up for play (max tick rate 0) at 2018.10.03-06.41.34
[2018.10.03-11.41.34:050][405]LogWorld: Bringing up level for play took: 0.001387
[2018.10.03-11.41.34:051][405]PIE: Play in editor start time for /Game/Maps/UEDPIE_0_FirstPersonExampleMap 0.632
[2018.10.03-11.41.34:051][405]LogBlueprintUserMessages: Late PlayInEditor Detection: Level '/Game/Maps/FirstPersonExampleMap.FirstPersonExampleMap:PersistentLevel' has LevelScriptBlueprint '/Game/Maps/FirstPersonExampleMap.FirstPersonExampleMap:PersistentLevel.FirstPersonExampleMap' with GeneratedClass '/Game/Maps/FirstPersonExampleMap.FirstPersonExampleMap_C' with ClassGeneratedBy '/Game/Maps/FirstPersonExampleMap.FirstPersonExampleMap:PersistentLevel.FirstPersonExampleMap'
[2018.10.03-11.42.21:850][992]LogBlueprintUserMessages: Early EndPlayMap Detection: Level '/Game/Maps/FirstPersonExampleMap.FirstPersonExampleMap:PersistentLevel' has LevelScriptBlueprint '/Game/Maps/FirstPersonExampleMap.FirstPersonExampleMap:PersistentLevel.FirstPersonExampleMap' with GeneratedClass '/Game/Maps/FirstPersonExampleMap.FirstPersonExampleMap_C' with ClassGeneratedBy '/Game/Maps/FirstPersonExampleMap.FirstPersonExampleMap:PersistentLevel.FirstPersonExampleMap'
[2018.10.03-11.42.21:898][992]LogBlueprintUserMessages: Late EndPlayMap Detection: Level '/Game/Maps/FirstPersonExampleMap.FirstPersonExampleMap:PersistentLevel' has LevelScriptBlueprint '/Game/Maps/FirstPersonExampleMap.FirstPersonExampleMap:PersistentLevel.FirstPersonExampleMap' with GeneratedClass '/Game/Maps/FirstPersonExampleMap.FirstPersonExampleMap_C' with ClassGeneratedBy '/Game/Maps/FirstPersonExampleMap.FirstPersonExampleMap:PersistentLevel.FirstPersonExampleMap'
[2018.10.03-11.42.24:071][245]LogEditorViewport: Clicking on Actor (LMB): StaticMeshActor (EditorCube12)
[2018.10.03-11.43.18:163][462]LogSlate: FSceneViewport::OnFocusLost() reason 0
[2018.10.03-11.43.18:200][462]Candidate modules for hot reload:
[2018.10.03-11.43.18:200][462]  FPSGame
[2018.10.03-11.43.18:201][462]Launching UnrealBuildTool... [C:/Program Files/Epic Games/UE_4.19/Engine/Binaries/DotNET/UnrealBuildTool.exe FPSGame -ModuleWithSuffix=FPSGame,6386 Win64 Development -editorrecompile -canskiplink "C:/Users/Tyler/Desktop/Repository_Files/UnrealMasteryCourseUdemy/StealthGameProject/StealthGame 4.19/FPSGame.uproject" ]
[2018.10.03-11.43.18:203][462]Warning: Starting HotReload took  0.0s.
[2018.10.03-11.43.20:826][758]CompilerResultsLog: New page: Compilation - Oct 3, 2018, 1:43:20 AM
[2018.10.03-11.43.20:826][758]CompilerResultsLog: Compiling game modules for hot reload
[2018.10.03-11.43.20:826][758]CompilerResultsLog: Performing 3 actions (9 in parallel)
[2018.10.03-11.43.20:826][758]CompilerResultsLog: BlackHole.cpp
[2018.10.03-11.43.20:826][758]CompilerResultsLog: [2/3] Link UE4Editor-FPSGame-6386.dll
[2018.10.03-11.43.20:826][758]CompilerResultsLog: [3/3] Link UE4Editor-FPSGame-6386.lib
[2018.10.03-11.43.20:826][758]CompilerResultsLog:    Creating library C:\Users\Tyler\Desktop\Repository_Files\UnrealMasteryCourseUdemy\StealthGameProject\StealthGame 4.19\Intermediate\Build\Win64\UE4Editor\Development\UE4Editor-FPSGame-6386.lib and object C:\Users\Tyler\Desktop\Repository_Files\UnrealMasteryCourseUdemy\StealthGameProject\StealthGame 4.19\Intermediate\Build\Win64\UE4Editor\Development\UE4Editor-FPSGame-6386.exp
[2018.10.03-11.43.20:826][758]CompilerResultsLog:    Creating library C:\Users\Tyler\Desktop\Repository_Files\UnrealMasteryCourseUdemy\StealthGameProject\StealthGame 4.19\Intermediate\Build\Win64\UE4Editor\Development\UE4Editor-FPSGame-6386.suppressed.lib and object C:\Users\Tyler\Desktop\Repository_Files\UnrealMasteryCourseUdemy\StealthGameProject\StealthGame 4.19\Intermediate\Build\Win64\UE4Editor\Development\UE4Editor-FPSGame-6386.suppressed.exp
[2018.10.03-11.43.20:826][758]CompilerResultsLog: Total build time: 2.45 seconds (Local executor: 1.43 seconds)
[2018.10.03-11.43.20:826][758]LogMainFrame: MainFrame: Module compiling took 2.657 seconds
[2018.10.03-11.43.20:844][758]LogContentBrowser: Native class hierarchy updated for 'FPSGame' in 0.0010 seconds. Added 6 classes and 3 folders.
[2018.10.03-11.43.20:845][758]Display: HotReload successful (2 functions remapped  0 scriptstructs remapped)
[2018.10.03-11.43.20:874][758]LogContentBrowser: Native class hierarchy populated in 0.0076 seconds. Added 2459 classes and 563 folders.
[2018.10.03-11.43.20:874][758]Display: HotReload took  2.7s.
[2018.10.03-11.43.25:406][ 21]LogBlueprintUserMessages: Early PlayInEditor Detection: Level '/Game/Maps/FirstPersonExampleMap.FirstPersonExampleMap:PersistentLevel' has LevelScriptBlueprint '/Game/Maps/FirstPersonExampleMap.FirstPersonExampleMap:PersistentLevel.FirstPersonExampleMap' with GeneratedClass '/Game/Maps/FirstPersonExampleMap.FirstPersonExampleMap_C' with ClassGeneratedBy '/Game/Maps/FirstPersonExampleMap.FirstPersonExampleMap:PersistentLevel.FirstPersonExampleMap'
[2018.10.03-11.43.25:406][ 21]LogPlayLevel: PlayLevel: No blueprints needed recompiling
[2018.10.03-11.43.25:406][ 21]PIE: New page: SIE session: FirstPersonExampleMap (Oct 3, 2018, 1:43:25 AM)
[2018.10.03-11.43.25:406][ 21]LogPlayLevel: Creating play world package: /Game/Maps/UEDPIE_0_FirstPersonExampleMap
[2018.10.03-11.43.25:423][ 21]LogPlayLevel: PIE: StaticDuplicateObject took: (0.016377s)
[2018.10.03-11.43.25:423][ 21]LogAIModule: Creating AISystem for world FirstPersonExampleMap
[2018.10.03-11.43.25:423][ 21]LogPlayLevel: PIE: World Init took: (0.000756s)
[2018.10.03-11.43.25:424][ 21]LogPlayLevel: PIE: Created PIE world by copying editor world from /Game/Maps/FirstPersonExampleMap.FirstPersonExampleMap to /Game/Maps/UEDPIE_0_FirstPersonExampleMap.FirstPersonExampleMap (0.017344s)
[2018.10.03-11.43.25:458][ 21]LogInit: XAudio2 using 'MStar Demo (NVIDIA High Definition Audio)' : 2 channels at 48 kHz using 16 bits per sample (channel mask 0x3)
[2018.10.03-11.43.25:466][ 21]LogInit: FAudioDevice initialized.
[2018.10.03-11.43.25:498][ 21]LogLoad: Game class is 'BP_GameMode_C'
[2018.10.03-11.43.25:500][ 21]LogWorld: Bringing World /Game/Maps/UEDPIE_0_FirstPersonExampleMap.FirstPersonExampleMap up for play (max tick rate 0) at 2018.10.03-06.43.25
[2018.10.03-11.43.25:500][ 21]LogWorld: Bringing up level for play took: 0.001326
[2018.10.03-11.43.25:501][ 21]LogGameMode: FindPlayerStart: PATHS NOT DEFINED or NO PLAYERSTART with positive rating
[2018.10.03-11.43.25:501][ 21]PIE: Play in editor start time for /Game/Maps/UEDPIE_0_FirstPersonExampleMap 0.082
[2018.10.03-11.43.25:516][ 21]LogBlueprintUserMessages: Late PlayInEditor Detection: Level '/Game/Maps/FirstPersonExampleMap.FirstPersonExampleMap:PersistentLevel' has LevelScriptBlueprint '/Game/Maps/FirstPersonExampleMap.FirstPersonExampleMap:PersistentLevel.FirstPersonExampleMap' with GeneratedClass '/Game/Maps/FirstPersonExampleMap.FirstPersonExampleMap_C' with ClassGeneratedBy '/Game/Maps/FirstPersonExampleMap.FirstPersonExampleMap:PersistentLevel.FirstPersonExampleMap'
[2018.10.03-11.43.54:205][860]LogBlueprintUserMessages: Early EndPlayMap Detection: Level '/Game/Maps/FirstPersonExampleMap.FirstPersonExampleMap:PersistentLevel' has LevelScriptBlueprint '/Game/Maps/FirstPersonExampleMap.FirstPersonExampleMap:PersistentLevel.FirstPersonExampleMap' with GeneratedClass '/Game/Maps/FirstPersonExampleMap.FirstPersonExampleMap_C' with ClassGeneratedBy '/Game/Maps/FirstPersonExampleMap.FirstPersonExampleMap:PersistentLevel.FirstPersonExampleMap'
[2018.10.03-11.43.54:247][860]LogBlueprintUserMessages: Late EndPlayMap Detection: Level '/Game/Maps/FirstPersonExampleMap.FirstPersonExampleMap:PersistentLevel' has LevelScriptBlueprint '/Game/Maps/FirstPersonExampleMap.FirstPersonExampleMap:PersistentLevel.FirstPersonExampleMap' with GeneratedClass '/Game/Maps/FirstPersonExampleMap.FirstPersonExampleMap_C' with ClassGeneratedBy '/Game/Maps/FirstPersonExampleMap.FirstPersonExampleMap:PersistentLevel.FirstPersonExampleMap'
[2018.10.03-11.44.06:971][ 67]LogSlate: FSceneViewport::OnFocusLost() reason 0
[2018.10.03-11.44.07:136][ 67]LogSavePackage: Save=93.65ms
[2018.10.03-11.44.07:136][ 67]LogSavePackage: Moving '../../../../../../Users/Tyler/Desktop/Repository_Files/UnrealMasteryCourseUdemy/StealthGameProject/StealthGame 4.19/Saved/FirstPersonExampleMapB1D021E8458E5E3794FFEF97388CFF42.tmp' to '../../../../../../Users/Tyler/Desktop/Repository_Files/UnrealMasteryCourseUdemy/StealthGameProject/StealthGame 4.19/Content/Maps/FirstPersonExampleMap.umap'
[2018.10.03-11.44.07:139][ 67]LogSavePackage: Display: Finished SavePackage ../../../../../../Users/Tyler/Desktop/Repository_Files/UnrealMasteryCourseUdemy/StealthGameProject/StealthGame 4.19/Content/Maps/FirstPersonExampleMap.umap
[2018.10.03-11.44.07:239][ 67]LogSavePackage: Save=71.96ms
[2018.10.03-11.44.07:239][ 67]LogSavePackage: Moving '../../../../../../Users/Tyler/Desktop/Repository_Files/UnrealMasteryCourseUdemy/StealthGameProject/StealthGame 4.19/Saved/FirstPersonExampleMap_BuiltData4A326DDB4A808B92F1FDE195A1484E9A.tmp' to '../../../../../../Users/Tyler/Desktop/Repository_Files/UnrealMasteryCourseUdemy/StealthGameProject/StealthGame 4.19/Content/Maps/FirstPersonExampleMap_BuiltData.uasset'
[2018.10.03-11.44.07:241][ 67]LogSavePackage: Display: Finished SavePackage ../../../../../../Users/Tyler/Desktop/Repository_Files/UnrealMasteryCourseUdemy/StealthGameProject/StealthGame 4.19/Content/Maps/FirstPersonExampleMap_BuiltData.uasset
